Log file open, 05/29/17 21:52:19
LogInit:Display: Running engine for game: vive_archery_ue4
LogPlatformFile: Not using cached read wrapper
LogInit:Display: RandInit(-94739814) SRandInit(-94739814).
LogTaskGraph: Started task graph with 5 named threads and 8 total threads with 1 sets of task threads.
LogStats: Stats thread started at 0.114709
LogPluginManager: Loaded Plugin Paper2D, From E:/Unreal Engine/UE_4.13/Engine/Plugins/2D/Paper2D/Paper2D.uplugin
LogPluginManager: Loaded Plugin LightPropagationVolume, From E:/Unreal Engine/UE_4.13/Engine/Plugins/Blendables/LightPropagationVolume/LightPropagationVolume.uplugin
LogPluginManager: Loaded Plugin BlankPlugin, From E:/Unreal Engine/UE_4.13/Engine/Plugins/Developer/BlankPlugin/BlankPlugin.uplugin
LogPluginManager: Loaded Plugin CodeLiteSourceCodeAccess, From E:/Unreal Engine/UE_4.13/Engine/Plugins/Developer/CodeLiteSourceCodeAccess/CodeLiteSourceCodeAccess.uplugin
LogPluginManager: Loaded Plugin GitSourceControl, From E:/Unreal Engine/UE_4.13/Engine/Plugins/Developer/GitSourceControl/GitSourceControl.uplugin
LogPluginManager: Loaded Plugin KDevelopSourceCodeAccess, From E:/Unreal Engine/UE_4.13/Engine/Plugins/Developer/KDevelopSourceCodeAccess/KDevelopSourceCodeAccess.uplugin
LogPluginManager: Loaded Plugin NullSourceCodeAccess, From E:/Unreal Engine/UE_4.13/Engine/Plugins/Developer/NullSourceCodeAccess/NullSourceCodeAccess.uplugin
LogPluginManager: Loaded Plugin OneSkyLocalizationService, From E:/Unreal Engine/UE_4.13/Engine/Plugins/Developer/OneSkyLocalizationService/OneSkyLocalizationService.uplugin
LogPluginManager: Loaded Plugin PerforceSourceControl, From E:/Unreal Engine/UE_4.13/Engine/Plugins/Developer/PerforceSourceControl/PerforceSourceControl.uplugin
LogPluginManager: Loaded Plugin SubversionSourceControl, From E:/Unreal Engine/UE_4.13/Engine/Plugins/Developer/SubversionSourceControl/SubversionSourceControl.uplugin
LogPluginManager: Loaded Plugin UObjectPlugin, From E:/Unreal Engine/UE_4.13/Engine/Plugins/Developer/UObjectPlugin/UObjectPlugin.uplugin
LogPluginManager: Loaded Plugin VisualStudioSourceCodeAccess, From E:/Unreal Engine/UE_4.13/Engine/Plugins/Developer/VisualStudioSourceCodeAccess/VisualStudioSourceCodeAccess.uplugin
LogPluginManager: Loaded Plugin XCodeSourceCodeAccess, From E:/Unreal Engine/UE_4.13/Engine/Plugins/Developer/XCodeSourceCodeAccess/XCodeSourceCodeAccess.uplugin
LogPluginManager: Loaded Plugin EpicSurvey, From E:/Unreal Engine/UE_4.13/Engine/Plugins/Editor/EpicSurvey/EpicSurvey.uplugin
LogPluginManager: Loaded Plugin MacGraphicsSwitching, From E:/Unreal Engine/UE_4.13/Engine/Plugins/Editor/MacGraphicsSwitching/MacGraphicsSwitching.uplugin
LogPluginManager: Loaded Plugin MobileLauncherProfileWizard, From E:/Unreal Engine/UE_4.13/Engine/Plugins/Editor/MobileLauncherProfileWizard/MobileLauncherProfileWizard.uplugin
LogPluginManager: Loaded Plugin PluginBrowser, From E:/Unreal Engine/UE_4.13/Engine/Plugins/Editor/PluginBrowser/PluginBrowser.uplugin
LogPluginManager: Loaded Plugin SpeedTreeImporter, From E:/Unreal Engine/UE_4.13/Engine/Plugins/Editor/SpeedTreeImporter/SpeedTreeImporter.uplugin
LogPluginManager: Loaded Plugin SuperSearchEditor, From E:/Unreal Engine/UE_4.13/Engine/Plugins/Editor/SuperSearchEditor/SuperSearchEditor.uplugin
LogPluginManager: Loaded Plugin AlembicImporter, From E:/Unreal Engine/UE_4.13/Engine/Plugins/Experimental/AlembicImporter/AlembicImporter.uplugin
LogPluginManager: Loaded Plugin BlueprintStats, From E:/Unreal Engine/UE_4.13/Engine/Plugins/Experimental/BlueprintStats/BlueprintStats.uplugin
LogPluginManager: Loaded Plugin CharacterAI, From E:/Unreal Engine/UE_4.13/Engine/Plugins/Experimental/CharacterAI/CharacterAI.uplugin
LogPluginManager: Loaded Plugin CodeEditor, From E:/Unreal Engine/UE_4.13/Engine/Plugins/Experimental/CodeEditor/CodeEditor.uplugin
LogPluginManager: Loaded Plugin CodeView, From E:/Unreal Engine/UE_4.13/Engine/Plugins/Experimental/CodeView/CodeView.uplugin
LogPluginManager: Loaded Plugin HTML5Networking, From E:/Unreal Engine/UE_4.13/Engine/Plugins/Experimental/HTML5Networking/HTML5Networking.uplugin
LogPluginManager: Loaded Plugin LiveEditor, From E:/Unreal Engine/UE_4.13/Engine/Plugins/Experimental/LiveEditor/LiveEditor.uplugin
LogPluginManager: Loaded Plugin OSVR, From E:/Unreal Engine/UE_4.13/Engine/Plugins/Experimental/OSVR/OSVR.uplugin
LogPluginManager: Loaded Plugin Phya, From E:/Unreal Engine/UE_4.13/Engine/Plugins/Experimental/Phya/Phya.uplugin
LogPluginManager: Loaded Plugin SignificanceManager, From E:/Unreal Engine/UE_4.13/Engine/Plugins/Experimental/SignificanceManager/SignificanceManager.uplugin
LogPluginManager: Loaded Plugin SimpleHMD, From E:/Unreal Engine/UE_4.13/Engine/Plugins/Experimental/SimpleHMD/SimpleHMD.uplugin
LogPluginManager: Loaded Plugin StereoPanorama, From E:/Unreal Engine/UE_4.13/Engine/Plugins/Experimental/StereoPanorama/StereoPanorama.uplugin
LogPluginManager: Loaded Plugin StructBox, From E:/Unreal Engine/UE_4.13/Engine/Plugins/Experimental/StructBox/StructBox.uplugin
LogPluginManager: Loaded Plugin GestureTrackerVR, From E:/Unreal Engine/UE_4.13/Engine/Plugins/Marketplace/GestureTrackerVR/GestureTrackerVR.uplugin
LogPluginManager: Loaded Plugin RunebergVRPlugin, From E:/Unreal Engine/UE_4.13/Engine/Plugins/Marketplace/RunebergVRPlugin/RunebergVRPlugin.uplugin
LogPluginManager: Loaded Plugin ShadowMocap, From E:/Unreal Engine/UE_4.13/Engine/Plugins/Marketplace/ShadowMocap/ShadowMocap.uplugin
LogPluginManager: Loaded Plugin Substance, From E:/Unreal Engine/UE_4.13/Engine/Plugins/Marketplace/Substance/Substance.uplugin
LogPluginManager: Loaded Plugin AndroidMedia, From E:/Unreal Engine/UE_4.13/Engine/Plugins/Media/AndroidMedia/AndroidMedia.uplugin
LogPluginManager: Loaded Plugin AvfMedia, From E:/Unreal Engine/UE_4.13/Engine/Plugins/Media/AvfMedia/AvfMedia.uplugin
LogPluginManager: Loaded Plugin MediaPlayerEditor, From E:/Unreal Engine/UE_4.13/Engine/Plugins/Media/MediaPlayerEditor/MediaPlayerEditor.uplugin
LogPluginManager: Loaded Plugin WmfMedia, From E:/Unreal Engine/UE_4.13/Engine/Plugins/Media/WmfMedia/WmfMedia.uplugin
LogPluginManager: Loaded Plugin MessagingDebugger, From E:/Unreal Engine/UE_4.13/Engine/Plugins/Messaging/MessagingDebugger/MessagingDebugger.uplugin
LogPluginManager: Loaded Plugin TcpMessaging, From E:/Unreal Engine/UE_4.13/Engine/Plugins/Messaging/TcpMessaging/TcpMessaging.uplugin
LogPluginManager: Loaded Plugin UdpMessaging, From E:/Unreal Engine/UE_4.13/Engine/Plugins/Messaging/UdpMessaging/UdpMessaging.uplugin
LogPluginManager: Loaded Plugin LevelSequenceEditor, From E:/Unreal Engine/UE_4.13/Engine/Plugins/MovieScene/LevelSequenceEditor/LevelSequenceEditor.uplugin
LogPluginManager: Loaded Plugin MatineeToLevelSequence, From E:/Unreal Engine/UE_4.13/Engine/Plugins/MovieScene/MatineeToLevelSequence/MatineeToLevelSequence.uplugin
LogPluginManager: Loaded Plugin NetcodeUnitTest, From E:/Unreal Engine/UE_4.13/Engine/Plugins/NetcodeUnitTest/NetcodeUnitTest/NetcodeUnitTest.uplugin
LogPluginManager: Loaded Plugin NUTUnrealEngine4, From E:/Unreal Engine/UE_4.13/Engine/Plugins/NetcodeUnitTest/NUTUnrealEngine4/NUTUnrealEngine4.uplugin
LogPluginManager: Loaded Plugin OnlineSubsystemGooglePlay, From E:/Unreal Engine/UE_4.13/Engine/Plugins/Online/Android/OnlineSubsystemGooglePlay/OnlineSubsystemGooglePlay.uplugin
LogPluginManager: Loaded Plugin OnlineSubsystemIOS, From E:/Unreal Engine/UE_4.13/Engine/Plugins/Online/IOS/OnlineSubsystemIOS/OnlineSubsystemIOS.uplugin
LogPluginManager: Loaded Plugin OnlineFramework, From E:/Unreal Engine/UE_4.13/Engine/Plugins/Online/OnlineFramework/OnlineFramework.uplugin
LogPluginManager: Loaded Plugin OnlineSubsystem, From E:/Unreal Engine/UE_4.13/Engine/Plugins/Online/OnlineSubsystem/OnlineSubsystem.uplugin
LogPluginManager: Loaded Plugin OnlineSubsystemAmazon, From E:/Unreal Engine/UE_4.13/Engine/Plugins/Online/OnlineSubsystemAmazon/OnlineSubsystemAmazon.uplugin
LogPluginManager: Loaded Plugin OnlineSubsystemFacebook, From E:/Unreal Engine/UE_4.13/Engine/Plugins/Online/OnlineSubsystemFacebook/OnlineSubsystemFacebook.uplugin
LogPluginManager: Loaded Plugin OnlineSubsystemNull, From E:/Unreal Engine/UE_4.13/Engine/Plugins/Online/OnlineSubsystemNull/OnlineSubsystemNull.uplugin
LogPluginManager: Loaded Plugin OnlineSubsystemOculus, From E:/Unreal Engine/UE_4.13/Engine/Plugins/Online/OnlineSubsystemOculus/OnlineSubsystemOculus.uplugin
LogPluginManager: Loaded Plugin OnlineSubsystemSteam, From E:/Unreal Engine/UE_4.13/Engine/Plugins/Online/OnlineSubsystemSteam/OnlineSubsystemSteam.uplugin
LogPluginManager: Loaded Plugin OnlineSubsystemUtils, From E:/Unreal Engine/UE_4.13/Engine/Plugins/Online/OnlineSubsystemUtils/OnlineSubsystemUtils.uplugin
LogPluginManager: Loaded Plugin IOSTapJoy, From E:/Unreal Engine/UE_4.13/Engine/Plugins/Runtime/Advertising/IOSTapJoy/IOSTapJoy.uplugin
LogPluginManager: Loaded Plugin AnalyticsBlueprintLibrary, From E:/Unreal Engine/UE_4.13/Engine/Plugins/Runtime/Analytics/AnalyticsBlueprintLibrary/AnalyticsBlueprintLibrary.uplugin
LogPluginManager: Loaded Plugin AnalyticsMulticast, From E:/Unreal Engine/UE_4.13/Engine/Plugins/Runtime/Analytics/AnalyticsMulticast/AnalyticsMulticast.uplugin
LogPluginManager: Loaded Plugin Apsalar, From E:/Unreal Engine/UE_4.13/Engine/Plugins/Runtime/Analytics/Apsalar/Apsalar.uplugin
LogPluginManager: Loaded Plugin FileLogging, From E:/Unreal Engine/UE_4.13/Engine/Plugins/Runtime/Analytics/FileLogging/FileLogging.uplugin
LogPluginManager: Loaded Plugin Flurry, From E:/Unreal Engine/UE_4.13/Engine/Plugins/Runtime/Analytics/Flurry/Flurry.uplugin
LogPluginManager: Loaded Plugin AndroidDeviceProfileSelector, From E:/Unreal Engine/UE_4.13/Engine/Plugins/Runtime/AndroidDeviceProfileSelector/AndroidDeviceProfileSelector.uplugin
LogPluginManager: Loaded Plugin AndroidMoviePlayer, From E:/Unreal Engine/UE_4.13/Engine/Plugins/Runtime/AndroidMoviePlayer/AndroidMoviePlayer.uplugin
LogPluginManager: Loaded Plugin AppleMoviePlayer, From E:/Unreal Engine/UE_4.13/Engine/Plugins/Runtime/AppleMoviePlayer/AppleMoviePlayer.uplugin
LogPluginManager: Loaded Plugin ArchVisCharacter, From E:/Unreal Engine/UE_4.13/Engine/Plugins/Runtime/ArchVisCharacter/ArchVisCharacter.uplugin
LogPluginManager: Loaded Plugin CableComponent, From E:/Unreal Engine/UE_4.13/Engine/Plugins/Runtime/CableComponent/CableComponent.uplugin
LogPluginManager: Loaded Plugin CustomMeshComponent, From E:/Unreal Engine/UE_4.13/Engine/Plugins/Runtime/CustomMeshComponent/CustomMeshComponent.uplugin
LogPluginManager: Loaded Plugin ExampleDeviceProfileSelector, From E:/Unreal Engine/UE_4.13/Engine/Plugins/Runtime/ExampleDeviceProfileSelector/ExampleDeviceProfileSelector.uplugin
LogPluginManager: Loaded Plugin GearVR, From E:/Unreal Engine/UE_4.13/Engine/Plugins/Runtime/GearVR/GearVR.uplugin
LogPluginManager: Loaded Plugin GoogleVRController, From E:/Unreal Engine/UE_4.13/Engine/Plugins/Runtime/GoogleVR/GoogleVRController/GoogleVRController.uplugin
LogPluginManager: Loaded Plugin GoogleVRHMD, From E:/Unreal Engine/UE_4.13/Engine/Plugins/Runtime/GoogleVR/GoogleVRHMD/GoogleVRHMD.uplugin
LogPluginManager: Loaded Plugin IOSDeviceProfileSelector, From E:/Unreal Engine/UE_4.13/Engine/Plugins/Runtime/IOSDeviceProfileSelector/IOSDeviceProfileSelector.uplugin
LogPluginManager: Loaded Plugin LeapMotion, From E:/Unreal Engine/UE_4.13/Engine/Plugins/Runtime/LeapMotion/LeapMotion.uplugin
LogPluginManager: Loaded Plugin LinuxDeviceProfileSelector, From E:/Unreal Engine/UE_4.13/Engine/Plugins/Runtime/LinuxDeviceProfileSelector/LinuxDeviceProfileSelector.uplugin
LogPluginManager: Loaded Plugin LiveEditorListenServer, From E:/Unreal Engine/UE_4.13/Engine/Plugins/Runtime/LiveEditorListenServer/LiveEditorListenServer.uplugin
LogPluginManager: Loaded Plugin OculusAudio, From E:/Unreal Engine/UE_4.13/Engine/Plugins/Runtime/OculusAudio/OculusAudio.uplugin
LogPluginManager: Loaded Plugin OculusInput, From E:/Unreal Engine/UE_4.13/Engine/Plugins/Runtime/OculusInput/OculusInput.uplugin
LogPluginManager: Loaded Plugin OculusLibrary, From E:/Unreal Engine/UE_4.13/Engine/Plugins/Runtime/OculusLibrary/OculusLibrary.uplugin
LogPluginManager: Loaded Plugin OculusRift, From E:/Unreal Engine/UE_4.13/Engine/Plugins/Runtime/OculusRift/OculusRift.uplugin
LogPluginManager: Loaded Plugin Oodle, From E:/Unreal Engine/UE_4.13/Engine/Plugins/Runtime/PacketHandlers/CompressionComponents/Oodle/Oodle.uplugin
LogPluginManager: Loaded Plugin ProceduralMeshComponent, From E:/Unreal Engine/UE_4.13/Engine/Plugins/Runtime/ProceduralMeshComponent/ProceduralMeshComponent.uplugin
LogPluginManager: Loaded Plugin SoundMod, From E:/Unreal Engine/UE_4.13/Engine/Plugins/Runtime/SoundMod/SoundMod.uplugin
LogPluginManager: Loaded Plugin SoundVisualizations, From E:/Unreal Engine/UE_4.13/Engine/Plugins/Runtime/SoundVisualizations/SoundVisualizations.uplugin
LogPluginManager: Loaded Plugin SteamController, From E:/Unreal Engine/UE_4.13/Engine/Plugins/Runtime/Steam/SteamController/SteamController.uplugin
LogPluginManager: Loaded Plugin SteamVR, From E:/Unreal Engine/UE_4.13/Engine/Plugins/Runtime/Steam/SteamVR/SteamVR.uplugin
LogPluginManager: Loaded Plugin WebBrowserWidget, From E:/Unreal Engine/UE_4.13/Engine/Plugins/Runtime/WebBrowserWidget/WebBrowserWidget.uplugin
LogPluginManager: Loaded Plugin WindowsDeviceProfileSelector, From E:/Unreal Engine/UE_4.13/Engine/Plugins/Runtime/WindowsDeviceProfileSelector/WindowsDeviceProfileSelector.uplugin
LogPluginManager: Loaded Plugin WindowsMoviePlayer, From E:/Unreal Engine/UE_4.13/Engine/Plugins/Runtime/WindowsMoviePlayer/WindowsMoviePlayer.uplugin
LogPluginManager: Loaded Plugin ScriptPlugin, From E:/Unreal Engine/UE_4.13/Engine/Plugins/ScriptPlugin/ScriptPlugin.uplugin
LogPluginManager: Loaded Plugin SlateRemote, From E:/Unreal Engine/UE_4.13/Engine/Plugins/Slate/SlateRemote/SlateRemote.uplugin
LogInit: Using libcurl 7.47.1
LogInit:  - built for x86_64-pc-win32
LogInit:  - supports SSL with WinSSL
LogInit:  - other features:
LogInit:      CURL_VERSION_SSL
LogInit:      CURL_VERSION_IPV6
LogInit:      CURL_VERSION_ASYNCHDNS
LogInit:      CURL_VERSION_LARGEFILE
LogInit:      CURL_VERSION_IDN
LogInit:  CurlRequestOptions (configurable via config and command line):
LogInit:  - bVerifyPeer = false  - Libcurl will NOT verify peer certificate
LogInit:  - bUseHttpProxy = false  - Libcurl will NOT use HTTP proxy
LogInit:  - bDontReuseConnections = false  - Libcurl will reuse connections
LogInit:  - CertBundlePath = nullptr  - Libcurl will use whatever was configured at build time.
LogInit: Build: ++UE4+Release-4.13-CL-3172292
LogInit: Engine Version: 4.13.2-3172292+++UE4+Release-4.13
LogInit: Compatible Engine Version: 4.13.0-3106830+++UE4+Release-4.13
LogInit: Net CL: 3172292
LogDevObjectVersion: Number of dev versions registered: 13
LogDevObjectVersion:   Dev-Blueprints (B0D832E4-1F89-4F0D-ACCF-7EB736FD4AA2): 5
LogDevObjectVersion:   Dev-Build (E1C64328-A22C-4D53-A36C-8E866417BD8C): 0
LogDevObjectVersion:   Dev-Core (375EC13C-06E4-48FB-B500-84F0262A717E): 1
LogDevObjectVersion:   Dev-Editor (E4B068ED-F494-42E9-A231-DA0B2E46BB41): 6
LogDevObjectVersion:   Dev-Framework (CFFC743F-43B0-4480-9391-14DF171D2073): 12
LogDevObjectVersion:   Dev-Mobile (B02B49B5-BB20-44E9-A304-32B752E40360): 0
LogDevObjectVersion:   Dev-Networking (A4E4105C-59A1-49B5-A7C5-40C4547EDFEE): 0
LogDevObjectVersion:   Dev-Online (39C831C9-5AE6-47DC-9A44-9C173E1C8E7C): 0
LogDevObjectVersion:   Dev-Physics (78F01B33-EBEA-4F98-B9B4-84EACCB95AA2): 0
LogDevObjectVersion:   Dev-Platform (6631380F-2D4D-43E0-8009-CF276956A95A): 0
LogDevObjectVersion:   Dev-Rendering (12F88B9F-8875-4AFC-A67C-D90C383ABD29): 4
LogDevObjectVersion:   Dev-Sequencer (7B5AE74C-D270-4C10-A958-57980B212A5A): 0
LogDevObjectVersion:   Dev-VR (D7296918-1DD6-4BDD-9DE2-64A83CC13884): 0
LogInit: Compiled (64-bit): Oct 24 2016 14:29:06
LogInit: Compiled with Visual C++: 19.00.23026.00
LogInit: Build Configuration: Development
LogInit: Branch Name: ++UE4+Release-4.13
LogInit: Command line:  
LogInit: Base directory: E:/Unreal Engine/UE_4.13/Engine/Binaries/Win64/
LogInit: Installed Engine Build: 1
LogInit: Presizing for max 8388607 objects, including 0 objects not considered by GC, pre-allocating 0 bytes for permanent pool.
LogInit: Object subsystem initialized
LogStats: FPlatformStackWalk::StackWalkAndDump -  0.004 s
LogOutputDevice:Error: === Handled ensure: ===
LogOutputDevice:Error: 
LogOutputDevice:Error: Ensure condition failed: false [File:D:\Build\++UE4+Release-4.13+Compile\Sync\Engine\Source\Runtime\Core\Private\Misc\ConfigCacheIni.cpp] [Line: 3448]
LogOutputDevice:Error: The ini file 'C:/Users/StudentUser/Documents/GitHub/272072/Castle-Guard-Working-Bow/CastleGuard/vive_archery_ue4-master 4.13/Saved/Config/Windows/Engine.ini' tries to set the console variable 'showflag.decals' marked with ECVF_Cheat, this is only allowed in consolevariables.ini
LogOutputDevice:Error: Stack: 
LogOutputDevice:Error: UE4Editor-Core.dll
LogOutputDevice:Error: UE4Editor-Core.dll
LogOutputDevice:Error: UE4Editor-Core.dll
LogOutputDevice:Error: UE4Editor-Core.dll
LogOutputDevice:Error: UE4Editor-Engine.dll
LogOutputDevice:Error: UE4Editor-Core.dll
LogOutputDevice:Error: UE4Editor-Engine.dll
LogOutputDevice:Error: UE4Editor-Engine.dll
LogOutputDevice:Error: UE4Editor.exe
LogOutputDevice:Error: UE4Editor.exe
LogOutputDevice:Error: UE4Editor.exe
LogOutputDevice:Error: UE4Editor.exe
LogOutputDevice:Error: UE4Editor.exe
LogOutputDevice:Error: KERNEL32.DLL
LogOutputDevice:Error: ntdll.dll
LogOutputDevice:Error: ntdll.dll
LogOutputDevice:Error: 
LogStats:                SubmitErrorReport -  0.000 s
LogStats:                    SendNewReport -  0.175 s
LogStats:             FDebug::EnsureFailed -  0.179 s
[2017.05.30-04.52.19:939][  0]LogConsoleManager:Display: Setting the console variable 'r.SeparateTranslucency' with 'SetByProjectSetting' was ignored as it is lower priority than the previous 'SetBySystemSettingsIni'
[2017.05.30-04.52.19:941][  0]LogConsoleManager:Display: Setting the console variable 'r.ScreenPercentage' with 'SetByScalability' was ignored as it is lower priority than the previous 'SetBySystemSettingsIni'
[2017.05.30-04.52.19:941][  0]LogConsoleManager:Display: Setting the console variable 'r.PostProcessAAQuality' with 'SetByScalability' was ignored as it is lower priority than the previous 'SetBySystemSettingsIni'
[2017.05.30-04.52.19:941][  0]LogConsoleManager:Display: Setting the console variable 'r.MotionBlurQuality' with 'SetByScalability' was ignored as it is lower priority than the previous 'SetBySystemSettingsIni'
[2017.05.30-04.52.19:941][  0]LogConsoleManager:Display: Setting the console variable 'r.AmbientOcclusionLevels' with 'SetByScalability' was ignored as it is lower priority than the previous 'SetBySystemSettingsIni'
[2017.05.30-04.52.19:941][  0]LogConsoleManager:Display: Setting the console variable 'r.DepthOfFieldQuality' with 'SetByScalability' was ignored as it is lower priority than the previous 'SetBySystemSettingsIni'
[2017.05.30-04.52.19:941][  0]LogConsoleManager:Display: Setting the console variable 'r.LensFlareQuality' with 'SetByScalability' was ignored as it is lower priority than the previous 'SetBySystemSettingsIni'
[2017.05.30-04.52.19:941][  0]LogConsoleManager:Display: Setting the console variable 'r.SceneColorFringeQuality' with 'SetByScalability' was ignored as it is lower priority than the previous 'SetBySystemSettingsIni'
[2017.05.30-04.52.19:941][  0]LogConsoleManager:Display: Setting the console variable 'r.EyeAdaptationQuality' with 'SetByScalability' was ignored as it is lower priority than the previous 'SetBySystemSettingsIni'
[2017.05.30-04.52.19:941][  0]LogConsoleManager:Display: Setting the console variable 'r.BloomQuality' with 'SetByScalability' was ignored as it is lower priority than the previous 'SetBySystemSettingsIni'
[2017.05.30-04.52.19:941][  0]LogConsoleManager:Display: Setting the console variable 'r.FastBlurThreshold' with 'SetByScalability' was ignored as it is lower priority than the previous 'SetBySystemSettingsIni'
[2017.05.30-04.52.19:941][  0]LogConsoleManager:Display: Setting the console variable 'r.MaxAnisotropy' with 'SetByScalability' was ignored as it is lower priority than the previous 'SetBySystemSettingsIni'
[2017.05.30-04.52.19:941][  0]LogConsoleManager:Display: Setting the console variable 'r.TranslucencyLightingVolumeDim' with 'SetByScalability' was ignored as it is lower priority than the previous 'SetBySystemSettingsIni'
[2017.05.30-04.52.19:941][  0]LogConsoleManager:Display: Setting the console variable 'r.SSR.Quality' with 'SetByScalability' was ignored as it is lower priority than the previous 'SetBySystemSettingsIni'
[2017.05.30-04.52.19:941][  0]LogConsoleManager:Display: Setting the console variable 'r.SceneColorFormat' with 'SetByScalability' was ignored as it is lower priority than the previous 'SetBySystemSettingsIni'
[2017.05.30-04.52.19:941][  0]LogConsoleManager:Display: Setting the console variable 'r.TranslucencyVolumeBlur' with 'SetByScalability' was ignored as it is lower priority than the previous 'SetBySystemSettingsIni'
[2017.05.30-04.52.19:941][  0]LogInit: Selected Device Profile: [Windows]
[2017.05.30-04.52.19:941][  0]LogInit: Applying CVar settings loaded from the selected device profile: [Windows]
[2017.05.30-04.52.19:966][  0]LogInit: Computer: AI911LAB238VIV
[2017.05.30-04.52.19:966][  0]LogInit: User: StudentUser
[2017.05.30-04.52.19:966][  0]LogInit: CPU Page size=65536, Cores=4
[2017.05.30-04.52.19:966][  0]LogInit: High frequency timer resolution =3.410073 MHz
[2017.05.30-04.52.19:967][  0]LogMemory: Memory total: Physical=15.9GB (16GB approx)
[2017.05.30-04.52.19:967][  0]LogMemory: Platform Memory Stats for Windows
[2017.05.30-04.52.19:967][  0]LogMemory: Process Physical Memory: 264.21 MB used, 264.21 MB peak
[2017.05.30-04.52.19:967][  0]LogMemory: Process Virtual Memory: 264.59 MB used, 264.59 MB peak
[2017.05.30-04.52.19:967][  0]LogMemory: Physical Memory: 4594.08 MB used, 16291.25 MB total
[2017.05.30-04.52.19:967][  0]LogMemory: Virtual Memory: 638.34 MB used, 134217728.00 MB total
[2017.05.30-04.52.20:251][  0]LogTextLocalizationManager: No specific translations for ('en-US') exist, so ('en') translations will be used.
[2017.05.30-04.52.22:190][  0]LogD3D11RHI: D3D11 adapters:
[2017.05.30-04.52.22:216][  0]LogD3D11RHI:    0. 'NVIDIA GeForce GTX 970' (Feature Level 11_0)
[2017.05.30-04.52.22:216][  0]LogD3D11RHI:       4058/0/8145 MB DedicatedVideo/DedicatedSystem/SharedSystem, Outputs:1, VendorId:0x10de
[2017.05.30-04.52.22:218][  0]LogD3D11RHI:    1. 'Microsoft Basic Render Driver' (Feature Level 11_0)
[2017.05.30-04.52.22:218][  0]LogD3D11RHI:       0/0/8145 MB DedicatedVideo/DedicatedSystem/SharedSystem, Outputs:0, VendorId:0x1414
[2017.05.30-04.52.22:218][  0]LogD3D11RHI: Chosen D3D11 Adapter: 0
[2017.05.30-04.52.22:221][  0]LogD3D11RHI: Creating new Direct3DDevice
[2017.05.30-04.52.22:221][  0]LogD3D11RHI:     GPU DeviceId: 0x13c2 (for the marketing name, search the web for "GPU Device Id")
[2017.05.30-04.52.22:221][  0]LogWindows: EnumDisplayDevices:
[2017.05.30-04.52.22:222][  0]LogWindows:    0. 'NVIDIA GeForce GTX 970' (P:1 D:1)
[2017.05.30-04.52.22:222][  0]LogWindows:    1. 'NVIDIA GeForce GTX 970' (P:0 D:0)
[2017.05.30-04.52.22:222][  0]LogWindows:    2. 'NVIDIA GeForce GTX 970' (P:0 D:0)
[2017.05.30-04.52.22:222][  0]LogWindows:    3. 'NVIDIA GeForce GTX 970' (P:0 D:0)
[2017.05.30-04.52.22:222][  0]LogWindows: DebugString: FoundDriverCount:4 
[2017.05.30-04.52.22:222][  0]LogD3D11RHI:     Adapter Name: NVIDIA GeForce GTX 970
[2017.05.30-04.52.22:222][  0]LogD3D11RHI:   Driver Version: 369.09 (internal:21.21.13.6909, unified:369.09)
[2017.05.30-04.52.22:222][  0]LogD3D11RHI:      Driver Date: 8-1-2016
[2017.05.30-04.52.22:222][  0]LogRHI: Texture pool is 1361 MB (70% of 1945 MB)
[2017.05.30-04.52.22:239][  0]LogD3D11RHI: Async texture creation enabled
[2017.05.30-04.52.22:249][  0]LogD3D11RHI: GPU Timing Frequency: 1000.000000 (Debug: 2 1)
[2017.05.30-04.52.22:249][  0]LogShaderCompilers: Guid format shader working directory is -61 characters bigger than the processId version (C:/Users/StudentUser/Documents/GitHub/272072/Castle-Guard-Working-Bow/CastleGuard/vive_archery_ue4-master 4.13/Intermediate/Shaders/WorkingDirectory/9652/).
[2017.05.30-04.52.22:249][  0]LogShaderCompilers: Cleaned the shader compiler working directory 'C:/Users/STUDEN~1/AppData/Local/Temp/UnrealShaderWorkingDir/84F6B61B4B0270B1EC2020B4C1EEA413/'.
[2017.05.30-04.52.22:249][  0]LogShaderCompilers:Display: Using Local Shader Compiler.
[2017.05.30-04.52.24:280][  0]LogTemp:Display: Loaded TP AllDesktopTargetPlatform
[2017.05.30-04.52.24:287][  0]LogTemp:Display: Loaded TP WindowsClientTargetPlatform
[2017.05.30-04.52.24:294][  0]LogTemp:Display: Loaded TP WindowsNoEditorTargetPlatform
[2017.05.30-04.52.24:301][  0]LogTemp:Display: Loaded TP WindowsServerTargetPlatform
[2017.05.30-04.52.24:309][  0]LogTemp:Display: Loaded TP WindowsTargetPlatform
[2017.05.30-04.52.24:317][  0]LogTemp:Display: Loaded TP AndroidTargetPlatform
[2017.05.30-04.52.24:323][  0]LogTemp:Display: Loaded TP Android_ASTCTargetPlatform
[2017.05.30-04.52.24:329][  0]LogTemp:Display: Loaded TP Android_ATCTargetPlatform
[2017.05.30-04.52.24:335][  0]LogTemp:Display: Loaded TP Android_DXTTargetPlatform
[2017.05.30-04.52.24:341][  0]LogTemp:Display: Loaded TP Android_ETC1TargetPlatform
[2017.05.30-04.52.24:347][  0]LogTemp:Display: Loaded TP Android_ETC2TargetPlatform
[2017.05.30-04.52.24:360][  0]LogTemp:Display: Loaded TP Android_MultiTargetPlatform
[2017.05.30-04.52.24:360][  0]LogTemp:Display: Loaded TP Android_PVRTCTargetPlatform
[2017.05.30-04.52.24:360][  0]LogTemp:Display: Loaded TP HTML5TargetPlatform
[2017.05.30-04.52.24:437][  0]LogTemp:Display: Loaded TP IOSTargetPlatform
[2017.05.30-04.52.24:443][  0]LogTemp:Display: Loaded TP TVOSTargetPlatform
[2017.05.30-04.52.24:450][  0]LogTemp:Display: Loaded TP LinuxClientTargetPlatform
[2017.05.30-04.52.24:456][  0]LogTemp:Display: Loaded TP LinuxNoEditorTargetPlatform
[2017.05.30-04.52.24:462][  0]LogTemp:Display: Loaded TP LinuxServerTargetPlatform
[2017.05.30-04.52.24:470][  0]LogTemp:Display: Loaded TP LinuxTargetPlatform
[2017.05.30-04.52.24:470][  0]LogTargetPlatformManager:Display: Building Assets For Windows
[2017.05.30-04.52.25:058][  0]LogDerivedDataCache:Display: Max Cache Size: 512 MB
[2017.05.30-04.52.25:144][  0]LogDerivedDataCache: Loaded boot cache 0.09s 89MB C:/Users/StudentUser/AppData/Local/UnrealEngine/4.13/DerivedDataCache/Boot.ddc.
[2017.05.30-04.52.25:144][  0]LogDerivedDataCache:Display: Loaded Boot cache: C:/Users/StudentUser/AppData/Local/UnrealEngine/4.13/DerivedDataCache/Boot.ddc
[2017.05.30-04.52.25:144][  0]LogDerivedDataCache: FDerivedDataBackendGraph:  Pak pak cache file C:/Users/StudentUser/Documents/GitHub/272072/Castle-Guard-Working-Bow/CastleGuard/vive_archery_ue4-master 4.13/DerivedDataCache/DDC.ddp not found, will not use a pak cache.
[2017.05.30-04.52.25:144][  0]LogDerivedDataCache: Unable to find inner node Pak for hierarchical cache Hierarchy.
[2017.05.30-04.52.25:144][  0]LogDerivedDataCache: FDerivedDataBackendGraph:  CompressedPak pak cache file C:/Users/StudentUser/Documents/GitHub/272072/Castle-Guard-Working-Bow/CastleGuard/vive_archery_ue4-master 4.13/DerivedDataCache/Compressed.ddp not found, will not use a pak cache.
[2017.05.30-04.52.25:144][  0]LogDerivedDataCache: Unable to find inner node CompressedPak for hierarchical cache Hierarchy.
[2017.05.30-04.52.25:164][  0]LogDerivedDataCache:Display: Pak cache opened for reading ../../../Engine/DerivedDataCache/Compressed.ddp.
[2017.05.30-04.52.25:176][  0]LogDerivedDataCache: Using Local data cache path C:/Users/StudentUser/AppData/Local/UnrealEngine/Common/DerivedDataCache: Writable
[2017.05.30-04.52.30:303][  0]LogInit: Selected Device Profile: [Windows]
[2017.05.30-04.52.30:305][  0]LogContentStreaming: Texture pool size is 0.00 MB
[2017.05.30-04.52.30:386][  0]LogMeshUtilities: No automatic mesh reduction module available
[2017.05.30-04.52.30:386][  0]LogMeshUtilities: No automatic mesh merging module available
[2017.05.30-04.52.30:386][  0]LogMeshUtilities: No distributed automatic mesh merging module available
[2017.05.30-04.52.30:444][  0]LogMaterial: Uniform references updated for custom material expression Custom.
[2017.05.30-04.52.30:722][  0]LogNetVersion: GetLocalNetworkVersion: CL: 3106830, ProjectName: vive_archery_ue4, ProjectVersion: , EngineNetworkVersion: 1, GameNetworkVersion: 0, NetworkChecksum: 2616931300
[2017.05.30-04.52.30:757][  0]LogAssetRegistry: FAssetRegistry took 0.0219 seconds to start up
[2017.05.30-04.52.30:760][  0]LogDirectoryWatcher:Warning: Failed to begin reading directory changes for ../../../Engine/Plugins/Marketplace/RunebergVRPlugin/Content/. Error: The system cannot find the file specified. (0x00000002)
[2017.05.30-04.52.30:808][  0]LogPackageLocalizationCache: Processed 5 localized package path(s) for 2 prioritized culture(s) in 0.048451 seconds
[2017.05.30-04.52.30:813][  0]LogUObjectArray: 29778 objects as part of root set at end of initial load.
[2017.05.30-04.52.30:813][  0]LogUObjectAllocator: 6125448 out of 0 bytes used by permanent object pool.
[2017.05.30-04.52.30:813][  0]LogUObjectArray: CloseDisregardForGC: 0/0 objects in disregard for GC pool
[2017.05.30-04.52.30:817][  0]LogInit: WinSock: version 1.1 (2.2), MaxSocks=32767, MaxUdp=65467
[2017.05.30-04.52.31:023][  0]LogSlate: SlateFontCache - WITH_FREETYPE: 1, WITH_HARFBUZZ: 1
[2017.05.30-04.52.31:023][  0]LogSlate: SlateFontCache - WITH_FREETYPE: 1, WITH_HARFBUZZ: 1
[2017.05.30-04.52.32:302][  0]LogSubstanceCoreModule: Substance CPU Engine Loaded, Max Texture Size 2048
[2017.05.30-04.52.32:311][  0]LogTcpMessaging: Initializing TcpMessaging bridge
[2017.05.30-04.52.32:328][  0]LogUdpMessaging: Initializing bridge on interface 0.0.0.0:0 to multicast group 230.0.0.1:6666.
[2017.05.30-04.52.32:545][  0]SourceControl: Info Source control is disabled
[2017.05.30-04.52.32:600][  0]SourceControl: Info Source control is disabled
[2017.05.30-04.52.32:606][  0]SourceControl: Info Source control is disabled
[2017.05.30-04.52.32:612][  0]SourceControl: Info Source control is disabled
[2017.05.30-04.52.32:931][  0]LogEngine: Initializing Engine...
[2017.05.30-04.52.32:982][  0]LogHMD: SteamVR initialized.  Driver: lighthouse  Display: LHR-A4D81BA4
[2017.05.30-04.52.33:106][  0]LogAIModule: Creating AISystem for world Untitled
[2017.05.30-04.52.33:117][  0]LogInit: XAudio2 using 'Speakers (Realtek High Definition Audio)' : 2 channels at 48 kHz using 32 bits per sample (channel mask 0x3)
[2017.05.30-04.52.33:128][  0]LogInit: FAudioDevice initialized.
[2017.05.30-04.52.33:171][  0]LogDerivedDataCache: Saved boot cache 0.04s 89MB C:/Users/StudentUser/AppData/Local/UnrealEngine/4.13/DerivedDataCache/Boot.ddc.
[2017.05.30-04.52.33:184][  0]LogInit: Texture streaming: Enabled
[2017.05.30-04.52.33:204][  0]LogInit: Transaction tracking system initialized
[2017.05.30-04.52.33:218][  0]BlueprintLog: New page: Editor Load
[2017.05.30-04.52.33:269][  0]LocalizationService: Info Localization service is disabled
[2017.05.30-04.52.33:330][  0]LogConsoleResponse:Display: 
[2017.05.30-04.52.33:572][  0]LogCook:Display: Max memory allowance for cook 16384mb min free memory 0mb
[2017.05.30-04.52.33:572][  0]LogCook:Display: Mobile HDR setting 1
[2017.05.30-04.52.33:713][  0]LogFileCache: Scanning file cache for directory 'C:/Users/StudentUser/Documents/GitHub/272072/Castle-Guard-Working-Bow/CastleGuard/vive_archery_ue4-master 4.13/Content/' took 0.02s
[2017.05.30-04.52.33:713][  0]SourceControl: Info Source control is disabled
[2017.05.30-04.52.33:713][  0]Cmd: MAP LOAD FILE="C:/Users/StudentUser/Documents/GitHub/272072/Castle-Guard-Working-Bow/CastleGuard/vive_archery_ue4-master 4.13/Content/Vive/Maps/default.umap" TEMPLATE=0 SHOWPROGRESS=1 FEATURELEVEL=3
[2017.05.30-04.52.33:714][  0]LightingResults: New page: Lighting Build
[2017.05.30-04.52.33:716][  0]MapCheck: New page: Map Check
[2017.05.30-04.52.33:716][  0]LightingResults: New page: Lighting Build
[2017.05.30-04.52.34:902][  0]LogAIModule: Creating AISystem for world default
[2017.05.30-04.52.35:737][  0]LogEditorServer: Finished looking for orphan Actors (0.000 secs)
[2017.05.30-04.52.35:790][  0]Cmd: MAP CHECKDEP NOCLEARLOG
[2017.05.30-04.52.35:832][  0]MapCheck: Info Map check complete: 0 Error(s), 0 Warning(s), took 41.517ms to complete.
[2017.05.30-04.52.35:832][  0]LogFileHelpers: Loading map 'default' took 2.118
[2017.05.30-04.52.35:963][  0]LogCollectionManager: Loaded 0 collections in 0.001121 seconds
[2017.05.30-04.52.36:002][  0]LogFileCache: Scanning file cache for directory 'C:/Users/StudentUser/Documents/GitHub/272072/Castle-Guard-Working-Bow/CastleGuard/vive_archery_ue4-master 4.13/Saved/Collections/' took 0.01s
[2017.05.30-04.52.36:002][  0]LogFileCache: Scanning file cache for directory 'C:/Users/StudentUser/Documents/GitHub/272072/Castle-Guard-Working-Bow/CastleGuard/vive_archery_ue4-master 4.13/Content/Developers/StudentUser/Collections/' took 0.01s
[2017.05.30-04.52.36:002][  0]LogFileCache: Scanning file cache for directory 'C:/Users/StudentUser/Documents/GitHub/272072/Castle-Guard-Working-Bow/CastleGuard/vive_archery_ue4-master 4.13/Content/Collections/' took 0.01s
[2017.05.30-04.52.36:002][  0]LogCollectionManager: Rebuilt the GUID cache for 0 collections in 0.000002 seconds
[2017.05.30-04.52.36:012][  0]LogContentBrowser: Native class hierarchy populated in 0.0096 seconds. Added 2164 classes and 432 folders.
[2017.05.30-04.52.36:015][  0]LogStats: UGameplayTagsManager::ConstructGameplayTagTree: Construct from data asset -  0.000 s
[2017.05.30-04.52.36:015][  0]LogStats: UGameplayTagsManager::ConstructGameplayTagTree: GameplayTagTreeChangedEvent.Broadcast -  0.000 s
[2017.05.30-04.52.36:016][  0]LogContentBrowser: Native class hierarchy updated for 'GameplayTags' in 0.0012 seconds. Added 12 classes and 0 folders.
[2017.05.30-04.52.36:019][  0]LogContentBrowser: Native class hierarchy updated for 'WidgetCarousel' in 0.0010 seconds. Added 0 classes and 0 folders.
[2017.05.30-04.52.36:227][  0]LogContentBrowser: Native class hierarchy updated for 'AddContentDialog' in 0.0012 seconds. Added 0 classes and 0 folders.
[2017.05.30-04.52.36:233][  0]LogContentBrowser: Native class hierarchy updated for 'SceneOutliner' in 0.0012 seconds. Added 1 classes and 2 folders.
[2017.05.30-04.52.36:246][  0]LogCrashTracker: Crashtracker disabled due to settings.
[2017.05.30-04.52.36:250][  0]LogUObjectGlobals:Warning: Failed to find object 'Class None.'
[2017.05.30-04.52.36:277][  0]LogContentBrowser: Native class hierarchy updated for 'HierarchicalLODOutliner' in 0.0012 seconds. Added 1 classes and 2 folders.
[2017.05.30-04.52.36:277][  0]LogLoad: (Engine Initialization) Total time: 19.61 seconds
[2017.05.30-04.52.36:277][  0]LogLoad: (Engine Initialization) Total Blueprint compile time: 0.26 seconds
[2017.05.30-04.52.36:277][  0]LogExternalProfiler: Found external profiler: VSPerf
[2017.05.30-04.52.36:277][  0]LogExternalProfiler: Using external profiler: VSPerf
[2017.05.30-04.52.36:286][  0]LogOcInput: OculusInput pre-init called
[2017.05.30-04.52.36:301][  0]LogAssetRegistry: Asset discovery search completed in 5.5664 seconds
[2017.05.30-04.52.36:301][  0]LogCollectionManager: Rebuilt the object cache for 0 collections in 0.000001 seconds (found 0 objects)
[2017.05.30-04.52.36:301][  0]LogCollectionManager: Fixed up redirectors for 0 collections in 0.000022 seconds (updated 0 objects)
[2017.05.30-04.52.36:312][  0]LogContentStreaming: Texture pool size now 1000 MB
[2017.05.30-04.52.36:512][  0]LogRenderer: Reallocating scene render targets to support 956x576 (Frame:2).
[2017.05.30-04.52.41:716][593]LogBlueprintUserMessages: Early PlayInEditor Detection: Level '/Game/Vive/Maps/default.default:PersistentLevel' has LevelScriptBlueprint '/Game/Vive/Maps/default.default:PersistentLevel.default' with GeneratedClass '/Game/Vive/Maps/default.default_C' with ClassGeneratedBy '/Game/Vive/Maps/default.default:PersistentLevel.default'
[2017.05.30-04.52.41:717][593]LogPlayLevel: PlayLevel: No blueprints needed recompiling
[2017.05.30-04.52.41:722][593]PIE: New page: PIE session: default (May 29, 2017, 1:52:41 PM)
[2017.05.30-04.52.41:722][593]LogPlayLevel: Creating play world package: /Game/Vive/Maps/UEDPIE_0_default
[2017.05.30-04.52.41:916][593]LogPlayLevel: PIE: StaticDuplicateObject took: (0.194293s)
[2017.05.30-04.52.41:917][593]LogAIModule: Creating AISystem for world default
[2017.05.30-04.52.41:918][593]LogPlayLevel: PIE: World Init took: (0.001068s)
[2017.05.30-04.52.41:918][593]LogPlayLevel: PIE: Created PIE world by copying editor world from /Game/Vive/Maps/default.default to /Game/Vive/Maps/UEDPIE_0_default.default (0.196024s)
[2017.05.30-04.52.41:948][593]LogInit: XAudio2 using 'Speakers (Realtek High Definition Audio)' : 2 channels at 48 kHz using 32 bits per sample (channel mask 0x3)
[2017.05.30-04.52.41:956][593]LogInit: FAudioDevice initialized.
[2017.05.30-04.52.42:128][593]LogWorld: Game class is 'ViveGameMode_C'
[2017.05.30-04.52.42:168][593]LogWorld: Bringing World /Game/Vive/Maps/UEDPIE_0_default.default up for play (max tick rate 0) at 2017.05.29-21.52.42
[2017.05.30-04.52.42:171][593]LogWorld: Bringing up level for play took: 0.041699
[2017.05.30-04.52.42:175][593]LogContentBrowser: Native class hierarchy updated for 'MovieSceneCapture' in 0.0017 seconds. Added 11 classes and 0 folders.
[2017.05.30-04.52.42:175][593]LogGameMode:Display: Match State Changed from EnteringMap to WaitingToStart
[2017.05.30-04.52.42:175][593]LogGameState: Match State Changed from EnteringMap to WaitingToStart
[2017.05.30-04.52.42:175][593]LogGameMode:Display: Match State Changed from WaitingToStart to InProgress
[2017.05.30-04.52.42:178][593]LogGameState: Match State Changed from WaitingToStart to InProgress
[2017.05.30-04.52.42:183][593]PIE: Info Play in editor start time for /Game/Vive/Maps/UEDPIE_0_default 0.67
[2017.05.30-04.52.42:183][593]LogBlueprintUserMessages: Late PlayInEditor Detection: Level '/Game/Vive/Maps/default.default:PersistentLevel' has LevelScriptBlueprint '/Game/Vive/Maps/default.default:PersistentLevel.default' with GeneratedClass '/Game/Vive/Maps/default.default_C' with ClassGeneratedBy '/Game/Vive/Maps/default.default:PersistentLevel.default'
[2017.05.30-04.52.42:301][594]LogRenderer: Reallocating scene render targets to support 3024x1680 (Frame:10).
[2017.05.30-04.52.46:450][780]LogBlueprintUserMessages: [ArcherAI_2] AiStops_Soldier_C
[2017.05.30-04.52.46:450][780]LogBlueprintUserMessages: [ArcherAI_2] Hello
[2017.05.30-04.52.46:897][800]LogBlueprintUserMessages: [ArcherAI3] AiStops_Soldier_C
[2017.05.30-04.52.46:897][800]LogBlueprintUserMessages: [ArcherAI3] Hello
[2017.05.30-04.52.49:556][919]LogBlueprintUserMessages: [ArcherAI2] AiStops_Soldier_C
[2017.05.30-04.52.49:556][919]LogBlueprintUserMessages: [ArcherAI2] Hello
[2017.05.30-04.52.50:763][973]LogBlueprintUserMessages: [ArcherAI_2] AiStops_Soldier_C
[2017.05.30-04.52.50:763][973]LogBlueprintUserMessages: [ArcherAI_2] Hello
[2017.05.30-04.52.51:209][993]LogBlueprintUserMessages: [ArcherAI3] AiStops_Soldier_C
[2017.05.30-04.52.51:209][993]LogBlueprintUserMessages: [ArcherAI3] Hello
[2017.05.30-04.52.52:863][ 67]LogBlueprintUserMessages: [ArcherAI_2] Catapult_C
[2017.05.30-04.52.52:863][ 67]LogScript:Warning: Accessed None trying to read property Catapult
	ArcherAI_C /Game/Vive/Maps/UEDPIE_0_default.default:PersistentLevel.ArcherAI_2
	Function /Game/Vive/Blueprints/AI/ArcherAI.ArcherAI_C:ExecuteUbergraph_ArcherAI:0326
[2017.05.30-04.52.52:863][ 67]PIE:Error: Error Blueprint Runtime Error: Accessed None trying to read property Catapult from function: 'ExecuteUbergraph_ArcherAI' from node: Branch in graph: EventGraph in object: ArcherAI with description: Accessed None trying to read property Catapult
[2017.05.30-04.52.52:863][ 67]LogBlueprintUserMessages: [Catapult_60] Handle1
[2017.05.30-04.52.53:712][105]LogBlueprintUserMessages: [ArcherAI3] AiStops_Soldier_C
[2017.05.30-04.52.53:712][105]LogBlueprintUserMessages: [ArcherAI3] Hello
[2017.05.30-04.52.53:846][111]LogBlueprintUserMessages: [ArcherAI2] AiStops_Soldier_C
[2017.05.30-04.52.53:846][111]LogBlueprintUserMessages: [ArcherAI2] Hello
[2017.05.30-04.52.56:370][224]LogBlueprintUserMessages: [ArcherAI2] AiStops_Soldier_C
[2017.05.30-04.52.56:370][224]LogBlueprintUserMessages: [ArcherAI2] Hello
[2017.05.30-04.52.56:526][231]LogBlueprintUserMessages: [ArcherAI3] AiStops_Soldier_C
[2017.05.30-04.52.56:526][231]LogBlueprintUserMessages: [ArcherAI3] Hello
[2017.05.30-04.53.03:183][529]LogBlueprintUserMessages: [ArcherAI2] AiAttackPosition_C
[2017.05.30-04.53.03:183][529]LogBlueprintUserMessages: [ArcherAI2] Hello
[2017.05.30-04.53.13:483][990]LogBlueprintUserMessages: Early EndPlayMap Detection: Level '/Game/Vive/Maps/default.default:PersistentLevel' has LevelScriptBlueprint '/Game/Vive/Maps/default.default:PersistentLevel.default' with GeneratedClass '/Game/Vive/Maps/default.default_C' with ClassGeneratedBy '/Game/Vive/Maps/default.default:PersistentLevel.default'
[2017.05.30-04.53.13:623][990]LogBlueprintUserMessages: Late EndPlayMap Detection: Level '/Game/Vive/Maps/default.default:PersistentLevel' has LevelScriptBlueprint '/Game/Vive/Maps/default.default:PersistentLevel.default' with GeneratedClass '/Game/Vive/Maps/default.default_C' with ClassGeneratedBy '/Game/Vive/Maps/default.default:PersistentLevel.default'
[2017.05.30-04.55.11:567][822]LogWindowsTextInputMethodSystem:Display: IME system now deactivated.
[2017.05.30-04.55.11:733][823]Cmd: QUIT_EDITOR
[2017.05.30-04.55.12:358][823]LogExit: Preparing to exit.
[2017.05.30-04.55.13:547][823]LogExit: Editor shut down
[2017.05.30-04.55.13:547][823]LogExit: Transaction tracking system shut down
[2017.05.30-04.55.13:662][823]LogObj: Freed 0b from 0 cluster array pools.
[2017.05.30-04.55.13:663][823]LogExit: Object subsystem successfully closed.
[2017.05.30-04.55.13:680][823]LogD3D11RHI: Shutdown
[2017.05.30-04.55.13:680][823]LogD3D11RHI: CleanupD3DDevice
[2017.05.30-04.55.13:683][823]LogD3D11RHI: ~FD3D11DynamicRHI
[2017.05.30-04.55.13:690][823]LogModuleManager: Shutting down and abandoning module MovieSceneCapture (241)
[2017.05.30-04.55.13:690][823]LogModuleManager: Shutting down and abandoning module HierarchicalLODOutliner (240)
[2017.05.30-04.55.13:690][823]LogModuleManager: Shutting down and abandoning module CrashTracker (239)
[2017.05.30-04.55.13:690][823]LogModuleManager: Shutting down and abandoning module SceneOutliner (238)
[2017.05.30-04.55.13:690][823]LogModuleManager: Shutting down and abandoning module WidgetCarousel (237)
[2017.05.30-04.55.13:690][823]LogModuleManager: Shutting down and abandoning module AddContentDialog (236)
[2017.05.30-04.55.13:690][823]LogDirectoryWatcher: A directory notification for 'E:/Unreal Engine/UE_4.13/FeaturePacks/' was aborted.
[2017.05.30-04.55.13:691][823]LogModuleManager: Shutting down and abandoning module GameplayTags (235)
[2017.05.30-04.55.13:691][823]LogModuleManager: Shutting down and abandoning module EditorWidgets (234)
[2017.05.30-04.55.13:691][823]LogModuleManager: Shutting down and abandoning module CollectionManager (233)
[2017.05.30-04.55.13:691][823]LogDirectoryWatcher: A directory notification for 'C:/Users/StudentUser/Documents/GitHub/272072/Castle-Guard-Working-Bow/CastleGuard/vive_archery_ue4-master 4.13/Content/Collections/' was aborted.
[2017.05.30-04.55.13:691][823]LogDirectoryWatcher: A directory notification for 'C:/Users/StudentUser/Documents/GitHub/272072/Castle-Guard-Working-Bow/CastleGuard/vive_archery_ue4-master 4.13/Content/Developers/StudentUser/Collections/' was aborted.
[2017.05.30-04.55.13:691][823]LogDirectoryWatcher: A directory notification for 'C:/Users/StudentUser/Documents/GitHub/272072/Castle-Guard-Working-Bow/CastleGuard/vive_archery_ue4-master 4.13/Saved/Collections/' was aborted.
[2017.05.30-04.55.13:691][823]LogModuleManager: Shutting down and abandoning module StatsViewer (232)
[2017.05.30-04.55.13:691][823]LogModuleManager: Shutting down and abandoning module FoliageEdit (231)
[2017.05.30-04.55.13:691][823]LogModuleManager: Shutting down and abandoning module LandscapeEditor (230)
[2017.05.30-04.55.13:691][823]LogModuleManager: Shutting down and abandoning module SceneDepthPickerMode (229)
[2017.05.30-04.55.13:691][823]LogModuleManager: Shutting down and abandoning module ActorPickerMode (228)
[2017.05.30-04.55.13:691][823]LogModuleManager: Shutting down and abandoning module GeometryMode (227)
[2017.05.30-04.55.13:691][823]LogModuleManager: Shutting down and abandoning module TextureAlignMode (226)
[2017.05.30-04.55.13:691][823]LogModuleManager: Shutting down and abandoning module BspMode (225)
[2017.05.30-04.55.13:691][823]LogModuleManager: Shutting down and abandoning module HardwareSurvey (224)
[2017.05.30-04.55.13:691][823]LogModuleManager: Shutting down and abandoning module SequenceRecorderSections (223)
[2017.05.30-04.55.13:691][823]LogModuleManager: Shutting down and abandoning module SequenceRecorder (222)
[2017.05.30-04.55.13:691][823]LogModuleManager: Shutting down and abandoning module AutomationWorker (221)
[2017.05.30-04.55.13:691][823]LogModuleManager: Shutting down and abandoning module MatineeToLevelSequence (220)
[2017.05.30-04.55.13:691][823]LogModuleManager: Shutting down and abandoning module PlacementMode (219)
[2017.05.30-04.55.13:691][823]LogModuleManager: Shutting down and abandoning module LevelSequenceEditor (218)
[2017.05.30-04.55.13:691][823]LogModuleManager: Shutting down and abandoning module WmfMediaFactory (217)
[2017.05.30-04.55.13:691][823]LogModuleManager: Shutting down and abandoning module WmfMediaEditor (216)
[2017.05.30-04.55.13:691][823]LogModuleManager: Shutting down and abandoning module AvfMediaFactory (215)
[2017.05.30-04.55.13:691][823]LogModuleManager: Shutting down and abandoning module AvfMediaEditor (214)
[2017.05.30-04.55.13:692][823]LogModuleManager: Shutting down and abandoning module Media (213)
[2017.05.30-04.55.13:692][823]LogModuleManager: Shutting down and abandoning module AndroidMediaFactory (212)
[2017.05.30-04.55.13:692][823]LogModuleManager: Shutting down and abandoning module AndroidMediaEditor (211)
[2017.05.30-04.55.13:692][823]LogModuleManager: Shutting down and abandoning module CharacterAI (210)
[2017.05.30-04.55.13:692][823]LogModuleManager: Shutting down and abandoning module SmartSnapping (209)
[2017.05.30-04.55.13:692][823]LogModuleManager: Shutting down and abandoning module SessionServices (208)
[2017.05.30-04.55.13:692][823]LogModuleManager: Shutting down and abandoning module ViewportSnapping (207)
[2017.05.30-04.55.13:692][823]LogModuleManager: Shutting down and abandoning module ViewportInteraction (206)
[2017.05.30-04.55.13:692][823]LogModuleManager: Shutting down and abandoning module LogVisualizer (205)
[2017.05.30-04.55.13:692][823]LogModuleManager: Shutting down and abandoning module GameProjectGeneration (204)
[2017.05.30-04.55.13:692][823]LogModuleManager: Shutting down and abandoning module IntroTutorials (203)
[2017.05.30-04.55.13:692][823]LogModuleManager: Shutting down and abandoning module EditorLiveStreaming (202)
[2017.05.30-04.55.13:692][823]LogModuleManager: Shutting down and abandoning module IOSPlatformEditor (201)
[2017.05.30-04.55.13:692][823]LogModuleManager: Shutting down and abandoning module HTML5PlatformEditor (200)
[2017.05.30-04.55.13:692][823]LogModuleManager: Shutting down and abandoning module AndroidDeviceDetection (199)
[2017.05.30-04.55.14:372][823]LogModuleManager: Shutting down and abandoning module AndroidPlatformEditor (198)
[2017.05.30-04.55.14:372][823]LogModuleManager: Shutting down and abandoning module IOSRuntimeSettings (197)
[2017.05.30-04.55.14:372][823]LogModuleManager: Shutting down and abandoning module AndroidRuntimeSettings (196)
[2017.05.30-04.55.14:372][823]LogModuleManager: Shutting down and abandoning module NiagaraEditor (195)
[2017.05.30-04.55.14:372][823]LogModuleManager: Shutting down and abandoning module MergeActors (194)
[2017.05.30-04.55.14:372][823]LogModuleManager: Shutting down and abandoning module SizeMap (193)
[2017.05.30-04.55.14:372][823]LogModuleManager: Shutting down and abandoning module TreeMap (192)
[2017.05.30-04.55.14:372][823]LogModuleManager: Shutting down and abandoning module ReferenceViewer (191)
[2017.05.30-04.55.14:372][823]LogModuleManager: Shutting down and abandoning module LocalizationService (190)
[2017.05.30-04.55.14:372][823]LogModuleManager: Shutting down and abandoning module LocalizationDashboard (189)
[2017.05.30-04.55.14:372][823]LogModuleManager: Shutting down and abandoning module HardwareTargeting (188)
[2017.05.30-04.55.14:372][823]LogModuleManager: Shutting down and abandoning module DeviceProfileEditor (187)
[2017.05.30-04.55.14:372][823]LogModuleManager: Shutting down and abandoning module UndoHistory (186)
[2017.05.30-04.55.14:372][823]LogModuleManager: Shutting down and abandoning module UserFeedback (185)
[2017.05.30-04.55.14:372][823]LogModuleManager: Shutting down and abandoning module XmlParser (184)
[2017.05.30-04.55.14:372][823]LogModuleManager: Shutting down and abandoning module Blutility (183)
[2017.05.30-04.55.14:372][823]LogModuleManager: Shutting down and abandoning module ProjectTargetPlatformEditor (182)
[2017.05.30-04.55.14:372][823]LogModuleManager: Shutting down and abandoning module ProjectSettingsViewer (181)
[2017.05.30-04.55.14:372][823]LogModuleManager: Shutting down and abandoning module InputBindingEditor (180)
[2017.05.30-04.55.14:372][823]LogModuleManager: Shutting down and abandoning module EditorSettingsViewer (179)
[2017.05.30-04.55.14:372][823]LogModuleManager: Shutting down and abandoning module SettingsEditor (178)
[2017.05.30-04.55.14:373][823]LogModuleManager: Shutting down and abandoning module ProjectLauncher (177)
[2017.05.30-04.55.14:373][823]LogModuleManager: Shutting down and abandoning module SessionFrontend (176)
[2017.05.30-04.55.14:373][823]LogModuleManager: Shutting down and abandoning module ProfilerClient (175)
[2017.05.30-04.55.14:373][823]LogModuleManager: Shutting down and abandoning module TargetDeviceServices (174)
[2017.05.30-04.55.14:373][823]LogModuleManager: Shutting down and abandoning module DeviceManager (173)
[2017.05.30-04.55.14:426][823]LogModuleManager: Shutting down and abandoning module AutomationController (172)
[2017.05.30-04.55.14:426][823]LogModuleManager: Shutting down and abandoning module AutomationWindow (171)
[2017.05.30-04.55.14:426][823]LogModuleManager: Shutting down and abandoning module Layers (170)
[2017.05.30-04.55.14:426][823]LogModuleManager: Shutting down and abandoning module ComponentVisualizers (169)
[2017.05.30-04.55.14:426][823]LogModuleManager: Shutting down and abandoning module DetailCustomizations (168)
[2017.05.30-04.55.14:426][823]LogModuleManager: Shutting down and abandoning module PackagesDialog (167)
[2017.05.30-04.55.14:426][823]LogModuleManager: Shutting down and abandoning module AnimGraph (166)
[2017.05.30-04.55.14:426][823]LogModuleManager: Shutting down and abandoning module Persona (165)
[2017.05.30-04.55.14:426][823]LogModuleManager: Shutting down and abandoning module Kismet (164)
[2017.05.30-04.55.14:427][823]LogModuleManager: Shutting down and abandoning module GraphEditor (163)
[2017.05.30-04.55.14:427][823]LogModuleManager: Shutting down and abandoning module ClassViewer (162)
[2017.05.30-04.55.14:427][823]LogModuleManager: Shutting down and abandoning module Toolbox (161)
[2017.05.30-04.55.14:427][823]LogModuleManager: Shutting down and abandoning module ModuleUI (160)
[2017.05.30-04.55.14:427][823]LogModuleManager: Shutting down and abandoning module MovieSceneTools (159)
[2017.05.30-04.55.14:427][823]LogModuleManager: Shutting down and abandoning module OutputLog (158)
[2017.05.30-04.55.14:427][823]LogModuleManager: Shutting down and abandoning module GammaUI (157)
[2017.05.30-04.55.14:427][823]LogModuleManager: Shutting down and abandoning module Documentation (156)
[2017.05.30-04.55.14:427][823]LogModuleManager: Shutting down and abandoning module Niagara (155)
[2017.05.30-04.55.14:427][823]LogModuleManager: Shutting down and abandoning module StreamingPauseRendering (154)
[2017.05.30-04.55.14:427][823]LogModuleManager: Shutting down and abandoning module AnalyticsET (153)
[2017.05.30-04.55.14:427][823]LogModuleManager: Shutting down and abandoning module PortalServices (152)
[2017.05.30-04.55.14:427][823]LogModuleManager: Shutting down and abandoning module PortalRpc (151)
[2017.05.30-04.55.14:427][823]LogModuleManager: Shutting down and abandoning module MessagingRpc (150)
[2017.05.30-04.55.14:427][823]LogModuleManager: Shutting down and abandoning module GameplayDebugger (149)
[2017.05.30-04.55.14:427][823]LogModuleManager: Shutting down and abandoning module AITestSuite (148)
[2017.05.30-04.55.14:427][823]LogModuleManager: Shutting down and abandoning module AIModule (147)
[2017.05.30-04.55.14:427][823]LogModuleManager: Shutting down and abandoning module ProfilerService (146)
[2017.05.30-04.55.14:646][823]LogModuleManager: Shutting down and abandoning module TaskGraph (145)
[2017.05.30-04.55.14:647][823]LogModuleManager: Shutting down and abandoning module SubstanceEditor (144)
[2017.05.30-04.55.14:647][823]LogModuleManager: Shutting down and abandoning module SlateRemote (143)
[2017.05.30-04.55.14:647][823]LogModuleManager: Shutting down and abandoning module SteamVRController (142)
[2017.05.30-04.55.14:647][823]LogModuleManager: Shutting down and abandoning module SteamVR (141)
[2017.05.30-04.55.14:647][823]LogModuleManager: Shutting down and abandoning module ProceduralMeshComponentEditor (140)
[2017.05.30-04.55.14:647][823]LogModuleManager: Shutting down and abandoning module ProceduralMeshComponent (139)
[2017.05.30-04.55.14:647][823]LogModuleManager: Shutting down and abandoning module OculusLibrary (138)
[2017.05.30-04.55.14:647][823]LogModuleManager: Shutting down and abandoning module OculusInput (137)
[2017.05.30-04.55.14:647][823]LogModuleManager: Shutting down and abandoning module CustomMeshComponent (136)
[2017.05.30-04.55.14:647][823]LogModuleManager: Shutting down and abandoning module CableComponent (135)
[2017.05.30-04.55.14:647][823]LogModuleManager: Shutting down and abandoning module ArchVisCharacter (134)
[2017.05.30-04.55.14:647][823]LogModuleManager: Shutting down and abandoning module MediaPlayerEditor (132)
[2017.05.30-04.55.14:647][823]LogModuleManager: Shutting down and abandoning module ShadowMocapEditor (131)
[2017.05.30-04.55.14:647][823]LogModuleManager: Shutting down and abandoning module ShadowMocap (130)
[2017.05.30-04.55.14:647][823]LogModuleManager: Shutting down and abandoning module RunebergVRPlugin (129)
[2017.05.30-04.55.14:647][823]LogModuleManager: Shutting down and abandoning module GestureTrackerVR (128)
[2017.05.30-04.55.14:647][823]LogModuleManager: Shutting down and abandoning module HTML5Networking (127)
[2017.05.30-04.55.14:647][823]LogModuleManager: Shutting down and abandoning module GeometryCacheEd (126)
[2017.05.30-04.55.14:647][823]LogModuleManager: Shutting down and abandoning module GeometryCache (125)
[2017.05.30-04.55.14:647][823]LogModuleManager: Shutting down and abandoning module AlembicLibrary (124)
[2017.05.30-04.55.14:647][823]LogModuleManager: Shutting down and abandoning module AlembicImporter (123)
[2017.05.30-04.55.14:647][823]LogModuleManager: Shutting down and abandoning module SuperSearch (122)
[2017.05.30-04.55.14:647][823]LogModuleManager: Shutting down and abandoning module SuperSearchEditor (121)
[2017.05.30-04.55.14:647][823]LogModuleManager: Shutting down and abandoning module SpeedTreeImporter (120)
[2017.05.30-04.55.14:647][823]LogModuleManager: Shutting down and abandoning module PluginBrowser (119)
[2017.05.30-04.55.14:647][823]LogModuleManager: Shutting down and abandoning module MobileLauncherProfileWizard (118)
[2017.05.30-04.55.14:647][823]LogModuleManager: Shutting down and abandoning module EpicSurvey (117)
[2017.05.30-04.55.14:647][823]LogModuleManager: Shutting down and abandoning module DesktopPlatform (116)
[2017.05.30-04.55.14:647][823]LogModuleManager: Shutting down and abandoning module VisualStudioSourceCodeAccess (115)
[2017.05.30-04.55.14:647][823]LogModuleManager: Shutting down and abandoning module UObjectPlugin (114)
[2017.05.30-04.55.14:647][823]LogModuleManager: Shutting down and abandoning module SubversionSourceControl (113)
[2017.05.30-04.55.14:647][823]LogModuleManager: Shutting down and abandoning module PerforceSourceControl (112)
[2017.05.30-04.55.14:647][823]LogModuleManager: Shutting down and abandoning module SourceControl (111)
[2017.05.30-04.55.14:647][823]LogModuleManager: Shutting down and abandoning module GitSourceControl (110)
[2017.05.30-04.55.14:647][823]LogModuleManager: Shutting down and abandoning module LightPropagationVolumeEditor (109)
[2017.05.30-04.55.14:647][823]LogModuleManager: Shutting down and abandoning module PaperTiledImporter (108)
[2017.05.30-04.55.14:647][823]LogModuleManager: Shutting down and abandoning module PaperSpriteSheetImporter (107)
[2017.05.30-04.55.14:647][823]LogModuleManager: Shutting down and abandoning module MeshPaint (106)
[2017.05.30-04.55.14:647][823]LogModuleManager: Shutting down and abandoning module FbxAutomationBuilderModule (105)
[2017.05.30-04.55.14:647][823]LogModuleManager: Shutting down and abandoning module PixelInspectorModule (104)
[2017.05.30-04.55.14:647][823]LogModuleManager: Shutting down and abandoning module HotReload (103)
[2017.05.30-04.55.14:647][823]LogDirectoryWatcher: A directory notification for 'C:/Users/StudentUser/Documents/GitHub/272072/Castle-Guard-Working-Bow/CastleGuard/vive_archery_ue4-master 4.13/Binaries/Win64' was aborted.
[2017.05.30-04.55.14:647][823]LogModuleManager: Shutting down and abandoning module MainFrame (102)
[2017.05.30-04.55.14:647][823]LogModuleManager: Shutting down and abandoning module LevelEditor (101)
[2017.05.30-04.55.14:648][823]LogModuleManager: Shutting down and abandoning module ContentBrowser (100)
[2017.05.30-04.55.14:649][823]LogModuleManager: Shutting down and abandoning module Paper2DEditor (99)
[2017.05.30-04.55.14:649][823]LogModuleManager: Shutting down and abandoning module vive_archery_ue4 (98)
[2017.05.30-04.55.14:649][823]LogModuleManager: Shutting down and abandoning module UdpMessaging (97)
[2017.05.30-04.55.14:749][823]LogModuleManager: Shutting down and abandoning module TcpMessaging (96)
[2017.05.30-04.55.14:849][823]LogModuleManager: Shutting down and abandoning module SubstanceCore (95)
[2017.05.30-04.55.14:849][823]LogModuleManager: Shutting down and abandoning module LightPropagationVolumeRuntime (94)
[2017.05.30-04.55.14:849][823]LogModuleManager: Shutting down and abandoning module Paper2D (93)
[2017.05.30-04.55.14:849][823]LogModuleManager: Shutting down and abandoning module WindowsMoviePlayer (92)
[2017.05.30-04.55.14:849][823]LogModuleManager: Shutting down and abandoning module WmfMedia (91)
[2017.05.30-04.55.14:849][823]LogModuleManager: Shutting down and abandoning module MediaAssets (90)
[2017.05.30-04.55.14:849][823]LogModuleManager: Shutting down and abandoning module GameLiveStreaming (89)
[2017.05.30-04.55.14:849][823]LogModuleManager: Shutting down and abandoning module GameplayTagsEditor (88)
[2017.05.30-04.55.14:849][823]LogModuleManager: Shutting down and abandoning module VREditor (87)
[2017.05.30-04.55.14:849][823]LogModuleManager: Shutting down and abandoning module GameplayTasksEditor (86)
[2017.05.30-04.55.14:849][823]LogModuleManager: Shutting down and abandoning module PropertyEditor (85)
[2017.05.30-04.55.14:849][823]LogModuleManager: Shutting down and abandoning module BehaviorTreeEditor (84)
[2017.05.30-04.55.14:849][823]LogModuleManager: Shutting down and abandoning module FunctionalTesting (83)
[2017.05.30-04.55.14:849][823]LogModuleManager: Shutting down and abandoning module CollisionAnalyzer (82)
[2017.05.30-04.55.14:849][823]LogModuleManager: Shutting down and abandoning module Sequencer (81)
[2017.05.30-04.55.14:850][823]LogModuleManager: Shutting down and abandoning module WorkspaceMenuStructure (80)
[2017.05.30-04.55.14:850][823]LogModuleManager: Shutting down and abandoning module MessageLog (79)
[2017.05.30-04.55.14:850][823]LogModuleManager: Shutting down and abandoning module AssetTools (78)
[2017.05.30-04.55.14:850][823]LogModuleManager: Shutting down and abandoning module UMGEditor (77)
[2017.05.30-04.55.14:850][823]LogModuleManager: Shutting down and abandoning module UMG (76)
[2017.05.30-04.55.14:850][823]LogModuleManager: Shutting down and abandoning module SlateReflector (75)
[2017.05.30-04.55.14:850][823]LogModuleManager: Shutting down and abandoning module Slate (74)
[2017.05.30-04.55.14:850][823]LogModuleManager: Shutting down and abandoning module EditorStyle (73)
[2017.05.30-04.55.14:851][823]LogModuleManager: Shutting down and abandoning module SourceCodeAccess (72)
[2017.05.30-04.55.14:851][823]LogModuleManager: Shutting down and abandoning module HeadMountedDisplay (71)
[2017.05.30-04.55.14:851][823]LogModuleManager: Shutting down and abandoning module XAudio2 (70)
[2017.05.30-04.55.14:851][823]LogModuleManager: Shutting down and abandoning module Networking (68)
[2017.05.30-04.55.14:851][823]LogModuleManager: Shutting down and abandoning module Core (67)
[2017.05.30-04.55.14:851][823]LogModuleManager: Shutting down and abandoning module DirectoryWatcher (66)
[2017.05.30-04.55.14:851][823]LogDirectoryWatcher: A directory notification for '../../../Engine/Content/' was aborted.
[2017.05.30-04.55.14:852][823]LogDirectoryWatcher: A directory notification for 'C:/Users/StudentUser/Documents/GitHub/272072/Castle-Guard-Working-Bow/CastleGuard/vive_archery_ue4-master 4.13/Content/' was aborted.
[2017.05.30-04.55.14:852][823]LogDirectoryWatcher: A directory notification for '../../../Engine/Plugins/2D/Paper2D/Content/' was aborted.
[2017.05.30-04.55.14:852][823]LogDirectoryWatcher: A directory notification for '../../../Engine/Plugins/Marketplace/GestureTrackerVR/Content/' was aborted.
[2017.05.30-04.55.14:852][823]LogModuleManager: Shutting down and abandoning module AssetRegistry (65)
[2017.05.30-04.55.14:951][823]LogModuleManager: Shutting down and abandoning module KismetCompiler (64)
[2017.05.30-04.55.14:951][823]LogModuleManager: Shutting down and abandoning module PhysXFormats (63)
[2017.05.30-04.55.14:951][823]LogModuleManager: Shutting down and abandoning module MeshUtilities (62)
[2017.05.30-04.55.14:951][823]LogModuleManager: Shutting down and abandoning module DerivedDataCache (61)
[2017.05.30-04.55.15:046][823]LogDerivedDataCache: Shutdown
[2017.05.30-04.55.15:046][823]LogModuleManager: Shutting down and abandoning module VulkanShaderFormat (60)
[2017.05.30-04.55.15:046][823]LogModuleManager: Shutting down and abandoning module ShaderFormatOpenGL (59)
[2017.05.30-04.55.15:046][823]LogModuleManager: Shutting down and abandoning module ShaderFormatD3D (58)
[2017.05.30-04.55.15:046][823]LogModuleManager: Shutting down and abandoning module MetalShaderFormat (57)
[2017.05.30-04.55.15:046][823]LogModuleManager: Shutting down and abandoning module TextureFormatUncompressed (56)
[2017.05.30-04.55.15:046][823]LogModuleManager: Shutting down and abandoning module TextureFormatPVR (55)
[2017.05.30-04.55.15:046][823]LogModuleManager: Shutting down and abandoning module TextureFormatDXT (54)
[2017.05.30-04.55.15:046][823]LogModuleManager: Shutting down and abandoning module TextureFormatIntelISPCTexComp (53)
[2017.05.30-04.55.15:046][823]LogModuleManager: Shutting down and abandoning module ImageWrapper (52)
[2017.05.30-04.55.15:046][823]LogModuleManager: Shutting down and abandoning module TextureFormatASTC (51)
[2017.05.30-04.55.15:046][823]LogModuleManager: Shutting down and abandoning module TextureFormatAndroid (50)
[2017.05.30-04.55.15:046][823]LogModuleManager: Shutting down and abandoning module AudioFormatOpus (49)
[2017.05.30-04.55.15:046][823]LogModuleManager: Shutting down and abandoning module AudioFormatOgg (48)
[2017.05.30-04.55.15:046][823]LogModuleManager: Shutting down and abandoning module AudioFormatADPCM (47)
[2017.05.30-04.55.15:046][823]LogModuleManager: Shutting down and abandoning module LinuxTargetPlatform (46)
[2017.05.30-04.55.15:046][823]LogModuleManager: Shutting down and abandoning module LinuxServerTargetPlatform (45)
[2017.05.30-04.55.15:046][823]LogModuleManager: Shutting down and abandoning module LinuxNoEditorTargetPlatform (44)
[2017.05.30-04.55.15:046][823]LogModuleManager: Shutting down and abandoning module LinuxClientTargetPlatform (43)
[2017.05.30-04.55.15:046][823]LogModuleManager: Shutting down and abandoning module TVOSTargetPlatform (42)
[2017.05.30-04.55.15:046][823]LogModuleManager: Shutting down and abandoning module Messaging (41)
[2017.05.30-04.55.15:046][823]LogModuleManager: Shutting down and abandoning module IOSTargetPlatform (40)
[2017.05.30-04.55.15:046][823]LogModuleManager: Shutting down and abandoning module HTML5TargetPlatform (39)
[2017.05.30-04.55.15:046][823]LogModuleManager: Shutting down and abandoning module Android_PVRTCTargetPlatform (38)
[2017.05.30-04.55.15:046][823]LogModuleManager: Shutting down and abandoning module Android_MultiTargetPlatform (37)
[2017.05.30-04.55.15:046][823]LogModuleManager: Shutting down and abandoning module Android_ETC2TargetPlatform (36)
[2017.05.30-04.55.15:046][823]LogModuleManager: Shutting down and abandoning module Android_ETC1TargetPlatform (35)
[2017.05.30-04.55.15:046][823]LogModuleManager: Shutting down and abandoning module Android_DXTTargetPlatform (34)
[2017.05.30-04.55.15:046][823]LogModuleManager: Shutting down and abandoning module Android_ATCTargetPlatform (33)
[2017.05.30-04.55.15:046][823]LogModuleManager: Shutting down and abandoning module Android_ASTCTargetPlatform (32)
[2017.05.30-04.55.15:046][823]LogModuleManager: Shutting down and abandoning module AndroidTargetPlatform (31)
[2017.05.30-04.55.15:046][823]LogModuleManager: Shutting down and abandoning module WindowsTargetPlatform (30)
[2017.05.30-04.55.15:046][823]LogModuleManager: Shutting down and abandoning module WindowsServerTargetPlatform (29)
[2017.05.30-04.55.15:046][823]LogModuleManager: Shutting down and abandoning module WindowsNoEditorTargetPlatform (28)
[2017.05.30-04.55.15:046][823]LogModuleManager: Shutting down and abandoning module WindowsClientTargetPlatform (27)
[2017.05.30-04.55.15:046][823]LogModuleManager: Shutting down and abandoning module AllDesktopTargetPlatform (26)
[2017.05.30-04.55.15:046][823]LogModuleManager: Shutting down and abandoning module TargetPlatform (25)
[2017.05.30-04.55.15:046][823]LogModuleManager: Shutting down and abandoning module InputCore (24)
[2017.05.30-04.55.15:046][823]LogModuleManager: Shutting down and abandoning module Settings (23)
[2017.05.30-04.55.15:046][823]LogModuleManager: Shutting down and abandoning module OculusRift (22)
[2017.05.30-04.55.15:046][823]LogModuleManager: Shutting down and abandoning module GearVR (21)
[2017.05.30-04.55.15:046][823]LogModuleManager: Shutting down and abandoning module ExampleDeviceProfileSelector (20)
[2017.05.30-04.55.15:046][823]LogModuleManager: Shutting down and abandoning module OnlineBlueprintSupport (19)
[2017.05.30-04.55.15:046][823]LogModuleManager: Shutting down and abandoning module OnlineSubsystem (17)
[2017.05.30-04.55.15:046][823]LogOnline:Display: Unloading online subsystem: NULL
[2017.05.30-04.55.15:046][823]LogModuleManager: Shutting down and abandoning module HTTP (16)
[2017.05.30-04.55.15:046][823]LogHttp:Display: Http module shutting down, but needs to wait on 1 outstanding Http requests:
[2017.05.30-04.55.15:046][823]LogHttp:Display: 	verb=[POST] url=[https://datarouter.ol.epicgames.com/datarouter/api/v1/public/data?SessionID=%7BFA4479D1-4B6C-8452-CD63-0B9167DFB3AD%7D&AppID=UEEditor.Rocket.Release&AppVersion=4.13.2-3172292%2B%2B%2BUE4%2BRelease-4.13&UserID=43e75dcf44ccff21103b93b6717814e3%7C%7Cd16070ab-418c-45f1-9218-3fd00383b244&AppEnvironment=datacollector-binary&UploadType=eteventstream] status=Processing
[2017.05.30-04.55.15:059][823]LogModuleManager: Shutting down and abandoning module XMPP (15)
[2017.05.30-04.55.15:059][823]LogModuleManager: Shutting down and abandoning module TextureCompressor (14)
[2017.05.30-04.55.15:059][823]LogModuleManager: Shutting down and abandoning module ShaderCore (13)
[2017.05.30-04.55.15:059][823]LogModuleManager: Shutting down and abandoning module Landscape (12)
[2017.05.30-04.55.15:059][823]LogModuleManager: Shutting down and abandoning module SlateRHIRenderer (11)
[2017.05.30-04.55.15:060][823]LogModuleManager: Shutting down and abandoning module OpenGLDrv (10)
[2017.05.30-04.55.15:060][823]LogModuleManager: Shutting down and abandoning module D3D11RHI (9)
[2017.05.30-04.55.15:060][823]LogModuleManager: Shutting down and abandoning module AnimGraphRuntime (8)
[2017.05.30-04.55.15:060][823]LogModuleManager: Shutting down and abandoning module Renderer (7)
[2017.05.30-04.55.15:060][823]LogModuleManager: Shutting down and abandoning module Engine (6)
[2017.05.30-04.55.15:060][823]LogModuleManager: Shutting down and abandoning module CoreUObject (5)
[2017.05.30-04.55.15:060][823]LogModuleManager: Shutting down and abandoning module NetworkFile (4)
[2017.05.30-04.55.15:060][823]LogModuleManager: Shutting down and abandoning module StreamingFile (3)
[2017.05.30-04.55.15:060][823]LogModuleManager: Shutting down and abandoning module SandboxFile (2)
[2017.05.30-04.55.15:060][823]LogModuleManager: Shutting down and abandoning module PakFile (1)
[2017.05.30-04.55.15:061][823]LogExit: Exiting.
[2017.05.30-04.55.15:062][823]Log file closed, 05/29/17 21:55:15
