Log file open, 05/29/17 21:55:15
LogInit:Display: Running engine for game: vive_archery_ue4
LogPlatformFile: Not using cached read wrapper
LogInit:Display: RandInit(510911162) SRandInit(510911162).
LogTaskGraph: Started task graph with 5 named threads and 8 total threads with 1 sets of task threads.
LogStats: Stats thread started at 0.068487
LogPluginManager: Loaded Plugin Paper2D, From E:/Unreal Engine/UE_4.13/Engine/Plugins/2D/Paper2D/Paper2D.uplugin
LogPluginManager: Loaded Plugin LightPropagationVolume, From E:/Unreal Engine/UE_4.13/Engine/Plugins/Blendables/LightPropagationVolume/LightPropagationVolume.uplugin
LogPluginManager: Loaded Plugin BlankPlugin, From E:/Unreal Engine/UE_4.13/Engine/Plugins/Developer/BlankPlugin/BlankPlugin.uplugin
LogPluginManager: Loaded Plugin CodeLiteSourceCodeAccess, From E:/Unreal Engine/UE_4.13/Engine/Plugins/Developer/CodeLiteSourceCodeAccess/CodeLiteSourceCodeAccess.uplugin
LogPluginManager: Loaded Plugin GitSourceControl, From E:/Unreal Engine/UE_4.13/Engine/Plugins/Developer/GitSourceControl/GitSourceControl.uplugin
LogPluginManager: Loaded Plugin KDevelopSourceCodeAccess, From E:/Unreal Engine/UE_4.13/Engine/Plugins/Developer/KDevelopSourceCodeAccess/KDevelopSourceCodeAccess.uplugin
LogPluginManager: Loaded Plugin NullSourceCodeAccess, From E:/Unreal Engine/UE_4.13/Engine/Plugins/Developer/NullSourceCodeAccess/NullSourceCodeAccess.uplugin
LogPluginManager: Loaded Plugin OneSkyLocalizationService, From E:/Unreal Engine/UE_4.13/Engine/Plugins/Developer/OneSkyLocalizationService/OneSkyLocalizationService.uplugin
LogPluginManager: Loaded Plugin PerforceSourceControl, From E:/Unreal Engine/UE_4.13/Engine/Plugins/Developer/PerforceSourceControl/PerforceSourceControl.uplugin
LogPluginManager: Loaded Plugin SubversionSourceControl, From E:/Unreal Engine/UE_4.13/Engine/Plugins/Developer/SubversionSourceControl/SubversionSourceControl.uplugin
LogPluginManager: Loaded Plugin UObjectPlugin, From E:/Unreal Engine/UE_4.13/Engine/Plugins/Developer/UObjectPlugin/UObjectPlugin.uplugin
LogPluginManager: Loaded Plugin VisualStudioSourceCodeAccess, From E:/Unreal Engine/UE_4.13/Engine/Plugins/Developer/VisualStudioSourceCodeAccess/VisualStudioSourceCodeAccess.uplugin
LogPluginManager: Loaded Plugin XCodeSourceCodeAccess, From E:/Unreal Engine/UE_4.13/Engine/Plugins/Developer/XCodeSourceCodeAccess/XCodeSourceCodeAccess.uplugin
LogPluginManager: Loaded Plugin EpicSurvey, From E:/Unreal Engine/UE_4.13/Engine/Plugins/Editor/EpicSurvey/EpicSurvey.uplugin
LogPluginManager: Loaded Plugin MacGraphicsSwitching, From E:/Unreal Engine/UE_4.13/Engine/Plugins/Editor/MacGraphicsSwitching/MacGraphicsSwitching.uplugin
LogPluginManager: Loaded Plugin MobileLauncherProfileWizard, From E:/Unreal Engine/UE_4.13/Engine/Plugins/Editor/MobileLauncherProfileWizard/MobileLauncherProfileWizard.uplugin
LogPluginManager: Loaded Plugin PluginBrowser, From E:/Unreal Engine/UE_4.13/Engine/Plugins/Editor/PluginBrowser/PluginBrowser.uplugin
LogPluginManager: Loaded Plugin SpeedTreeImporter, From E:/Unreal Engine/UE_4.13/Engine/Plugins/Editor/SpeedTreeImporter/SpeedTreeImporter.uplugin
LogPluginManager: Loaded Plugin SuperSearchEditor, From E:/Unreal Engine/UE_4.13/Engine/Plugins/Editor/SuperSearchEditor/SuperSearchEditor.uplugin
LogPluginManager: Loaded Plugin AlembicImporter, From E:/Unreal Engine/UE_4.13/Engine/Plugins/Experimental/AlembicImporter/AlembicImporter.uplugin
LogPluginManager: Loaded Plugin BlueprintStats, From E:/Unreal Engine/UE_4.13/Engine/Plugins/Experimental/BlueprintStats/BlueprintStats.uplugin
LogPluginManager: Loaded Plugin CharacterAI, From E:/Unreal Engine/UE_4.13/Engine/Plugins/Experimental/CharacterAI/CharacterAI.uplugin
LogPluginManager: Loaded Plugin CodeEditor, From E:/Unreal Engine/UE_4.13/Engine/Plugins/Experimental/CodeEditor/CodeEditor.uplugin
LogPluginManager: Loaded Plugin CodeView, From E:/Unreal Engine/UE_4.13/Engine/Plugins/Experimental/CodeView/CodeView.uplugin
LogPluginManager: Loaded Plugin HTML5Networking, From E:/Unreal Engine/UE_4.13/Engine/Plugins/Experimental/HTML5Networking/HTML5Networking.uplugin
LogPluginManager: Loaded Plugin LiveEditor, From E:/Unreal Engine/UE_4.13/Engine/Plugins/Experimental/LiveEditor/LiveEditor.uplugin
LogPluginManager: Loaded Plugin OSVR, From E:/Unreal Engine/UE_4.13/Engine/Plugins/Experimental/OSVR/OSVR.uplugin
LogPluginManager: Loaded Plugin Phya, From E:/Unreal Engine/UE_4.13/Engine/Plugins/Experimental/Phya/Phya.uplugin
LogPluginManager: Loaded Plugin SignificanceManager, From E:/Unreal Engine/UE_4.13/Engine/Plugins/Experimental/SignificanceManager/SignificanceManager.uplugin
LogPluginManager: Loaded Plugin SimpleHMD, From E:/Unreal Engine/UE_4.13/Engine/Plugins/Experimental/SimpleHMD/SimpleHMD.uplugin
LogPluginManager: Loaded Plugin StereoPanorama, From E:/Unreal Engine/UE_4.13/Engine/Plugins/Experimental/StereoPanorama/StereoPanorama.uplugin
LogPluginManager: Loaded Plugin StructBox, From E:/Unreal Engine/UE_4.13/Engine/Plugins/Experimental/StructBox/StructBox.uplugin
LogPluginManager: Loaded Plugin GestureTrackerVR, From E:/Unreal Engine/UE_4.13/Engine/Plugins/Marketplace/GestureTrackerVR/GestureTrackerVR.uplugin
LogPluginManager: Loaded Plugin RunebergVRPlugin, From E:/Unreal Engine/UE_4.13/Engine/Plugins/Marketplace/RunebergVRPlugin/RunebergVRPlugin.uplugin
LogPluginManager: Loaded Plugin ShadowMocap, From E:/Unreal Engine/UE_4.13/Engine/Plugins/Marketplace/ShadowMocap/ShadowMocap.uplugin
LogPluginManager: Loaded Plugin Substance, From E:/Unreal Engine/UE_4.13/Engine/Plugins/Marketplace/Substance/Substance.uplugin
LogPluginManager: Loaded Plugin AndroidMedia, From E:/Unreal Engine/UE_4.13/Engine/Plugins/Media/AndroidMedia/AndroidMedia.uplugin
LogPluginManager: Loaded Plugin AvfMedia, From E:/Unreal Engine/UE_4.13/Engine/Plugins/Media/AvfMedia/AvfMedia.uplugin
LogPluginManager: Loaded Plugin MediaPlayerEditor, From E:/Unreal Engine/UE_4.13/Engine/Plugins/Media/MediaPlayerEditor/MediaPlayerEditor.uplugin
LogPluginManager: Loaded Plugin WmfMedia, From E:/Unreal Engine/UE_4.13/Engine/Plugins/Media/WmfMedia/WmfMedia.uplugin
LogPluginManager: Loaded Plugin MessagingDebugger, From E:/Unreal Engine/UE_4.13/Engine/Plugins/Messaging/MessagingDebugger/MessagingDebugger.uplugin
LogPluginManager: Loaded Plugin TcpMessaging, From E:/Unreal Engine/UE_4.13/Engine/Plugins/Messaging/TcpMessaging/TcpMessaging.uplugin
LogPluginManager: Loaded Plugin UdpMessaging, From E:/Unreal Engine/UE_4.13/Engine/Plugins/Messaging/UdpMessaging/UdpMessaging.uplugin
LogPluginManager: Loaded Plugin LevelSequenceEditor, From E:/Unreal Engine/UE_4.13/Engine/Plugins/MovieScene/LevelSequenceEditor/LevelSequenceEditor.uplugin
LogPluginManager: Loaded Plugin MatineeToLevelSequence, From E:/Unreal Engine/UE_4.13/Engine/Plugins/MovieScene/MatineeToLevelSequence/MatineeToLevelSequence.uplugin
LogPluginManager: Loaded Plugin NetcodeUnitTest, From E:/Unreal Engine/UE_4.13/Engine/Plugins/NetcodeUnitTest/NetcodeUnitTest/NetcodeUnitTest.uplugin
LogPluginManager: Loaded Plugin NUTUnrealEngine4, From E:/Unreal Engine/UE_4.13/Engine/Plugins/NetcodeUnitTest/NUTUnrealEngine4/NUTUnrealEngine4.uplugin
LogPluginManager: Loaded Plugin OnlineSubsystemGooglePlay, From E:/Unreal Engine/UE_4.13/Engine/Plugins/Online/Android/OnlineSubsystemGooglePlay/OnlineSubsystemGooglePlay.uplugin
LogPluginManager: Loaded Plugin OnlineSubsystemIOS, From E:/Unreal Engine/UE_4.13/Engine/Plugins/Online/IOS/OnlineSubsystemIOS/OnlineSubsystemIOS.uplugin
LogPluginManager: Loaded Plugin OnlineFramework, From E:/Unreal Engine/UE_4.13/Engine/Plugins/Online/OnlineFramework/OnlineFramework.uplugin
LogPluginManager: Loaded Plugin OnlineSubsystem, From E:/Unreal Engine/UE_4.13/Engine/Plugins/Online/OnlineSubsystem/OnlineSubsystem.uplugin
LogPluginManager: Loaded Plugin OnlineSubsystemAmazon, From E:/Unreal Engine/UE_4.13/Engine/Plugins/Online/OnlineSubsystemAmazon/OnlineSubsystemAmazon.uplugin
LogPluginManager: Loaded Plugin OnlineSubsystemFacebook, From E:/Unreal Engine/UE_4.13/Engine/Plugins/Online/OnlineSubsystemFacebook/OnlineSubsystemFacebook.uplugin
LogPluginManager: Loaded Plugin OnlineSubsystemNull, From E:/Unreal Engine/UE_4.13/Engine/Plugins/Online/OnlineSubsystemNull/OnlineSubsystemNull.uplugin
LogPluginManager: Loaded Plugin OnlineSubsystemOculus, From E:/Unreal Engine/UE_4.13/Engine/Plugins/Online/OnlineSubsystemOculus/OnlineSubsystemOculus.uplugin
LogPluginManager: Loaded Plugin OnlineSubsystemSteam, From E:/Unreal Engine/UE_4.13/Engine/Plugins/Online/OnlineSubsystemSteam/OnlineSubsystemSteam.uplugin
LogPluginManager: Loaded Plugin OnlineSubsystemUtils, From E:/Unreal Engine/UE_4.13/Engine/Plugins/Online/OnlineSubsystemUtils/OnlineSubsystemUtils.uplugin
LogPluginManager: Loaded Plugin IOSTapJoy, From E:/Unreal Engine/UE_4.13/Engine/Plugins/Runtime/Advertising/IOSTapJoy/IOSTapJoy.uplugin
LogPluginManager: Loaded Plugin AnalyticsBlueprintLibrary, From E:/Unreal Engine/UE_4.13/Engine/Plugins/Runtime/Analytics/AnalyticsBlueprintLibrary/AnalyticsBlueprintLibrary.uplugin
LogPluginManager: Loaded Plugin AnalyticsMulticast, From E:/Unreal Engine/UE_4.13/Engine/Plugins/Runtime/Analytics/AnalyticsMulticast/AnalyticsMulticast.uplugin
LogPluginManager: Loaded Plugin Apsalar, From E:/Unreal Engine/UE_4.13/Engine/Plugins/Runtime/Analytics/Apsalar/Apsalar.uplugin
LogPluginManager: Loaded Plugin FileLogging, From E:/Unreal Engine/UE_4.13/Engine/Plugins/Runtime/Analytics/FileLogging/FileLogging.uplugin
LogPluginManager: Loaded Plugin Flurry, From E:/Unreal Engine/UE_4.13/Engine/Plugins/Runtime/Analytics/Flurry/Flurry.uplugin
LogPluginManager: Loaded Plugin AndroidDeviceProfileSelector, From E:/Unreal Engine/UE_4.13/Engine/Plugins/Runtime/AndroidDeviceProfileSelector/AndroidDeviceProfileSelector.uplugin
LogPluginManager: Loaded Plugin AndroidMoviePlayer, From E:/Unreal Engine/UE_4.13/Engine/Plugins/Runtime/AndroidMoviePlayer/AndroidMoviePlayer.uplugin
LogPluginManager: Loaded Plugin AppleMoviePlayer, From E:/Unreal Engine/UE_4.13/Engine/Plugins/Runtime/AppleMoviePlayer/AppleMoviePlayer.uplugin
LogPluginManager: Loaded Plugin ArchVisCharacter, From E:/Unreal Engine/UE_4.13/Engine/Plugins/Runtime/ArchVisCharacter/ArchVisCharacter.uplugin
LogPluginManager: Loaded Plugin CableComponent, From E:/Unreal Engine/UE_4.13/Engine/Plugins/Runtime/CableComponent/CableComponent.uplugin
LogPluginManager: Loaded Plugin CustomMeshComponent, From E:/Unreal Engine/UE_4.13/Engine/Plugins/Runtime/CustomMeshComponent/CustomMeshComponent.uplugin
LogPluginManager: Loaded Plugin ExampleDeviceProfileSelector, From E:/Unreal Engine/UE_4.13/Engine/Plugins/Runtime/ExampleDeviceProfileSelector/ExampleDeviceProfileSelector.uplugin
LogPluginManager: Loaded Plugin GearVR, From E:/Unreal Engine/UE_4.13/Engine/Plugins/Runtime/GearVR/GearVR.uplugin
LogPluginManager: Loaded Plugin GoogleVRController, From E:/Unreal Engine/UE_4.13/Engine/Plugins/Runtime/GoogleVR/GoogleVRController/GoogleVRController.uplugin
LogPluginManager: Loaded Plugin GoogleVRHMD, From E:/Unreal Engine/UE_4.13/Engine/Plugins/Runtime/GoogleVR/GoogleVRHMD/GoogleVRHMD.uplugin
LogPluginManager: Loaded Plugin IOSDeviceProfileSelector, From E:/Unreal Engine/UE_4.13/Engine/Plugins/Runtime/IOSDeviceProfileSelector/IOSDeviceProfileSelector.uplugin
LogPluginManager: Loaded Plugin LeapMotion, From E:/Unreal Engine/UE_4.13/Engine/Plugins/Runtime/LeapMotion/LeapMotion.uplugin
LogPluginManager: Loaded Plugin LinuxDeviceProfileSelector, From E:/Unreal Engine/UE_4.13/Engine/Plugins/Runtime/LinuxDeviceProfileSelector/LinuxDeviceProfileSelector.uplugin
LogPluginManager: Loaded Plugin LiveEditorListenServer, From E:/Unreal Engine/UE_4.13/Engine/Plugins/Runtime/LiveEditorListenServer/LiveEditorListenServer.uplugin
LogPluginManager: Loaded Plugin OculusAudio, From E:/Unreal Engine/UE_4.13/Engine/Plugins/Runtime/OculusAudio/OculusAudio.uplugin
LogPluginManager: Loaded Plugin OculusInput, From E:/Unreal Engine/UE_4.13/Engine/Plugins/Runtime/OculusInput/OculusInput.uplugin
LogPluginManager: Loaded Plugin OculusLibrary, From E:/Unreal Engine/UE_4.13/Engine/Plugins/Runtime/OculusLibrary/OculusLibrary.uplugin
LogPluginManager: Loaded Plugin OculusRift, From E:/Unreal Engine/UE_4.13/Engine/Plugins/Runtime/OculusRift/OculusRift.uplugin
LogPluginManager: Loaded Plugin Oodle, From E:/Unreal Engine/UE_4.13/Engine/Plugins/Runtime/PacketHandlers/CompressionComponents/Oodle/Oodle.uplugin
LogPluginManager: Loaded Plugin ProceduralMeshComponent, From E:/Unreal Engine/UE_4.13/Engine/Plugins/Runtime/ProceduralMeshComponent/ProceduralMeshComponent.uplugin
LogPluginManager: Loaded Plugin SoundMod, From E:/Unreal Engine/UE_4.13/Engine/Plugins/Runtime/SoundMod/SoundMod.uplugin
LogPluginManager: Loaded Plugin SoundVisualizations, From E:/Unreal Engine/UE_4.13/Engine/Plugins/Runtime/SoundVisualizations/SoundVisualizations.uplugin
LogPluginManager: Loaded Plugin SteamController, From E:/Unreal Engine/UE_4.13/Engine/Plugins/Runtime/Steam/SteamController/SteamController.uplugin
LogPluginManager: Loaded Plugin SteamVR, From E:/Unreal Engine/UE_4.13/Engine/Plugins/Runtime/Steam/SteamVR/SteamVR.uplugin
LogPluginManager: Loaded Plugin WebBrowserWidget, From E:/Unreal Engine/UE_4.13/Engine/Plugins/Runtime/WebBrowserWidget/WebBrowserWidget.uplugin
LogPluginManager: Loaded Plugin WindowsDeviceProfileSelector, From E:/Unreal Engine/UE_4.13/Engine/Plugins/Runtime/WindowsDeviceProfileSelector/WindowsDeviceProfileSelector.uplugin
LogPluginManager: Loaded Plugin WindowsMoviePlayer, From E:/Unreal Engine/UE_4.13/Engine/Plugins/Runtime/WindowsMoviePlayer/WindowsMoviePlayer.uplugin
LogPluginManager: Loaded Plugin ScriptPlugin, From E:/Unreal Engine/UE_4.13/Engine/Plugins/ScriptPlugin/ScriptPlugin.uplugin
LogPluginManager: Loaded Plugin SlateRemote, From E:/Unreal Engine/UE_4.13/Engine/Plugins/Slate/SlateRemote/SlateRemote.uplugin
LogInit: Using libcurl 7.47.1
LogInit:  - built for x86_64-pc-win32
LogInit:  - supports SSL with WinSSL
LogInit:  - other features:
LogInit:      CURL_VERSION_SSL
LogInit:      CURL_VERSION_IPV6
LogInit:      CURL_VERSION_ASYNCHDNS
LogInit:      CURL_VERSION_LARGEFILE
LogInit:      CURL_VERSION_IDN
LogInit:  CurlRequestOptions (configurable via config and command line):
LogInit:  - bVerifyPeer = false  - Libcurl will NOT verify peer certificate
LogInit:  - bUseHttpProxy = false  - Libcurl will NOT use HTTP proxy
LogInit:  - bDontReuseConnections = false  - Libcurl will reuse connections
LogInit:  - CertBundlePath = nullptr  - Libcurl will use whatever was configured at build time.
LogInit: Build: ++UE4+Release-4.13-CL-3172292
LogInit: Engine Version: 4.13.2-3172292+++UE4+Release-4.13
LogInit: Compatible Engine Version: 4.13.0-3106830+++UE4+Release-4.13
LogInit: Net CL: 3172292
LogDevObjectVersion: Number of dev versions registered: 13
LogDevObjectVersion:   Dev-Blueprints (B0D832E4-1F89-4F0D-ACCF-7EB736FD4AA2): 5
LogDevObjectVersion:   Dev-Build (E1C64328-A22C-4D53-A36C-8E866417BD8C): 0
LogDevObjectVersion:   Dev-Core (375EC13C-06E4-48FB-B500-84F0262A717E): 1
LogDevObjectVersion:   Dev-Editor (E4B068ED-F494-42E9-A231-DA0B2E46BB41): 6
LogDevObjectVersion:   Dev-Framework (CFFC743F-43B0-4480-9391-14DF171D2073): 12
LogDevObjectVersion:   Dev-Mobile (B02B49B5-BB20-44E9-A304-32B752E40360): 0
LogDevObjectVersion:   Dev-Networking (A4E4105C-59A1-49B5-A7C5-40C4547EDFEE): 0
LogDevObjectVersion:   Dev-Online (39C831C9-5AE6-47DC-9A44-9C173E1C8E7C): 0
LogDevObjectVersion:   Dev-Physics (78F01B33-EBEA-4F98-B9B4-84EACCB95AA2): 0
LogDevObjectVersion:   Dev-Platform (6631380F-2D4D-43E0-8009-CF276956A95A): 0
LogDevObjectVersion:   Dev-Rendering (12F88B9F-8875-4AFC-A67C-D90C383ABD29): 4
LogDevObjectVersion:   Dev-Sequencer (7B5AE74C-D270-4C10-A958-57980B212A5A): 0
LogDevObjectVersion:   Dev-VR (D7296918-1DD6-4BDD-9DE2-64A83CC13884): 0
LogInit: Compiled (64-bit): Oct 24 2016 14:29:06
LogInit: Compiled with Visual C++: 19.00.23026.00
LogInit: Build Configuration: Development
LogInit: Branch Name: ++UE4+Release-4.13
LogInit: Command line:  
LogInit: Base directory: E:/Unreal Engine/UE_4.13/Engine/Binaries/Win64/
LogInit: Installed Engine Build: 1
LogInit: Presizing for max 8388607 objects, including 0 objects not considered by GC, pre-allocating 0 bytes for permanent pool.
LogInit: Object subsystem initialized
LogStats: FPlatformStackWalk::StackWalkAndDump -  0.005 s
LogOutputDevice:Error: === Handled ensure: ===
LogOutputDevice:Error: 
LogOutputDevice:Error: Ensure condition failed: false [File:D:\Build\++UE4+Release-4.13+Compile\Sync\Engine\Source\Runtime\Core\Private\Misc\ConfigCacheIni.cpp] [Line: 3448]
LogOutputDevice:Error: The ini file 'C:/Users/StudentUser/Documents/GitHub/272072/Castle-Guard-Working-Bow/CastleGuard/vive_archery_ue4-master 4.13/Saved/Config/Windows/Engine.ini' tries to set the console variable 'showflag.decals' marked with ECVF_Cheat, this is only allowed in consolevariables.ini
LogOutputDevice:Error: Stack: 
LogOutputDevice:Error: UE4Editor-Core.dll
LogOutputDevice:Error: UE4Editor-Core.dll
LogOutputDevice:Error: UE4Editor-Core.dll
LogOutputDevice:Error: UE4Editor-Core.dll
LogOutputDevice:Error: UE4Editor-Engine.dll
LogOutputDevice:Error: UE4Editor-Core.dll
LogOutputDevice:Error: UE4Editor-Engine.dll
LogOutputDevice:Error: UE4Editor-Engine.dll
LogOutputDevice:Error: UE4Editor.exe
LogOutputDevice:Error: UE4Editor.exe
LogOutputDevice:Error: UE4Editor.exe
LogOutputDevice:Error: UE4Editor.exe
LogOutputDevice:Error: UE4Editor.exe
LogOutputDevice:Error: KERNEL32.DLL
LogOutputDevice:Error: ntdll.dll
LogOutputDevice:Error: ntdll.dll
LogOutputDevice:Error: 
LogStats:                SubmitErrorReport -  0.000 s
LogStats:                    SendNewReport -  0.111 s
LogStats:             FDebug::EnsureFailed -  0.116 s
[2017.05.30-04.55.15:307][  0]LogConsoleManager:Display: Setting the console variable 'r.SeparateTranslucency' with 'SetByProjectSetting' was ignored as it is lower priority than the previous 'SetBySystemSettingsIni'
[2017.05.30-04.55.15:310][  0]LogConsoleManager:Display: Setting the console variable 'r.ScreenPercentage' with 'SetByScalability' was ignored as it is lower priority than the previous 'SetBySystemSettingsIni'
[2017.05.30-04.55.15:310][  0]LogConsoleManager:Display: Setting the console variable 'r.PostProcessAAQuality' with 'SetByScalability' was ignored as it is lower priority than the previous 'SetBySystemSettingsIni'
[2017.05.30-04.55.15:310][  0]LogConsoleManager:Display: Setting the console variable 'r.MotionBlurQuality' with 'SetByScalability' was ignored as it is lower priority than the previous 'SetBySystemSettingsIni'
[2017.05.30-04.55.15:310][  0]LogConsoleManager:Display: Setting the console variable 'r.AmbientOcclusionLevels' with 'SetByScalability' was ignored as it is lower priority than the previous 'SetBySystemSettingsIni'
[2017.05.30-04.55.15:310][  0]LogConsoleManager:Display: Setting the console variable 'r.DepthOfFieldQuality' with 'SetByScalability' was ignored as it is lower priority than the previous 'SetBySystemSettingsIni'
[2017.05.30-04.55.15:310][  0]LogConsoleManager:Display: Setting the console variable 'r.LensFlareQuality' with 'SetByScalability' was ignored as it is lower priority than the previous 'SetBySystemSettingsIni'
[2017.05.30-04.55.15:310][  0]LogConsoleManager:Display: Setting the console variable 'r.SceneColorFringeQuality' with 'SetByScalability' was ignored as it is lower priority than the previous 'SetBySystemSettingsIni'
[2017.05.30-04.55.15:310][  0]LogConsoleManager:Display: Setting the console variable 'r.EyeAdaptationQuality' with 'SetByScalability' was ignored as it is lower priority than the previous 'SetBySystemSettingsIni'
[2017.05.30-04.55.15:310][  0]LogConsoleManager:Display: Setting the console variable 'r.BloomQuality' with 'SetByScalability' was ignored as it is lower priority than the previous 'SetBySystemSettingsIni'
[2017.05.30-04.55.15:310][  0]LogConsoleManager:Display: Setting the console variable 'r.FastBlurThreshold' with 'SetByScalability' was ignored as it is lower priority than the previous 'SetBySystemSettingsIni'
[2017.05.30-04.55.15:310][  0]LogConsoleManager:Display: Setting the console variable 'r.MaxAnisotropy' with 'SetByScalability' was ignored as it is lower priority than the previous 'SetBySystemSettingsIni'
[2017.05.30-04.55.15:310][  0]LogConsoleManager:Display: Setting the console variable 'r.TranslucencyLightingVolumeDim' with 'SetByScalability' was ignored as it is lower priority than the previous 'SetBySystemSettingsIni'
[2017.05.30-04.55.15:310][  0]LogConsoleManager:Display: Setting the console variable 'r.SSR.Quality' with 'SetByScalability' was ignored as it is lower priority than the previous 'SetBySystemSettingsIni'
[2017.05.30-04.55.15:310][  0]LogConsoleManager:Display: Setting the console variable 'r.SceneColorFormat' with 'SetByScalability' was ignored as it is lower priority than the previous 'SetBySystemSettingsIni'
[2017.05.30-04.55.15:310][  0]LogConsoleManager:Display: Setting the console variable 'r.TranslucencyVolumeBlur' with 'SetByScalability' was ignored as it is lower priority than the previous 'SetBySystemSettingsIni'
[2017.05.30-04.55.15:310][  0]LogInit: Selected Device Profile: [Windows]
[2017.05.30-04.55.15:310][  0]LogInit: Applying CVar settings loaded from the selected device profile: [Windows]
[2017.05.30-04.55.15:324][  0]LogInit: Computer: AI911LAB238VIV
[2017.05.30-04.55.15:324][  0]LogInit: User: StudentUser
[2017.05.30-04.55.15:324][  0]LogInit: CPU Page size=65536, Cores=4
[2017.05.30-04.55.15:324][  0]LogInit: High frequency timer resolution =3.410073 MHz
[2017.05.30-04.55.15:324][  0]LogMemory: Memory total: Physical=15.9GB (16GB approx)
[2017.05.30-04.55.15:324][  0]LogMemory: Platform Memory Stats for Windows
[2017.05.30-04.55.15:324][  0]LogMemory: Process Physical Memory: 263.66 MB used, 263.66 MB peak
[2017.05.30-04.55.15:324][  0]LogMemory: Process Virtual Memory: 264.64 MB used, 264.64 MB peak
[2017.05.30-04.55.15:324][  0]LogMemory: Physical Memory: 5478.30 MB used, 16291.25 MB total
[2017.05.30-04.55.15:324][  0]LogMemory: Virtual Memory: 638.34 MB used, 134217728.00 MB total
[2017.05.30-04.55.15:353][  0]LogTextLocalizationManager: No specific translations for ('en-US') exist, so ('en') translations will be used.
[2017.05.30-04.55.15:911][  0]LogD3D11RHI: D3D11 adapters:
[2017.05.30-04.55.15:934][  0]LogD3D11RHI:    0. 'NVIDIA GeForce GTX 970' (Feature Level 11_0)
[2017.05.30-04.55.15:934][  0]LogD3D11RHI:       4058/0/8145 MB DedicatedVideo/DedicatedSystem/SharedSystem, Outputs:1, VendorId:0x10de
[2017.05.30-04.55.15:936][  0]LogD3D11RHI:    1. 'Microsoft Basic Render Driver' (Feature Level 11_0)
[2017.05.30-04.55.15:936][  0]LogD3D11RHI:       0/0/8145 MB DedicatedVideo/DedicatedSystem/SharedSystem, Outputs:0, VendorId:0x1414
[2017.05.30-04.55.15:936][  0]LogD3D11RHI: Chosen D3D11 Adapter: 0
[2017.05.30-04.55.15:940][  0]LogD3D11RHI: Creating new Direct3DDevice
[2017.05.30-04.55.15:940][  0]LogD3D11RHI:     GPU DeviceId: 0x13c2 (for the marketing name, search the web for "GPU Device Id")
[2017.05.30-04.55.15:940][  0]LogWindows: EnumDisplayDevices:
[2017.05.30-04.55.15:940][  0]LogWindows:    0. 'NVIDIA GeForce GTX 970' (P:1 D:1)
[2017.05.30-04.55.15:940][  0]LogWindows:    1. 'NVIDIA GeForce GTX 970' (P:0 D:0)
[2017.05.30-04.55.15:940][  0]LogWindows:    2. 'NVIDIA GeForce GTX 970' (P:0 D:0)
[2017.05.30-04.55.15:940][  0]LogWindows:    3. 'NVIDIA GeForce GTX 970' (P:0 D:0)
[2017.05.30-04.55.15:940][  0]LogWindows: DebugString: FoundDriverCount:4 
[2017.05.30-04.55.15:940][  0]LogD3D11RHI:     Adapter Name: NVIDIA GeForce GTX 970
[2017.05.30-04.55.15:940][  0]LogD3D11RHI:   Driver Version: 369.09 (internal:21.21.13.6909, unified:369.09)
[2017.05.30-04.55.15:940][  0]LogD3D11RHI:      Driver Date: 8-1-2016
[2017.05.30-04.55.15:940][  0]LogRHI: Texture pool is 1361 MB (70% of 1945 MB)
[2017.05.30-04.55.15:956][  0]LogD3D11RHI: Async texture creation enabled
[2017.05.30-04.55.15:965][  0]LogD3D11RHI: GPU Timing Frequency: 1000.000000 (Debug: 2 1)
[2017.05.30-04.55.15:966][  0]LogShaderCompilers: Guid format shader working directory is -61 characters bigger than the processId version (C:/Users/StudentUser/Documents/GitHub/272072/Castle-Guard-Working-Bow/CastleGuard/vive_archery_ue4-master 4.13/Intermediate/Shaders/WorkingDirectory/9756/).
[2017.05.30-04.55.15:966][  0]LogShaderCompilers: Cleaned the shader compiler working directory 'C:/Users/STUDEN~1/AppData/Local/Temp/UnrealShaderWorkingDir/77D31540448A5C32A1AA1F91C1CBBF19/'.
[2017.05.30-04.55.15:966][  0]LogShaderCompilers:Display: Using Local Shader Compiler.
[2017.05.30-04.55.16:828][  0]LogTemp:Display: Loaded TP AllDesktopTargetPlatform
[2017.05.30-04.55.16:836][  0]LogTemp:Display: Loaded TP WindowsClientTargetPlatform
[2017.05.30-04.55.16:843][  0]LogTemp:Display: Loaded TP WindowsNoEditorTargetPlatform
[2017.05.30-04.55.16:850][  0]LogTemp:Display: Loaded TP WindowsServerTargetPlatform
[2017.05.30-04.55.16:857][  0]LogTemp:Display: Loaded TP WindowsTargetPlatform
[2017.05.30-04.55.16:863][  0]LogTemp:Display: Loaded TP AndroidTargetPlatform
[2017.05.30-04.55.16:869][  0]LogTemp:Display: Loaded TP Android_ASTCTargetPlatform
[2017.05.30-04.55.16:875][  0]LogTemp:Display: Loaded TP Android_ATCTargetPlatform
[2017.05.30-04.55.16:881][  0]LogTemp:Display: Loaded TP Android_DXTTargetPlatform
[2017.05.30-04.55.16:888][  0]LogTemp:Display: Loaded TP Android_ETC1TargetPlatform
[2017.05.30-04.55.16:894][  0]LogTemp:Display: Loaded TP Android_ETC2TargetPlatform
[2017.05.30-04.55.16:906][  0]LogTemp:Display: Loaded TP Android_MultiTargetPlatform
[2017.05.30-04.55.16:906][  0]LogTemp:Display: Loaded TP Android_PVRTCTargetPlatform
[2017.05.30-04.55.16:906][  0]LogTemp:Display: Loaded TP HTML5TargetPlatform
[2017.05.30-04.55.16:925][  0]LogTemp:Display: Loaded TP IOSTargetPlatform
[2017.05.30-04.55.16:931][  0]LogTemp:Display: Loaded TP TVOSTargetPlatform
[2017.05.30-04.55.16:937][  0]LogTemp:Display: Loaded TP LinuxClientTargetPlatform
[2017.05.30-04.55.16:942][  0]LogTemp:Display: Loaded TP LinuxNoEditorTargetPlatform
[2017.05.30-04.55.16:948][  0]LogTemp:Display: Loaded TP LinuxServerTargetPlatform
[2017.05.30-04.55.16:954][  0]LogTemp:Display: Loaded TP LinuxTargetPlatform
[2017.05.30-04.55.16:954][  0]LogTargetPlatformManager:Display: Building Assets For Windows
[2017.05.30-04.55.17:009][  0]LogDerivedDataCache:Display: Max Cache Size: 512 MB
[2017.05.30-04.55.17:082][  0]LogDerivedDataCache: Loaded boot cache 0.07s 89MB C:/Users/StudentUser/AppData/Local/UnrealEngine/4.13/DerivedDataCache/Boot.ddc.
[2017.05.30-04.55.17:082][  0]LogDerivedDataCache:Display: Loaded Boot cache: C:/Users/StudentUser/AppData/Local/UnrealEngine/4.13/DerivedDataCache/Boot.ddc
[2017.05.30-04.55.17:082][  0]LogDerivedDataCache: FDerivedDataBackendGraph:  Pak pak cache file C:/Users/StudentUser/Documents/GitHub/272072/Castle-Guard-Working-Bow/CastleGuard/vive_archery_ue4-master 4.13/DerivedDataCache/DDC.ddp not found, will not use a pak cache.
[2017.05.30-04.55.17:082][  0]LogDerivedDataCache: Unable to find inner node Pak for hierarchical cache Hierarchy.
[2017.05.30-04.55.17:082][  0]LogDerivedDataCache: FDerivedDataBackendGraph:  CompressedPak pak cache file C:/Users/StudentUser/Documents/GitHub/272072/Castle-Guard-Working-Bow/CastleGuard/vive_archery_ue4-master 4.13/DerivedDataCache/Compressed.ddp not found, will not use a pak cache.
[2017.05.30-04.55.17:082][  0]LogDerivedDataCache: Unable to find inner node CompressedPak for hierarchical cache Hierarchy.
[2017.05.30-04.55.17:098][  0]LogDerivedDataCache:Display: Pak cache opened for reading ../../../Engine/DerivedDataCache/Compressed.ddp.
[2017.05.30-04.55.17:109][  0]LogDerivedDataCache: Using Local data cache path C:/Users/StudentUser/AppData/Local/UnrealEngine/Common/DerivedDataCache: Writable
[2017.05.30-04.55.17:279][  0]LogInit: Selected Device Profile: [Windows]
[2017.05.30-04.55.17:281][  0]LogContentStreaming: Texture pool size is 0.00 MB
[2017.05.30-04.55.17:362][  0]LogMeshUtilities: No automatic mesh reduction module available
[2017.05.30-04.55.17:362][  0]LogMeshUtilities: No automatic mesh merging module available
[2017.05.30-04.55.17:362][  0]LogMeshUtilities: No distributed automatic mesh merging module available
[2017.05.30-04.55.17:418][  0]LogMaterial: Uniform references updated for custom material expression Custom.
[2017.05.30-04.55.17:676][  0]LogNetVersion: GetLocalNetworkVersion: CL: 3106830, ProjectName: vive_archery_ue4, ProjectVersion: , EngineNetworkVersion: 1, GameNetworkVersion: 0, NetworkChecksum: 2616931300
[2017.05.30-04.55.17:714][  0]LogAssetRegistry: FAssetRegistry took 0.0219 seconds to start up
[2017.05.30-04.55.17:716][  0]LogDirectoryWatcher:Warning: Failed to begin reading directory changes for ../../../Engine/Plugins/Marketplace/RunebergVRPlugin/Content/. Error: The system cannot find the file specified. (0x00000002)
[2017.05.30-04.55.17:759][  0]LogPackageLocalizationCache: Processed 5 localized package path(s) for 2 prioritized culture(s) in 0.042675 seconds
[2017.05.30-04.55.17:764][  0]LogUObjectArray: 29778 objects as part of root set at end of initial load.
[2017.05.30-04.55.17:764][  0]LogUObjectAllocator: 6125448 out of 0 bytes used by permanent object pool.
[2017.05.30-04.55.17:764][  0]LogUObjectArray: CloseDisregardForGC: 0/0 objects in disregard for GC pool
[2017.05.30-04.55.17:768][  0]LogInit: WinSock: version 1.1 (2.2), MaxSocks=32767, MaxUdp=65467
[2017.05.30-04.55.17:930][  0]LogSlate: SlateFontCache - WITH_FREETYPE: 1, WITH_HARFBUZZ: 1
[2017.05.30-04.55.17:930][  0]LogSlate: SlateFontCache - WITH_FREETYPE: 1, WITH_HARFBUZZ: 1
[2017.05.30-04.55.18:484][  0]LogSubstanceCoreModule: Substance CPU Engine Loaded, Max Texture Size 2048
[2017.05.30-04.55.18:491][  0]LogTcpMessaging: Initializing TcpMessaging bridge
[2017.05.30-04.55.18:509][  0]LogUdpMessaging: Initializing bridge on interface 0.0.0.0:0 to multicast group 230.0.0.1:6666.
[2017.05.30-04.55.18:709][  0]SourceControl: Info Source control is disabled
[2017.05.30-04.55.18:741][  0]SourceControl: Info Source control is disabled
[2017.05.30-04.55.18:747][  0]SourceControl: Info Source control is disabled
[2017.05.30-04.55.18:753][  0]SourceControl: Info Source control is disabled
[2017.05.30-04.55.19:020][  0]LogEngine: Initializing Engine...
[2017.05.30-04.55.19:041][  0]LogHMD: SteamVR initialized.  Driver: lighthouse  Display: LHR-A4D81BA4
[2017.05.30-04.55.19:171][  0]LogAIModule: Creating AISystem for world Untitled
[2017.05.30-04.55.19:182][  0]LogInit: XAudio2 using 'Speakers (Realtek High Definition Audio)' : 2 channels at 48 kHz using 32 bits per sample (channel mask 0x3)
[2017.05.30-04.55.19:192][  0]LogInit: FAudioDevice initialized.
[2017.05.30-04.55.19:226][  0]LogDerivedDataCache: Saved boot cache 0.03s 66MB C:/Users/StudentUser/AppData/Local/UnrealEngine/4.13/DerivedDataCache/Boot.ddc.
[2017.05.30-04.55.19:235][  0]LogInit: Texture streaming: Enabled
[2017.05.30-04.55.19:252][  0]LogInit: Transaction tracking system initialized
[2017.05.30-04.55.19:266][  0]BlueprintLog: New page: Editor Load
[2017.05.30-04.55.19:314][  0]LocalizationService: Info Localization service is disabled
[2017.05.30-04.55.19:372][  0]LogConsoleResponse:Display: 
[2017.05.30-04.55.19:465][  0]LogCook:Display: Max memory allowance for cook 16384mb min free memory 0mb
[2017.05.30-04.55.19:465][  0]LogCook:Display: Mobile HDR setting 1
[2017.05.30-04.55.19:575][  0]LogFileCache: Scanning file cache for directory 'C:/Users/StudentUser/Documents/GitHub/272072/Castle-Guard-Working-Bow/CastleGuard/vive_archery_ue4-master 4.13/Content/' took 0.01s
[2017.05.30-04.55.19:575][  0]SourceControl: Info Source control is disabled
[2017.05.30-04.55.19:575][  0]Cmd: MAP LOAD FILE="C:/Users/StudentUser/Documents/GitHub/272072/Castle-Guard-Working-Bow/CastleGuard/vive_archery_ue4-master 4.13/Content/Vive/Maps/default.umap" TEMPLATE=0 SHOWPROGRESS=1 FEATURELEVEL=3
[2017.05.30-04.55.19:575][  0]LightingResults: New page: Lighting Build
[2017.05.30-04.55.19:577][  0]MapCheck: New page: Map Check
[2017.05.30-04.55.19:577][  0]LightingResults: New page: Lighting Build
[2017.05.30-04.55.20:622][  0]LogAIModule: Creating AISystem for world default
[2017.05.30-04.55.20:705][  0]LogEditorServer: Finished looking for orphan Actors (0.000 secs)
[2017.05.30-04.55.20:760][  0]Cmd: MAP CHECKDEP NOCLEARLOG
[2017.05.30-04.55.20:802][  0]MapCheck: Info Map check complete: 0 Error(s), 0 Warning(s), took 41.948ms to complete.
[2017.05.30-04.55.20:802][  0]LogFileHelpers: Loading map 'default' took 1.227
[2017.05.30-04.55.20:918][  0]LogCollectionManager: Loaded 0 collections in 0.001191 seconds
[2017.05.30-04.55.20:956][  0]LogFileCache: Scanning file cache for directory 'C:/Users/StudentUser/Documents/GitHub/272072/Castle-Guard-Working-Bow/CastleGuard/vive_archery_ue4-master 4.13/Saved/Collections/' took 0.01s
[2017.05.30-04.55.20:956][  0]LogFileCache: Scanning file cache for directory 'C:/Users/StudentUser/Documents/GitHub/272072/Castle-Guard-Working-Bow/CastleGuard/vive_archery_ue4-master 4.13/Content/Developers/StudentUser/Collections/' took 0.01s
[2017.05.30-04.55.20:956][  0]LogFileCache: Scanning file cache for directory 'C:/Users/StudentUser/Documents/GitHub/272072/Castle-Guard-Working-Bow/CastleGuard/vive_archery_ue4-master 4.13/Content/Collections/' took 0.01s
[2017.05.30-04.55.20:956][  0]LogCollectionManager: Rebuilt the GUID cache for 0 collections in 0.000002 seconds
[2017.05.30-04.55.20:965][  0]LogContentBrowser: Native class hierarchy populated in 0.0090 seconds. Added 2164 classes and 432 folders.
[2017.05.30-04.55.20:968][  0]LogStats: UGameplayTagsManager::ConstructGameplayTagTree: Construct from data asset -  0.000 s
[2017.05.30-04.55.20:968][  0]LogStats: UGameplayTagsManager::ConstructGameplayTagTree: GameplayTagTreeChangedEvent.Broadcast -  0.000 s
[2017.05.30-04.55.20:969][  0]LogContentBrowser: Native class hierarchy updated for 'GameplayTags' in 0.0012 seconds. Added 12 classes and 0 folders.
[2017.05.30-04.55.20:973][  0]LogContentBrowser: Native class hierarchy updated for 'WidgetCarousel' in 0.0012 seconds. Added 0 classes and 0 folders.
[2017.05.30-04.55.21:006][  0]LogContentBrowser: Native class hierarchy updated for 'AddContentDialog' in 0.0011 seconds. Added 0 classes and 0 folders.
[2017.05.30-04.55.21:012][  0]LogContentBrowser: Native class hierarchy updated for 'SceneOutliner' in 0.0012 seconds. Added 1 classes and 2 folders.
[2017.05.30-04.55.21:025][  0]LogCrashTracker: Crashtracker disabled due to settings.
[2017.05.30-04.55.21:029][  0]LogUObjectGlobals:Warning: Failed to find object 'Class None.'
[2017.05.30-04.55.21:056][  0]LogContentBrowser: Native class hierarchy updated for 'HierarchicalLODOutliner' in 0.0012 seconds. Added 1 classes and 2 folders.
[2017.05.30-04.55.21:056][  0]LogLoad: (Engine Initialization) Total time: 6.74 seconds
[2017.05.30-04.55.21:056][  0]LogLoad: (Engine Initialization) Total Blueprint compile time: 0.23 seconds
[2017.05.30-04.55.21:056][  0]LogExternalProfiler: Found external profiler: VSPerf
[2017.05.30-04.55.21:056][  0]LogExternalProfiler: Using external profiler: VSPerf
[2017.05.30-04.55.21:065][  0]LogWindowsTextInputMethodSystem:Display: IME system now deactivated.
[2017.05.30-04.55.21:065][  0]LogOcInput: OculusInput pre-init called
[2017.05.30-04.55.21:080][  0]LogAssetRegistry: Asset discovery search completed in 3.3883 seconds
[2017.05.30-04.55.21:080][  0]LogCollectionManager: Rebuilt the object cache for 0 collections in 0.000001 seconds (found 0 objects)
[2017.05.30-04.55.21:080][  0]LogCollectionManager: Fixed up redirectors for 0 collections in 0.000021 seconds (updated 0 objects)
[2017.05.30-04.55.21:091][  0]LogContentStreaming: Texture pool size now 1000 MB
[2017.05.30-04.55.21:249][  0]LogRenderer: Reallocating scene render targets to support 956x576 (Frame:2).
[2017.05.30-04.55.33:232][393]LogEditorActor: Deleted Actor: PlayerStart
[2017.05.30-04.55.33:254][393]LogEditorActor: Deleted 1 Actors (0.029 secs)
[2017.05.30-04.55.43:419][523]Cmd: CAMERA ALIGN ACTIVEVIEWPORTONLY
[2017.05.30-04.55.44:942][662]Cmd: CAMERA ALIGN ACTIVEVIEWPORTONLY
[2017.05.30-04.55.45:970][751]Cmd: CAMERA ALIGN ACTIVEVIEWPORTONLY
[2017.05.30-04.55.46:777][829]Cmd: CAMERA ALIGN ACTIVEVIEWPORTONLY
[2017.05.30-04.55.48:552][971]LogBlueprintUserMessages: Early PlayInEditor Detection: Level '/Game/Vive/Maps/default.default:PersistentLevel' has LevelScriptBlueprint '/Game/Vive/Maps/default.default:PersistentLevel.default' with GeneratedClass '/Game/Vive/Maps/default.default_C' with ClassGeneratedBy '/Game/Vive/Maps/default.default:PersistentLevel.default'
[2017.05.30-04.55.48:552][971]LogPlayLevel: PlayLevel: No blueprints needed recompiling
[2017.05.30-04.55.48:553][971]PIE: New page: PIE session: default (May 29, 2017, 1:55:48 PM)
[2017.05.30-04.55.48:553][971]LogPlayLevel: Creating play world package: /Game/Vive/Maps/UEDPIE_0_default
[2017.05.30-04.55.48:720][971]LogPlayLevel: PIE: StaticDuplicateObject took: (0.167441s)
[2017.05.30-04.55.48:721][971]LogAIModule: Creating AISystem for world default
[2017.05.30-04.55.48:721][971]LogPlayLevel: PIE: World Init took: (0.000868s)
[2017.05.30-04.55.48:721][971]LogPlayLevel: PIE: Created PIE world by copying editor world from /Game/Vive/Maps/default.default to /Game/Vive/Maps/UEDPIE_0_default.default (0.168815s)
[2017.05.30-04.55.48:741][971]LogInit: XAudio2 using 'Speakers (Realtek High Definition Audio)' : 2 channels at 48 kHz using 32 bits per sample (channel mask 0x3)
[2017.05.30-04.55.48:749][971]LogInit: FAudioDevice initialized.
[2017.05.30-04.55.48:836][971]LogWorld: Game class is 'ViveGameMode_C'
[2017.05.30-04.55.48:877][971]LogWorld: Bringing World /Game/Vive/Maps/UEDPIE_0_default.default up for play (max tick rate 0) at 2017.05.29-21.55.48
[2017.05.30-04.55.48:880][971]LogWorld: Bringing up level for play took: 0.042221
[2017.05.30-04.55.48:883][971]LogContentBrowser: Native class hierarchy updated for 'MovieSceneCapture' in 0.0012 seconds. Added 11 classes and 0 folders.
[2017.05.30-04.55.48:883][971]LogGameMode:Display: Match State Changed from EnteringMap to WaitingToStart
[2017.05.30-04.55.48:884][971]LogGameState: Match State Changed from EnteringMap to WaitingToStart
[2017.05.30-04.55.48:884][971]LogGameMode:Display: Match State Changed from WaitingToStart to InProgress
[2017.05.30-04.55.48:887][971]LogGameState: Match State Changed from WaitingToStart to InProgress
[2017.05.30-04.55.48:892][971]PIE: Info Play in editor start time for /Game/Vive/Maps/UEDPIE_0_default -0.621
[2017.05.30-04.55.48:892][971]LogBlueprintUserMessages: Late PlayInEditor Detection: Level '/Game/Vive/Maps/default.default:PersistentLevel' has LevelScriptBlueprint '/Game/Vive/Maps/default.default:PersistentLevel.default' with GeneratedClass '/Game/Vive/Maps/default.default_C' with ClassGeneratedBy '/Game/Vive/Maps/default.default:PersistentLevel.default'
[2017.05.30-04.55.49:006][972]LogRenderer: Reallocating scene render targets to support 3024x1680 (Frame:2957).
[2017.05.30-04.55.53:155][158]LogBlueprintUserMessages: [ArcherAI_2] AiStops_Soldier_C
[2017.05.30-04.55.53:155][158]LogBlueprintUserMessages: [ArcherAI_2] Hello
[2017.05.30-04.55.53:602][178]LogBlueprintUserMessages: [ArcherAI3] AiStops_Soldier_C
[2017.05.30-04.55.53:602][178]LogBlueprintUserMessages: [ArcherAI3] Hello
[2017.05.30-04.55.54:206][205]LogBlueprintUserMessages: Early EndPlayMap Detection: Level '/Game/Vive/Maps/default.default:PersistentLevel' has LevelScriptBlueprint '/Game/Vive/Maps/default.default:PersistentLevel.default' with GeneratedClass '/Game/Vive/Maps/default.default_C' with ClassGeneratedBy '/Game/Vive/Maps/default.default:PersistentLevel.default'
[2017.05.30-04.55.54:342][205]LogBlueprintUserMessages: Late EndPlayMap Detection: Level '/Game/Vive/Maps/default.default:PersistentLevel' has LevelScriptBlueprint '/Game/Vive/Maps/default.default:PersistentLevel.default' with GeneratedClass '/Game/Vive/Maps/default.default_C' with ClassGeneratedBy '/Game/Vive/Maps/default.default:PersistentLevel.default'
[2017.05.30-04.55.55:566][312]Cmd: CAMERA ALIGN ACTIVEVIEWPORTONLY
[2017.05.30-04.56.04:152][293]Cmd: CAMERA ALIGN ACTIVEVIEWPORTONLY
[2017.05.30-04.56.05:261][399]Cmd: CAMERA ALIGN ACTIVEVIEWPORTONLY
[2017.05.30-04.56.05:548][424]Cmd: CAMERA ALIGN ACTIVEVIEWPORTONLY
[2017.05.30-04.56.06:049][463]Cmd: CAMERA ALIGN ACTIVEVIEWPORTONLY
[2017.05.30-04.56.06:250][481]Cmd: CAMERA ALIGN ACTIVEVIEWPORTONLY
[2017.05.30-04.56.07:049][556]Cmd: CAMERA ALIGN ACTIVEVIEWPORTONLY
[2017.05.30-04.56.07:361][591]Cmd: CAMERA ALIGN ACTIVEVIEWPORTONLY
[2017.05.30-04.56.08:013][658]Cmd: CAMERA ALIGN ACTIVEVIEWPORTONLY
[2017.05.30-04.56.08:815][741]Cmd: CAMERA ALIGN ACTIVEVIEWPORTONLY
[2017.05.30-04.56.09:617][822]Cmd: CAMERA ALIGN ACTIVEVIEWPORTONLY
[2017.05.30-04.56.10:421][892]Cmd: CAMERA ALIGN ACTIVEVIEWPORTONLY
[2017.05.30-04.56.12:892][ 99]Cmd: CAMERA ALIGN ACTIVEVIEWPORTONLY
[2017.05.30-04.56.25:964][459]Cmd: CAMERA ALIGN ACTIVEVIEWPORTONLY
[2017.05.30-04.56.35:333][351]LogContentBrowser: Native class hierarchy updated for 'BlueprintGraph' in 0.0015 seconds. Added 112 classes and 0 folders.
[2017.05.30-04.58.42:854][442]BlueprintLog: New page: Compile Vive_Pawn
[2017.05.30-04.58.48:288][963]LogBlueprintUserMessages: Early PlayInEditor Detection: Level '/Game/Vive/Maps/default.default:PersistentLevel' has LevelScriptBlueprint '/Game/Vive/Maps/default.default:PersistentLevel.default' with GeneratedClass '/Game/Vive/Maps/default.default_C' with ClassGeneratedBy '/Game/Vive/Maps/default.default:PersistentLevel.default'
[2017.05.30-04.58.48:288][963]LogPlayLevel: PlayLevel: No blueprints needed recompiling
[2017.05.30-04.58.48:288][963]PIE: New page: PIE session: default (May 29, 2017, 1:58:48 PM)
[2017.05.30-04.58.48:288][963]LogPlayLevel: Creating play world package: /Game/Vive/Maps/UEDPIE_0_default
[2017.05.30-04.58.48:455][963]LogPlayLevel: PIE: StaticDuplicateObject took: (0.167175s)
[2017.05.30-04.58.48:456][963]LogAIModule: Creating AISystem for world default
[2017.05.30-04.58.48:456][963]LogPlayLevel: PIE: World Init took: (0.000947s)
[2017.05.30-04.58.48:457][963]LogPlayLevel: PIE: Created PIE world by copying editor world from /Game/Vive/Maps/default.default to /Game/Vive/Maps/UEDPIE_0_default.default (0.168684s)
[2017.05.30-04.58.48:482][963]LogInit: XAudio2 using 'Speakers (Realtek High Definition Audio)' : 2 channels at 48 kHz using 32 bits per sample (channel mask 0x3)
[2017.05.30-04.58.48:490][963]LogInit: FAudioDevice initialized.
[2017.05.30-04.58.48:565][963]LogWorld: Game class is 'ViveGameMode_C'
[2017.05.30-04.58.48:605][963]LogWorld: Bringing World /Game/Vive/Maps/UEDPIE_0_default.default up for play (max tick rate 0) at 2017.05.29-21.58.48
[2017.05.30-04.58.48:607][963]LogWorld: Bringing up level for play took: 0.041747
[2017.05.30-04.58.48:608][963]LogGameMode:Display: Match State Changed from EnteringMap to WaitingToStart
[2017.05.30-04.58.48:608][963]LogGameState: Match State Changed from EnteringMap to WaitingToStart
[2017.05.30-04.58.48:608][963]LogGameMode:Display: Match State Changed from WaitingToStart to InProgress
[2017.05.30-04.58.48:611][963]LogGameState: Match State Changed from WaitingToStart to InProgress
[2017.05.30-04.58.48:616][963]PIE: Info Play in editor start time for /Game/Vive/Maps/UEDPIE_0_default 1.104
[2017.05.30-04.58.48:617][963]LogBlueprintUserMessages: Late PlayInEditor Detection: Level '/Game/Vive/Maps/default.default:PersistentLevel' has LevelScriptBlueprint '/Game/Vive/Maps/default.default:PersistentLevel.default' with GeneratedClass '/Game/Vive/Maps/default.default_C' with ClassGeneratedBy '/Game/Vive/Maps/default.default:PersistentLevel.default'
[2017.05.30-04.58.52:880][150]LogBlueprintUserMessages: [ArcherAI_2] AiStops_Soldier_C
[2017.05.30-04.58.52:880][150]LogBlueprintUserMessages: [ArcherAI_2] Hello
[2017.05.30-04.58.53:350][171]LogBlueprintUserMessages: [ArcherAI3] AiStops_Soldier_C
[2017.05.30-04.58.53:350][171]LogBlueprintUserMessages: [ArcherAI3] Hello
[2017.05.30-04.58.55:985][289]LogBlueprintUserMessages: [ArcherAI2] AiStops_Soldier_C
[2017.05.30-04.58.55:985][289]LogBlueprintUserMessages: [ArcherAI2] Hello
[2017.05.30-04.58.57:194][343]LogBlueprintUserMessages: [ArcherAI_2] AiStops_Soldier_C
[2017.05.30-04.58.57:194][343]LogBlueprintUserMessages: [ArcherAI_2] Hello
[2017.05.30-04.58.57:640][363]LogBlueprintUserMessages: [ArcherAI3] AiStops_Soldier_C
[2017.05.30-04.58.57:640][363]LogBlueprintUserMessages: [ArcherAI3] Hello
[2017.05.30-04.58.59:203][433]LogBlueprintUserMessages: Early EndPlayMap Detection: Level '/Game/Vive/Maps/default.default:PersistentLevel' has LevelScriptBlueprint '/Game/Vive/Maps/default.default:PersistentLevel.default' with GeneratedClass '/Game/Vive/Maps/default.default_C' with ClassGeneratedBy '/Game/Vive/Maps/default.default:PersistentLevel.default'
[2017.05.30-04.58.59:366][433]LogBlueprintUserMessages: Late EndPlayMap Detection: Level '/Game/Vive/Maps/default.default:PersistentLevel' has LevelScriptBlueprint '/Game/Vive/Maps/default.default:PersistentLevel.default' with GeneratedClass '/Game/Vive/Maps/default.default_C' with ClassGeneratedBy '/Game/Vive/Maps/default.default:PersistentLevel.default'
[2017.05.30-04.59.03:944][942]LogBlueprintUserMessages: Early PlayInEditor Detection: Level '/Game/Vive/Maps/default.default:PersistentLevel' has LevelScriptBlueprint '/Game/Vive/Maps/default.default:PersistentLevel.default' with GeneratedClass '/Game/Vive/Maps/default.default_C' with ClassGeneratedBy '/Game/Vive/Maps/default.default:PersistentLevel.default'
[2017.05.30-04.59.03:944][942]LogPlayLevel: PlayLevel: No blueprints needed recompiling
[2017.05.30-04.59.03:944][942]PIE: New page: PIE session: default (May 29, 2017, 1:59:03 PM)
[2017.05.30-04.59.03:944][942]LogPlayLevel: Creating play world package: /Game/Vive/Maps/UEDPIE_0_default
[2017.05.30-04.59.04:108][942]LogPlayLevel: PIE: StaticDuplicateObject took: (0.163194s)
[2017.05.30-04.59.04:108][942]LogAIModule: Creating AISystem for world default
[2017.05.30-04.59.04:109][942]LogPlayLevel: PIE: World Init took: (0.000817s)
[2017.05.30-04.59.04:109][942]LogPlayLevel: PIE: Created PIE world by copying editor world from /Game/Vive/Maps/default.default to /Game/Vive/Maps/UEDPIE_0_default.default (0.164474s)
[2017.05.30-04.59.04:133][942]LogInit: XAudio2 using 'Speakers (Realtek High Definition Audio)' : 2 channels at 48 kHz using 32 bits per sample (channel mask 0x3)
[2017.05.30-04.59.04:141][942]LogInit: FAudioDevice initialized.
[2017.05.30-04.59.04:216][942]LogWorld: Game class is 'ViveGameMode_C'
[2017.05.30-04.59.04:256][942]LogWorld: Bringing World /Game/Vive/Maps/UEDPIE_0_default.default up for play (max tick rate 0) at 2017.05.29-21.59.04
[2017.05.30-04.59.04:259][942]LogWorld: Bringing up level for play took: 0.041961
[2017.05.30-04.59.04:259][942]LogGameMode:Display: Match State Changed from EnteringMap to WaitingToStart
[2017.05.30-04.59.04:259][942]LogGameState: Match State Changed from EnteringMap to WaitingToStart
[2017.05.30-04.59.04:259][942]LogGameMode:Display: Match State Changed from WaitingToStart to InProgress
[2017.05.30-04.59.04:262][942]LogGameState: Match State Changed from WaitingToStart to InProgress
[2017.05.30-04.59.04:267][942]PIE: Info Play in editor start time for /Game/Vive/Maps/UEDPIE_0_default 0.755
[2017.05.30-04.59.04:268][942]LogBlueprintUserMessages: Late PlayInEditor Detection: Level '/Game/Vive/Maps/default.default:PersistentLevel' has LevelScriptBlueprint '/Game/Vive/Maps/default.default:PersistentLevel.default' with GeneratedClass '/Game/Vive/Maps/default.default_C' with ClassGeneratedBy '/Game/Vive/Maps/default.default:PersistentLevel.default'
[2017.05.30-04.59.08:541][130]LogBlueprintUserMessages: [ArcherAI_2] AiStops_Soldier_C
[2017.05.30-04.59.08:541][130]LogBlueprintUserMessages: [ArcherAI_2] Hello
[2017.05.30-04.59.08:988][150]LogBlueprintUserMessages: [ArcherAI3] AiStops_Soldier_C
[2017.05.30-04.59.08:988][150]LogBlueprintUserMessages: [ArcherAI3] Hello
[2017.05.30-04.59.11:624][268]LogBlueprintUserMessages: [ArcherAI2] AiStops_Soldier_C
[2017.05.30-04.59.11:624][268]LogBlueprintUserMessages: [ArcherAI2] Hello
[2017.05.30-04.59.12:853][323]LogBlueprintUserMessages: [ArcherAI_2] AiStops_Soldier_C
[2017.05.30-04.59.12:853][323]LogBlueprintUserMessages: [ArcherAI_2] Hello
[2017.05.30-04.59.13:276][342]LogBlueprintUserMessages: [ArcherAI3] AiStops_Soldier_C
[2017.05.30-04.59.13:277][342]LogBlueprintUserMessages: [ArcherAI3] Hello
[2017.05.30-04.59.14:753][408]LogBlueprintUserMessages: Early EndPlayMap Detection: Level '/Game/Vive/Maps/default.default:PersistentLevel' has LevelScriptBlueprint '/Game/Vive/Maps/default.default:PersistentLevel.default' with GeneratedClass '/Game/Vive/Maps/default.default_C' with ClassGeneratedBy '/Game/Vive/Maps/default.default:PersistentLevel.default'
[2017.05.30-04.59.14:896][408]LogBlueprintUserMessages: Late EndPlayMap Detection: Level '/Game/Vive/Maps/default.default:PersistentLevel' has LevelScriptBlueprint '/Game/Vive/Maps/default.default:PersistentLevel.default' with GeneratedClass '/Game/Vive/Maps/default.default_C' with ClassGeneratedBy '/Game/Vive/Maps/default.default:PersistentLevel.default'
[2017.05.30-04.59.26:848][799]LogBlueprintUserMessages: Early PlayInEditor Detection: Level '/Game/Vive/Maps/default.default:PersistentLevel' has LevelScriptBlueprint '/Game/Vive/Maps/default.default:PersistentLevel.default' with GeneratedClass '/Game/Vive/Maps/default.default_C' with ClassGeneratedBy '/Game/Vive/Maps/default.default:PersistentLevel.default'
[2017.05.30-04.59.26:848][799]LogPlayLevel: PlayLevel: No blueprints needed recompiling
[2017.05.30-04.59.26:848][799]PIE: New page: PIE session: default (May 29, 2017, 1:59:26 PM)
[2017.05.30-04.59.26:848][799]LogPlayLevel: Creating play world package: /Game/Vive/Maps/UEDPIE_0_default
[2017.05.30-04.59.27:012][799]LogPlayLevel: PIE: StaticDuplicateObject took: (0.163633s)
[2017.05.30-04.59.27:013][799]LogAIModule: Creating AISystem for world default
[2017.05.30-04.59.27:013][799]LogPlayLevel: PIE: World Init took: (0.000810s)
[2017.05.30-04.59.27:014][799]LogPlayLevel: PIE: Created PIE world by copying editor world from /Game/Vive/Maps/default.default to /Game/Vive/Maps/UEDPIE_0_default.default (0.165061s)
[2017.05.30-04.59.27:038][799]LogInit: XAudio2 using 'Speakers (Realtek High Definition Audio)' : 2 channels at 48 kHz using 32 bits per sample (channel mask 0x3)
[2017.05.30-04.59.27:045][799]LogInit: FAudioDevice initialized.
[2017.05.30-04.59.27:122][799]LogWorld: Game class is 'ViveGameMode_C'
[2017.05.30-04.59.27:161][799]LogWorld: Bringing World /Game/Vive/Maps/UEDPIE_0_default.default up for play (max tick rate 0) at 2017.05.29-21.59.27
[2017.05.30-04.59.27:163][799]LogWorld: Bringing up level for play took: 0.041017
[2017.05.30-04.59.27:164][799]LogGameMode:Display: Match State Changed from EnteringMap to WaitingToStart
[2017.05.30-04.59.27:164][799]LogGameState: Match State Changed from EnteringMap to WaitingToStart
[2017.05.30-04.59.27:164][799]LogGameMode:Display: Match State Changed from WaitingToStart to InProgress
[2017.05.30-04.59.27:168][799]LogGameState: Match State Changed from WaitingToStart to InProgress
[2017.05.30-04.59.27:172][799]PIE: Info Play in editor start time for /Game/Vive/Maps/UEDPIE_0_default -0.34
[2017.05.30-04.59.27:173][799]LogBlueprintUserMessages: Late PlayInEditor Detection: Level '/Game/Vive/Maps/default.default:PersistentLevel' has LevelScriptBlueprint '/Game/Vive/Maps/default.default:PersistentLevel.default' with GeneratedClass '/Game/Vive/Maps/default.default_C' with ClassGeneratedBy '/Game/Vive/Maps/default.default:PersistentLevel.default'
[2017.05.30-04.59.31:459][987]LogBlueprintUserMessages: [ArcherAI_2] AiStops_Soldier_C
[2017.05.30-04.59.31:459][987]LogBlueprintUserMessages: [ArcherAI_2] Hello
[2017.05.30-04.59.31:906][  7]LogBlueprintUserMessages: [ArcherAI3] AiStops_Soldier_C
[2017.05.30-04.59.31:906][  7]LogBlueprintUserMessages: [ArcherAI3] Hello
[2017.05.30-04.59.34:564][126]LogBlueprintUserMessages: [ArcherAI2] AiStops_Soldier_C
[2017.05.30-04.59.34:564][126]LogBlueprintUserMessages: [ArcherAI2] Hello
[2017.05.30-04.59.35:771][180]LogBlueprintUserMessages: [ArcherAI_2] AiStops_Soldier_C
[2017.05.30-04.59.35:771][180]LogBlueprintUserMessages: [ArcherAI_2] Hello
[2017.05.30-04.59.36:195][199]LogBlueprintUserMessages: [ArcherAI3] AiStops_Soldier_C
[2017.05.30-04.59.36:195][199]LogBlueprintUserMessages: [ArcherAI3] Hello
[2017.05.30-04.59.37:871][274]LogBlueprintUserMessages: [ArcherAI_2] Catapult_C
[2017.05.30-04.59.37:871][274]LogScript:Warning: Accessed None trying to read property Catapult
	ArcherAI_C /Game/Vive/Maps/UEDPIE_0_default.default:PersistentLevel.ArcherAI_2
	Function /Game/Vive/Blueprints/AI/ArcherAI.ArcherAI_C:ExecuteUbergraph_ArcherAI:0326
[2017.05.30-04.59.37:871][274]PIE:Error: Error Blueprint Runtime Error: Accessed None trying to read property Catapult from function: 'ExecuteUbergraph_ArcherAI' from node: Branch in graph: EventGraph in object: ArcherAI with description: Accessed None trying to read property Catapult
[2017.05.30-04.59.37:871][274]LogBlueprintUserMessages: [Catapult_60] Handle1
[2017.05.30-04.59.38:720][312]LogBlueprintUserMessages: [ArcherAI3] AiStops_Soldier_C
[2017.05.30-04.59.38:720][312]LogBlueprintUserMessages: [ArcherAI3] Hello
[2017.05.30-04.59.38:853][318]LogBlueprintUserMessages: [ArcherAI2] AiStops_Soldier_C
[2017.05.30-04.59.38:853][318]LogBlueprintUserMessages: [ArcherAI2] Hello
[2017.05.30-04.59.41:356][430]LogBlueprintUserMessages: [ArcherAI2] AiStops_Soldier_C
[2017.05.30-04.59.41:356][430]LogBlueprintUserMessages: [ArcherAI2] Hello
[2017.05.30-04.59.41:512][437]LogBlueprintUserMessages: [ArcherAI3] AiStops_Soldier_C
[2017.05.30-04.59.41:512][437]LogBlueprintUserMessages: [ArcherAI3] Hello
[2017.05.30-04.59.46:116][643]LogBlueprintUserMessages: Early EndPlayMap Detection: Level '/Game/Vive/Maps/default.default:PersistentLevel' has LevelScriptBlueprint '/Game/Vive/Maps/default.default:PersistentLevel.default' with GeneratedClass '/Game/Vive/Maps/default.default_C' with ClassGeneratedBy '/Game/Vive/Maps/default.default:PersistentLevel.default'
[2017.05.30-04.59.46:259][643]LogBlueprintUserMessages: Late EndPlayMap Detection: Level '/Game/Vive/Maps/default.default:PersistentLevel' has LevelScriptBlueprint '/Game/Vive/Maps/default.default:PersistentLevel.default' with GeneratedClass '/Game/Vive/Maps/default.default_C' with ClassGeneratedBy '/Game/Vive/Maps/default.default:PersistentLevel.default'
[2017.05.30-04.59.49:368][982]LogBlueprintUserMessages: Early PlayInEditor Detection: Level '/Game/Vive/Maps/default.default:PersistentLevel' has LevelScriptBlueprint '/Game/Vive/Maps/default.default:PersistentLevel.default' with GeneratedClass '/Game/Vive/Maps/default.default_C' with ClassGeneratedBy '/Game/Vive/Maps/default.default:PersistentLevel.default'
[2017.05.30-04.59.49:368][982]LogPlayLevel: PlayLevel: No blueprints needed recompiling
[2017.05.30-04.59.49:368][982]PIE: New page: PIE session: default (May 29, 2017, 1:59:49 PM)
[2017.05.30-04.59.49:368][982]LogPlayLevel: Creating play world package: /Game/Vive/Maps/UEDPIE_0_default
[2017.05.30-04.59.49:534][982]LogPlayLevel: PIE: StaticDuplicateObject took: (0.165833s)
[2017.05.30-04.59.49:535][982]LogAIModule: Creating AISystem for world default
[2017.05.30-04.59.49:535][982]LogPlayLevel: PIE: World Init took: (0.000943s)
[2017.05.30-04.59.49:536][982]LogPlayLevel: PIE: Created PIE world by copying editor world from /Game/Vive/Maps/default.default to /Game/Vive/Maps/UEDPIE_0_default.default (0.167485s)
[2017.05.30-04.59.49:560][982]LogInit: XAudio2 using 'Speakers (Realtek High Definition Audio)' : 2 channels at 48 kHz using 32 bits per sample (channel mask 0x3)
[2017.05.30-04.59.49:567][982]LogInit: FAudioDevice initialized.
[2017.05.30-04.59.49:645][982]LogWorld: Game class is 'ViveGameMode_C'
[2017.05.30-04.59.49:686][982]LogWorld: Bringing World /Game/Vive/Maps/UEDPIE_0_default.default up for play (max tick rate 0) at 2017.05.29-21.59.49
[2017.05.30-04.59.49:688][982]LogWorld: Bringing up level for play took: 0.041857
[2017.05.30-04.59.49:689][982]LogGameMode:Display: Match State Changed from EnteringMap to WaitingToStart
[2017.05.30-04.59.49:689][982]LogGameState: Match State Changed from EnteringMap to WaitingToStart
[2017.05.30-04.59.49:690][982]LogGameMode:Display: Match State Changed from WaitingToStart to InProgress
[2017.05.30-04.59.49:692][982]LogGameState: Match State Changed from WaitingToStart to InProgress
[2017.05.30-04.59.49:697][982]PIE: Info Play in editor start time for /Game/Vive/Maps/UEDPIE_0_default 0.185
[2017.05.30-04.59.49:698][982]LogBlueprintUserMessages: Late PlayInEditor Detection: Level '/Game/Vive/Maps/default.default:PersistentLevel' has LevelScriptBlueprint '/Game/Vive/Maps/default.default:PersistentLevel.default' with GeneratedClass '/Game/Vive/Maps/default.default_C' with ClassGeneratedBy '/Game/Vive/Maps/default.default:PersistentLevel.default'
[2017.05.30-04.59.53:977][170]LogBlueprintUserMessages: [ArcherAI_2] AiStops_Soldier_C
[2017.05.30-04.59.53:977][170]LogBlueprintUserMessages: [ArcherAI_2] Hello
[2017.05.30-04.59.54:424][190]LogBlueprintUserMessages: [ArcherAI3] AiStops_Soldier_C
[2017.05.30-04.59.54:424][190]LogBlueprintUserMessages: [ArcherAI3] Hello
[2017.05.30-04.59.57:060][308]LogBlueprintUserMessages: [ArcherAI2] AiStops_Soldier_C
[2017.05.30-04.59.57:060][308]LogBlueprintUserMessages: [ArcherAI2] Hello
[2017.05.30-04.59.58:289][363]LogBlueprintUserMessages: [ArcherAI_2] AiStops_Soldier_C
[2017.05.30-04.59.58:289][363]LogBlueprintUserMessages: [ArcherAI_2] Hello
[2017.05.30-04.59.58:713][382]LogBlueprintUserMessages: [ArcherAI3] AiStops_Soldier_C
[2017.05.30-04.59.58:713][382]LogBlueprintUserMessages: [ArcherAI3] Hello
[2017.05.30-05.00.00:388][457]LogBlueprintUserMessages: [ArcherAI_2] Catapult_C
[2017.05.30-05.00.00:388][457]LogScript:Warning: Accessed None trying to read property Catapult
	ArcherAI_C /Game/Vive/Maps/UEDPIE_0_default.default:PersistentLevel.ArcherAI_2
	Function /Game/Vive/Blueprints/AI/ArcherAI.ArcherAI_C:ExecuteUbergraph_ArcherAI:0326
[2017.05.30-05.00.00:388][457]PIE:Error: Error Blueprint Runtime Error: Accessed None trying to read property Catapult from function: 'ExecuteUbergraph_ArcherAI' from node: Branch in graph: EventGraph in object: ArcherAI with description: Accessed None trying to read property Catapult
[2017.05.30-05.00.00:388][457]LogBlueprintUserMessages: [Catapult_60] Handle1
[2017.05.30-05.00.01:237][495]LogBlueprintUserMessages: [ArcherAI3] AiStops_Soldier_C
[2017.05.30-05.00.01:237][495]LogBlueprintUserMessages: [ArcherAI3] Hello
[2017.05.30-05.00.01:370][501]LogBlueprintUserMessages: [ArcherAI2] AiStops_Soldier_C
[2017.05.30-05.00.01:370][501]LogBlueprintUserMessages: [ArcherAI2] Hello
[2017.05.30-05.00.03:873][613]LogBlueprintUserMessages: [ArcherAI2] AiStops_Soldier_C
[2017.05.30-05.00.03:873][613]LogBlueprintUserMessages: [ArcherAI2] Hello
[2017.05.30-05.00.04:029][620]LogBlueprintUserMessages: [ArcherAI3] AiStops_Soldier_C
[2017.05.30-05.00.04:029][620]LogBlueprintUserMessages: [ArcherAI3] Hello
[2017.05.30-05.00.10:686][918]LogBlueprintUserMessages: [ArcherAI2] AiAttackPosition_C
[2017.05.30-05.00.10:686][918]LogBlueprintUserMessages: [ArcherAI2] Hello
[2017.05.30-05.01.07:764][473]LogBlueprintUserMessages: Early EndPlayMap Detection: Level '/Game/Vive/Maps/default.default:PersistentLevel' has LevelScriptBlueprint '/Game/Vive/Maps/default.default:PersistentLevel.default' with GeneratedClass '/Game/Vive/Maps/default.default_C' with ClassGeneratedBy '/Game/Vive/Maps/default.default:PersistentLevel.default'
[2017.05.30-05.01.07:910][473]LogBlueprintUserMessages: Late EndPlayMap Detection: Level '/Game/Vive/Maps/default.default:PersistentLevel' has LevelScriptBlueprint '/Game/Vive/Maps/default.default:PersistentLevel.default' with GeneratedClass '/Game/Vive/Maps/default.default_C' with ClassGeneratedBy '/Game/Vive/Maps/default.default:PersistentLevel.default'
[2017.05.30-05.01.16:023][393]LogEditorViewport: Clicking on Actor (LMB): Landscape (Landscape1)
[2017.05.30-05.01.16:346][424]LogBlueprintUserMessages: Early PlayInEditor Detection: Level '/Game/Vive/Maps/default.default:PersistentLevel' has LevelScriptBlueprint '/Game/Vive/Maps/default.default:PersistentLevel.default' with GeneratedClass '/Game/Vive/Maps/default.default_C' with ClassGeneratedBy '/Game/Vive/Maps/default.default:PersistentLevel.default'
[2017.05.30-05.01.16:346][424]LogPlayLevel: PlayLevel: No blueprints needed recompiling
[2017.05.30-05.01.16:346][424]PIE: New page: PIE session: default (May 29, 2017, 2:01:16 PM)
[2017.05.30-05.01.16:346][424]LogPlayLevel: Creating play world package: /Game/Vive/Maps/UEDPIE_0_default
[2017.05.30-05.01.16:512][424]LogPlayLevel: PIE: StaticDuplicateObject took: (0.166220s)
[2017.05.30-05.01.16:513][424]LogAIModule: Creating AISystem for world default
[2017.05.30-05.01.16:514][424]LogPlayLevel: PIE: World Init took: (0.001098s)
[2017.05.30-05.01.16:514][424]LogPlayLevel: PIE: Created PIE world by copying editor world from /Game/Vive/Maps/default.default to /Game/Vive/Maps/UEDPIE_0_default.default (0.168233s)
[2017.05.30-05.01.16:539][424]LogInit: XAudio2 using 'Speakers (Realtek High Definition Audio)' : 2 channels at 48 kHz using 32 bits per sample (channel mask 0x3)
[2017.05.30-05.01.16:547][424]LogInit: FAudioDevice initialized.
[2017.05.30-05.01.16:622][424]LogWorld: Game class is 'ViveGameMode_C'
[2017.05.30-05.01.16:661][424]LogWorld: Bringing World /Game/Vive/Maps/UEDPIE_0_default.default up for play (max tick rate 0) at 2017.05.29-22.01.16
[2017.05.30-05.01.16:664][424]LogWorld: Bringing up level for play took: 0.040968
[2017.05.30-05.01.16:665][424]LogGameMode:Display: Match State Changed from EnteringMap to WaitingToStart
[2017.05.30-05.01.16:665][424]LogGameState: Match State Changed from EnteringMap to WaitingToStart
[2017.05.30-05.01.16:665][424]LogGameMode:Display: Match State Changed from WaitingToStart to InProgress
[2017.05.30-05.01.16:668][424]LogGameState: Match State Changed from WaitingToStart to InProgress
[2017.05.30-05.01.16:673][424]PIE: Info Play in editor start time for /Game/Vive/Maps/UEDPIE_0_default 1.161
[2017.05.30-05.01.16:674][424]LogBlueprintUserMessages: Late PlayInEditor Detection: Level '/Game/Vive/Maps/default.default:PersistentLevel' has LevelScriptBlueprint '/Game/Vive/Maps/default.default:PersistentLevel.default' with GeneratedClass '/Game/Vive/Maps/default.default_C' with ClassGeneratedBy '/Game/Vive/Maps/default.default:PersistentLevel.default'
[2017.05.30-05.01.20:954][611]LogBlueprintUserMessages: [ArcherAI_2] AiStops_Soldier_C
[2017.05.30-05.01.20:954][611]LogBlueprintUserMessages: [ArcherAI_2] Hello
[2017.05.30-05.01.21:402][631]LogBlueprintUserMessages: [ArcherAI3] AiStops_Soldier_C
[2017.05.30-05.01.21:402][631]LogBlueprintUserMessages: [ArcherAI3] Hello
[2017.05.30-05.01.24:059][750]LogBlueprintUserMessages: [ArcherAI2] AiStops_Soldier_C
[2017.05.30-05.01.24:059][750]LogBlueprintUserMessages: [ArcherAI2] Hello
[2017.05.30-05.01.25:267][804]LogBlueprintUserMessages: [ArcherAI_2] AiStops_Soldier_C
[2017.05.30-05.01.25:267][804]LogBlueprintUserMessages: [ArcherAI_2] Hello
[2017.05.30-05.01.25:690][823]LogBlueprintUserMessages: [ArcherAI3] AiStops_Soldier_C
[2017.05.30-05.01.25:690][823]LogBlueprintUserMessages: [ArcherAI3] Hello
[2017.05.30-05.01.27:366][898]LogBlueprintUserMessages: [ArcherAI_2] Catapult_C
[2017.05.30-05.01.27:366][898]LogScript:Warning: Accessed None trying to read property Catapult
	ArcherAI_C /Game/Vive/Maps/UEDPIE_0_default.default:PersistentLevel.ArcherAI_2
	Function /Game/Vive/Blueprints/AI/ArcherAI.ArcherAI_C:ExecuteUbergraph_ArcherAI:0326
[2017.05.30-05.01.27:366][898]PIE:Error: Error Blueprint Runtime Error: Accessed None trying to read property Catapult from function: 'ExecuteUbergraph_ArcherAI' from node: Branch in graph: EventGraph in object: ArcherAI with description: Accessed None trying to read property Catapult
[2017.05.30-05.01.27:366][898]LogBlueprintUserMessages: [Catapult_60] Handle1
[2017.05.30-05.01.27:680][912]LogBlueprintUserMessages: Early EndPlayMap Detection: Level '/Game/Vive/Maps/default.default:PersistentLevel' has LevelScriptBlueprint '/Game/Vive/Maps/default.default:PersistentLevel.default' with GeneratedClass '/Game/Vive/Maps/default.default_C' with ClassGeneratedBy '/Game/Vive/Maps/default.default:PersistentLevel.default'
[2017.05.30-05.01.27:833][912]LogBlueprintUserMessages: Late EndPlayMap Detection: Level '/Game/Vive/Maps/default.default:PersistentLevel' has LevelScriptBlueprint '/Game/Vive/Maps/default.default:PersistentLevel.default' with GeneratedClass '/Game/Vive/Maps/default.default_C' with ClassGeneratedBy '/Game/Vive/Maps/default.default:PersistentLevel.default'
[2017.05.30-05.01.30:356][178]LogEditorViewport: Clicking on Actor (LMB): Vive_Pawn_C (Vive_Pawn)
[2017.05.30-05.01.31:497][308]Cmd: DELETE
[2017.05.30-05.01.31:497][308]Cmd: ACTOR DELETE
[2017.05.30-05.01.31:503][308]LogEditorActor: Deleted Actor: Vive_Pawn_C
[2017.05.30-05.01.31:519][308]LogEditorActor: Deleted 1 Actors (0.022 secs)
[2017.05.30-05.01.32:452][417]LogBlueprintUserMessages: Early PlayInEditor Detection: Level '/Game/Vive/Maps/default.default:PersistentLevel' has LevelScriptBlueprint '/Game/Vive/Maps/default.default:PersistentLevel.default' with GeneratedClass '/Game/Vive/Maps/default.default_C' with ClassGeneratedBy '/Game/Vive/Maps/default.default:PersistentLevel.default'
[2017.05.30-05.01.32:452][417]LogPlayLevel: PlayLevel: No blueprints needed recompiling
[2017.05.30-05.01.32:453][417]PIE: New page: PIE session: default (May 29, 2017, 2:01:32 PM)
[2017.05.30-05.01.32:453][417]LogPlayLevel: Creating play world package: /Game/Vive/Maps/UEDPIE_0_default
[2017.05.30-05.01.32:615][417]LogPlayLevel: PIE: StaticDuplicateObject took: (0.161875s)
[2017.05.30-05.01.32:616][417]LogAIModule: Creating AISystem for world default
[2017.05.30-05.01.32:616][417]LogPlayLevel: PIE: World Init took: (0.000833s)
[2017.05.30-05.01.32:616][417]LogPlayLevel: PIE: Created PIE world by copying editor world from /Game/Vive/Maps/default.default to /Game/Vive/Maps/UEDPIE_0_default.default (0.163290s)
[2017.05.30-05.01.32:638][417]LogInit: XAudio2 using 'Speakers (Realtek High Definition Audio)' : 2 channels at 48 kHz using 32 bits per sample (channel mask 0x3)
[2017.05.30-05.01.32:646][417]LogInit: FAudioDevice initialized.
[2017.05.30-05.01.32:720][417]LogWorld: Game class is 'ViveGameMode_C'
[2017.05.30-05.01.32:760][417]LogWorld: Bringing World /Game/Vive/Maps/UEDPIE_0_default.default up for play (max tick rate 0) at 2017.05.29-22.01.32
[2017.05.30-05.01.32:762][417]LogWorld: Bringing up level for play took: 0.041526
[2017.05.30-05.01.32:763][417]LogGameMode:Display: Match State Changed from EnteringMap to WaitingToStart
[2017.05.30-05.01.32:763][417]LogGameState: Match State Changed from EnteringMap to WaitingToStart
[2017.05.30-05.01.32:763][417]LogGameMode:Display: Match State Changed from WaitingToStart to InProgress
[2017.05.30-05.01.32:766][417]LogGameState: Match State Changed from WaitingToStart to InProgress
[2017.05.30-05.01.32:770][417]PIE: Info Play in editor start time for /Game/Vive/Maps/UEDPIE_0_default 1.257
[2017.05.30-05.01.32:771][417]LogBlueprintUserMessages: Late PlayInEditor Detection: Level '/Game/Vive/Maps/default.default:PersistentLevel' has LevelScriptBlueprint '/Game/Vive/Maps/default.default:PersistentLevel.default' with GeneratedClass '/Game/Vive/Maps/default.default_C' with ClassGeneratedBy '/Game/Vive/Maps/default.default:PersistentLevel.default'
[2017.05.30-05.01.37:026][605]LogBlueprintUserMessages: [ArcherAI_2] AiStops_Soldier_C
[2017.05.30-05.01.37:026][605]LogBlueprintUserMessages: [ArcherAI_2] Hello
[2017.05.30-05.01.37:474][625]LogBlueprintUserMessages: [ArcherAI3] AiStops_Soldier_C
[2017.05.30-05.01.37:474][625]LogBlueprintUserMessages: [ArcherAI3] Hello
[2017.05.30-05.01.40:132][744]LogBlueprintUserMessages: [ArcherAI2] AiStops_Soldier_C
[2017.05.30-05.01.40:132][744]LogBlueprintUserMessages: [ArcherAI2] Hello
[2017.05.30-05.01.41:338][798]LogBlueprintUserMessages: [ArcherAI_2] AiStops_Soldier_C
[2017.05.30-05.01.41:338][798]LogBlueprintUserMessages: [ArcherAI_2] Hello
[2017.05.30-05.01.41:785][818]LogBlueprintUserMessages: [ArcherAI3] AiStops_Soldier_C
[2017.05.30-05.01.41:785][818]LogBlueprintUserMessages: [ArcherAI3] Hello
[2017.05.30-05.01.43:439][892]LogBlueprintUserMessages: [ArcherAI_2] Catapult_C
[2017.05.30-05.01.43:439][892]LogScript:Warning: Accessed None trying to read property Catapult
	ArcherAI_C /Game/Vive/Maps/UEDPIE_0_default.default:PersistentLevel.ArcherAI_2
	Function /Game/Vive/Blueprints/AI/ArcherAI.ArcherAI_C:ExecuteUbergraph_ArcherAI:0326
[2017.05.30-05.01.43:439][892]PIE:Error: Error Blueprint Runtime Error: Accessed None trying to read property Catapult from function: 'ExecuteUbergraph_ArcherAI' from node: Branch in graph: EventGraph in object: ArcherAI with description: Accessed None trying to read property Catapult
[2017.05.30-05.01.43:439][892]LogBlueprintUserMessages: [Catapult_60] Handle1
[2017.05.30-05.01.44:288][930]LogBlueprintUserMessages: [ArcherAI3] AiStops_Soldier_C
[2017.05.30-05.01.44:288][930]LogBlueprintUserMessages: [ArcherAI3] Hello
[2017.05.30-05.01.44:422][936]LogBlueprintUserMessages: [ArcherAI2] AiStops_Soldier_C
[2017.05.30-05.01.44:422][936]LogBlueprintUserMessages: [ArcherAI2] Hello
[2017.05.30-05.01.46:946][ 49]LogBlueprintUserMessages: [ArcherAI2] AiStops_Soldier_C
[2017.05.30-05.01.46:946][ 49]LogBlueprintUserMessages: [ArcherAI2] Hello
[2017.05.30-05.01.47:102][ 56]LogBlueprintUserMessages: [ArcherAI3] AiStops_Soldier_C
[2017.05.30-05.01.47:102][ 56]LogBlueprintUserMessages: [ArcherAI3] Hello
[2017.05.30-05.01.48:779][131]LogBlueprintUserMessages: Early EndPlayMap Detection: Level '/Game/Vive/Maps/default.default:PersistentLevel' has LevelScriptBlueprint '/Game/Vive/Maps/default.default:PersistentLevel.default' with GeneratedClass '/Game/Vive/Maps/default.default_C' with ClassGeneratedBy '/Game/Vive/Maps/default.default:PersistentLevel.default'
[2017.05.30-05.01.48:916][131]LogBlueprintUserMessages: Late EndPlayMap Detection: Level '/Game/Vive/Maps/default.default:PersistentLevel' has LevelScriptBlueprint '/Game/Vive/Maps/default.default:PersistentLevel.default' with GeneratedClass '/Game/Vive/Maps/default.default_C' with ClassGeneratedBy '/Game/Vive/Maps/default.default:PersistentLevel.default'
[2017.05.30-05.01.56:601][ 30]LogBlueprintUserMessages: Early PlayInEditor Detection: Level '/Game/Vive/Maps/default.default:PersistentLevel' has LevelScriptBlueprint '/Game/Vive/Maps/default.default:PersistentLevel.default' with GeneratedClass '/Game/Vive/Maps/default.default_C' with ClassGeneratedBy '/Game/Vive/Maps/default.default:PersistentLevel.default'
[2017.05.30-05.01.56:601][ 30]LogPlayLevel: PlayLevel: No blueprints needed recompiling
[2017.05.30-05.01.56:601][ 30]PIE: New page: PIE session: default (May 29, 2017, 2:01:56 PM)
[2017.05.30-05.01.56:601][ 30]LogPlayLevel: Creating play world package: /Game/Vive/Maps/UEDPIE_0_default
[2017.05.30-05.01.56:771][ 30]LogPlayLevel: PIE: StaticDuplicateObject took: (0.169718s)
[2017.05.30-05.01.56:772][ 30]LogAIModule: Creating AISystem for world default
[2017.05.30-05.01.56:772][ 30]LogPlayLevel: PIE: World Init took: (0.000897s)
[2017.05.30-05.01.56:772][ 30]LogPlayLevel: PIE: Created PIE world by copying editor world from /Game/Vive/Maps/default.default to /Game/Vive/Maps/UEDPIE_0_default.default (0.171217s)
[2017.05.30-05.01.56:794][ 30]LogInit: XAudio2 using 'Speakers (Realtek High Definition Audio)' : 2 channels at 48 kHz using 32 bits per sample (channel mask 0x3)
[2017.05.30-05.01.56:801][ 30]LogInit: FAudioDevice initialized.
[2017.05.30-05.01.56:873][ 30]LogWorld: Game class is 'ViveGameMode_C'
[2017.05.30-05.01.56:913][ 30]LogWorld: Bringing World /Game/Vive/Maps/UEDPIE_0_default.default up for play (max tick rate 0) at 2017.05.29-22.01.56
[2017.05.30-05.01.56:915][ 30]LogWorld: Bringing up level for play took: 0.041606
[2017.05.30-05.01.56:916][ 30]LogGameMode:Display: Match State Changed from EnteringMap to WaitingToStart
[2017.05.30-05.01.56:916][ 30]LogGameState: Match State Changed from EnteringMap to WaitingToStart
[2017.05.30-05.01.56:916][ 30]LogGameMode:Display: Match State Changed from WaitingToStart to InProgress
[2017.05.30-05.01.56:918][ 30]LogGameState: Match State Changed from WaitingToStart to InProgress
[2017.05.30-05.01.56:924][ 30]PIE: Info Play in editor start time for /Game/Vive/Maps/UEDPIE_0_default -0.588
[2017.05.30-05.01.56:924][ 30]LogBlueprintUserMessages: Late PlayInEditor Detection: Level '/Game/Vive/Maps/default.default:PersistentLevel' has LevelScriptBlueprint '/Game/Vive/Maps/default.default:PersistentLevel.default' with GeneratedClass '/Game/Vive/Maps/default.default_C' with ClassGeneratedBy '/Game/Vive/Maps/default.default:PersistentLevel.default'
[2017.05.30-05.02.01:195][218]LogBlueprintUserMessages: [ArcherAI_2] AiStops_Soldier_C
[2017.05.30-05.02.01:195][218]LogBlueprintUserMessages: [ArcherAI_2] Hello
[2017.05.30-05.02.01:641][238]LogBlueprintUserMessages: [ArcherAI3] AiStops_Soldier_C
[2017.05.30-05.02.01:641][238]LogBlueprintUserMessages: [ArcherAI3] Hello
[2017.05.30-05.02.04:302][357]LogBlueprintUserMessages: [ArcherAI2] AiStops_Soldier_C
[2017.05.30-05.02.04:303][357]LogBlueprintUserMessages: [ArcherAI2] Hello
[2017.05.30-05.02.05:509][411]LogBlueprintUserMessages: [ArcherAI_2] AiStops_Soldier_C
[2017.05.30-05.02.05:509][411]LogBlueprintUserMessages: [ArcherAI_2] Hello
[2017.05.30-05.02.05:934][430]LogBlueprintUserMessages: [ArcherAI3] AiStops_Soldier_C
[2017.05.30-05.02.05:934][430]LogBlueprintUserMessages: [ArcherAI3] Hello
[2017.05.30-05.02.07:608][505]LogBlueprintUserMessages: [ArcherAI_2] Catapult_C
[2017.05.30-05.02.07:608][505]LogScript:Warning: Accessed None trying to read property Catapult
	ArcherAI_C /Game/Vive/Maps/UEDPIE_0_default.default:PersistentLevel.ArcherAI_2
	Function /Game/Vive/Blueprints/AI/ArcherAI.ArcherAI_C:ExecuteUbergraph_ArcherAI:0326
[2017.05.30-05.02.07:609][505]PIE:Error: Error Blueprint Runtime Error: Accessed None trying to read property Catapult from function: 'ExecuteUbergraph_ArcherAI' from node: Branch in graph: EventGraph in object: ArcherAI with description: Accessed None trying to read property Catapult
[2017.05.30-05.02.07:609][505]LogBlueprintUserMessages: [Catapult_60] Handle1
[2017.05.30-05.02.08:457][543]LogBlueprintUserMessages: [ArcherAI3] AiStops_Soldier_C
[2017.05.30-05.02.08:457][543]LogBlueprintUserMessages: [ArcherAI3] Hello
[2017.05.30-05.02.08:591][549]LogBlueprintUserMessages: [ArcherAI2] AiStops_Soldier_C
[2017.05.30-05.02.08:591][549]LogBlueprintUserMessages: [ArcherAI2] Hello
[2017.05.30-05.02.11:094][661]LogBlueprintUserMessages: [ArcherAI2] AiStops_Soldier_C
[2017.05.30-05.02.11:094][661]LogBlueprintUserMessages: [ArcherAI2] Hello
[2017.05.30-05.02.11:252][668]LogBlueprintUserMessages: [ArcherAI3] AiStops_Soldier_C
[2017.05.30-05.02.11:252][668]LogBlueprintUserMessages: [ArcherAI3] Hello
[2017.05.30-05.02.17:919][966]LogBlueprintUserMessages: [ArcherAI2] AiAttackPosition_C
[2017.05.30-05.02.17:919][966]LogBlueprintUserMessages: [ArcherAI2] Hello
[2017.05.30-05.02.31:615][579]LogBlueprintUserMessages: Early EndPlayMap Detection: Level '/Game/Vive/Maps/default.default:PersistentLevel' has LevelScriptBlueprint '/Game/Vive/Maps/default.default:PersistentLevel.default' with GeneratedClass '/Game/Vive/Maps/default.default_C' with ClassGeneratedBy '/Game/Vive/Maps/default.default:PersistentLevel.default'
[2017.05.30-05.02.31:759][579]LogBlueprintUserMessages: Late EndPlayMap Detection: Level '/Game/Vive/Maps/default.default:PersistentLevel' has LevelScriptBlueprint '/Game/Vive/Maps/default.default:PersistentLevel.default' with GeneratedClass '/Game/Vive/Maps/default.default_C' with ClassGeneratedBy '/Game/Vive/Maps/default.default:PersistentLevel.default'
[2017.05.30-05.02.37:127][198]LogBlueprintUserMessages: Early PlayInEditor Detection: Level '/Game/Vive/Maps/default.default:PersistentLevel' has LevelScriptBlueprint '/Game/Vive/Maps/default.default:PersistentLevel.default' with GeneratedClass '/Game/Vive/Maps/default.default_C' with ClassGeneratedBy '/Game/Vive/Maps/default.default:PersistentLevel.default'
[2017.05.30-05.02.37:127][198]LogPlayLevel: PlayLevel: No blueprints needed recompiling
[2017.05.30-05.02.37:127][198]PIE: New page: PIE session: default (May 29, 2017, 2:02:37 PM)
[2017.05.30-05.02.37:127][198]LogPlayLevel: Creating play world package: /Game/Vive/Maps/UEDPIE_0_default
[2017.05.30-05.02.37:290][198]LogPlayLevel: PIE: StaticDuplicateObject took: (0.162002s)
[2017.05.30-05.02.37:290][198]LogAIModule: Creating AISystem for world default
[2017.05.30-05.02.37:291][198]LogPlayLevel: PIE: World Init took: (0.000864s)
[2017.05.30-05.02.37:291][198]LogPlayLevel: PIE: Created PIE world by copying editor world from /Game/Vive/Maps/default.default to /Game/Vive/Maps/UEDPIE_0_default.default (0.163347s)
[2017.05.30-05.02.37:314][198]LogInit: XAudio2 using 'Speakers (Realtek High Definition Audio)' : 2 channels at 48 kHz using 32 bits per sample (channel mask 0x3)
[2017.05.30-05.02.37:321][198]LogInit: FAudioDevice initialized.
[2017.05.30-05.02.37:397][198]LogWorld: Game class is 'ViveGameMode_C'
[2017.05.30-05.02.37:436][198]LogWorld: Bringing World /Game/Vive/Maps/UEDPIE_0_default.default up for play (max tick rate 0) at 2017.05.29-22.02.37
[2017.05.30-05.02.37:438][198]LogWorld: Bringing up level for play took: 0.040756
[2017.05.30-05.02.37:439][198]LogGameMode:Display: Match State Changed from EnteringMap to WaitingToStart
[2017.05.30-05.02.37:439][198]LogGameState: Match State Changed from EnteringMap to WaitingToStart
[2017.05.30-05.02.37:439][198]LogGameMode:Display: Match State Changed from WaitingToStart to InProgress
[2017.05.30-05.02.37:441][198]LogGameState: Match State Changed from WaitingToStart to InProgress
[2017.05.30-05.02.37:446][198]PIE: Info Play in editor start time for /Game/Vive/Maps/UEDPIE_0_default -0.066
[2017.05.30-05.02.37:447][198]LogBlueprintUserMessages: Late PlayInEditor Detection: Level '/Game/Vive/Maps/default.default:PersistentLevel' has LevelScriptBlueprint '/Game/Vive/Maps/default.default:PersistentLevel.default' with GeneratedClass '/Game/Vive/Maps/default.default_C' with ClassGeneratedBy '/Game/Vive/Maps/default.default:PersistentLevel.default'
[2017.05.30-05.02.41:698][385]LogBlueprintUserMessages: [ArcherAI_2] AiStops_Soldier_C
[2017.05.30-05.02.41:698][385]LogBlueprintUserMessages: [ArcherAI_2] Hello
[2017.05.30-05.02.42:145][405]LogBlueprintUserMessages: [ArcherAI3] AiStops_Soldier_C
[2017.05.30-05.02.42:145][405]LogBlueprintUserMessages: [ArcherAI3] Hello
[2017.05.30-05.02.44:804][524]LogBlueprintUserMessages: [ArcherAI2] AiStops_Soldier_C
[2017.05.30-05.02.44:804][524]LogBlueprintUserMessages: [ArcherAI2] Hello
[2017.05.30-05.02.46:010][578]LogBlueprintUserMessages: [ArcherAI_2] AiStops_Soldier_C
[2017.05.30-05.02.46:010][578]LogBlueprintUserMessages: [ArcherAI_2] Hello
[2017.05.30-05.02.46:456][598]LogBlueprintUserMessages: [ArcherAI3] AiStops_Soldier_C
[2017.05.30-05.02.46:457][598]LogBlueprintUserMessages: [ArcherAI3] Hello
[2017.05.30-05.02.48:109][672]LogBlueprintUserMessages: [ArcherAI_2] Catapult_C
[2017.05.30-05.02.48:109][672]LogScript:Warning: Accessed None trying to read property Catapult
	ArcherAI_C /Game/Vive/Maps/UEDPIE_0_default.default:PersistentLevel.ArcherAI_2
	Function /Game/Vive/Blueprints/AI/ArcherAI.ArcherAI_C:ExecuteUbergraph_ArcherAI:0326
[2017.05.30-05.02.48:109][672]PIE:Error: Error Blueprint Runtime Error: Accessed None trying to read property Catapult from function: 'ExecuteUbergraph_ArcherAI' from node: Branch in graph: EventGraph in object: ArcherAI with description: Accessed None trying to read property Catapult
[2017.05.30-05.02.48:109][672]LogBlueprintUserMessages: [Catapult_60] Handle1
[2017.05.30-05.02.48:958][710]LogBlueprintUserMessages: [ArcherAI3] AiStops_Soldier_C
[2017.05.30-05.02.48:958][710]LogBlueprintUserMessages: [ArcherAI3] Hello
[2017.05.30-05.02.49:092][716]LogBlueprintUserMessages: [ArcherAI2] AiStops_Soldier_C
[2017.05.30-05.02.49:092][716]LogBlueprintUserMessages: [ArcherAI2] Hello
[2017.05.30-05.02.51:616][829]LogBlueprintUserMessages: [ArcherAI2] AiStops_Soldier_C
[2017.05.30-05.02.51:616][829]LogBlueprintUserMessages: [ArcherAI2] Hello
[2017.05.30-05.02.51:772][836]LogBlueprintUserMessages: [ArcherAI3] AiStops_Soldier_C
[2017.05.30-05.02.51:772][836]LogBlueprintUserMessages: [ArcherAI3] Hello
[2017.05.30-05.02.58:443][134]LogBlueprintUserMessages: [ArcherAI2] AiAttackPosition_C
[2017.05.30-05.02.58:443][134]LogBlueprintUserMessages: [ArcherAI2] Hello
[2017.05.30-05.03.43:939][165]LogBlueprintUserMessages: Early EndPlayMap Detection: Level '/Game/Vive/Maps/default.default:PersistentLevel' has LevelScriptBlueprint '/Game/Vive/Maps/default.default:PersistentLevel.default' with GeneratedClass '/Game/Vive/Maps/default.default_C' with ClassGeneratedBy '/Game/Vive/Maps/default.default:PersistentLevel.default'
[2017.05.30-05.03.44:084][165]LogBlueprintUserMessages: Late EndPlayMap Detection: Level '/Game/Vive/Maps/default.default:PersistentLevel' has LevelScriptBlueprint '/Game/Vive/Maps/default.default:PersistentLevel.default' with GeneratedClass '/Game/Vive/Maps/default.default_C' with ClassGeneratedBy '/Game/Vive/Maps/default.default:PersistentLevel.default'
[2017.05.30-05.03.54:131][166]LogSavePackage: Save=1324.82ms
[2017.05.30-05.03.54:131][166]LogSavePackage: Moving 'C:/Users/StudentUser/Documents/GitHub/272072/Castle-Guard-Working-Bow/CastleGuard/vive_archery_ue4-master 4.13/Saved/defaultE59E10954B331AD2109E708FD6382578.tmp' to 'C:/Users/StudentUser/Documents/GitHub/272072/Castle-Guard-Working-Bow/CastleGuard/vive_archery_ue4-master 4.13/Content/Vive/Maps/default.umap'
[2017.05.30-05.03.54:135][166]LogSavePackage:Display: Finished SavePackage C:/Users/StudentUser/Documents/GitHub/272072/Castle-Guard-Working-Bow/CastleGuard/vive_archery_ue4-master 4.13/Content/Vive/Maps/default.umap
[2017.05.30-05.03.54:171][166]LogFileHelpers: Saving map 'default' took 1.448
[2017.05.30-05.03.54:270][166]LogSavePackage: Save=72.18ms
[2017.05.30-05.03.54:270][166]LogSavePackage: Moving 'C:/Users/StudentUser/Documents/GitHub/272072/Castle-Guard-Working-Bow/CastleGua