Log file open, 06/06/17 01:45:24
LogInit:Display: Running engine for game: vive_archery_ue4
LogPlatformFile: Not using cached read wrapper
LogInit:Display: RandInit(77561044) SRandInit(77561044).
LogTaskGraph: Started task graph with 5 named threads and 8 total threads with 1 sets of task threads.
LogStats: Stats thread started at 0.066326
LogPluginManager: Loaded Plugin Paper2D, From E:/Unreal Engine/UE_4.13/Engine/Plugins/2D/Paper2D/Paper2D.uplugin
LogPluginManager: Loaded Plugin LightPropagationVolume, From E:/Unreal Engine/UE_4.13/Engine/Plugins/Blendables/LightPropagationVolume/LightPropagationVolume.uplugin
LogPluginManager: Loaded Plugin BlankPlugin, From E:/Unreal Engine/UE_4.13/Engine/Plugins/Developer/BlankPlugin/BlankPlugin.uplugin
LogPluginManager: Loaded Plugin CodeLiteSourceCodeAccess, From E:/Unreal Engine/UE_4.13/Engine/Plugins/Developer/CodeLiteSourceCodeAccess/CodeLiteSourceCodeAccess.uplugin
LogPluginManager: Loaded Plugin GitSourceControl, From E:/Unreal Engine/UE_4.13/Engine/Plugins/Developer/GitSourceControl/GitSourceControl.uplugin
LogPluginManager: Loaded Plugin KDevelopSourceCodeAccess, From E:/Unreal Engine/UE_4.13/Engine/Plugins/Developer/KDevelopSourceCodeAccess/KDevelopSourceCodeAccess.uplugin
LogPluginManager: Loaded Plugin NullSourceCodeAccess, From E:/Unreal Engine/UE_4.13/Engine/Plugins/Developer/NullSourceCodeAccess/NullSourceCodeAccess.uplugin
LogPluginManager: Loaded Plugin OneSkyLocalizationService, From E:/Unreal Engine/UE_4.13/Engine/Plugins/Developer/OneSkyLocalizationService/OneSkyLocalizationService.uplugin
LogPluginManager: Loaded Plugin PerforceSourceControl, From E:/Unreal Engine/UE_4.13/Engine/Plugins/Developer/PerforceSourceControl/PerforceSourceControl.uplugin
LogPluginManager: Loaded Plugin SubversionSourceControl, From E:/Unreal Engine/UE_4.13/Engine/Plugins/Developer/SubversionSourceControl/SubversionSourceControl.uplugin
LogPluginManager: Loaded Plugin UObjectPlugin, From E:/Unreal Engine/UE_4.13/Engine/Plugins/Developer/UObjectPlugin/UObjectPlugin.uplugin
LogPluginManager: Loaded Plugin VisualStudioSourceCodeAccess, From E:/Unreal Engine/UE_4.13/Engine/Plugins/Developer/VisualStudioSourceCodeAccess/VisualStudioSourceCodeAccess.uplugin
LogPluginManager: Loaded Plugin XCodeSourceCodeAccess, From E:/Unreal Engine/UE_4.13/Engine/Plugins/Developer/XCodeSourceCodeAccess/XCodeSourceCodeAccess.uplugin
LogPluginManager: Loaded Plugin EpicSurvey, From E:/Unreal Engine/UE_4.13/Engine/Plugins/Editor/EpicSurvey/EpicSurvey.uplugin
LogPluginManager: Loaded Plugin MacGraphicsSwitching, From E:/Unreal Engine/UE_4.13/Engine/Plugins/Editor/MacGraphicsSwitching/MacGraphicsSwitching.uplugin
LogPluginManager: Loaded Plugin MobileLauncherProfileWizard, From E:/Unreal Engine/UE_4.13/Engine/Plugins/Editor/MobileLauncherProfileWizard/MobileLauncherProfileWizard.uplugin
LogPluginManager: Loaded Plugin PluginBrowser, From E:/Unreal Engine/UE_4.13/Engine/Plugins/Editor/PluginBrowser/PluginBrowser.uplugin
LogPluginManager: Loaded Plugin SpeedTreeImporter, From E:/Unreal Engine/UE_4.13/Engine/Plugins/Editor/SpeedTreeImporter/SpeedTreeImporter.uplugin
LogPluginManager: Loaded Plugin SuperSearchEditor, From E:/Unreal Engine/UE_4.13/Engine/Plugins/Editor/SuperSearchEditor/SuperSearchEditor.uplugin
LogPluginManager: Loaded Plugin AlembicImporter, From E:/Unreal Engine/UE_4.13/Engine/Plugins/Experimental/AlembicImporter/AlembicImporter.uplugin
LogPluginManager: Loaded Plugin BlueprintStats, From E:/Unreal Engine/UE_4.13/Engine/Plugins/Experimental/BlueprintStats/BlueprintStats.uplugin
LogPluginManager: Loaded Plugin CharacterAI, From E:/Unreal Engine/UE_4.13/Engine/Plugins/Experimental/CharacterAI/CharacterAI.uplugin
LogPluginManager: Loaded Plugin CodeEditor, From E:/Unreal Engine/UE_4.13/Engine/Plugins/Experimental/CodeEditor/CodeEditor.uplugin
LogPluginManager: Loaded Plugin CodeView, From E:/Unreal Engine/UE_4.13/Engine/Plugins/Experimental/CodeView/CodeView.uplugin
LogPluginManager: Loaded Plugin HTML5Networking, From E:/Unreal Engine/UE_4.13/Engine/Plugins/Experimental/HTML5Networking/HTML5Networking.uplugin
LogPluginManager: Loaded Plugin LiveEditor, From E:/Unreal Engine/UE_4.13/Engine/Plugins/Experimental/LiveEditor/LiveEditor.uplugin
LogPluginManager: Loaded Plugin OSVR, From E:/Unreal Engine/UE_4.13/Engine/Plugins/Experimental/OSVR/OSVR.uplugin
LogPluginManager: Loaded Plugin Phya, From E:/Unreal Engine/UE_4.13/Engine/Plugins/Experimental/Phya/Phya.uplugin
LogPluginManager: Loaded Plugin SignificanceManager, From E:/Unreal Engine/UE_4.13/Engine/Plugins/Experimental/SignificanceManager/SignificanceManager.uplugin
LogPluginManager: Loaded Plugin SimpleHMD, From E:/Unreal Engine/UE_4.13/Engine/Plugins/Experimental/SimpleHMD/SimpleHMD.uplugin
LogPluginManager: Loaded Plugin StereoPanorama, From E:/Unreal Engine/UE_4.13/Engine/Plugins/Experimental/StereoPanorama/StereoPanorama.uplugin
LogPluginManager: Loaded Plugin StructBox, From E:/Unreal Engine/UE_4.13/Engine/Plugins/Experimental/StructBox/StructBox.uplugin
LogPluginManager: Loaded Plugin GestureTrackerVR, From E:/Unreal Engine/UE_4.13/Engine/Plugins/Marketplace/GestureTrackerVR/GestureTrackerVR.uplugin
LogPluginManager: Loaded Plugin RunebergVRPlugin, From E:/Unreal Engine/UE_4.13/Engine/Plugins/Marketplace/RunebergVRPlugin/RunebergVRPlugin.uplugin
LogPluginManager: Loaded Plugin ShadowMocap, From E:/Unreal Engine/UE_4.13/Engine/Plugins/Marketplace/ShadowMocap/ShadowMocap.uplugin
LogPluginManager: Loaded Plugin Substance, From E:/Unreal Engine/UE_4.13/Engine/Plugins/Marketplace/Substance/Substance.uplugin
LogPluginManager: Loaded Plugin AndroidMedia, From E:/Unreal Engine/UE_4.13/Engine/Plugins/Media/AndroidMedia/AndroidMedia.uplugin
LogPluginManager: Loaded Plugin AvfMedia, From E:/Unreal Engine/UE_4.13/Engine/Plugins/Media/AvfMedia/AvfMedia.uplugin
LogPluginManager: Loaded Plugin MediaPlayerEditor, From E:/Unreal Engine/UE_4.13/Engine/Plugins/Media/MediaPlayerEditor/MediaPlayerEditor.uplugin
LogPluginManager: Loaded Plugin WmfMedia, From E:/Unreal Engine/UE_4.13/Engine/Plugins/Media/WmfMedia/WmfMedia.uplugin
LogPluginManager: Loaded Plugin MessagingDebugger, From E:/Unreal Engine/UE_4.13/Engine/Plugins/Messaging/MessagingDebugger/MessagingDebugger.uplugin
LogPluginManager: Loaded Plugin TcpMessaging, From E:/Unreal Engine/UE_4.13/Engine/Plugins/Messaging/TcpMessaging/TcpMessaging.uplugin
LogPluginManager: Loaded Plugin UdpMessaging, From E:/Unreal Engine/UE_4.13/Engine/Plugins/Messaging/UdpMessaging/UdpMessaging.uplugin
LogPluginManager: Loaded Plugin LevelSequenceEditor, From E:/Unreal Engine/UE_4.13/Engine/Plugins/MovieScene/LevelSequenceEditor/LevelSequenceEditor.uplugin
LogPluginManager: Loaded Plugin MatineeToLevelSequence, From E:/Unreal Engine/UE_4.13/Engine/Plugins/MovieScene/MatineeToLevelSequence/MatineeToLevelSequence.uplugin
LogPluginManager: Loaded Plugin NetcodeUnitTest, From E:/Unreal Engine/UE_4.13/Engine/Plugins/NetcodeUnitTest/NetcodeUnitTest/NetcodeUnitTest.uplugin
LogPluginManager: Loaded Plugin NUTUnrealEngine4, From E:/Unreal Engine/UE_4.13/Engine/Plugins/NetcodeUnitTest/NUTUnrealEngine4/NUTUnrealEngine4.uplugin
LogPluginManager: Loaded Plugin OnlineSubsystemGooglePlay, From E:/Unreal Engine/UE_4.13/Engine/Plugins/Online/Android/OnlineSubsystemGooglePlay/OnlineSubsystemGooglePlay.uplugin
LogPluginManager: Loaded Plugin OnlineSubsystemIOS, From E:/Unreal Engine/UE_4.13/Engine/Plugins/Online/IOS/OnlineSubsystemIOS/OnlineSubsystemIOS.uplugin
LogPluginManager: Loaded Plugin OnlineFramework, From E:/Unreal Engine/UE_4.13/Engine/Plugins/Online/OnlineFramework/OnlineFramework.uplugin
LogPluginManager: Loaded Plugin OnlineSubsystem, From E:/Unreal Engine/UE_4.13/Engine/Plugins/Online/OnlineSubsystem/OnlineSubsystem.uplugin
LogPluginManager: Loaded Plugin OnlineSubsystemAmazon, From E:/Unreal Engine/UE_4.13/Engine/Plugins/Online/OnlineSubsystemAmazon/OnlineSubsystemAmazon.uplugin
LogPluginManager: Loaded Plugin OnlineSubsystemFacebook, From E:/Unreal Engine/UE_4.13/Engine/Plugins/Online/OnlineSubsystemFacebook/OnlineSubsystemFacebook.uplugin
LogPluginManager: Loaded Plugin OnlineSubsystemNull, From E:/Unreal Engine/UE_4.13/Engine/Plugins/Online/OnlineSubsystemNull/OnlineSubsystemNull.uplugin
LogPluginManager: Loaded Plugin OnlineSubsystemOculus, From E:/Unreal Engine/UE_4.13/Engine/Plugins/Online/OnlineSubsystemOculus/OnlineSubsystemOculus.uplugin
LogPluginManager: Loaded Plugin OnlineSubsystemSteam, From E:/Unreal Engine/UE_4.13/Engine/Plugins/Online/OnlineSubsystemSteam/OnlineSubsystemSteam.uplugin
LogPluginManager: Loaded Plugin OnlineSubsystemUtils, From E:/Unreal Engine/UE_4.13/Engine/Plugins/Online/OnlineSubsystemUtils/OnlineSubsystemUtils.uplugin
LogPluginManager: Loaded Plugin IOSTapJoy, From E:/Unreal Engine/UE_4.13/Engine/Plugins/Runtime/Advertising/IOSTapJoy/IOSTapJoy.uplugin
LogPluginManager: Loaded Plugin AnalyticsBlueprintLibrary, From E:/Unreal Engine/UE_4.13/Engine/Plugins/Runtime/Analytics/AnalyticsBlueprintLibrary/AnalyticsBlueprintLibrary.uplugin
LogPluginManager: Loaded Plugin AnalyticsMulticast, From E:/Unreal Engine/UE_4.13/Engine/Plugins/Runtime/Analytics/AnalyticsMulticast/AnalyticsMulticast.uplugin
LogPluginManager: Loaded Plugin Apsalar, From E:/Unreal Engine/UE_4.13/Engine/Plugins/Runtime/Analytics/Apsalar/Apsalar.uplugin
LogPluginManager: Loaded Plugin FileLogging, From E:/Unreal Engine/UE_4.13/Engine/Plugins/Runtime/Analytics/FileLogging/FileLogging.uplugin
LogPluginManager: Loaded Plugin Flurry, From E:/Unreal Engine/UE_4.13/Engine/Plugins/Runtime/Analytics/Flurry/Flurry.uplugin
LogPluginManager: Loaded Plugin AndroidDeviceProfileSelector, From E:/Unreal Engine/UE_4.13/Engine/Plugins/Runtime/AndroidDeviceProfileSelector/AndroidDeviceProfileSelector.uplugin
LogPluginManager: Loaded Plugin AndroidMoviePlayer, From E:/Unreal Engine/UE_4.13/Engine/Plugins/Runtime/AndroidMoviePlayer/AndroidMoviePlayer.uplugin
LogPluginManager: Loaded Plugin AppleMoviePlayer, From E:/Unreal Engine/UE_4.13/Engine/Plugins/Runtime/AppleMoviePlayer/AppleMoviePlayer.uplugin
LogPluginManager: Loaded Plugin ArchVisCharacter, From E:/Unreal Engine/UE_4.13/Engine/Plugins/Runtime/ArchVisCharacter/ArchVisCharacter.uplugin
LogPluginManager: Loaded Plugin CableComponent, From E:/Unreal Engine/UE_4.13/Engine/Plugins/Runtime/CableComponent/CableComponent.uplugin
LogPluginManager: Loaded Plugin CustomMeshComponent, From E:/Unreal Engine/UE_4.13/Engine/Plugins/Runtime/CustomMeshComponent/CustomMeshComponent.uplugin
LogPluginManager: Loaded Plugin ExampleDeviceProfileSelector, From E:/Unreal Engine/UE_4.13/Engine/Plugins/Runtime/ExampleDeviceProfileSelector/ExampleDeviceProfileSelector.uplugin
LogPluginManager: Loaded Plugin GearVR, From E:/Unreal Engine/UE_4.13/Engine/Plugins/Runtime/GearVR/GearVR.uplugin
LogPluginManager: Loaded Plugin GoogleVRController, From E:/Unreal Engine/UE_4.13/Engine/Plugins/Runtime/GoogleVR/GoogleVRController/GoogleVRController.uplugin
LogPluginManager: Loaded Plugin GoogleVRHMD, From E:/Unreal Engine/UE_4.13/Engine/Plugins/Runtime/GoogleVR/GoogleVRHMD/GoogleVRHMD.uplugin
LogPluginManager: Loaded Plugin IOSDeviceProfileSelector, From E:/Unreal Engine/UE_4.13/Engine/Plugins/Runtime/IOSDeviceProfileSelector/IOSDeviceProfileSelector.uplugin
LogPluginManager: Loaded Plugin LeapMotion, From E:/Unreal Engine/UE_4.13/Engine/Plugins/Runtime/LeapMotion/LeapMotion.uplugin
LogPluginManager: Loaded Plugin LinuxDeviceProfileSelector, From E:/Unreal Engine/UE_4.13/Engine/Plugins/Runtime/LinuxDeviceProfileSelector/LinuxDeviceProfileSelector.uplugin
LogPluginManager: Loaded Plugin LiveEditorListenServer, From E:/Unreal Engine/UE_4.13/Engine/Plugins/Runtime/LiveEditorListenServer/LiveEditorListenServer.uplugin
LogPluginManager: Loaded Plugin OculusAudio, From E:/Unreal Engine/UE_4.13/Engine/Plugins/Runtime/OculusAudio/OculusAudio.uplugin
LogPluginManager: Loaded Plugin OculusInput, From E:/Unreal Engine/UE_4.13/Engine/Plugins/Runtime/OculusInput/OculusInput.uplugin
LogPluginManager: Loaded Plugin OculusLibrary, From E:/Unreal Engine/UE_4.13/Engine/Plugins/Runtime/OculusLibrary/OculusLibrary.uplugin
LogPluginManager: Loaded Plugin OculusRift, From E:/Unreal Engine/UE_4.13/Engine/Plugins/Runtime/OculusRift/OculusRift.uplugin
LogPluginManager: Loaded Plugin Oodle, From E:/Unreal Engine/UE_4.13/Engine/Plugins/Runtime/PacketHandlers/CompressionComponents/Oodle/Oodle.uplugin
LogPluginManager: Loaded Plugin ProceduralMeshComponent, From E:/Unreal Engine/UE_4.13/Engine/Plugins/Runtime/ProceduralMeshComponent/ProceduralMeshComponent.uplugin
LogPluginManager: Loaded Plugin SoundMod, From E:/Unreal Engine/UE_4.13/Engine/Plugins/Runtime/SoundMod/SoundMod.uplugin
LogPluginManager: Loaded Plugin SoundVisualizations, From E:/Unreal Engine/UE_4.13/Engine/Plugins/Runtime/SoundVisualizations/SoundVisualizations.uplugin
LogPluginManager: Loaded Plugin SteamController, From E:/Unreal Engine/UE_4.13/Engine/Plugins/Runtime/Steam/SteamController/SteamController.uplugin
LogPluginManager: Loaded Plugin SteamVR, From E:/Unreal Engine/UE_4.13/Engine/Plugins/Runtime/Steam/SteamVR/SteamVR.uplugin
LogPluginManager: Loaded Plugin WebBrowserWidget, From E:/Unreal Engine/UE_4.13/Engine/Plugins/Runtime/WebBrowserWidget/WebBrowserWidget.uplugin
LogPluginManager: Loaded Plugin WindowsDeviceProfileSelector, From E:/Unreal Engine/UE_4.13/Engine/Plugins/Runtime/WindowsDeviceProfileSelector/WindowsDeviceProfileSelector.uplugin
LogPluginManager: Loaded Plugin WindowsMoviePlayer, From E:/Unreal Engine/UE_4.13/Engine/Plugins/Runtime/WindowsMoviePlayer/WindowsMoviePlayer.uplugin
LogPluginManager: Loaded Plugin ScriptPlugin, From E:/Unreal Engine/UE_4.13/Engine/Plugins/ScriptPlugin/ScriptPlugin.uplugin
LogPluginManager: Loaded Plugin SlateRemote, From E:/Unreal Engine/UE_4.13/Engine/Plugins/Slate/SlateRemote/SlateRemote.uplugin
LogInit: Using libcurl 7.47.1
LogInit:  - built for x86_64-pc-win32
LogInit:  - supports SSL with WinSSL
LogInit:  - other features:
LogInit:      CURL_VERSION_SSL
LogInit:      CURL_VERSION_IPV6
LogInit:      CURL_VERSION_ASYNCHDNS
LogInit:      CURL_VERSION_LARGEFILE
LogInit:      CURL_VERSION_IDN
LogInit:  CurlRequestOptions (configurable via config and command line):
LogInit:  - bVerifyPeer = false  - Libcurl will NOT verify peer certificate
LogInit:  - bUseHttpProxy = false  - Libcurl will NOT use HTTP proxy
LogInit:  - bDontReuseConnections = false  - Libcurl will reuse connections
LogInit:  - CertBundlePath = nullptr  - Libcurl will use whatever was configured at build time.
LogInit: Build: ++UE4+Release-4.13-CL-3172292
LogInit: Engine Version: 4.13.2-3172292+++UE4+Release-4.13
LogInit: Compatible Engine Version: 4.13.0-3106830+++UE4+Release-4.13
LogInit: Net CL: 3172292
LogDevObjectVersion: Number of dev versions registered: 13
LogDevObjectVersion:   Dev-Blueprints (B0D832E4-1F89-4F0D-ACCF-7EB736FD4AA2): 5
LogDevObjectVersion:   Dev-Build (E1C64328-A22C-4D53-A36C-8E866417BD8C): 0
LogDevObjectVersion:   Dev-Core (375EC13C-06E4-48FB-B500-84F0262A717E): 1
LogDevObjectVersion:   Dev-Editor (E4B068ED-F494-42E9-A231-DA0B2E46BB41): 6
LogDevObjectVersion:   Dev-Framework (CFFC743F-43B0-4480-9391-14DF171D2073): 12
LogDevObjectVersion:   Dev-Mobile (B02B49B5-BB20-44E9-A304-32B752E40360): 0
LogDevObjectVersion:   Dev-Networking (A4E4105C-59A1-49B5-A7C5-40C4547EDFEE): 0
LogDevObjectVersion:   Dev-Online (39C831C9-5AE6-47DC-9A44-9C173E1C8E7C): 0
LogDevObjectVersion:   Dev-Physics (78F01B33-EBEA-4F98-B9B4-84EACCB95AA2): 0
LogDevObjectVersion:   Dev-Platform (6631380F-2D4D-43E0-8009-CF276956A95A): 0
LogDevObjectVersion:   Dev-Rendering (12F88B9F-8875-4AFC-A67C-D90C383ABD29): 4
LogDevObjectVersion:   Dev-Sequencer (7B5AE74C-D270-4C10-A958-57980B212A5A): 0
LogDevObjectVersion:   Dev-VR (D7296918-1DD6-4BDD-9DE2-64A83CC13884): 0
LogInit: Compiled (64-bit): Oct 24 2016 14:29:06
LogInit: Compiled with Visual C++: 19.00.23026.00
LogInit: Build Configuration: Development
LogInit: Branch Name: ++UE4+Release-4.13
LogInit: Command line:  
LogInit: Base directory: E:/Unreal Engine/UE_4.13/Engine/Binaries/Win64/
LogInit: Installed Engine Build: 1
LogInit: Presizing for max 8388607 objects, including 0 objects not considered by GC, pre-allocating 0 bytes for permanent pool.
LogInit: Object subsystem initialized
LogStats: FPlatformStackWalk::StackWalkAndDump -  0.004 s
LogOutputDevice:Error: === Handled ensure: ===
LogOutputDevice:Error: 
LogOutputDevice:Error: Ensure condition failed: false [File:D:\Build\++UE4+Release-4.13+Compile\Sync\Engine\Source\Runtime\Core\Private\Misc\ConfigCacheIni.cpp] [Line: 3448]
LogOutputDevice:Error: The ini file 'E:/Castle-Guard-Working-Bow/CastleGuard/ProjectFiles/Saved/Config/Windows/Engine.ini' tries to set the console variable 'showflag.decals' marked with ECVF_Cheat, this is only allowed in consolevariables.ini
LogOutputDevice:Error: Stack: 
LogOutputDevice:Error: UE4Editor-Core.dll
LogOutputDevice:Error: UE4Editor-Core.dll
LogOutputDevice:Error: UE4Editor-Core.dll
LogOutputDevice:Error: UE4Editor-Core.dll
LogOutputDevice:Error: UE4Editor-Engine.dll
LogOutputDevice:Error: UE4Editor-Core.dll
LogOutputDevice:Error: UE4Editor-Engine.dll
LogOutputDevice:Error: UE4Editor-Engine.dll
LogOutputDevice:Error: UE4Editor.exe
LogOutputDevice:Error: UE4Editor.exe
LogOutputDevice:Error: UE4Editor.exe
LogOutputDevice:Error: UE4Editor.exe
LogOutputDevice:Error: UE4Editor.exe
LogOutputDevice:Error: KERNEL32.DLL
LogOutputDevice:Error: ntdll.dll
LogOutputDevice:Error: ntdll.dll
LogOutputDevice:Error: 
LogStats:                SubmitErrorReport -  0.000 s
LogStats:                    SendNewReport -  0.090 s
LogStats:             FDebug::EnsureFailed -  0.094 s
[2017.06.06-08.45.24:709][  0]LogConsoleManager:Display: Setting the console variable 'r.SeparateTranslucency' with 'SetByProjectSetting' was ignored as it is lower priority than the previous 'SetBySystemSettingsIni'
[2017.06.06-08.45.24:711][  0]LogConsoleManager:Display: Setting the console variable 'r.ScreenPercentage' with 'SetByScalability' was ignored as it is lower priority than the previous 'SetBySystemSettingsIni'
[2017.06.06-08.45.24:711][  0]LogConsoleManager:Display: Setting the console variable 'r.PostProcessAAQuality' with 'SetByScalability' was ignored as it is lower priority than the previous 'SetBySystemSettingsIni'
[2017.06.06-08.45.24:711][  0]LogConsoleManager:Display: Setting the console variable 'r.MotionBlurQuality' with 'SetByScalability' was ignored as it is lower priority than the previous 'SetBySystemSettingsIni'
[2017.06.06-08.45.24:711][  0]LogConsoleManager:Display: Setting the console variable 'r.AmbientOcclusionLevels' with 'SetByScalability' was ignored as it is lower priority than the previous 'SetBySystemSettingsIni'
[2017.06.06-08.45.24:711][  0]LogConsoleManager:Display: Setting the console variable 'r.DepthOfFieldQuality' with 'SetByScalability' was ignored as it is lower priority than the previous 'SetBySystemSettingsIni'
[2017.06.06-08.45.24:711][  0]LogConsoleManager:Display: Setting the console variable 'r.LensFlareQuality' with 'SetByScalability' was ignored as it is lower priority than the previous 'SetBySystemSettingsIni'
[2017.06.06-08.45.24:711][  0]LogConsoleManager:Display: Setting the console variable 'r.SceneColorFringeQuality' with 'SetByScalability' was ignored as it is lower priority than the previous 'SetBySystemSettingsIni'
[2017.06.06-08.45.24:711][  0]LogConsoleManager:Display: Setting the console variable 'r.EyeAdaptationQuality' with 'SetByScalability' was ignored as it is lower priority than the previous 'SetBySystemSettingsIni'
[2017.06.06-08.45.24:711][  0]LogConsoleManager:Display: Setting the console variable 'r.BloomQuality' with 'SetByScalability' was ignored as it is lower priority than the previous 'SetBySystemSettingsIni'
[2017.06.06-08.45.24:711][  0]LogConsoleManager:Display: Setting the console variable 'r.FastBlurThreshold' with 'SetByScalability' was ignored as it is lower priority than the previous 'SetBySystemSettingsIni'
[2017.06.06-08.45.24:711][  0]LogConsoleManager:Display: Setting the console variable 'r.MaxAnisotropy' with 'SetByScalability' was ignored as it is lower priority than the previous 'SetBySystemSettingsIni'
[2017.06.06-08.45.24:711][  0]LogConsoleManager:Display: Setting the console variable 'r.TranslucencyLightingVolumeDim' with 'SetByScalability' was ignored as it is lower priority than the previous 'SetBySystemSettingsIni'
[2017.06.06-08.45.24:711][  0]LogConsoleManager:Display: Setting the console variable 'r.SSR.Quality' with 'SetByScalability' was ignored as it is lower priority than the previous 'SetBySystemSettingsIni'
[2017.06.06-08.45.24:711][  0]LogConsoleManager:Display: Setting the console variable 'r.SceneColorFormat' with 'SetByScalability' was ignored as it is lower priority than the previous 'SetBySystemSettingsIni'
[2017.06.06-08.45.24:711][  0]LogConsoleManager:Display: Setting the console variable 'r.TranslucencyVolumeBlur' with 'SetByScalability' was ignored as it is lower priority than the previous 'SetBySystemSettingsIni'
[2017.06.06-08.45.24:711][  0]LogInit: Selected Device Profile: [Windows]
[2017.06.06-08.45.24:711][  0]LogInit: Applying CVar settings loaded from the selected device profile: [Windows]
[2017.06.06-08.45.24:723][  0]LogInit: Computer: AI911LAB238VIV
[2017.06.06-08.45.24:723][  0]LogInit: User: StudentUser
[2017.06.06-08.45.24:723][  0]LogInit: CPU Page size=65536, Cores=4
[2017.06.06-08.45.24:723][  0]LogInit: High frequency timer resolution =3.410077 MHz
[2017.06.06-08.45.24:723][  0]LogMemory: Memory total: Physical=15.9GB (16GB approx)
[2017.06.06-08.45.24:723][  0]LogMemory: Platform Memory Stats for Windows
[2017.06.06-08.45.24:723][  0]LogMemory: Process Physical Memory: 264.36 MB used, 264.36 MB peak
[2017.06.06-08.45.24:723][  0]LogMemory: Process Virtual Memory: 264.64 MB used, 264.64 MB peak
[2017.06.06-08.45.24:723][  0]LogMemory: Physical Memory: 5006.03 MB used, 16291.25 MB total
[2017.06.06-08.45.24:723][  0]LogMemory: Virtual Memory: 638.53 MB used, 134217728.00 MB total
[2017.06.06-08.45.24:749][  0]LogTextLocalizationManager: No specific translations for ('en-US') exist, so ('en') translations will be used.
[2017.06.06-08.45.25:272][  0]LogD3D11RHI: D3D11 adapters:
[2017.06.06-08.45.25:295][  0]LogD3D11RHI:    0. 'NVIDIA GeForce GTX 970' (Feature Level 11_0)
[2017.06.06-08.45.25:295][  0]LogD3D11RHI:       4058/0/8145 MB DedicatedVideo/DedicatedSystem/SharedSystem, Outputs:1, VendorId:0x10de
[2017.06.06-08.45.25:296][  0]LogD3D11RHI:    1. 'Microsoft Basic Render Driver' (Feature Level 11_0)
[2017.06.06-08.45.25:296][  0]LogD3D11RHI:       0/0/8145 MB DedicatedVideo/DedicatedSystem/SharedSystem, Outputs:0, VendorId:0x1414
[2017.06.06-08.45.25:296][  0]LogD3D11RHI: Chosen D3D11 Adapter: 0
[2017.06.06-08.45.25:301][  0]LogD3D11RHI: Creating new Direct3DDevice
[2017.06.06-08.45.25:301][  0]LogD3D11RHI:     GPU DeviceId: 0x13c2 (for the marketing name, search the web for "GPU Device Id")
[2017.06.06-08.45.25:301][  0]LogWindows: EnumDisplayDevices:
[2017.06.06-08.45.25:301][  0]LogWindows:    0. 'NVIDIA GeForce GTX 970' (P:1 D:1)
[2017.06.06-08.45.25:301][  0]LogWindows:    1. 'NVIDIA GeForce GTX 970' (P:0 D:0)
[2017.06.06-08.45.25:301][  0]LogWindows:    2. 'NVIDIA GeForce GTX 970' (P:0 D:0)
[2017.06.06-08.45.25:301][  0]LogWindows:    3. 'NVIDIA GeForce GTX 970' (P:0 D:0)
[2017.06.06-08.45.25:301][  0]LogWindows: DebugString: FoundDriverCount:4 
[2017.06.06-08.45.25:301][  0]LogD3D11RHI:     Adapter Name: NVIDIA GeForce GTX 970
[2017.06.06-08.45.25:301][  0]LogD3D11RHI:   Driver Version: 369.09 (internal:21.21.13.6909, unified:369.09)
[2017.06.06-08.45.25:301][  0]LogD3D11RHI:      Driver Date: 8-1-2016
[2017.06.06-08.45.25:301][  0]LogRHI: Texture pool is 1361 MB (70% of 1945 MB)
[2017.06.06-08.45.25:317][  0]LogD3D11RHI: Async texture creation enabled
[2017.06.06-08.45.25:332][  0]LogD3D11RHI: GPU Timing Frequency: 1000.000000 (Debug: 2 2)
[2017.06.06-08.45.25:332][  0]LogShaderCompilers: Guid format shader working directory is -15 characters bigger than the processId version (../../../../../Castle-Guard-Working-Bow/CastleGuard/ProjectFiles/Intermediate/Shaders/WorkingDirectory/4248/).
[2017.06.06-08.45.25:332][  0]LogShaderCompilers: Cleaned the shader compiler working directory 'C:/Users/STUDEN~1/AppData/Local/Temp/UnrealShaderWorkingDir/D1EF5C2A4B5C49E726F7F89A3292A5ED/'.
[2017.06.06-08.45.25:332][  0]LogShaderCompilers:Display: Using Local Shader Compiler.
[2017.06.06-08.45.26:205][  0]LogTemp:Display: Loaded TP AllDesktopTargetPlatform
[2017.06.06-08.45.26:212][  0]LogTemp:Display: Loaded TP WindowsClientTargetPlatform
[2017.06.06-08.45.26:219][  0]LogTemp:Display: Loaded TP WindowsNoEditorTargetPlatform
[2017.06.06-08.45.26:226][  0]LogTemp:Display: Loaded TP WindowsServerTargetPlatform
[2017.06.06-08.45.26:234][  0]LogTemp:Display: Loaded TP WindowsTargetPlatform
[2017.06.06-08.45.26:240][  0]LogTemp:Display: Loaded TP AndroidTargetPlatform
[2017.06.06-08.45.26:246][  0]LogTemp:Display: Loaded TP Android_ASTCTargetPlatform
[2017.06.06-08.45.26:252][  0]LogTemp:Display: Loaded TP Android_ATCTargetPlatform
[2017.06.06-08.45.26:258][  0]LogTemp:Display: Loaded TP Android_DXTTargetPlatform
[2017.06.06-08.45.26:264][  0]LogTemp:Display: Loaded TP Android_ETC1TargetPlatform
[2017.06.06-08.45.26:270][  0]LogTemp:Display: Loaded TP Android_ETC2TargetPlatform
[2017.06.06-08.45.26:282][  0]LogTemp:Display: Loaded TP Android_MultiTargetPlatform
[2017.06.06-08.45.26:282][  0]LogTemp:Display: Loaded TP Android_PVRTCTargetPlatform
[2017.06.06-08.45.26:283][  0]LogTemp:Display: Loaded TP HTML5TargetPlatform
[2017.06.06-08.45.26:301][  0]LogTemp:Display: Loaded TP IOSTargetPlatform
[2017.06.06-08.45.26:308][  0]LogTemp:Display: Loaded TP TVOSTargetPlatform
[2017.06.06-08.45.26:315][  0]LogTemp:Display: Loaded TP LinuxClientTargetPlatform
[2017.06.06-08.45.26:321][  0]LogTemp:Display: Loaded TP LinuxNoEditorTargetPlatform
[2017.06.06-08.45.26:327][  0]LogTemp:Display: Loaded TP LinuxServerTargetPlatform
[2017.06.06-08.45.26:335][  0]LogTemp:Display: Loaded TP LinuxTargetPlatform
[2017.06.06-08.45.26:335][  0]LogTargetPlatformManager:Display: Building Assets For Windows
[2017.06.06-08.45.26:389][  0]LogDerivedDataCache:Display: Max Cache Size: 512 MB
[2017.06.06-08.45.31:974][  0]LogDerivedDataCache: Loaded boot cache 1.97s 66MB C:/Users/StudentUser/AppData/Local/UnrealEngine/4.13/DerivedDataCache/Boot.ddc.
[2017.06.06-08.45.33:818][  0]LogDerivedDataCache:Display: Loaded Boot cache: C:/Users/StudentUser/AppData/Local/UnrealEngine/4.13/DerivedDataCache/Boot.ddc
[2017.06.06-08.45.33:818][  0]LogDerivedDataCache: FDerivedDataBackendGraph:  Pak pak cache file ../../../../../Castle-Guard-Working-Bow/CastleGuard/ProjectFiles/DerivedDataCache/DDC.ddp not found, will not use a pak cache.
[2017.06.06-08.45.33:818][  0]LogDerivedDataCache: Unable to find inner node Pak for hierarchical cache Hierarchy.
[2017.06.06-08.45.33:818][  0]LogDerivedDataCache: FDerivedDataBackendGraph:  CompressedPak pak cache file ../../../../../Castle-Guard-Working-Bow/CastleGuard/ProjectFiles/DerivedDataCache/Compressed.ddp not found, will not use a pak cache.
[2017.06.06-08.45.33:818][  0]LogDerivedDataCache: Unable to find inner node CompressedPak for hierarchical cache Hierarchy.
[2017.06.06-08.45.33:833][  0]LogDerivedDataCache:Display: Pak cache opened for reading ../../../Engine/DerivedDataCache/Compressed.ddp.
[2017.06.06-08.45.33:845][  0]LogDerivedDataCache: Using Local data cache path C:/Users/StudentUser/AppData/Local/UnrealEngine/Common/DerivedDataCache: Writable
[2017.06.06-08.45.34:013][  0]LogInit: Selected Device Profile: [Windows]
[2017.06.06-08.45.34:015][  0]LogContentStreaming: Texture pool size is 0.00 MB
[2017.06.06-08.45.34:098][  0]LogMeshUtilities: No automatic mesh reduction module available
[2017.06.06-08.45.34:098][  0]LogMeshUtilities: No automatic mesh merging module available
[2017.06.06-08.45.34:098][  0]LogMeshUtilities: No distributed automatic mesh merging module available
[2017.06.06-08.45.34:150][  0]LogMaterial: Uniform references updated for custom material expression Custom.
[2017.06.06-08.45.34:400][  0]LogNetVersion: GetLocalNetworkVersion: CL: 3106830, ProjectName: vive_archery_ue4, ProjectVersion: , EngineNetworkVersion: 1, GameNetworkVersion: 0, NetworkChecksum: 2616931300
[2017.06.06-08.45.34:434][  0]LogAssetRegistry: FAssetRegistry took 0.0217 seconds to start up
[2017.06.06-08.45.34:436][  0]LogDirectoryWatcher:Warning: Failed to begin reading directory changes for ../../../Engine/Plugins/Marketplace/RunebergVRPlugin/Content/. Error: The system cannot find the file specified. (0x00000002)
[2017.06.06-08.45.34:463][  0]LogPackageLocalizationCache: Processed 5 localized package path(s) for 2 prioritized culture(s) in 0.027008 seconds
[2017.06.06-08.45.34:467][  0]LogUObjectArray: 29778 objects as part of root set at end of initial load.
[2017.06.06-08.45.34:467][  0]LogUObjectAllocator: 6125448 out of 0 bytes used by permanent object pool.
[2017.06.06-08.45.34:467][  0]LogUObjectArray: CloseDisregardForGC: 0/0 objects in disregard for GC pool
[2017.06.06-08.45.34:471][  0]LogInit: WinSock: version 1.1 (2.2), MaxSocks=32767, MaxUdp=65467
[2017.06.06-08.45.34:635][  0]LogSlate: SlateFontCache - WITH_FREETYPE: 1, WITH_HARFBUZZ: 1
[2017.06.06-08.45.34:635][  0]LogSlate: SlateFontCache - WITH_FREETYPE: 1, WITH_HARFBUZZ: 1
[2017.06.06-08.45.35:188][  0]LogSubstanceCoreModule: Substance CPU Engine Loaded, Max Texture Size 2048
[2017.06.06-08.45.35:195][  0]LogTcpMessaging: Initializing TcpMessaging bridge
[2017.06.06-08.45.35:213][  0]LogUdpMessaging: Initializing bridge on interface 0.0.0.0:0 to multicast group 230.0.0.1:6666.
[2017.06.06-08.45.35:407][  0]SourceControl: Info Source control is disabled
[2017.06.06-08.45.35:439][  0]SourceControl: Info Source control is disabled
[2017.06.06-08.45.35:446][  0]SourceControl: Info Source control is disabled
[2017.06.06-08.45.35:452][  0]SourceControl: Info Source control is disabled
[2017.06.06-08.45.35:702][  0]LogEngine: Initializing Engine...
[2017.06.06-08.45.35:723][  0]LogHMD: SteamVR initialized.  Driver: lighthouse  Display: LHR-A4D81BA4
[2017.06.06-08.45.35:849][  0]LogAIModule: Creating AISystem for world Untitled
[2017.06.06-08.45.35:859][  0]LogInit: XAudio2 using 'Speakers (Realtek High Definition Audio)' : 2 channels at 48 kHz using 32 bits per sample (channel mask 0x3)
[2017.06.06-08.45.35:870][  0]LogInit: FAudioDevice initialized.
[2017.06.06-08.45.35:900][  0]LogDerivedDataCache: Saved boot cache 0.03s 66MB C:/Users/StudentUser/AppData/Local/UnrealEngine/4.13/DerivedDataCache/Boot.ddc.
[2017.06.06-08.45.35:909][  0]LogInit: Texture streaming: Enabled
[2017.06.06-08.45.35:953][  0]LogInit: Transaction tracking system initialized
[2017.06.06-08.45.35:966][  0]BlueprintLog: New page: Editor Load
[2017.06.06-08.45.36:015][  0]LocalizationService: Info Localization service is disabled
[2017.06.06-08.45.36:072][  0]LogConsoleResponse:Display: 
[2017.06.06-08.45.37:910][  0]LogCook:Display: Max memory allowance for cook 16384mb min free memory 0mb
[2017.06.06-08.45.37:910][  0]LogCook:Display: Mobile HDR setting 1
[2017.06.06-08.45.38:014][  0]LogFileCache: Scanning file cache for directory 'E:/Castle-Guard-Working-Bow/CastleGuard/ProjectFiles/Content/' took 0.01s
[2017.06.06-08.45.38:014][  0]SourceControl: Info Source control is disabled
[2017.06.06-08.45.38:014][  0]Cmd: MAP LOAD FILE="../../../../../Castle-Guard-Working-Bow/CastleGuard/ProjectFiles/Content/Vive/Maps/default.umap" TEMPLATE=0 SHOWPROGRESS=1 FEATURELEVEL=3
[2017.06.06-08.45.38:015][  0]LightingResults: New page: Lighting Build
[2017.06.06-08.45.38:017][  0]MapCheck: New page: Map Check
[2017.06.06-08.45.38:017][  0]LightingResults: New page: Lighting Build
[2017.06.06-08.45.38:967][  0]LogStaticMesh: Building static mesh castle__2__pCylinder11...
[2017.06.06-08.45.38:970][  0]LogMeshUtilities: Invalid vertex normals found for mesh. Forcing recomputation of vertex normals for MikkTSpace. Fix mesh or disable "Use MikkTSpace Tangent Space" to avoid forced recomputation of normals.
[2017.06.06-08.45.39:001][  0]LogStaticMesh: Built static mesh [0.03s] /Game/StaticMeshes/castle__2__pCylinder11.castle__2__pCylinder11
[2017.06.06-08.45.40:149][  0]LogStaticMesh: Building static mesh castle__2__pSphere16...
[2017.06.06-08.45.40:149][  0]LogMeshUtilities: Invalid vertex normals found for mesh. Forcing recomputation of vertex normals for MikkTSpace. Fix mesh or disable "Use MikkTSpace Tangent Space" to avoid forced recomputation of normals.
[2017.06.06-08.45.40:151][  0]LogStaticMesh: Built static mesh [0.00s] /Game/StaticMeshes/castle__2__pSphere16.castle__2__pSphere16
[2017.06.06-08.45.40:154][  0]LogStaticMesh: Building static mesh pSphere2...
[2017.06.06-08.45.40:154][  0]LogMeshUtilities: Invalid vertex normals found for mesh. Forcing recomputation of vertex normals for MikkTSpace. Fix mesh or disable "Use MikkTSpace Tangent Space" to avoid forced recomputation of normals.
[2017.06.06-08.45.40:158][  0]LogStaticMesh: Built static mesh [0.00s] /Game/StaticMeshes/pSphere2.pSphere2
[2017.06.06-08.45.41:096][  0]LogDerivedDataCache: FFileSystemDerivedDataBackend: Move collision, attempt at redundant update, OK C:/Users/StudentUser/AppData/Local/UnrealEngine/Common/DerivedDataCache/7/3/6/NAVCOLLISION_B89838347A4348138EE337A847529C5C_NAVCOLLISION_X_94E0AE694A973E9E4__DD3BA8B1D518E78F589B8AA76D3B3382D3BE520C.udd.
[2017.06.06-08.45.41:096][  0]LogDerivedDataCache: FFileSystemDerivedDataBackend: Move collision, attempt at redundant update, OK C:/Users/StudentUser/AppData/Local/UnrealEngine/Common/DerivedDataCache/9/9/8/NAVCOLLISION_B89838347A4348138EE337A847529C5C_NAVCOLLISION_X_6BCEFB424B078C462__E1AEEBD2118D4497EF42239EDB7D92562D15FFD4.udd.
[2017.06.06-08.45.41:096][  0]LogDerivedDataCache: FFileSystemDerivedDataBackend: Move collision, attempt at redundant update, OK C:/Users/StudentUser/AppData/Local/UnrealEngine/Common/DerivedDataCache/7/3/6/NAVCOLLISION_B89838347A4348138EE337A847529C5C_NAVCOLLISION_X_94E0AE694A973E9E4__DD3BA8B1D518E78F589B8AA76D3B3382D3BE520C.udd.
[2017.06.06-08.45.41:096][  0]LogDerivedDataCache:Warning: FDerivedDataBackendAsyncPutWrapper: Put failed, keeping in memory copy NavCollision_B89838347A4348138EE337A847529C5C_NavCollision_X_94E0AE694A973E9E4__DD3BA8B1D518E78F589B8AA76D3B3382D3BE520C.
[2017.06.06-08.45.41:096][  0]LogDerivedDataCache: FFileSystemDerivedDataBackend: Move collision, attempt at redundant update, OK C:/Users/StudentUser/AppData/Local/UnrealEngine/Common/DerivedDataCache/9/9/8/NAVCOLLISION_B89838347A4348138EE337A847529C5C_NAVCOLLISION_X_6BCEFB424B078C462__E1AEEBD2118D4497EF42239EDB7D92562D15FFD4.udd.
[2017.06.06-08.45.41:096][  0]LogDerivedDataCache:Warning: FDerivedDataBackendAsyncPutWrapper: Put failed, keeping in memory copy NavCollision_B89838347A4348138EE337A847529C5C_NavCollision_X_6BCEFB424B078C462__E1AEEBD2118D4497EF42239EDB7D92562D15FFD4.
[2017.06.06-08.45.41:096][  0]LogDerivedDataCache: FFileSystemDerivedDataBackend: Move collision, attempt at redundant update, OK C:/Users/StudentUser/AppData/Local/UnrealEngine/Common/DerivedDataCache/0/7/9/NAVCOLLISION_B89838347A4348138EE337A847529C5C_NAVCOLLISION_X_42EDFCC34FCE6EDDF__D1BCF6AA5012B1EE07AB5DE41A5A417003CE2C0C.udd.
[2017.06.06-08.45.41:096][  0]LogDerivedDataCache: FFileSystemDerivedDataBackend: Move collision, attempt at redundant update, OK C:/Users/StudentUser/AppData/Local/UnrealEngine/Common/DerivedDataCache/0/7/9/NAVCOLLISION_B89838347A4348138EE337A847529C5C_NAVCOLLISION_X_42EDFCC34FCE6EDDF__D1BCF6AA5012B1EE07AB5DE41A5A417003CE2C0C.udd.
[2017.06.06-08.45.41:096][  0]LogDerivedDataCache:Warning: FDerivedDataBackendAsyncPutWrapper: Put failed, keeping in memory copy NavCollision_B89838347A4348138EE337A847529C5C_NavCollision_X_42EDFCC34FCE6EDDF__D1BCF6AA5012B1EE07AB5DE41A5A417003CE2C0C.
[2017.06.06-08.45.41:096][  0]LogDerivedDataCache: FFileSystemDerivedDataBackend: Move collision, attempt at redundant update, OK C:/Users/StudentUser/AppData/Local/UnrealEngine/Common/DerivedDataCache/5/8/2/NAVCOLLISION_B89838347A4348138EE337A847529C5C_NAVCOLLISION_X_0A55303844D68C51C__049D8F01073D263DF1C9612E962386EE3C44410A.udd.
[2017.06.06-08.45.41:096][  0]LogDerivedDataCache: FFileSystemDerivedDataBackend: Move collision, attempt at redundant update, OK C:/Users/StudentUser/AppData/Local/UnrealEngine/Common/DerivedDataCache/9/3/6/NAVCOLLISION_B89838347A4348138EE337A847529C5C_NAVCOLLISION_X_051310004F24EC2AE__CABD209F2C6AF3F01E7A8484183FBF6D2871CAC8.udd.
[2017.06.06-08.45.41:096][  0]LogDerivedDataCache: FFileSystemDerivedDataBackend: Move collision, attempt at redundant update, OK C:/Users/StudentUser/AppData/Local/UnrealEngine/Common/DerivedDataCache/5/8/2/NAVCOLLISION_B89838347A4348138EE337A847529C5C_NAVCOLLISION_X_0A55303844D68C51C__049D8F01073D263DF1C9612E962386EE3C44410A.udd.
[2017.06.06-08.45.41:096][  0]LogDerivedDataCache:Warning: FDerivedDataBackendAsyncPutWrapper: Put failed, keeping in memory copy NavCollision_B89838347A4348138EE337A847529C5C_NavCollision_X_0A55303844D68C51C__049D8F01073D263DF1C9612E962386EE3C44410A.
[2017.06.06-08.45.41:096][  0]LogDerivedDataCache: FFileSystemDerivedDataBackend: Move collision, attempt at redundant update, OK C:/Users/StudentUser/AppData/Local/UnrealEngine/Common/DerivedDataCache/9/3/6/NAVCOLLISION_B89838347A4348138EE337A847529C5C_NAVCOLLISION_X_051310004F24EC2AE__CABD209F2C6AF3F01E7A8484183FBF6D2871CAC8.udd.
[2017.06.06-08.45.41:096][  0]LogDerivedDataCache:Warning: FDerivedDataBackendAsyncPutWrapper: Put failed, keeping in memory copy NavCollision_B89838347A4348138EE337A847529C5C_NavCollision_X_051310004F24EC2AE__CABD209F2C6AF3F01E7A8484183FBF6D2871CAC8.
[2017.06.06-08.45.41:096][  0]LogDerivedDataCache: FFileSystemDerivedDataBackend: Move collision, attempt at redundant update, OK C:/Users/StudentUser/AppData/Local/UnrealEngine/Common/DerivedDataCache/2/4/0/NAVCOLLISION_B89838347A4348138EE337A847529C5C_NAVCOLLISION_X_9C42D3D548F5A4318__F321E3F9B466713B80258E5A93E73DAA5CD1C745.udd.
[2017.06.06-08.45.41:096][  0]LogDerivedDataCache: FFileSystemDerivedDataBackend: Move collision, attempt at redundant update, OK C:/Users/StudentUser/AppData/Local/UnrealEngine/Common/DerivedDataCache/8/0/2/NAVCOLLISION_B89838347A4348138EE337A847529C5C_NAVCOLLISION_X_54BD1B734DAB336A5__D28ECF04F470EDB1165161693FD043852B5C51FB.udd.
[2017.06.06-08.45.41:096][  0]LogDerivedDataCache: FFileSystemDerivedDataBackend: Move collision, attempt at redundant update, OK C:/Users/StudentUser/AppData/Local/UnrealEngine/Common/DerivedDataCache/2/4/0/NAVCOLLISION_B89838347A4348138EE337A847529C5C_NAVCOLLISION_X_9C42D3D548F5A4318__F321E3F9B466713B80258E5A93E73DAA5CD1C745.udd.
[2017.06.06-08.45.41:096][  0]LogDerivedDataCache:Warning: FDerivedDataBackendAsyncPutWrapper: Put failed, keeping in memory copy NavCollision_B89838347A4348138EE337A847529C5C_NavCollision_X_9C42D3D548F5A4318__F321E3F9B466713B80258E5A93E73DAA5CD1C745.
[2017.06.06-08.45.41:096][  0]LogDerivedDataCache: FFileSystemDerivedDataBackend: Move collision, attempt at redundant update, OK C:/Users/StudentUser/AppData/Local/UnrealEngine/Common/DerivedDataCache/8/0/2/NAVCOLLISION_B89838347A4348138EE337A847529C5C_NAVCOLLISION_X_54BD1B734DAB336A5__D28ECF04F470EDB1165161693FD043852B5C51FB.udd.
[2017.06.06-08.45.41:096][  0]LogDerivedDataCache:Warning: FDerivedDataBackendAsyncPutWrapper: Put failed, keeping in memory copy NavCollision_B89838347A4348138EE337A847529C5C_NavCollision_X_54BD1B734DAB336A5__D28ECF04F470EDB1165161693FD043852B5C51FB.
[2017.06.06-08.45.41:096][  0]LogDerivedDataCache: FFileSystemDerivedDataBackend: Move collision, attempt at redundant update, OK C:/Users/StudentUser/AppData/Local/UnrealEngine/Common/DerivedDataCache/2/5/7/NAVCOLLISION_B89838347A4348138EE337A847529C5C_NAVCOLLISION_X_6F4268794709331BF__A2C8CAE421C562F7E1B7E5B0B282E8ECE56A12E1.udd.
[2017.06.06-08.45.41:096][  0]LogDerivedDataCache: FFileSystemDerivedDataBackend: Move collision, attempt at redundant update, OK C:/Users/StudentUser/AppData/Local/UnrealEngine/Common/DerivedDataCache/2/5/7/NAVCOLLISION_B89838347A4348138EE337A847529C5C_NAVCOLLISION_X_6F4268794709331BF__A2C8CAE421C562F7E1B7E5B0B282E8ECE56A12E1.udd.
[2017.06.06-08.45.41:096][  0]LogDerivedDataCache: FFileSystemDerivedDataBackend: Move collision, attempt at redundant update, OK C:/Users/StudentUser/AppData/Local/UnrealEngine/Common/DerivedDataCache/3/9/9/NAVCOLLISION_B89838347A4348138EE337A847529C5C_NAVCOLLISION_X_6B9734AD4D2A490A4__CE225686DE6C34847293501D738AD890D78D3D9A.udd.
[2017.06.06-08.45.41:096][  0]LogDerivedDataCache:Warning: FDerivedDataBackendAsyncPutWrapper: Put failed, keeping in memory copy NavCollision_B89838347A4348138EE337A847529C5C_NavCollision_X_6F4268794709331BF__A2C8CAE421C562F7E1B7E5B0B282E8ECE56A12E1.
[2017.06.06-08.45.41:096][  0]LogDerivedDataCache: FFileSystemDerivedDataBackend: Move collision, attempt at redundant update, OK C:/Users/StudentUser/AppData/Local/UnrealEngine/Common/DerivedDataCache/3/9/9/NAVCOLLISION_B89838347A4348138EE337A847529C5C_NAVCOLLISION_X_6B9734AD4D2A490A4__CE225686DE6C34847293501D738AD890D78D3D9A.udd.
[2017.06.06-08.45.41:096][  0]LogDerivedDataCache:Warning: FDerivedDataBackendAsyncPutWrapper: Put failed, keeping in memory copy NavCollision_B89838347A4348138EE337A847529C5C_NavCollision_X_6B9734AD4D2A490A4__CE225686DE6C34847293501D738AD890D78D3D9A.
[2017.06.06-08.45.41:096][  0]LogDerivedDataCache: FFileSystemDerivedDataBackend: Move collision, attempt at redundant update, OK C:/Users/StudentUser/AppData/Local/UnrealEngine/Common/DerivedDataCache/3/7/1/NAVCOLLISION_B89838347A4348138EE337A847529C5C_NAVCOLLISION_X_00035B20465A412B4__AC9F5112E5344A131D89CBDF90EAA0DBDA134B74.udd.
[2017.06.06-08.45.41:096][  0]LogDerivedDataCache: FFileSystemDerivedDataBackend: Move collision, attempt at redundant update, OK C:/Users/StudentUser/AppData/Local/UnrealEngine/Common/DerivedDataCache/1/5/0/NAVCOLLISION_B89838347A4348138EE337A847529C5C_NAVCOLLISION_X_4964DD764D87976E7__E4AF617878CEE144B3BCBAA32F54AF5C61FA68A2.udd.
[2017.06.06-08.45.41:096][  0]LogDerivedDataCache: FFileSystemDerivedDataBackend: Move collision, attempt at redundant update, OK C:/Users/StudentUser/AppData/Local/UnrealEngine/Common/DerivedDataCache/3/7/1/NAVCOLLISION_B89838347A4348138EE337A847529C5C_NAVCOLLISION_X_00035B20465A412B4__AC9F5112E5344A131D89CBDF90EAA0DBDA134B74.udd.
[2017.06.06-08.45.41:096][  0]LogDerivedDataCache:Warning: FDerivedDataBackendAsyncPutWrapper: Put failed, keeping in memory copy NavCollision_B89838347A4348138EE337A847529C5C_NavCollision_X_00035B20465A412B4__AC9F5112E5344A131D89CBDF90EAA0DBDA134B74.
[2017.06.06-08.45.41:096][  0]LogDerivedDataCache: FFileSystemDerivedDataBackend: Move collision, attempt at redundant update, OK C:/Users/StudentUser/AppData/Local/UnrealEngine/Common/DerivedDataCache/1/5/0/NAVCOLLISION_B89838347A4348138EE337A847529C5C_NAVCOLLISION_X_4964DD764D87976E7__E4AF617878CEE144B3BCBAA32F54AF5C61FA68A2.udd.
[2017.06.06-08.45.41:096][  0]LogDerivedDataCache:Warning: FDerivedDataBackendAsyncPutWrapper: Put failed, keeping in memory copy NavCollision_B89838347A4348138EE337A847529C5C_NavCollision_X_4964DD764D87976E7__E4AF617878CEE144B3BCBAA32F54AF5C61FA68A2.
[2017.06.06-08.45.41:096][  0]LogDerivedDataCache: FFileSystemDerivedDataBackend: Move collision, attempt at redundant update, OK C:/Users/StudentUser/AppData/Local/UnrealEngine/Common/DerivedDataCache/3/3/6/NAVCOLLISION_B89838347A4348138EE337A847529C5C_NAVCOLLISION_X_C947B2C745CA930D0__7D69724AFFE759706C7977272B775522B2015841.udd.
[2017.06.06-08.45.41:096][  0]LogDerivedDataCache: FFileSystemDerivedDataBackend: Move collision, attempt at redundant update, OK C:/Users/StudentUser/AppData/Local/UnrealEngine/Common/DerivedDataCache/1/3/7/NAVCOLLISION_B89838347A4348138EE337A847529C5C_NAVCOLLISION_X_CFCCA48A4A18385DD__0CC6364C0B00D5EF6A56CDC07CE7DDED96DCB026.udd.
[2017.06.06-08.45.41:096][  0]LogDerivedDataCache: FFileSystemDerivedDataBackend: Move collision, attempt at redundant update, OK C:/Users/StudentUser/AppData/Local/UnrealEngine/Common/DerivedDataCache/3/3/6/NAVCOLLISION_B89838347A4348138EE337A847529C5C_NAVCOLLISION_X_C947B2C745CA930D0__7D69724AFFE759706C7977272B775522B2015841.udd.
[2017.06.06-08.45.41:096][  0]LogDerivedDataCache:Warning: FDerivedDataBackendAsyncPutWrapper: Put failed, keeping in memory copy NavCollision_B89838347A4348138EE337A847529C5C_NavCollision_X_C947B2C745CA930D0__7D69724AFFE759706C7977272B775522B2015841.
[2017.06.06-08.45.41:096][  0]LogDerivedDataCache: FFileSystemDerivedDataBackend: Move collision, attempt at redundant update, OK C:/Users/StudentUser/AppData/Local/UnrealEngine/Common/DerivedDataCache/7/3/7/NAVCOLLISION_B89838347A4348138EE337A847529C5C_NAVCOLLISION_X_A81230324D8D6D9BE__AC57EB3E9071C6E0A0D8A1230CBAFE0396D509DC.udd.
[2017.06.06-08.45.41:096][  0]LogDerivedDataCache: FFileSystemDerivedDataBackend: Move collision, attempt at redundant update, OK C:/Users/StudentUser/AppData/Local/UnrealEngine/Common/DerivedDataCache/2/0/8/NAVCOLLISION_B89838347A4348138EE337A847529C5C_NAVCOLLISION_X_3CDC74B44DA2C4C56__CD86D7976D86107F84F4CEFBD03604E1EA0611D9.udd.
[2017.06.06-08.45.41:096][  0]LogDerivedDataCache: FFileSystemDerivedDataBackend: Move collision, attempt at redundant update, OK C:/Users/StudentUser/AppData/Local/UnrealEngine/Common/DerivedDataCache/7/3/7/NAVCOLLISION_B89838347A4348138EE337A847529C5C_NAVCOLLISION_X_A81230324D8D6D9BE__AC57EB3E9071C6E0A0D8A1230CBAFE0396D509DC.udd.
[2017.06.06-08.45.41:096][  0]LogDerivedDataCache: FFileSystemDerivedDataBackend: Move collision, attempt at redundant update, OK C:/Users/StudentUser/AppData/Local/UnrealEngine/Common/DerivedDataCache/2/0/8/NAVCOLLISION_B89838347A4348138EE337A847529C5C_NAVCOLLISION_X_3CDC74B44DA2C4C56__CD86D7976D86107F84F4CEFBD03604E1EA0611D9.udd.
[2017.06.06-08.45.41:096][  0]LogDerivedDataCache:Warning: FDerivedDataBackendAsyncPutWrapper: Put failed, keeping in memory copy NavCollision_B89838347A4348138EE337A847529C5C_NavCollision_X_A81230324D8D6D9BE__AC57EB3E9071C6E0A0D8A1230CBAFE0396D509DC.
[2017.06.06-08.45.41:096][  0]LogDerivedDataCache:Warning: FDerivedDataBackendAsyncPutWrapper: Put failed, keeping in memory copy NavCollision_B89838347A4348138EE337A847529C5C_NavCollision_X_3CDC74B44DA2C4C56__CD86D7976D86107F84F4CEFBD03604E1EA0611D9.
[2017.06.06-08.45.41:096][  0]LogPhysics:Warning: PHYSX: (..\..\PhysXCooking\src\mesh\TriangleMeshBuilder.cpp 264) eINTERNAL_ERROR : cleaning the mesh failed
[2017.06.06-08.45.41:096][  0]LogPhysics:Warning: Failed to cook TriMesh: /Game/StaticMeshes/castle__2__pSphere16.castle__2__pSphere16.
[2017.06.06-08.45.41:097][  0]LogPhysics:Warning: PHYSX: (..\..\PhysXCooking\src\mesh\TriangleMeshBuilder.cpp 264) eINTERNAL_ERROR : cleaning the mesh failed
[2017.06.06-08.45.41:097][  0]LogPhysics:Warning: Failed to cook TriMesh: /Game/StaticMeshes/castle__2__pSphere14.castle__2__pSphere14.
[2017.06.06-08.45.42:997][  0]LogDerivedDataCache: FFileSystemDerivedDataBackend: Move collision, attempt at redundant update, OK C:/Users/StudentUser/AppData/Local/UnrealEngine/Common/DerivedDataCache/4/5/8/NAVCOLLISION_B89838347A4348138EE337A847529C5C_NAVCOLLISION_X_45A0296343513D166__60BE2A623CA6503335E5121C871089E011989010.udd.
[2017.06.06-08.45.42:997][  0]LogDerivedDataCache: FFileSystemDerivedDataBackend: Move collision, attempt at redundant update, OK C:/Users/StudentUser/AppData/Local/UnrealEngine/Common/DerivedDataCache/8/7/2/PHYSX_6FF6F996840F4A23995CD1B9DD0D80B7_PHYSXPC_8579E06D473B6810DEAAFAAE0AF89E3__385C61CCC82CA56B9243A83DE07C6B7252E1AEEF.udd.
[2017.06.06-08.45.42:997][  0]LogDerivedDataCache: FFileSystemDerivedDataBackend: Move collision, attempt at redundant update, OK C:/Users/StudentUser/AppData/Local/UnrealEngine/Common/DerivedDataCache/4/5/8/NAVCOLLISION_B89838347A4348138EE337A847529C5C_NAVCOLLISION_X_45A0296343513D166__60BE2A623CA6503335E5121C871089E011989010.udd.
[2017.06.06-08.45.42:997][  0]LogDerivedDataCache:Warning: FDerivedDataBackendAsyncPutWrapper: Put failed, keeping in memory copy NavCollision_B89838347A4348138EE337A847529C5C_NavCollision_X_45A0296343513D166__60BE2A623CA6503335E5121C871089E011989010.
[2017.06.06-08.45.42:997][  0]LogDerivedDataCache: FFileSystemDerivedDataBackend: Move collision, attempt at redundant update, OK C:/Users/StudentUser/AppData/Local/UnrealEngine/Common/DerivedDataCache/8/7/2/PHYSX_6FF6F996840F4A23995CD1B9DD0D80B7_PHYSXPC_8579E06D473B6810DEAAFAAE0AF89E3__385C61CCC82CA56B9243A83DE07C6B7252E1AEEF.udd.
[2017.06.06-08.45.42:997][  0]LogDerivedDataCache:Warning: FDerivedDataBackendAsyncPutWrapper: Put failed, keeping in memory copy PhysX_6FF6F996840F4A23995CD1B9DD0D80B7_PhysXPC_8579E06D473B6810DEAAFAAE0AF89E3__385C61CCC82CA56B9243A83DE07C6B7252E1AEEF.
[2017.06.06-08.45.42:997][  0]LogDerivedDataCache:Warning: FFileSystemDerivedDataBackend: Could not write temp file C:/Users/StudentUser/AppData/Local/UnrealEngine/Common/DerivedDataCache/7/5/3/temp.1C3809F04EA0BCB7623FA2ACA1EC584B!
[2017.06.06-08.45.42:997][  0]LogDerivedDataCache: FFileSystemDerivedDataBackend: Move collision, attempt at redundant update, OK C:/Users/StudentUser/AppData/Local/UnrealEngine/Common/DerivedDataCache/0/8/3/PHYSX_6FF6F996840F4A23995CD1B9DD0D80B7_PHYSXPC_A22C37EC456770CA5B299B9D7F096B3__1233FCDCFA6DB65C4745790728302387AEACF918.udd.
[2017.06.06-08.45.42:997][  0]LogDerivedDataCache:Warning: FFileSystemDerivedDataBackend: Could not write temp file C:/Users/StudentUser/AppData/Local/UnrealEngine/Common/DerivedDataCache/7/5/3/temp.51F003E74F4672CDD4B9949026816E59!
[2017.06.06-08.45.42:997][  0]LogDerivedDataCache:Warning: FDerivedDataBackendAsyncPutWrapper: Put failed, keeping in memory copy NavCollision_B89838347A4348138EE337A847529C5C_NavCollision_X_A22C37EC456770CA5__F5EC0BE7B5BF97A73C8A02B9E7E74028583BD468.
[2017.06.06-08.45.42:997][  0]LogDerivedDataCache: FFileSystemDerivedDataBackend: Move collision, attempt at redundant update, OK C:/Users/StudentUser/AppData/Local/UnrealEngine/Common/DerivedDataCache/5/3/2/NAVCOLLISION_B89838347A4348138EE337A847529C5C_NAVCOLLISION_X_8579E06D473B6810D__B210EE57D3C5EFD57F734BFFC62017E3D5E8B84A.udd.
[2017.06.06-08.45.42:997][  0]LogDerivedDataCache: FFileSystemDerivedDataBackend: Move collision, attempt at redundant update, OK C:/Users/StudentUser/AppData/Local/UnrealEngine/Common/DerivedDataCache/0/8/3/PHYSX_6FF6F996840F4A23995CD1B9DD0D80B7_PHYSXPC_A22C37EC456770CA5B299B9D7F096B3__1233FCDCFA6DB65C4745790728302387AEACF918.udd.
[2017.06.06-08.45.42:997][  0]LogDerivedDataCache: FFileSystemDerivedDataBackend: Move collision, attempt at redundant update, OK C:/Users/StudentUser/AppData/Local/UnrealEngine/Common/DerivedDataCache/2/6/3/PHYSX_6FF6F996840F4A23995CD1B9DD0D80B7_PHYSXPC_09BDCF0C47DD9A039ADA7FBF8A7CE41__F6C7FB517E9E9848C31E9C0B775D40835E866E3C.udd.
[2017.06.06-08.45.42:997][  0]LogDerivedDataCache:Warning: FDerivedDataBackendAsyncPutWrapper: Put failed, keeping in memory copy PhysX_6FF6F996840F4A23995CD1B9DD0D80B7_PhysXPC_A22C37EC456770CA5B299B9D7F096B3__1233FCDCFA6DB65C4745790728302387AEACF918.
[2017.06.06-08.45.42:997][  0]LogDerivedDataCache: FFileSystemDerivedDataBackend: Move collision, attempt at redundant update, OK C:/Users/StudentUser/AppData/Local/UnrealEngine/Common/DerivedDataCache/5/3/2/NAVCOLLISION_B89838347A4348138EE337A847529C5C_NAVCOLLISION_X_8579E06D473B6810D__B210EE57D3C5EFD57F734BFFC62017E3D5E8B84A.udd.
[2017.06.06-08.45.42:997][  0]LogDerivedDataCache:Warning: FDerivedDataBackendAsyncPutWrapper: Put failed, keeping in memory copy NavCollision_B89838347A4348138EE337A847529C5C_NavCollision_X_8579E06D473B6810D__B210EE57D3C5EFD57F734BFFC62017E3D5E8B84A.
[2017.06.06-08.45.42:997][  0]LogDerivedDataCache: FFileSystemDerivedDataBackend: Move collision, attempt at redundant update, OK C:/Users/StudentUser/AppData/Local/UnrealEngine/Common/DerivedDataCache/2/6/3/PHYSX_6FF6F996840F4A23995CD1B9DD0D80B7_PHYSXPC_09BDCF0C47DD9A039ADA7FBF8A7CE41__F6C7FB517E9E9848C31E9C0B775D40835E866E3C.udd.
[2017.06.06-08.45.42:997][  0]LogDerivedDataCache:Warning: FDerivedDataBackendAsyncPutWrapper: Put failed, keeping in memory copy PhysX_6FF6F996840F4A23995CD1B9DD0D80B7_PhysXPC_09BDCF0C47DD9A039ADA7FBF8A7CE41__F6C7FB517E9E9848C31E9C0B775D40835E866E3C.
[2017.06.06-08.45.42:997][  0]LogDerivedDataCache: FFileSystemDerivedDataBackend: Move collision, attempt at redundant update, OK C:/Users/StudentUser/AppData/Local/UnrealEngine/Common/DerivedDataCache/5/3/7/NAVCOLLISION_B89838347A4348138EE337A847529C5C_NAVCOLLISION_X_0D7E3F2441254EDB5__2430828764C01A4425316E294C81C8D37FF7B484.udd.
[2017.06.06-08.45.42:997][  0]LogDerivedDataCache: FFileSystemDerivedDataBackend: Move collision, attempt at redundant update, OK C:/Users/StudentUser/AppData/Local/UnrealEngine/Common/DerivedDataCache/5/3/7/NAVCOLLISION_B89838347A4348138EE337A847529C5C_NAVCOLLISION_X_0D7E3F2441254EDB5__2430828764C01A4425316E294C81C8D37FF7B484.udd.
[2017.06.06-08.45.42:997][  0]LogDerivedDataCache:Warning: FDerivedDataBackendAsyncPutWrapper: Put failed, keeping in memory copy NavCollision_B89838347A4348138EE337A847529C5C_NavCollision_X_0D7E3F2441254EDB5__2430828764C01A4425316E294C81C8D37FF7B484.
[2017.06.06-08.45.42:997][  0]LogDerivedDataCache: FFileSystemDerivedDataBackend: Move collision, attempt at redundant update, OK C:/Users/StudentUser/AppData/Local/UnrealEngine/Common/DerivedDataCache/5/5/8/NAVCOLLISION_B89838347A4348138EE337A847529C5C_NAVCOLLISION_X_B1D4F07848CA152DA__EE234DA9F00338372EA8D8B6C4B399EBAAB5E1A3.udd.
[2017.06.06-08.45.42:997][  0]LogDerivedDataCache: FFileSystemDerivedDataBackend: Move collision, attempt at redundant update, OK C:/Users/StudentUser/AppData/Local/UnrealEngine/Common/DerivedDataCache/5/5/8/NAVCOLLISION_B89838347A4348138EE337A847529C5C_NAVCOLLISION_X_B1D4F07848CA152DA__EE234DA9F00338372EA8D8B6C4B399EBAAB5E1A3.udd.
[2017.06.06-08.45.42:997][  0]LogDerivedDataCache:Warning: FDerivedDataBackendAsyncPutWrapper: Put failed, keeping in memory copy NavCollision_B89838347A4348138EE337A847529C5C_NavCollision_X_B1D4F07848CA152DA__EE234DA9F00338372EA8D8B6C4B399EBAAB5E1A3.
[2017.06.06-08.45.42:997][  0]LogDerivedDataCache: FFileSystemDerivedDataBackend: Move collision, attempt at redundant update, OK C:/Users/StudentUser/AppData/Local/UnrealEngine/Common/DerivedDataCache/4/2/3/NAVCOLLISION_B89838347A4348138EE337A847529C5C_NAVCOLLISION_X_870861044471EF478__C5A12C584512A9CCB35323DA2E61B6C90B1DA571.udd.
[2017.06.06-08.45.42:997][  0]LogDerivedDataCache: FFileSystemDerivedDataBackend: Move collision, attempt at redundant update, OK C:/Users/StudentUser/AppData/Local/UnrealEngine/Common/DerivedDataCache/4/2/3/NAVCOLLISION_B89838347A4348138EE337A847529C5C_NAVCOLLISION_X_870861044471EF478__C5A12C584512A9CCB35323DA2E61B6C90B1DA571.udd.
[2017.06.06-08.45.42:997][  0]LogDerivedDataCache:Warning: FDerivedDataBackendAsyncPutWrapper: Put failed, keeping in memory copy NavCollision_B89838347A4348138EE337A847529C5C_NavCollision_X_870861044471EF478__C5A12C584512A9CCB35323DA2E61B6C90B1DA571.
[2017.06.06-08.45.42:997][  0]LogDerivedDataCache: FFileSystemDerivedDataBackend: Move collision, attempt at redundant update, OK C:/Users/StudentUser/AppData/Local/UnrealEngine/Common/DerivedDataCache/6/9/9/NAVCOLLISION_B89838347A4348138EE337A847529C5C_NAVCOLLISION_X_320DACCB4924D9643__E4D15752E5B545F1C0AF80137D487F0B36615982.udd.
[2017.06.06-08.45.42:997][  0]LogDerivedDataCache: FFileSystemDerivedDataBackend: Move collision, attempt at redundant update, OK C:/Users/StudentUser/AppData/Local/UnrealEngine/Common/DerivedDataCache/6/9/9/NAVCOLLISION_B89838347A4348138EE337A847529C5C_NAVCOLLISION_X_320DACCB4924D9643__E4D15752E5B545F1C0AF80137D487F0B36615982.udd.
[2017.06.06-08.45.42:997][  0]LogDerivedDataCache:Warning: FDerivedDataBackendAsyncPutWrapper: Put failed, keeping in memory copy NavCollision_B89838347A4348138EE337A847529C5C_NavCollision_X_320DACCB4924D9643__E4D15752E5B545F1C0AF80137D487F0B36615982.
[2017.06.06-08.45.42:997][  0]LogDerivedDataCache: FFileSystemDerivedDataBackend: Move collision, attempt at redundant update, OK C:/Users/StudentUser/AppData/Local/UnrealEngine/Common/DerivedDataCache/3/1/3/PHYSX_6FF6F996840F4A23995CD1B9DD0D80B7_PHYSXPC_B1D4F07848CA152DA7B53BBB1020DA1__F86DE2A22DCCDE1614002E88375BFAD6ED332AE3.udd.
[2017.06.06-08.45.42:997][  0]LogDerivedDataCache: FFileSystemDerivedDataBackend: Move collision, attempt at redundant update, OK C:/Users/StudentUser/AppData/Local/UnrealEngine/Common/DerivedDataCache/3/1/3/PHYSX_6FF6F996840F4A23995CD1B9DD0D80B7_PHYSXPC_B1D4F07848CA152DA7B53BBB1020DA1__F86DE2A22DCCDE1614002E88375BFAD6ED332AE3.udd.
[2017.06.06-08.45.42:997][  0]LogDerivedDataCache:Warning: FDerivedDataBackendAsyncPutWrapper: Put failed, keeping in memory copy PhysX_6FF6F996840F4A23995CD1B9DD0D80B7_PhysXPC_B1D4F07848CA152DA7B53BBB1020DA1__F86DE2A22DCCDE1614002E88375BFAD6ED332AE3.
[2017.06.06-08.45.42:997][  0]LogDerivedDataCache: FFileSystemDerivedDataBackend: Move collision, attempt at redundant update, OK C:/Users/StudentUser/AppData/Local/UnrealEngine/Common/DerivedDataCache/0/5/7/NAVCOLLISION_B89838347A4348138EE337A847529C5C_NAVCOLLISION_X_521BA2A6486ACAFE9__CE060B1C9D506028C7BB2C7DDFBD90E964F34CFE.udd.
[2017.06.06-08.45.42:997][  0]LogDerivedDataCache: FFileSystemDerivedDataBackend: Move collision, attempt at redundant update, OK C:/Users/StudentUser/AppData/Local/UnrealEngine/Common/DerivedDataCache/0/5/7/NAVCOLLISION_B89838347A4348138EE337A847529C5C_NAVCOLLISION_X_521BA2A6486ACAFE9__CE060B1C9D506028C7BB2C7DDFBD90E964F34CFE.udd.
[2017.06.06-08.45.42:997][  0]LogDerivedDataCache:Warning: FDerivedDataBackendAsyncPutWrapper: Put failed, keeping in memory copy NavCollision_B89838347A4348138EE337A847529C5C_NavCollision_X_521BA2A6486ACAFE9__CE060B1C9D506028C7BB2C7DDFBD90E964F34CFE.
[2017.06.06-08.45.42:997][  0]LogDerivedDataCache: FFileSystemDerivedDataBackend: Move collision, attempt at redundant update, OK C:/Users/StudentUser/AppData/Local/UnrealEngine/Common/DerivedDataCache/5/2/9/NAVCOLLISION_B89838347A4348138EE337A847529C5C_NAVCOLLISION_X_6B2441404CCF89A88__F4291B61B635AEA56C838BC6AA5A673E3C75CA03.udd.
[2017.06.06-08.45.42:997][  0]LogDerivedDataCache: FFileSystemDerivedDataBackend: Move collision, attempt at redundant update, OK C:/Users/StudentUser/AppData/Local/UnrealEngine/Common/DerivedDataCache/5/2/9/NAVCOLLISION_B89838347A4348138EE337A847529C5C_NAVCOLLISION_X_6B2441404CCF89A88__F4291B61B635AEA56C838BC6AA5A673E3C75CA03.udd.
[2017.06.06-08.45.42:997][  0]LogDerivedDataCache:Warning: FDerivedDataBackendAsyncPutWrapper: Put failed, keeping in memory copy NavCollision_B89838347A4348138EE337A847529C5C_NavCollision_X_6B2441404CCF89A88__F4291B61B635AEA56C838BC6AA5A673E3C75CA03.
[2017.06.06-08.45.42:997][  0]LogDerivedDataCache: FFileSystemDerivedDataBackend: Move collision, attempt at redundant update, OK C:/Users/StudentUser/AppData/Local/UnrealEngine/Common/DerivedDataCache/5/9/9/NAVCOLLISION_B89838347A4348138EE337A847529C5C_NAVCOLLISION_X_FA9F76234C9277ECD__217697EA44183ED94C6971E7AD48C46403896BCC.udd.
[2017.06.06-08.45.42:997][  0]LogDerivedDataCache: FFileSystemDerivedDataBackend: Move collision, attempt at redundant update, OK C:/Users/StudentUser/AppData/Local/UnrealEngine/Common/DerivedDataCache/5/9/9/NAVCOLLISION_B89838347A4348138EE337A847529C5C_NAVCOLLISION_X_FA9F76234C9277ECD__217697EA44183ED94C6971E7AD48C46403896BCC.udd.
[2017.06.06-08.45.42:997][  0]LogDerivedDataCache:Warning: FDerivedDataBackendAsyncPutWrapper: Put failed, keeping in memory copy NavCollision_B89838347A4348138EE337A847529C5C_NavCollision_X_FA9F76234C9277ECD__217697EA44183ED94C6971E7AD48C46403896BCC.
[2017.06.06-08.45.42:997][  0]LogDerivedDataCache:Warning: FFileSystemDerivedDataBackend: Could not write temp file C:/Users/StudentUser/AppData/Local/UnrealEngine/Common/DerivedDataCache/7/2/3/temp.2F7FE0AE4C079DDADCC31CBA8A32FF4B!
[2017.06.06-08.45.42:997][  0]LogDerivedDataCache: FFileSystemDerivedDataBackend: Move collision, attempt at redundant update, OK C:/Users/StudentUser/AppData/Local/UnrealEngine/Common/DerivedDataCache/9/2/0/NAVCOLLISION_B89838347A4348138EE337A847529C5C_NAVCOLLISION_X_09BDCF0C47DD9A039__D08E2825BA187A5A4C210CF74119AF88F26B550F.udd.
[2017.06.06-08.45.42:997][  0]LogDerivedDataCache:Warning: FFileSystemDerivedDataBackend: Could not write temp file C:/Users/StudentUser/AppData/Local/UnrealEngine/Common/DerivedDataCache/7/2/3/temp.868CACE94D0E10FF15D8A2B702734C7F!
[2017.06.06-08.45.42:997][  0]LogDerivedDataCache:Warning: FDerivedDataBackendAsyncPutWrapper: Put failed, keeping in memory copy NavCollision_B89838347A4348138EE337A847529C5C_NavCollision_X_76AB73C24D48B9209__0B5660247DEF58D2464B7C70D59B70A3F93D7742.
[2017.06.06-08.45.42:997][  0]LogDerivedDataCache: FFileSystemDerivedDataBackend: Move collision, attempt at redundant update, OK C:/Users/StudentUser/AppData/Local/UnrealEngine/Common/DerivedDataCache/9/2/4/NAVCOLLISION_B89838347A4348138EE337A847529C5C_NAVCOLLISION_X_DA0095CA4308F6180__4E595529CDB9F8638B333A0E78D609349960688C.udd.
[2017.06.06-08.45.42:997][  0]LogDerivedDataCache: FFileSystemDerivedDataBackend: Move collision, attempt at redundant update, OK C:/Users/StudentUser/AppData/Local/UnrealEngine/Common/DerivedDataCache/9/2/0/NAVCOLLISION_B89838347A4348138EE337A847529C5C_NAVCOLLISION_X_09BDCF0C47DD9A039__D08E2825BA187A5A4C210CF74119AF88F26B550F.udd.
[2017.06.06-08.45.42:997][  0]LogDerivedDataCache:Warning: FDerivedDataBackendAsyncPutWrapper: Put failed, keeping in memory copy NavCollision_B89838347A4348138EE337A847529C5C_NavCollision_X_09BDCF0C47DD9A039__D08E2825BA187A5A4C210CF74119AF88F26B550F.
[2017.06.06-08.45.42:997][  0]LogDerivedDataCache: FFileSystemDerivedDataBackend: Move collision, attempt at redundant update, OK C:/Users/StudentUser/AppData/Local/UnrealEngine/Common/DerivedDataCache/9/2/4/NAVCOLLISION_B89838347A4348138EE337A847529C5C_NAVCOLLISION_X_DA0095CA4308F6180__4E595529CDB9F8638B333A0E78D609349960688C.udd.
[2017.06.06-08.45.42:997][  0]LogDerivedDataCache:Warning: FDerivedDataBackendAsyncPutWrapper: Put failed, keeping in memory copy NavCollision_B89838347A4348138EE337A847529C5C_NavCollision_X_DA0095CA4308F6180__4E595529CDB9F8638B333A0E78D609349960688C.
[2017.06.06-08.45.42:997][  0]LogDerivedDataCache: FFileSystemDerivedDataBackend: Move collision, attempt at redundant update, OK C:/Users/StudentUser/AppData/Local/UnrealEngine/Common/DerivedDataCache/0/1/6/NAVCOLLISION_B89838347A4348138EE337A847529C5C_NAVCOLLISION_X_CCF027254BBAF203E__4BB1F04DCAAA56D3AE8A98C2285F9ED4A9388448.udd.
[2017.06.06-08.45.42:997][  0]LogDerivedDataCache: FFileSystemDerivedDataBackend: Move collision, attempt at redundant update, OK C:/Users/StudentUser/AppData/Local/UnrealEngine/Common/DerivedDataCache/7/6/0/NAVCOLLISION_B89838347A4348138EE337A847529C5C_NAVCOLLISION_X_065C51F04F1532F33__DD34F36F4F2D600E71F9AE5A84EC79FF3EA13AD9.udd.
[2017.06.06-08.45.42:997][  0]LogDerivedDataCache: FFileSystemDerivedDataBackend: Move collision, attempt at redundant update, OK C:/Users/StudentUser/AppData/Local/UnrealEngine/Common/DerivedDataCache/5/3/2/NAVCOLLISION_B89838347A4348138EE337A847529C5C_NAVCOLLISION_X_8ADC038D41638FA04__D8F68B67517A0C7367324AE9FB697D4574C85877.udd.
[2017.06.06-08.45.42:997][  0]LogDerivedDataCache: FFileSystemDerivedDataBackend: Move collision, attempt at redundant update, OK C:/Users/StudentUser/AppData/Local/UnrealEngine/Common/DerivedDataCache/0/1/6/NAVCOLLISION_B89838347A4348138EE337A847529C5C_NAVCOLLISION_X_CCF027254BBAF203E__4BB1F04DCAAA56D3AE8A98C2285F9ED4A9388448.udd.
[2017.06.06-08.45.42:997][  0]LogDerivedDataCache:Warning: FDerivedDataBackendAsyncPutWrapper: Put failed, keeping in memory copy NavCollision_B89838347A4348138EE337A847529C5C_NavCollision_X_CCF027254BBAF203E__4BB1F04DCAAA56D3AE8A98C2285F9ED4A9388448.
[2017.06.06-08.45.42:997][  0]LogDerivedDataCache: FFileSystemDerivedDataBackend: Move collision, attempt at redundant update, OK C:/Users/StudentUser/AppData/Local/UnrealEngine/Common/DerivedDataCache/7/6/0/NAVCOLLISION_B89838347A4348138EE337A847529C5C_NAVCOLLISION_X_065C51F04F1532F33__DD34F36F4F2D600E71F9AE5A84EC79FF3EA13AD9.udd.
[2017.06.06-08.45.42:997][  0]LogDerivedDataCache:Warning: FDerivedDataBackendAsyncPutWrapper: Put failed, keeping in memory copy NavCollision_B89838347A4348138EE337A847529C5C_NavCollision_X_065C51F04F1532F33__DD34F36F4F2D600E71F9AE5A84EC79FF3EA13AD9.
[2017.06.06-08.45.42:997][  0]LogDerivedDataCache: FFileSystemDerivedDataBackend: Move collision, attempt at redundant update, OK C:/Users/StudentUser/AppData/Local/UnrealEngine/Common/DerivedDataCache/5/3/2/NAVCOLLISION_B89838347A4348138EE337A847529C5C_NAVCOLLISION_X_8ADC038D41638FA04__D8F68B67517A0C7367324AE9FB697D4574C85877.udd.
[2017.06.06-08.45.42:997][  0]LogDerivedDataCache:Warning: FDerivedDataBackendAsyncPutWrapper: Put failed, keeping in memory copy NavCollision_B89838347A4348138EE337A847529C5C_NavCollision_X_8ADC038D41638FA04__D8F68B67517A0C7367324AE9FB697D4574C85877.
[2017.06.06-08.45.42:997][  0]LogDerivedDataCache: FFileSystemDerivedDataBackend: Move collision, attempt at redundant update, OK C:/Users/StudentUser/AppData/Local/UnrealEngine/Common/DerivedDataCache/5/0/9/NAVCOLLISION_B89838347A4348138EE337A847529C5C_NAVCOLLISION_X_6F6A345F4C4073F14__3F380D612EBD1957889584102B5281096632C58B.udd.
[2017.06.06-08.45.42:997][  0]LogDerivedDataCache: FFileSystemDerivedDataBackend: Move collision, attempt at redundant update, OK C:/Users/StudentUser/AppData/Local/UnrealEngine/Common/DerivedDataCache/3/1/8/NAVCOLLISION_B89838347A4348138EE337A847529C5C_NAVCOLLISION_X_056DAFC146E9D3A8C__13ACFA6F8E8700B64BB8ED38D244B3B31FD1336E.udd.
[2017.06.06-08.45.42:997][  0]LogDerivedDataCache: FFileSystemDerivedDataBackend: Move collision, attempt at redundant update, OK C:/Users/StudentUser/AppData/Local/UnrealEngine/Common/DerivedDataCache/5/0/9/NAVCOLLISION_B89838347A4348138EE337A847529C5C_NAVCOLLISION_X_6F6A345F4C4073F14__3F380D612EBD1957889584102B5281096632C58B.udd.
[2017.06.06-08.45.42:997][  0]LogDerivedDataCache: FFileSystemDerivedDataBackend: Move collision, attempt at redundant update, OK C:/Users/StudentUser/AppData/Local/UnrealEngine/Common/DerivedDataCache/3/1/8/NAVCOLLISION_B89838347A4348138EE337A847529C5C_NAVCOLLISION_X_056DAFC146E9D3A8C__13ACFA6F8E8700B64BB8ED38D244B3B31FD1336E.udd.
[2017.06.06-08.45.42:997][  0]LogDerivedDataCache:Warning: FDerivedDataBackendAsyncPutWrapper: Put failed, keeping in memory copy NavCollision_B89838347A4348138EE337A847529C5C_NavCollision_X_6F6A345F4C4073F14__3F380D612EBD1957889584102B5281096632C58B.
[2017.06.06-08.45.42:997][  0]LogDerivedDataCache:Warning: FDerivedDataBackendAsyncPutWrapper: Put failed, keeping in memory copy NavCollision_B89838347A4348138EE337A847529C5C_NavCollision_X_056DAFC146E9D3A8C__13ACFA6F8E8700B64BB8ED38D244B3B31FD1336E.
[2017.06.06-08.45.43:038][  0]LogAIModule: Creating AISystem for world default
[2017.06.06-08.45.43:104][  0]LogEditorServer: Finished looking for orphan Actors (0.000 secs)
[2017.06.06-08.45.43:157][  0]Cmd: MAP CHECKDEP NOCLEARLOG
[2017.06.06-08.45.43:204][  0]MapCheck: Info Map check complete: 0 Error(s), 0 Warning(s), took 47.703ms to complete.
[2017.06.06-08.45.43:204][  0]LogFileHelpers: Loading map 'default' took 5.190
[2017.06.06-08.45.43:308][  0]LogCollectionManager: Loaded 0 collections in 0.001063 seconds
[2017.06.06-08.45.43:346][  0]LogFileCache: Scanning file cache for directory 'E:/Castle-Guard-Working-Bow/CastleGuard/ProjectFiles/Saved/Collections/' took 0.01s
[2017.06.06-08.45.43:346][  0]LogFileCache: Scanning file cache for directory 'E:/Castle-Guard-Working-Bow/CastleGuard/ProjectFiles/Content/Developers/StudentUser/Collections/' took 0.01s
[2017.06.06-08.45.43:346][  0]LogFileCache: Scanning file cache for directory 'E:/Castle-Guard-Working-Bow/CastleGuard/ProjectFiles/Content/Collections/' took 0.01s
[2017.06.06-08.45.43:346][  0]LogCollectionManager: Rebuilt the GUID cache for 0 collections in 0.000002 seconds
[2017.06.06-08.45.43:355][  0]LogContentBrowser: Native class hierarchy populated in 0.0083 seconds. Added 2164 classes and 432 folders.
[2017.06.06-08.45.43:357][  0]LogStats: UGameplayTagsManager::ConstructGameplayTagTree: Construct from data asset -  0.000 s
[2017.06.06-08.45.43:357][  0]LogStats: UGameplayTagsManager::ConstructGameplayTagTree: GameplayTagTreeChangedEvent.Broadcast -  0.000 s
[2017.06.06-08.45.43:358][  0]LogContentBrowser: Native class hierarchy updated for 'GameplayTags' in 0.0010 seconds. Added 12 classes and 0 folders.
[2017.06.06-08.45.43:362][  0]LogContentBrowser: Native class hierarchy updated for 'WidgetCarousel' in 0.0009 seconds. Added 0 classes and 0 folders.
[2017.06.06-08.45.43:393][  0]LogContentBrowser: Native class hierarchy updated for 'AddContentDialog' in 0.0010 seconds. Added 0 classes and 0 folders.
[2017.06.06-08.45.43:397][  0]LogContentBrowser: Native class hierarchy updated for 'SceneOutliner' in 0.0010 seconds. Added 1 classes and 2 folders.
[2017.06.06-08.45.43:409][  0]LogCrashTracker: Crashtracker disabled due to settings.
[2017.06.06-08.45.43:413][  0]LogUObjectGlobals:Warning: Failed to find object 'Class None.'
[2017.06.06-08.45.43:440][  0]LogContentBrowser: Native class hierarchy updated for 'HierarchicalLODOutliner' in 0.0010 seconds. Added 1 classes and 2 folders.
[2017.06.06-08.45.43:441][  0]LogLoad: (Engine Initialization) Total time: 19.64 seconds
[2017.06.06-08.45.43:441][  0]LogLoad: (Engine Initialization) Total Blueprint compile time: 0.29 seconds
[2017.06.06-08.45.43:441][  0]LogExternalProfiler: Found external profiler: VSPerf
[2017.06.06-08.45.43:441][  0]LogExternalProfiler: Using external profiler: VSPerf
[2017.06.06-08.45.43:780][  0]LogOcInput: OculusInput pre-init called
[2017.06.06-08.45.43:826][  0]LogContentStreaming: Texture pool size now 1000 MB
[2017.06.06-08.45.43:969][  0]LogRenderer: Reallocating scene render targets to support 1000x576 (Frame:2).
[2017.06.06-08.45.44:113][  1]LogFileCache: Retrieving MD5 hashes for directory 'E:/Castle-Guard-Working-Bow/CastleGuard/ProjectFiles/Content/' took 0.32s
[2017.06.06-08.45.44:115][  1]LogAssetRegistry: Asset discovery search completed in 9.7032 seconds
[2017.06.06-08.45.44:115][  1]LogCollectionManager: Rebuilt the object cache for 0 collections in 0.000001 seconds (found 0 objects)
[2017.06.06-08.45.44:115][  1]LogCollectionManager: Fixed up redirectors for 0 collections in 0.000024 seconds (updated 0 objects)
[2017.06.06-08.45.54:292][ 30]LogContentBrowser: Native class hierarchy updated for 'BlueprintGraph' in 0.0013 seconds. Added 112 classes and 0 folders.
[2017.06.06-08.45.56:084][132]LogRenderer: Reallocating scene render targets to support 1432x924 (Frame:103).
[2017.06.06-08.46.14:092][935]LogWindowsTextInputMethodSystem:Display: IME system now deactivated.
[2017.06.06-08.46.14:275][936]Cmd: QUIT_EDITOR
[2017.06.06-08.46.14:324][936]LogExit: Preparing to exit.
[2017.06.06-08.46.15:346][936]LogDirectoryWatcher: A directory notification for 'E:/Castle-Guard-Working-Bow/CastleGuard/ProjectFiles/Content/' was aborted.
[2017.06.06-08.46.15:382][936]LogExit: Editor shut down
[2017.06.06-08.46.15:383][936]LogExit: Transaction tracking system shut down
[2017.06.06-08.46.15:530][936]LogObj: Freed 0b from 0 cluster array pools.
[2017.06.06-08.46.15:530][936]LogExit: Object subsystem successfully closed.
[2017.06.06-08.46.15:550][936]LogD3D11RHI: Shutdown
[2017.06.06-08.46.15:550][936]LogD3D11RHI: CleanupD3DDevice
[2017.06.06-08.46.15:630][936]LogD3D11RHI: ~FD3D11DynamicRHI
[2017.06.06-08.46.15:636][936]LogModuleManager: Shutting down and abandoning module BlueprintGraph (243)
[2017.06.06-08.46.15:636][936]LogModuleManager: Shutting down and abandoning module BlueprintProfiler (242)
[2017.06.06-08.46.15:636][936]LogModuleManager: Shutting down and abandoning module StaticMeshEditor (241)
[2017.06.06-08.46.15:636][936]LogModuleManager: Shutting down and abandoning module HierarchicalLODOutliner (240)
[2017.06.06-08.46.15:636][936]LogModuleManager: Shutting down and abandoning module CrashTracker (239)
[2017.06.06-08.46.15:636][936]LogModuleManager: Shutting down and abandoning module SceneOutliner (238)
[2017.06.06-08.46.15:636][936]LogModuleManager: Shutting down and abandoning module WidgetCarousel (237)
[2017.06.06-08.46.15:636][936]LogModuleManager: Shutting down and abandoning module AddContentDialog (236)
[2017.06.06-08.46.15:636][936]LogDirectoryWatcher: A directory notification for 'E:/Unreal Engine/UE_4.13/FeaturePacks/' was aborted.
[2017.06.06-08.46.15:637][936]LogModuleManager: Shutting down and abandoning module GameplayTags (235)
[2017.06.06-08.46.15:637][936]LogModuleManager: Shutting down and abandoning module EditorWidgets (234)
[2017.06.06-08.46.15:637][936]LogModuleManager: Shutting down and abandoning module CollectionManager (233)
[2017.06.06-08.46.15:637][936]LogDirectoryWatcher: A directory notification for 'E:/Castle-Guard-Working-Bow/CastleGuard/ProjectFiles/Content/Collections/' was aborted.
[2017.06.06-08.46.15:637][936]LogDirectoryWatcher: A directory notification for 'E:/Castle-Guard-Working-Bow/CastleGuard/ProjectFiles/Content/Developers/StudentUser/Collections/' was aborted.
[2017.06.06-08.46.15:637][936]LogDirectoryWatcher: A directory notification for 'E:/Castle-Guard-Working-Bow/CastleGuard/ProjectFiles/Saved/Collections/' was aborted.
[2017.06.06-08.46.15:637][936]LogModuleManager: Shutting down and abandoning module StatsViewer (232)
[2017.06.06-08.46.15:637][936]LogModuleManager: Shutting down and abandoning module FoliageEdit (231)
[2017.06.06-08.46.15:637][936]LogModuleManager: Shutting down and abandoning module LandscapeEditor (230)
[2017.06.06-08.46.15:637][936]LogModuleManager: Shutting down and abandoning module SceneDepthPickerMode (229)
[2017.06.06-08.46.15:637][936]LogModuleManager: Shutting down and abandoning module ActorPickerMode (228)
[2017.06.06-08.46.15:637][936]LogModuleManager: Shutting down and abandoning module GeometryMode (227)
[2017.06.06-08.46.15:637][936]LogModuleManager: Shutting down and abandoning module TextureAlignMode (226)
[2017.06.06-08.46.15:637][936]LogModuleManager: Shutting down and abandoning module BspMode (225)
[2017.06.06-08.46.15:637][936]LogModuleManager: Shutting down and abandoning module HardwareSurvey (224)
[2017.06.06-08.46.15:637][936]LogModuleManager: Shutting down and abandoning module SequenceRecorderSections (223)
[2017.06.06-08.46.15:637][936]LogModuleManager: Shutting down and abandoning module SequenceRecorder (222)
[2017.06.06-08.46.15:637][936]LogModuleManager: Shutting down and abandoning module AutomationWorker (221)
[2017.06.06-08.46.15:637][936]LogModuleManager: Shutting down and abandoning module MatineeToLevelSequence (220)
[2017.06.06-08.46.15:637][936]LogModuleManager: Shutting down and abandoning module PlacementMode (219)
[2017.06.06-08.46.15:637][936]LogModuleManager: Shutting down and abandoning module LevelSequenceEditor (218)
[2017.06.06-08.46.15:637][936]LogModuleManager: Shutting down and abandoning module WmfMediaFactory (217)
[2017.06.06-08.46.15:637][936]LogModuleManager: Shutting down and abandoning module WmfMediaEditor (216)
[2017.06.06-08.46.15:637][936]LogModuleManager: Shutting down and abandoning module AvfMediaFactory (215)
[2017.06.06-08.46.15:637][936]LogModuleManager: Shutting down and abandoning module AvfMediaEditor (214)
[2017.06.06-08.46.15:637][936]LogModuleManager: Shutting down and abandoning module Media (213)
[2017.06.06-08.46.15:637][936]LogModuleManager: Shutting down and abandoning module AndroidMediaFactory (212)
[2017.06.06-08.46.15:637][936]LogModuleManager: Shutting down and abandoning module AndroidMediaEditor (211)
[2017.06.06-08.46.15:637][936]LogModuleManager: Shutting down and abandoning module CharacterAI (210)
[2017.06.06-08.46.15:637][936]LogModuleManager: Shutting down and abandoning module SmartSnapping (209)
[2017.06.06-08.46.15:637][936]LogModuleManager: Shutting down and abandoning module SessionServices (208)
[2017.06.06-08.46.15:637][936]LogModuleManager: Shutting down and abandoning module ViewportSnapping (207)
[2017.06.06-08.46.15:637][936]LogModuleManager: Shutting down and abandoning module ViewportInteraction (206)
[2017.06.06-08.46.15:637][936]LogModuleManager: Shutting down and abandoning module LogVisualizer (205)
[2017.06.06-08.46.15:638][936]LogModuleManager: Shutting down and abandoning module GameProjectGeneration (204)
[2017.06.06-08.46.15:638][936]LogModuleManager: Shutting down and abandoning module IntroTutorials (203)
[2017.06.06-08.46.15:638][936]LogModuleManager: Shutting down and abandoning module EditorLiveStreaming (202)
[2017.06.06-08.46.15:638][936]LogModuleManager: Shutting down and abandoning module IOSPlatformEditor (201)
[2017.06.06-08.46.15:638][936]LogModuleManager: Shutting down and abandoning module HTML5PlatformEditor (200)
[2017.06.06-08.46.15:638][936]LogModuleManager: Shutting down and abandoning module AndroidDeviceDetection (199)
[2017.06.06-08.46.16:060][936]LogModuleManager: Shutting down and abandoning module AndroidPlatformEditor (198)
[2017.06.06-08.46.16:060][936]LogModuleManager: Shutting down and abandoning module IOSRuntimeSettings (197)
[2017.06.06-08.46.16:060][936]LogModuleManager: Shutting down and abandoning module AndroidRuntimeSettings (196)
[2017.06.06-08.46.16:060][936]LogModuleManager: Shutting down and abandoning module NiagaraEditor (195)
[2017.06.06-08.46.16:060][936]LogModuleManager: Shutting down and abandoning module MergeActors (194)
[2017.06.06-08.46.16:060][936]LogModuleManager: Shutting down and abandoning module SizeMap (193)
[2017.06.06-08.46.16:060][936]LogModuleManager: Shutting down and abandoning module TreeMap (192)
[2017.06.06-08.46.16:060][936]LogModuleManager: Shutting down and abandoning module ReferenceViewer (191)
[2017.06.06-08.46.16:060][936]LogModuleManager: Shutting down and abandoning module LocalizationService (190)
[2017.06.06-08.46.16:060][936]LogModuleManager: Shutting down and abandoning module LocalizationDashboard (189)
[2017.06.06-08.46.16:060][936]LogModuleManager: Shutting down and abandoning module HardwareTargeting (188)
[2017.06.06-08.46.16:060][936]LogModuleManager: Shutting down and abandoning module DeviceProfileEditor (187)
[2017.06.06-08.46.16:060][936]LogModuleManager: Shutting down and abandoning module UndoHistory (186)
[2017.06.06-08.46.16:060][936]LogModuleManager: Shutting down and abandoning module UserFeedback (185)
[2017.06.06-08.46.16:060][936]LogModuleManager: Shutting down and abandoning module XmlParser (184)
[2017.06.06-08.46.16:060][936]LogModuleManager: Shutting down and abandoning module Blutility (183)
[2017.06.06-08.46.16:060][936]LogModuleManager: Shutting down and abandoning module ProjectTargetPlatformEditor (182)
[2017.06.06-08.46.16:060][936]LogModuleManager: Shutting down and abandoning module ProjectSettingsViewer (181)
[2017.06.06-08.46.16:060][936]LogModuleManager: Shutting down and abandoning module InputBindingEditor (180)
[2017.06.06-08.46.16:060][936]LogModuleManager: Shutting down and abandoning module EditorSettingsViewer (179)
[2017.06.06-08.46.16:060][936]LogModuleManager: Shutting down and abandoning module SettingsEditor (178)
[2017.06.06-08.46.16:060][936]LogModuleManager: Shutting down and abandoning module ProjectLauncher (177)
[2017.06.06-08.46.16:060][936]LogModuleManager: Shutting down and abandoning module SessionFrontend (176)
[2017.06.06-08.46.16:060][936]LogModuleManager: Shutting down and abandoning module ProfilerClient (175)
[2017.06.06-08.46.16:060][936]LogModuleManager: Shutting down and abandoning module TargetDeviceServices (174)
[2017.06.06-08.46.16:060][936]LogModuleManager: Shutting down and abandoning module DeviceManager (173)
[2017.06.06-08.46.16:113][936]LogModuleManager: Shutting down and abandoning module AutomationController (172)
[2017.06.06-08.46.16:113][936]LogModuleManager: Shutting down and abandoning module AutomationWindow (171)
[2017.06.06-08.46.16:113][936]LogModuleManager: Shutting down and abandoning module Layers (170)
[2017.06.06-08.46.16:113][936]LogModuleManager: Shutting down and abandoning module ComponentVisualizers (169)
[2017.06.06-08.46.16:113][936]LogModuleManager: Shutting down and abandoning module DetailCustomizations (168)
[2017.06.06-08.46.16:113][936]LogModuleManager: Shutting down and abandoning module PackagesDialog (167)
[2017.06.06-08.46.16:113][936]LogModuleManager: Shutting down and abandoning module AnimGraph (166)
[2017.06.06-08.46.16:113][936]LogModuleManager: Shutting down and abandoning module Persona (165)
[2017.06.06-08.46.16:113][936]LogModuleManager: Shutting down and abandoning module Kismet (164)
[2017.06.06-08.46.16:118][936]LogModuleManager: Shutting down and abandoning module GraphEditor (163)
[2017.06.06-08.46.16:119][936]LogModuleManager: Shutting down and abandoning module ClassViewer (162)
[2017.06.06-08.46.16:119][936]LogModuleManager: Shutting down and abandoning module Toolbox (161)
[2017.06.06-08.46.16:119][936]LogModuleManager: Shutting down and abandoning module ModuleUI (160)
[2017.06.06-08.46.16:119][936]LogModuleManager: Shutting down and abandoning module MovieSceneTools (159)
[2017.06.06-08.46.16:119][936]LogModuleManager: Shutting down and abandoning module OutputLog (158)
[2017.06.06-08.46.16:119][936]LogModuleManager: Shutting down and abandoning module GammaUI (157)
[2017.06.06-08.46.16:119][936]LogModuleManager: Shutting down and abandoning module Documentation (156)
[2017.06.06-08.46.16:119][936]LogModuleManager: Shutting down and abandoning module Niagara (155)
[2017.06.06-08.46.16:119][936]LogModuleManager: Shutting down and abandoning module StreamingPauseRendering (154)
[2017.06.06-08.46.16:119][936]LogModuleManager: Shutting down and abandoning module AnalyticsET (153)
[2017.06.06-08.46.16:119][936]LogModuleManager: Shutting down and abandoning module PortalServices (152)
[2017.06.06-08.46.16:119][936]LogModuleManager: Shutting down and abandoning module PortalRpc (151)
[2017.06.06-08.46.16:119][936]LogModuleManager: Shutting down and abandoning module MessagingRpc (150)
[2017.06.06-08.46.16:119][936]LogModuleManager: Shutting down and abandoning module GameplayDebugger (149)
[2017.06.06-08.46.16:119][936]LogModuleManager: Shutting down and abandoning module AITestSuite (148)
[2017.06.06-08.46.16:119][936]LogModuleManager: Shutting down and abandoning module AIModule (147)
[2017.06.06-08.46.16:119][936]LogModuleManager: Shutting down and abandoning module ProfilerService (146)
[2017.06.06-08.46.16:218][936]LogModuleManager: Shutting down and abandoning module TaskGraph (145)
[2017.06.06-08.46.16:218][936]LogModuleManager: Shutting down and abandoning module SubstanceEditor (144)
[2017.06.06-08.46.16:218][936]LogModuleManager: Shutting down and abandoning module SlateRemote (143)
[2017.06.06-08.46.16:218][936]LogModuleManager: Shutting down and abandoning module SteamVRController (142)
[2017.06.06-08.46.16:218][936]LogModuleManager: Shutting down and abandoning module SteamVR (141)
[2017.06.06-08.46.16:218][936]LogModuleManager: Shutting down and abandoning module ProceduralMeshComponentEditor (140)
[2017.06.06-08.46.16:218][936]LogModuleManager: Shutting down and abandoning module ProceduralMeshComponent (139)
[2017.06.06-08.46.16:218][936]LogModuleManager: Shutting down and abandoning module OculusLibrary (138)
[2017.06.06-08.46.16:218][936]LogModuleManager: Shutting down and abandoning module OculusInput (137)
[2017.06.06-08.46.16:218][936]LogModuleManager: Shutting down and abandoning module CustomMeshComponent (136)
[2017.06.06-08.46.16:218][936]LogModuleManager: Shutting down and abandoning module CableComponent (135)
[2017.06.06-08.46.16:218][936]LogModuleManager: Shutting down and abandoning module ArchVisCharacter (134)
[2017.06.06-08.46.16:218][936]LogModuleManager: Shutting down and abandoning module MediaPlayerEditor (132)
[2017.06.06-08.46.16:218][936]LogModuleManager: Shutting down and abandoning module ShadowMocapEditor (131)
[2017.06.06-08.46.16:218][936]LogModuleManager: Shutting down and abandoning module ShadowMocap (130)
[2017.06.06-08.46.16:218][936]LogModuleManager: Shutting down and abandoning module RunebergVRPlugin (129)
[2017.06.06-08.46.16:218][936]LogModuleManager: Shutting down and abandoning module GestureTrackerVR (128)
[2017.06.06-08.46.16:218][936]LogModuleManager: Shutting down and abandoning module HTML5Networking (127)
[2017.06.06-08.46.16:218][936]LogModuleManager: Shutting down and abandoning module GeometryCacheEd (126)
[2017.06.06-08.46.16:218][936]LogModuleManager: Shutting down and abandoning module GeometryCache (125)
[2017.06.06-08.46.16:218][936]LogModuleManager: Shutting down and abandoning module AlembicLibrary (124)
[2017.06.06-08.46.16:218][936]LogModuleManager: Shutting down and abandoning module AlembicImporter (123)
[2017.06.06-08.46.16:218][936]LogModuleManager: Shutting down and abandoning module SuperSearch (122)
[2017.06.06-08.46.16:218][936]LogModuleManager: Shutting down and abandoning module SuperSearchEditor (121)
[2017.06.06-08.46.16:218][936]LogModuleManager: Shutting down and abandoning module SpeedTreeImporter (120)
[2017.06.06-08.46.16:218][936]LogModuleManager: Shutting down and abandoning module PluginBrowser (119)
[2017.06.06-08.46.16:218][936]LogModuleManager: Shutting down and abandoning module MobileLauncherProfileWizard (118)
[2017.06.06-08.46.16:218][936]LogModuleManager: Shutting down and abandoning module EpicSurvey (117)
[2017.06.06-08.46.16:218][936]LogModuleManager: Shutting down and abandoning module DesktopPlatform (116)
[2017.06.06-08.46.16:218][936]LogModuleManager: Shutting down and abandoning module VisualStudioSourceCodeAccess (115)
[2017.06.06-08.46.16:218][936]LogModuleManager: Shutting down and abandoning module UObjectPlugin (114)
[2017.06.06-08.46.16:218][936]LogModuleManager: Shutting down and abandoning module SubversionSourceControl (113)
[2017.06.06-08.46.16:218][936]LogModuleManager: Shutting down and abandoning module PerforceSourceControl (112)
[2017.06.06-08.46.16:218][936]LogModuleManager: Shutting down and abandoning module SourceControl (111)
[2017.06.06-08.46.16:218][936]LogModuleManager: Shutting down and abandoning module GitSourceControl (110)
[2017.06.06-08.46.16:218][936]LogModuleManager: Shutting down and abandoning module LightPropagationVolumeEditor (109)
[2017.06.06-08.46.16:218][936]LogModuleManager: Shutting down and abandoning module PaperTiledImporter (108)
[2017.06.06-08.46.16:218][936]LogModuleManager: Shutting down and abandoning module PaperSpriteSheetImporter (107)
[2017.06.06-08.46.16:218][936]LogModuleManager: Shutting down and abandoning module MeshPaint (106)
[2017.06.06-08.46.16:218][936]LogModuleManager: Shutting down and abandoning module FbxAutomationBuilderModule (105)
[2017.06.06-08.46.16:218][936]LogModuleManager: Shutting down and abandoning module PixelInspectorModule (104)
[2017.06.06-08.46.16:218][936]LogModuleManager: Shutting down and abandoning module HotReload (103)
[2017.06.06-08.46.16:218][936]LogDirectoryWatcher: A directory notification for 'E:/Castle-Guard-Working-Bow/CastleGuard/ProjectFiles/Binaries/Win64' was aborted.
[2017.06.06-08.46.16:219][936]LogModuleManager: Shutting down and abandoning module MainFrame (102)
[2017.06.06-08.46.16:219][936]LogModuleManager: Shutting down and abandoning module LevelEditor (101)
[2017.06.06-08.46.16:219][936]LogModuleManager: Shutting down and abandoning module ContentBrowser (100)
[2017.06.06-08.46.16:220][936]LogModuleManager: Shutting down and abandoning module Paper2DEditor (99)
[2017.06.06-08.46.16:220][936]LogModuleManager: Shutting down and abandoning module vive_archery_ue4 (98)
[2017.06.06-08.46.16:220][936]LogModuleManager: Shutting down and abandoning module UdpMessaging (97)
[2017.06.06-08.46.16:321][936]LogModuleManager: Shutting down and abandoning module TcpMessaging (96)
[2017.06.06-08.46.16:422][936]LogModuleManager: Shutting down and abandoning module SubstanceCore (95)
[2017.06.06-08.46.16:422][936]LogModuleManager: Shutting down and abandoning module LightPropagationVolumeRuntime (94)
[2017.06.06-08.46.16:422][936]LogModuleManager: Shutting down and abandoning module Paper2D (93)
[2017.06.06-08.46.16:422][936]LogModuleManager: Shutting down and abandoning module WindowsMoviePlayer (92)
[2017.06.06-08.46.16:422][936]LogModuleManager: Shutting down and abandoning module WmfMedia (91)
[2017.06.06-08.46.16:422][936]LogModuleManager: Shutting down and abandoning module MediaAssets (90)
[2017.06.06-08.46.16:422][936]LogModuleManager: Shutting down and abandoning module GameLiveStreaming (89)
[2017.06.06-08.46.16:422][936]LogModuleManager: Shutting down and abandoning module GameplayTagsEditor (88)
[2017.06.06-08.46.16:422][936]LogModuleManager: Shutting down and abandoning module VREditor (87)
[2017.06.06-08.46.16:422][936]LogModuleManager: Shutting down and abandoning module GameplayTasksEditor (86)
[2017.06.06-08.46.16:422][936]LogModuleManager: Shutting down and abandoning module PropertyEditor (85)
[2017.06.06-08.46.16:422][936]LogModuleManager: Shutting down and abandoning module BehaviorTreeEditor (84)
[2017.06.06-08.46.16:422][936]LogModuleManager: Shutting down and abandoning module FunctionalTesting (83)
[2017.06.06-08.46.16:422][936]LogModuleManager: Shutting down and abandoning module CollisionAnalyzer (82)
[2017.06.06-08.46.16:422][936]LogModuleManager: Shutting down and abandoning module Sequencer (81)
[2017.06.06-08.46.16:422][936]LogModuleManager: Shutting down and abandoning module WorkspaceMenuStructure (80)
[2017.06.06-08.46.16:422][936]LogModuleManager: Shutting down and abandoning module MessageLog (79)
[2017.06.06-08.46.16:422][936]LogModuleManager: Shutting down and abandoning module AssetTools (78)
[2017.06.06-08.46.16:422][936]LogModuleManager: Shutting down and abandoning module UMGEditor (77)
[2017.06.06-08.46.16:423][936]LogModuleManager: Shutting down and abandoning module UMG (76)
[2017.06.06-08.46.16:423][936]LogModuleManager: Shutting down and abandoning module SlateReflector (75)
[2017.06.06-08.46.16:423][936]LogModuleManager: Shutting down and abandoning module Slate (74)
[2017.06.06-08.46.16:423][936]LogModuleManager: Shutting down and abandoning module EditorStyle (73)
[2017.06.06-08.46.16:424][936]LogModuleManager: Shutting down and abandoning module SourceCodeAccess (72)
[2017.06.06-08.46.16:424][936]LogModuleManager: Shutting down and abandoning module HeadMountedDisplay (71)
[2017.06.06-08.46.16:424][936]LogModuleManager: Shutting down and abandoning module XAudio2 (70)
[2017.06.06-08.46.16:424][936]LogModuleManager: Shutting down and abandoning module Networking (68)
[2017.06.06-08.46.16:424][936]LogModuleManager: Shutting down and abandoning module Core (67)
[2017.06.06-08.46.16:424][936]LogModuleManager: Shutting down and abandoning module DirectoryWatcher (66)
[2017.06.06-08.46.16:424][936]LogDirectoryWatcher: A directory notification for '../../../Engine/Content/' was aborted.
[2017.06.06-08.46.16:424][936]LogDirectoryWatcher: A directory notification for '../../../../../Castle-Guard-Working-Bow/CastleGuard/ProjectFiles/Content/' was aborted.
[2017.06.06-08.46.16:424][936]LogDirectoryWatcher: A directory notification for '../../../Engine/Plugins/2D/Paper2D/Content/' was aborted.
[2017.06.06-08.46.16:424][936]LogDirectoryWatcher: A directory notification for '../../../Engine/Plugins/Marketplace/GestureTrackerVR/Content/' was aborted.
[2017.06.06-08.46.16:425][936]LogModuleManager: Shutting down and abandoning module AssetRegistry (65)
[2017.06.06-08.46.16:540][936]LogModuleManager: Shutting down and abandoning module KismetCompiler (64)
[2017.06.06-08.46.16:540][936]LogModuleManager: Shutting down and abandoning module PhysXFormats (63)
[2017.06.06-08.46.16:540][936]LogModuleManager: Shutting down and abandoning module MeshUtilities (62)
[2017.06.06-08.46.16:540][936]LogModuleManager: Shutting down and abandoning module DerivedDataCache (61)
[2017.06.06-08.46.16:881][936]LogDerivedDataCache: Shutdown
[2017.06.06-08.46.16:882][936]LogModuleManager: Shutting down and abandoning module VulkanShaderFormat (60)
[2017.06.06-08.46.16:882][936]LogModuleManager: Shutting down and abandoning module ShaderFormatOpenGL (59)
[2017.06.06-08.46.16:882][936]LogModuleManager: Shutting down and abandoning module ShaderFormatD3D (58)
[2017.06.06-08.46.16:882][936]LogModuleManager: Shutting down and abandoning module MetalShaderFormat (57)
[2017.06.06-08.46.16:882][936]LogModuleManager: Shutting down and abandoning module TextureFormatUncompressed (56)
[2017.06.06-08.46.16:882][936]LogModuleManager: Shutting down and abandoning module TextureFormatPVR (55)
[2017.06.06-08.46.16:882][936]LogModuleManager: Shutting down and abandoning module TextureFormatDXT (54)
[2017.06.06-08.46.16:882][936]LogModuleManager: Shutting down and abandoning module TextureFormatIntelISPCTexComp (53)
[2017.06.06-08.46.16:882][936]LogModuleManager: Shutting down and abandoning module ImageWrapper (52)
[2017.06.06-08.46.16:882][936]LogModuleManager: Shutting down and abandoning module TextureFormatASTC (51)
[2017.06.06-08.46.16:882][936]LogModuleManager: Shutting down and abandoning module TextureFormatAndroid (50)
[2017.06.06-08.46.16:882][936]LogModuleManager: Shutting down and abandoning module AudioFormatOpus (49)
[2017.06.06-08.46.16:882][936]LogModuleManager: Shutting down and abandoning module AudioFormatOgg (48)
[2017.06.06-08.46.16:882][936]LogModuleManager: Shutting down and abandoning module AudioFormatADPCM (47)
[2017.06.06-08.46.16:882][936]LogModuleManager: Shutting down and abandoning module LinuxTargetPlatform (46)
[2017.06.06-08.46.16:882][936]LogModuleManager: Shutting down and abandoning module LinuxServerTargetPlatform (45)
[2017.06.06-08.46.16:882][936]LogModuleManager: Shutting down and abandoning module LinuxNoEditorTargetPlatform (44)
[2017.06.06-08.46.16:882][936]LogModuleManager: Shutting down and abandoning module LinuxClientTargetPlatform (43)
[2017.06.06-08.46.16:882][936]LogModuleManager: Shutting down and abandoning module TVOSTargetPlatform (42)
[2017.06.06-08.46.16:882][936]LogModuleManager: Shutting down and abandoning module Messaging (41)
[2017.06.06-08.46.16:882][936]LogModuleManager: Shutting down and abandoning module IOSTargetPlatform (40)
[2017.06.06-08.46.16:882][936]LogModuleManager: Shutting down and abandoning module HTML5TargetPlatform (39)
[2017.06.06-08.46.16:882][936]LogModuleManager: Shutting down and abandoning module Android_PVRTCTargetPlatform (38)
[2017.06.06-08.46.16:882][936]LogModuleManager: Shutting down and abandoning module Android_MultiTargetPlatform (37)
[2017.06.06-08.46.16:882][936]LogModuleManager: Shutting down and abandoning module Android_ETC2TargetPlatform (36)
[2017.06.06-08.46.16:882][936]LogModuleManager: Shutting down and abandoning module Android_ETC1TargetPlatform (35)
[2017.06.06-08.46.16:882][936]LogModuleManager: Shutting down and abandoning module Android_DXTTargetPlatform (34)
[2017.06.06-08.46.16:882][936]LogModuleManager: Shutting down and abandoning module Android_ATCTargetPlatform (33)
[2017.06.06-08.46.16:882][936]LogModuleManager: Shutting down and abandoning module Android_ASTCTargetPlatform (32)
[2017.06.06-08.46.16:882][936]LogModuleManager: Shutting down and abandoning module AndroidTargetPlatform (31)
[2017.06.06-08.46.16:882][936]LogModuleManager: Shutting down and abandoning module WindowsTargetPlatform (30)
[2017.06.06-08.46.16:882][936]LogModuleManager: Shutting down and abandoning module WindowsServerTargetPlatform (29)
[2017.06.06-08.46.16:882][936]LogModuleManager: Shutting down and abandoning module WindowsNoEditorTargetPlatform (28)
[2017.06.06-08.46.16:882][936]LogModuleManager: Shutting down and abandoning module WindowsClientTargetPlatform (27)
[2017.06.06-08.46.16:882][936]LogModuleManager: Shutting down and abandoning module AllDesktopTargetPlatform (26)
[2017.06.06-08.46.16:882][936]LogModuleManager: Shutting down and abandoning module TargetPlatform (25)
[2017.06.06-08.46.16:882][936]LogModuleManager: Shutting down and abandoning module InputCore (24)
[2017.06.06-08.46.16:882][936]LogModuleManager: Shutting down and abandoning module Settings (23)
[2017.06.06-08.46.16:882][936]LogModuleManager: Shutting down and abandoning module OculusRift (22)
[2017.06.06-08.46.16:882][936]LogModuleManager: Shutting down and abandoning module GearVR (21)
[2017.06.06-08.46.16:882][936]LogModuleManager: Shutting down and abandoning module ExampleDeviceProfileSelector (20)
[2017.06.06-08.46.16:882][936]LogModuleManager: Shutting down and abandoning module OnlineBlueprintSupport (19)
[2017.06.06-08.46.16:882][936]LogModuleManager: Shutting down and abandoning module OnlineSubsystem (17)
[2017.06.06-08.46.16:882][936]LogOnline:Display: Unloading online subsystem: NULL
[2017.06.06-08.46.16:882][936]LogModuleManager: Shutting down and abandoning module HTTP (16)
[2017.06.06-08.46.16:882][936]LogHttp:Display: Http module shutting down, but needs to wait on 1 outstanding Http requests:
[2017.06.06-08.46.16:882][936]LogHttp:Display: 	verb=[POST] url=[https://datarouter.ol.epicgames.com/datarouter/api/v1/public/data?SessionID=%7B21FFDC5F-40C5-C291-0B22-D2B4EEFA2DA9%7D&AppID=UEEditor.Rocket.Release&AppVersion=4.13.2-3172292%2B%2B%2BUE4%2BRelease-4.13&UserID=ac15389c4c7036630bce5e96ede5a8f6%7C2f3e48cbc1c5407bbd0670115d7b8004%7Cd16070ab-418c-45f1-9218-3fd00383b244&AppEnvironment=datacollector-binary&UploadType=eteventstream] status=Processing
[2017.06.06-08.46.16:917][936]LogModuleManager: Shutting down and abandoning module XMPP (15)
[2017.06.06-08.46.16:917][936]LogModuleManager: Shutting down and abandoning module TextureCompressor (14)
[2017.06.06-08.46.16:917][936]LogModuleManager: Shutting down and abandoning module ShaderCore (13)
[2017.06.06-08.46.16:917][936]LogModuleManager: Shutting down and abandoning module Landscape (12)
[2017.06.06-08.46.16:917][936]LogModuleManager: Shutting down and abandoning module SlateRHIRenderer (11)
[2017.06.06-08.46.16:918][936]LogModuleManager: Shutting down and abandoning module OpenGLDrv (10)
[2017.06.06-08.46.16:918][936]LogModuleManager: Shutting down and abandoning module D3D11RHI (9)
[2017.06.06-08.46.16:918][936]LogModuleManager: Shutting down and abandoning module AnimGraphRuntime (8)
[2017.06.06-08.46.16:918][936]LogModuleManager: Shutting down and abandoning module Renderer (7)
[2017.06.06-08.46.16:918][936]LogModuleManager: Shutting down and abandoning module Engine (6)
[2017.06.06-08.46.16:918][936]LogModuleManager: Shutting down and abandoning module CoreUObject (5)
[2017.06.06-08.46.16:918][936]LogModuleManager: Shutting down and abandoning module NetworkFile (4)
[2017.06.06-08.46.16:918][936]LogModuleManager: Shutting down and abandoning module StreamingFile (3)
[2017.06.06-08.46.16:918][936]LogModuleManager: Shutting down and abandoning module SandboxFile (2)
[2017.06.06-08.46.16:918][936]LogModuleManager: Shutting down and abandoning module PakFile (1)
[2017.06.06-08.46.16:919][936]LogExit: Exiting.
[2017.06.06-08.46.16:920][936]Log file closed, 06/06/17 01:46:16
