Log file open, 06/06/17 01:52:00
LogInit:Display: Running engine for game: vive_archery_ue4
LogPlatformFile: Not using cached read wrapper
LogInit:Display: RandInit(1426347109) SRandInit(1426347109).
LogTaskGraph: Started task graph with 5 named threads and 8 total threads with 1 sets of task threads.
LogStats: Stats thread started at 0.069504
LogPluginManager: Loaded Plugin Paper2D, From E:/Unreal Engine/UE_4.13/Engine/Plugins/2D/Paper2D/Paper2D.uplugin
LogPluginManager: Loaded Plugin LightPropagationVolume, From E:/Unreal Engine/UE_4.13/Engine/Plugins/Blendables/LightPropagationVolume/LightPropagationVolume.uplugin
LogPluginManager: Loaded Plugin BlankPlugin, From E:/Unreal Engine/UE_4.13/Engine/Plugins/Developer/BlankPlugin/BlankPlugin.uplugin
LogPluginManager: Loaded Plugin CodeLiteSourceCodeAccess, From E:/Unreal Engine/UE_4.13/Engine/Plugins/Developer/CodeLiteSourceCodeAccess/CodeLiteSourceCodeAccess.uplugin
LogPluginManager: Loaded Plugin GitSourceControl, From E:/Unreal Engine/UE_4.13/Engine/Plugins/Developer/GitSourceControl/GitSourceControl.uplugin
LogPluginManager: Loaded Plugin KDevelopSourceCodeAccess, From E:/Unreal Engine/UE_4.13/Engine/Plugins/Developer/KDevelopSourceCodeAccess/KDevelopSourceCodeAccess.uplugin
LogPluginManager: Loaded Plugin NullSourceCodeAccess, From E:/Unreal Engine/UE_4.13/Engine/Plugins/Developer/NullSourceCodeAccess/NullSourceCodeAccess.uplugin
LogPluginManager: Loaded Plugin OneSkyLocalizationService, From E:/Unreal Engine/UE_4.13/Engine/Plugins/Developer/OneSkyLocalizationService/OneSkyLocalizationService.uplugin
LogPluginManager: Loaded Plugin PerforceSourceControl, From E:/Unreal Engine/UE_4.13/Engine/Plugins/Developer/PerforceSourceControl/PerforceSourceControl.uplugin
LogPluginManager: Loaded Plugin SubversionSourceControl, From E:/Unreal Engine/UE_4.13/Engine/Plugins/Developer/SubversionSourceControl/SubversionSourceControl.uplugin
LogPluginManager: Loaded Plugin UObjectPlugin, From E:/Unreal Engine/UE_4.13/Engine/Plugins/Developer/UObjectPlugin/UObjectPlugin.uplugin
LogPluginManager: Loaded Plugin VisualStudioSourceCodeAccess, From E:/Unreal Engine/UE_4.13/Engine/Plugins/Developer/VisualStudioSourceCodeAccess/VisualStudioSourceCodeAccess.uplugin
LogPluginManager: Loaded Plugin XCodeSourceCodeAccess, From E:/Unreal Engine/UE_4.13/Engine/Plugins/Developer/XCodeSourceCodeAccess/XCodeSourceCodeAccess.uplugin
LogPluginManager: Loaded Plugin EpicSurvey, From E:/Unreal Engine/UE_4.13/Engine/Plugins/Editor/EpicSurvey/EpicSurvey.uplugin
LogPluginManager: Loaded Plugin MacGraphicsSwitching, From E:/Unreal Engine/UE_4.13/Engine/Plugins/Editor/MacGraphicsSwitching/MacGraphicsSwitching.uplugin
LogPluginManager: Loaded Plugin MobileLauncherProfileWizard, From E:/Unreal Engine/UE_4.13/Engine/Plugins/Editor/MobileLauncherProfileWizard/MobileLauncherProfileWizard.uplugin
LogPluginManager: Loaded Plugin PluginBrowser, From E:/Unreal Engine/UE_4.13/Engine/Plugins/Editor/PluginBrowser/PluginBrowser.uplugin
LogPluginManager: Loaded Plugin SpeedTreeImporter, From E:/Unreal Engine/UE_4.13/Engine/Plugins/Editor/SpeedTreeImporter/SpeedTreeImporter.uplugin
LogPluginManager: Loaded Plugin SuperSearchEditor, From E:/Unreal Engine/UE_4.13/Engine/Plugins/Editor/SuperSearchEditor/SuperSearchEditor.uplugin
LogPluginManager: Loaded Plugin AlembicImporter, From E:/Unreal Engine/UE_4.13/Engine/Plugins/Experimental/AlembicImporter/AlembicImporter.uplugin
LogPluginManager: Loaded Plugin BlueprintStats, From E:/Unreal Engine/UE_4.13/Engine/Plugins/Experimental/BlueprintStats/BlueprintStats.uplugin
LogPluginManager: Loaded Plugin CharacterAI, From E:/Unreal Engine/UE_4.13/Engine/Plugins/Experimental/CharacterAI/CharacterAI.uplugin
LogPluginManager: Loaded Plugin CodeEditor, From E:/Unreal Engine/UE_4.13/Engine/Plugins/Experimental/CodeEditor/CodeEditor.uplugin
LogPluginManager: Loaded Plugin CodeView, From E:/Unreal Engine/UE_4.13/Engine/Plugins/Experimental/CodeView/CodeView.uplugin
LogPluginManager: Loaded Plugin HTML5Networking, From E:/Unreal Engine/UE_4.13/Engine/Plugins/Experimental/HTML5Networking/HTML5Networking.uplugin
LogPluginManager: Loaded Plugin LiveEditor, From E:/Unreal Engine/UE_4.13/Engine/Plugins/Experimental/LiveEditor/LiveEditor.uplugin
LogPluginManager: Loaded Plugin OSVR, From E:/Unreal Engine/UE_4.13/Engine/Plugins/Experimental/OSVR/OSVR.uplugin
LogPluginManager: Loaded Plugin Phya, From E:/Unreal Engine/UE_4.13/Engine/Plugins/Experimental/Phya/Phya.uplugin
LogPluginManager: Loaded Plugin SignificanceManager, From E:/Unreal Engine/UE_4.13/Engine/Plugins/Experimental/SignificanceManager/SignificanceManager.uplugin
LogPluginManager: Loaded Plugin SimpleHMD, From E:/Unreal Engine/UE_4.13/Engine/Plugins/Experimental/SimpleHMD/SimpleHMD.uplugin
LogPluginManager: Loaded Plugin StereoPanorama, From E:/Unreal Engine/UE_4.13/Engine/Plugins/Experimental/StereoPanorama/StereoPanorama.uplugin
LogPluginManager: Loaded Plugin StructBox, From E:/Unreal Engine/UE_4.13/Engine/Plugins/Experimental/StructBox/StructBox.uplugin
LogPluginManager: Loaded Plugin GestureTrackerVR, From E:/Unreal Engine/UE_4.13/Engine/Plugins/Marketplace/GestureTrackerVR/GestureTrackerVR.uplugin
LogPluginManager: Loaded Plugin RunebergVRPlugin, From E:/Unreal Engine/UE_4.13/Engine/Plugins/Marketplace/RunebergVRPlugin/RunebergVRPlugin.uplugin
LogPluginManager: Loaded Plugin ShadowMocap, From E:/Unreal Engine/UE_4.13/Engine/Plugins/Marketplace/ShadowMocap/ShadowMocap.uplugin
LogPluginManager: Loaded Plugin Substance, From E:/Unreal Engine/UE_4.13/Engine/Plugins/Marketplace/Substance/Substance.uplugin
LogPluginManager: Loaded Plugin AndroidMedia, From E:/Unreal Engine/UE_4.13/Engine/Plugins/Media/AndroidMedia/AndroidMedia.uplugin
LogPluginManager: Loaded Plugin AvfMedia, From E:/Unreal Engine/UE_4.13/Engine/Plugins/Media/AvfMedia/AvfMedia.uplugin
LogPluginManager: Loaded Plugin MediaPlayerEditor, From E:/Unreal Engine/UE_4.13/Engine/Plugins/Media/MediaPlayerEditor/MediaPlayerEditor.uplugin
LogPluginManager: Loaded Plugin WmfMedia, From E:/Unreal Engine/UE_4.13/Engine/Plugins/Media/WmfMedia/WmfMedia.uplugin
LogPluginManager: Loaded Plugin MessagingDebugger, From E:/Unreal Engine/UE_4.13/Engine/Plugins/Messaging/MessagingDebugger/MessagingDebugger.uplugin
LogPluginManager: Loaded Plugin TcpMessaging, From E:/Unreal Engine/UE_4.13/Engine/Plugins/Messaging/TcpMessaging/TcpMessaging.uplugin
LogPluginManager: Loaded Plugin UdpMessaging, From E:/Unreal Engine/UE_4.13/Engine/Plugins/Messaging/UdpMessaging/UdpMessaging.uplugin
LogPluginManager: Loaded Plugin LevelSequenceEditor, From E:/Unreal Engine/UE_4.13/Engine/Plugins/MovieScene/LevelSequenceEditor/LevelSequenceEditor.uplugin
LogPluginManager: Loaded Plugin MatineeToLevelSequence, From E:/Unreal Engine/UE_4.13/Engine/Plugins/MovieScene/MatineeToLevelSequence/MatineeToLevelSequence.uplugin
LogPluginManager: Loaded Plugin NetcodeUnitTest, From E:/Unreal Engine/UE_4.13/Engine/Plugins/NetcodeUnitTest/NetcodeUnitTest/NetcodeUnitTest.uplugin
LogPluginManager: Loaded Plugin NUTUnrealEngine4, From E:/Unreal Engine/UE_4.13/Engine/Plugins/NetcodeUnitTest/NUTUnrealEngine4/NUTUnrealEngine4.uplugin
LogPluginManager: Loaded Plugin OnlineSubsystemGooglePlay, From E:/Unreal Engine/UE_4.13/Engine/Plugins/Online/Android/OnlineSubsystemGooglePlay/OnlineSubsystemGooglePlay.uplugin
LogPluginManager: Loaded Plugin OnlineSubsystemIOS, From E:/Unreal Engine/UE_4.13/Engine/Plugins/Online/IOS/OnlineSubsystemIOS/OnlineSubsystemIOS.uplugin
LogPluginManager: Loaded Plugin OnlineFramework, From E:/Unreal Engine/UE_4.13/Engine/Plugins/Online/OnlineFramework/OnlineFramework.uplugin
LogPluginManager: Loaded Plugin OnlineSubsystem, From E:/Unreal Engine/UE_4.13/Engine/Plugins/Online/OnlineSubsystem/OnlineSubsystem.uplugin
LogPluginManager: Loaded Plugin OnlineSubsystemAmazon, From E:/Unreal Engine/UE_4.13/Engine/Plugins/Online/OnlineSubsystemAmazon/OnlineSubsystemAmazon.uplugin
LogPluginManager: Loaded Plugin OnlineSubsystemFacebook, From E:/Unreal Engine/UE_4.13/Engine/Plugins/Online/OnlineSubsystemFacebook/OnlineSubsystemFacebook.uplugin
LogPluginManager: Loaded Plugin OnlineSubsystemNull, From E:/Unreal Engine/UE_4.13/Engine/Plugins/Online/OnlineSubsystemNull/OnlineSubsystemNull.uplugin
LogPluginManager: Loaded Plugin OnlineSubsystemOculus, From E:/Unreal Engine/UE_4.13/Engine/Plugins/Online/OnlineSubsystemOculus/OnlineSubsystemOculus.uplugin
LogPluginManager: Loaded Plugin OnlineSubsystemSteam, From E:/Unreal Engine/UE_4.13/Engine/Plugins/Online/OnlineSubsystemSteam/OnlineSubsystemSteam.uplugin
LogPluginManager: Loaded Plugin OnlineSubsystemUtils, From E:/Unreal Engine/UE_4.13/Engine/Plugins/Online/OnlineSubsystemUtils/OnlineSubsystemUtils.uplugin
LogPluginManager: Loaded Plugin IOSTapJoy, From E:/Unreal Engine/UE_4.13/Engine/Plugins/Runtime/Advertising/IOSTapJoy/IOSTapJoy.uplugin
LogPluginManager: Loaded Plugin AnalyticsBlueprintLibrary, From E:/Unreal Engine/UE_4.13/Engine/Plugins/Runtime/Analytics/AnalyticsBlueprintLibrary/AnalyticsBlueprintLibrary.uplugin
LogPluginManager: Loaded Plugin AnalyticsMulticast, From E:/Unreal Engine/UE_4.13/Engine/Plugins/Runtime/Analytics/AnalyticsMulticast/AnalyticsMulticast.uplugin
LogPluginManager: Loaded Plugin Apsalar, From E:/Unreal Engine/UE_4.13/Engine/Plugins/Runtime/Analytics/Apsalar/Apsalar.uplugin
LogPluginManager: Loaded Plugin FileLogging, From E:/Unreal Engine/UE_4.13/Engine/Plugins/Runtime/Analytics/FileLogging/FileLogging.uplugin
LogPluginManager: Loaded Plugin Flurry, From E:/Unreal Engine/UE_4.13/Engine/Plugins/Runtime/Analytics/Flurry/Flurry.uplugin
LogPluginManager: Loaded Plugin AndroidDeviceProfileSelector, From E:/Unreal Engine/UE_4.13/Engine/Plugins/Runtime/AndroidDeviceProfileSelector/AndroidDeviceProfileSelector.uplugin
LogPluginManager: Loaded Plugin AndroidMoviePlayer, From E:/Unreal Engine/UE_4.13/Engine/Plugins/Runtime/AndroidMoviePlayer/AndroidMoviePlayer.uplugin
LogPluginManager: Loaded Plugin AppleMoviePlayer, From E:/Unreal Engine/UE_4.13/Engine/Plugins/Runtime/AppleMoviePlayer/AppleMoviePlayer.uplugin
LogPluginManager: Loaded Plugin ArchVisCharacter, From E:/Unreal Engine/UE_4.13/Engine/Plugins/Runtime/ArchVisCharacter/ArchVisCharacter.uplugin
LogPluginManager: Loaded Plugin CableComponent, From E:/Unreal Engine/UE_4.13/Engine/Plugins/Runtime/CableComponent/CableComponent.uplugin
LogPluginManager: Loaded Plugin CustomMeshComponent, From E:/Unreal Engine/UE_4.13/Engine/Plugins/Runtime/CustomMeshComponent/CustomMeshComponent.uplugin
LogPluginManager: Loaded Plugin ExampleDeviceProfileSelector, From E:/Unreal Engine/UE_4.13/Engine/Plugins/Runtime/ExampleDeviceProfileSelector/ExampleDeviceProfileSelector.uplugin
LogPluginManager: Loaded Plugin GearVR, From E:/Unreal Engine/UE_4.13/Engine/Plugins/Runtime/GearVR/GearVR.uplugin
LogPluginManager: Loaded Plugin GoogleVRController, From E:/Unreal Engine/UE_4.13/Engine/Plugins/Runtime/GoogleVR/GoogleVRController/GoogleVRController.uplugin
LogPluginManager: Loaded Plugin GoogleVRHMD, From E:/Unreal Engine/UE_4.13/Engine/Plugins/Runtime/GoogleVR/GoogleVRHMD/GoogleVRHMD.uplugin
LogPluginManager: Loaded Plugin IOSDeviceProfileSelector, From E:/Unreal Engine/UE_4.13/Engine/Plugins/Runtime/IOSDeviceProfileSelector/IOSDeviceProfileSelector.uplugin
LogPluginManager: Loaded Plugin LeapMotion, From E:/Unreal Engine/UE_4.13/Engine/Plugins/Runtime/LeapMotion/LeapMotion.uplugin
LogPluginManager: Loaded Plugin LinuxDeviceProfileSelector, From E:/Unreal Engine/UE_4.13/Engine/Plugins/Runtime/LinuxDeviceProfileSelector/LinuxDeviceProfileSelector.uplugin
LogPluginManager: Loaded Plugin LiveEditorListenServer, From E:/Unreal Engine/UE_4.13/Engine/Plugins/Runtime/LiveEditorListenServer/LiveEditorListenServer.uplugin
LogPluginManager: Loaded Plugin OculusAudio, From E:/Unreal Engine/UE_4.13/Engine/Plugins/Runtime/OculusAudio/OculusAudio.uplugin
LogPluginManager: Loaded Plugin OculusInput, From E:/Unreal Engine/UE_4.13/Engine/Plugins/Runtime/OculusInput/OculusInput.uplugin
LogPluginManager: Loaded Plugin OculusLibrary, From E:/Unreal Engine/UE_4.13/Engine/Plugins/Runtime/OculusLibrary/OculusLibrary.uplugin
LogPluginManager: Loaded Plugin OculusRift, From E:/Unreal Engine/UE_4.13/Engine/Plugins/Runtime/OculusRift/OculusRift.uplugin
LogPluginManager: Loaded Plugin Oodle, From E:/Unreal Engine/UE_4.13/Engine/Plugins/Runtime/PacketHandlers/CompressionComponents/Oodle/Oodle.uplugin
LogPluginManager: Loaded Plugin ProceduralMeshComponent, From E:/Unreal Engine/UE_4.13/Engine/Plugins/Runtime/ProceduralMeshComponent/ProceduralMeshComponent.uplugin
LogPluginManager: Loaded Plugin SoundMod, From E:/Unreal Engine/UE_4.13/Engine/Plugins/Runtime/SoundMod/SoundMod.uplugin
LogPluginManager: Loaded Plugin SoundVisualizations, From E:/Unreal Engine/UE_4.13/Engine/Plugins/Runtime/SoundVisualizations/SoundVisualizations.uplugin
LogPluginManager: Loaded Plugin SteamController, From E:/Unreal Engine/UE_4.13/Engine/Plugins/Runtime/Steam/SteamController/SteamController.uplugin
LogPluginManager: Loaded Plugin SteamVR, From E:/Unreal Engine/UE_4.13/Engine/Plugins/Runtime/Steam/SteamVR/SteamVR.uplugin
LogPluginManager: Loaded Plugin WebBrowserWidget, From E:/Unreal Engine/UE_4.13/Engine/Plugins/Runtime/WebBrowserWidget/WebBrowserWidget.uplugin
LogPluginManager: Loaded Plugin WindowsDeviceProfileSelector, From E:/Unreal Engine/UE_4.13/Engine/Plugins/Runtime/WindowsDeviceProfileSelector/WindowsDeviceProfileSelector.uplugin
LogPluginManager: Loaded Plugin WindowsMoviePlayer, From E:/Unreal Engine/UE_4.13/Engine/Plugins/Runtime/WindowsMoviePlayer/WindowsMoviePlayer.uplugin
LogPluginManager: Loaded Plugin ScriptPlugin, From E:/Unreal Engine/UE_4.13/Engine/Plugins/ScriptPlugin/ScriptPlugin.uplugin
LogPluginManager: Loaded Plugin SlateRemote, From E:/Unreal Engine/UE_4.13/Engine/Plugins/Slate/SlateRemote/SlateRemote.uplugin
LogInit: Using libcurl 7.47.1
LogInit:  - built for x86_64-pc-win32
LogInit:  - supports SSL with WinSSL
LogInit:  - other features:
LogInit:      CURL_VERSION_SSL
LogInit:      CURL_VERSION_IPV6
LogInit:      CURL_VERSION_ASYNCHDNS
LogInit:      CURL_VERSION_LARGEFILE
LogInit:      CURL_VERSION_IDN
LogInit:  CurlRequestOptions (configurable via config and command line):
LogInit:  - bVerifyPeer = false  - Libcurl will NOT verify peer certificate
LogInit:  - bUseHttpProxy = false  - Libcurl will NOT use HTTP proxy
LogInit:  - bDontReuseConnections = false  - Libcurl will reuse connections
LogInit:  - CertBundlePath = nullptr  - Libcurl will use whatever was configured at build time.
LogInit: Build: ++UE4+Release-4.13-CL-3172292
LogInit: Engine Version: 4.13.2-3172292+++UE4+Release-4.13
LogInit: Compatible Engine Version: 4.13.0-3106830+++UE4+Release-4.13
LogInit: Net CL: 3172292
LogDevObjectVersion: Number of dev versions registered: 13
LogDevObjectVersion:   Dev-Blueprints (B0D832E4-1F89-4F0D-ACCF-7EB736FD4AA2): 5
LogDevObjectVersion:   Dev-Build (E1C64328-A22C-4D53-A36C-8E866417BD8C): 0
LogDevObjectVersion:   Dev-Core (375EC13C-06E4-48FB-B500-84F0262A717E): 1
LogDevObjectVersion:   Dev-Editor (E4B068ED-F494-42E9-A231-DA0B2E46BB41): 6
LogDevObjectVersion:   Dev-Framework (CFFC743F-43B0-4480-9391-14DF171D2073): 12
LogDevObjectVersion:   Dev-Mobile (B02B49B5-BB20-44E9-A304-32B752E40360): 0
LogDevObjectVersion:   Dev-Networking (A4E4105C-59A1-49B5-A7C5-40C4547EDFEE): 0
LogDevObjectVersion:   Dev-Online (39C831C9-5AE6-47DC-9A44-9C173E1C8E7C): 0
LogDevObjectVersion:   Dev-Physics (78F01B33-EBEA-4F98-B9B4-84EACCB95AA2): 0
LogDevObjectVersion:   Dev-Platform (6631380F-2D4D-43E0-8009-CF276956A95A): 0
LogDevObjectVersion:   Dev-Rendering (12F88B9F-8875-4AFC-A67C-D90C383ABD29): 4
LogDevObjectVersion:   Dev-Sequencer (7B5AE74C-D270-4C10-A958-57980B212A5A): 0
LogDevObjectVersion:   Dev-VR (D7296918-1DD6-4BDD-9DE2-64A83CC13884): 0
LogInit: Compiled (64-bit): Oct 24 2016 14:29:06
LogInit: Compiled with Visual C++: 19.00.23026.00
LogInit: Build Configuration: Development
LogInit: Branch Name: ++UE4+Release-4.13
LogInit: Command line:  
LogInit: Base directory: E:/Unreal Engine/UE_4.13/Engine/Binaries/Win64/
LogInit: Installed Engine Build: 1
LogInit: Presizing for max 8388607 objects, including 0 objects not considered by GC, pre-allocating 0 bytes for permanent pool.
LogInit: Object subsystem initialized
LogStats: FPlatformStackWalk::StackWalkAndDump -  0.004 s
LogOutputDevice:Error: === Handled ensure: ===
LogOutputDevice:Error: 
LogOutputDevice:Error: Ensure condition failed: false [File:D:\Build\++UE4+Release-4.13+Compile\Sync\Engine\Source\Runtime\Core\Private\Misc\ConfigCacheIni.cpp] [Line: 3448]
LogOutputDevice:Error: The ini file 'E:/Castle-Guard-Working-Bow/CastleGuard/ProjectFiles/Saved/Config/Windows/Engine.ini' tries to set the console variable 'showflag.decals' marked with ECVF_Cheat, this is only allowed in consolevariables.ini
LogOutputDevice:Error: Stack: 
LogOutputDevice:Error: UE4Editor-Core.dll
LogOutputDevice:Error: UE4Editor-Core.dll
LogOutputDevice:Error: UE4Editor-Core.dll
LogOutputDevice:Error: UE4Editor-Core.dll
LogOutputDevice:Error: UE4Editor-Engine.dll
LogOutputDevice:Error: UE4Editor-Core.dll
LogOutputDevice:Error: UE4Editor-Engine.dll
LogOutputDevice:Error: UE4Editor-Engine.dll
LogOutputDevice:Error: UE4Editor.exe
LogOutputDevice:Error: UE4Editor.exe
LogOutputDevice:Error: UE4Editor.exe
LogOutputDevice:Error: UE4Editor.exe
LogOutputDevice:Error: UE4Editor.exe
LogOutputDevice:Error: KERNEL32.DLL
LogOutputDevice:Error: ntdll.dll
LogOutputDevice:Error: ntdll.dll
LogOutputDevice:Error: 
LogStats:                SubmitErrorReport -  0.000 s
LogStats:                    SendNewReport -  4.936 s
LogStats:             FDebug::EnsureFailed -  4.940 s
[2017.06.06-08.52.05:074][  0]LogConsoleManager:Display: Setting the console variable 'r.SeparateTranslucency' with 'SetByProjectSetting' was ignored as it is lower priority than the previous 'SetBySystemSettingsIni'
[2017.06.06-08.52.05:076][  0]LogConsoleManager:Display: Setting the console variable 'r.ScreenPercentage' with 'SetByScalability' was ignored as it is lower priority than the previous 'SetBySystemSettingsIni'
[2017.06.06-08.52.05:076][  0]LogConsoleManager:Display: Setting the console variable 'r.PostProcessAAQuality' with 'SetByScalability' was ignored as it is lower priority than the previous 'SetBySystemSettingsIni'
[2017.06.06-08.52.05:076][  0]LogConsoleManager:Display: Setting the console variable 'r.MotionBlurQuality' with 'SetByScalability' was ignored as it is lower priority than the previous 'SetBySystemSettingsIni'
[2017.06.06-08.52.05:076][  0]LogConsoleManager:Display: Setting the console variable 'r.AmbientOcclusionLevels' with 'SetByScalability' was ignored as it is lower priority than the previous 'SetBySystemSettingsIni'
[2017.06.06-08.52.05:076][  0]LogConsoleManager:Display: Setting the console variable 'r.DepthOfFieldQuality' with 'SetByScalability' was ignored as it is lower priority than the previous 'SetBySystemSettingsIni'
[2017.06.06-08.52.05:076][  0]LogConsoleManager:Display: Setting the console variable 'r.LensFlareQuality' with 'SetByScalability' was ignored as it is lower priority than the previous 'SetBySystemSettingsIni'
[2017.06.06-08.52.05:076][  0]LogConsoleManager:Display: Setting the console variable 'r.SceneColorFringeQuality' with 'SetByScalability' was ignored as it is lower priority than the previous 'SetBySystemSettingsIni'
[2017.06.06-08.52.05:076][  0]LogConsoleManager:Display: Setting the console variable 'r.EyeAdaptationQuality' with 'SetByScalability' was ignored as it is lower priority than the previous 'SetBySystemSettingsIni'
[2017.06.06-08.52.05:076][  0]LogConsoleManager:Display: Setting the console variable 'r.BloomQuality' with 'SetByScalability' was ignored as it is lower priority than the previous 'SetBySystemSettingsIni'
[2017.06.06-08.52.05:076][  0]LogConsoleManager:Display: Setting the console variable 'r.FastBlurThreshold' with 'SetByScalability' was ignored as it is lower priority than the previous 'SetBySystemSettingsIni'
[2017.06.06-08.52.05:076][  0]LogConsoleManager:Display: Setting the console variable 'r.MaxAnisotropy' with 'SetByScalability' was ignored as it is lower priority than the previous 'SetBySystemSettingsIni'
[2017.06.06-08.52.05:076][  0]LogConsoleManager:Display: Setting the console variable 'r.TranslucencyLightingVolumeDim' with 'SetByScalability' was ignored as it is lower priority than the previous 'SetBySystemSettingsIni'
[2017.06.06-08.52.05:076][  0]LogConsoleManager:Display: Setting the console variable 'r.SSR.Quality' with 'SetByScalability' was ignored as it is lower priority than the previous 'SetBySystemSettingsIni'
[2017.06.06-08.52.05:076][  0]LogConsoleManager:Display: Setting the console variable 'r.SceneColorFormat' with 'SetByScalability' was ignored as it is lower priority than the previous 'SetBySystemSettingsIni'
[2017.06.06-08.52.05:076][  0]LogConsoleManager:Display: Setting the console variable 'r.TranslucencyVolumeBlur' with 'SetByScalability' was ignored as it is lower priority than the previous 'SetBySystemSettingsIni'
[2017.06.06-08.52.05:076][  0]LogInit: Selected Device Profile: [Windows]
[2017.06.06-08.52.05:076][  0]LogInit: Applying CVar settings loaded from the selected device profile: [Windows]
[2017.06.06-08.52.05:086][  0]LogInit: Computer: AI911LAB238VIV
[2017.06.06-08.52.05:086][  0]LogInit: User: StudentUser
[2017.06.06-08.52.05:086][  0]LogInit: CPU Page size=65536, Cores=4
[2017.06.06-08.52.05:086][  0]LogInit: High frequency timer resolution =3.410077 MHz
[2017.06.06-08.52.05:086][  0]LogMemory: Memory total: Physical=15.9GB (16GB approx)
[2017.06.06-08.52.05:086][  0]LogMemory: Platform Memory Stats for Windows
[2017.06.06-08.52.05:086][  0]LogMemory: Process Physical Memory: 263.97 MB used, 263.97 MB peak
[2017.06.06-08.52.05:086][  0]LogMemory: Process Virtual Memory: 264.59 MB used, 264.59 MB peak
[2017.06.06-08.52.05:086][  0]LogMemory: Physical Memory: 5048.56 MB used, 16291.25 MB total
[2017.06.06-08.52.05:086][  0]LogMemory: Virtual Memory: 638.53 MB used, 134217728.00 MB total
[2017.06.06-08.52.05:112][  0]LogTextLocalizationManager: No specific translations for ('en-US') exist, so ('en') translations will be used.
[2017.06.06-08.52.05:622][  0]LogD3D11RHI: D3D11 adapters:
[2017.06.06-08.52.05:645][  0]LogD3D11RHI:    0. 'NVIDIA GeForce GTX 970' (Feature Level 11_0)
[2017.06.06-08.52.05:645][  0]LogD3D11RHI:       4058/0/8145 MB DedicatedVideo/DedicatedSystem/SharedSystem, Outputs:1, VendorId:0x10de
[2017.06.06-08.52.05:646][  0]LogD3D11RHI:    1. 'Microsoft Basic Render Driver' (Feature Level 11_0)
[2017.06.06-08.52.05:646][  0]LogD3D11RHI:       0/0/8145 MB DedicatedVideo/DedicatedSystem/SharedSystem, Outputs:0, VendorId:0x1414
[2017.06.06-08.52.05:646][  0]LogD3D11RHI: Chosen D3D11 Adapter: 0
[2017.06.06-08.52.05:650][  0]LogD3D11RHI: Creating new Direct3DDevice
[2017.06.06-08.52.05:650][  0]LogD3D11RHI:     GPU DeviceId: 0x13c2 (for the marketing name, search the web for "GPU Device Id")
[2017.06.06-08.52.05:650][  0]LogWindows: EnumDisplayDevices:
[2017.06.06-08.52.05:650][  0]LogWindows:    0. 'NVIDIA GeForce GTX 970' (P:1 D:1)
[2017.06.06-08.52.05:650][  0]LogWindows:    1. 'NVIDIA GeForce GTX 970' (P:0 D:0)
[2017.06.06-08.52.05:651][  0]LogWindows:    2. 'NVIDIA GeForce GTX 970' (P:0 D:0)
[2017.06.06-08.52.05:651][  0]LogWindows:    3. 'NVIDIA GeForce GTX 970' (P:0 D:0)
[2017.06.06-08.52.05:651][  0]LogWindows: DebugString: FoundDriverCount:4 
[2017.06.06-08.52.05:651][  0]LogD3D11RHI:     Adapter Name: NVIDIA GeForce GTX 970
[2017.06.06-08.52.05:651][  0]LogD3D11RHI:   Driver Version: 369.09 (internal:21.21.13.6909, unified:369.09)
[2017.06.06-08.52.05:651][  0]LogD3D11RHI:      Driver Date: 8-1-2016
[2017.06.06-08.52.05:651][  0]LogRHI: Texture pool is 1361 MB (70% of 1945 MB)
[2017.06.06-08.52.05:666][  0]LogD3D11RHI: Async texture creation enabled
[2017.06.06-08.52.05:682][  0]LogD3D11RHI: GPU Timing Frequency: 1000.000000 (Debug: 2 2)
[2017.06.06-08.52.05:683][  0]LogShaderCompilers: Guid format shader working directory is -16 characters bigger than the processId version (../../../../../Castle-Guard-Working-Bow/CastleGuard/ProjectFiles/Intermediate/Shaders/WorkingDirectory/14280/).
[2017.06.06-08.52.05:683][  0]LogShaderCompilers: Cleaned the shader compiler working directory 'C:/Users/STUDEN~1/AppData/Local/Temp/UnrealShaderWorkingDir/BDDA1DDE4D4F660EBA864EA0352AADF0/'.
[2017.06.06-08.52.05:683][  0]LogShaderCompilers:Display: Using Local Shader Compiler.
[2017.06.06-08.52.06:535][  0]LogTemp:Display: Loaded TP AllDesktopTargetPlatform
[2017.06.06-08.52.06:543][  0]LogTemp:Display: Loaded TP WindowsClientTargetPlatform
[2017.06.06-08.52.06:550][  0]LogTemp:Display: Loaded TP WindowsNoEditorTargetPlatform
[2017.06.06-08.52.06:557][  0]LogTemp:Display: Loaded TP WindowsServerTargetPlatform
[2017.06.06-08.52.06:565][  0]LogTemp:Display: Loaded TP WindowsTargetPlatform
[2017.06.06-08.52.06:572][  0]LogTemp:Display: Loaded TP AndroidTargetPlatform
[2017.06.06-08.52.06:578][  0]LogTemp:Display: Loaded TP Android_ASTCTargetPlatform
[2017.06.06-08.52.06:584][  0]LogTemp:Display: Loaded TP Android_ATCTargetPlatform
[2017.06.06-08.52.06:590][  0]LogTemp:Display: Loaded TP Android_DXTTargetPlatform
[2017.06.06-08.52.06:596][  0]LogTemp:Display: Loaded TP Android_ETC1TargetPlatform
[2017.06.06-08.52.06:603][  0]LogTemp:Display: Loaded TP Android_ETC2TargetPlatform
[2017.06.06-08.52.06:615][  0]LogTemp:Display: Loaded TP Android_MultiTargetPlatform
[2017.06.06-08.52.06:615][  0]LogTemp:Display: Loaded TP Android_PVRTCTargetPlatform
[2017.06.06-08.52.06:616][  0]LogTemp:Display: Loaded TP HTML5TargetPlatform
[2017.06.06-08.52.06:635][  0]LogTemp:Display: Loaded TP IOSTargetPlatform
[2017.06.06-08.52.06:641][  0]LogTemp:Display: Loaded TP TVOSTargetPlatform
[2017.06.06-08.52.06:647][  0]LogTemp:Display: Loaded TP LinuxClientTargetPlatform
[2017.06.06-08.52.06:653][  0]LogTemp:Display: Loaded TP LinuxNoEditorTargetPlatform
[2017.06.06-08.52.06:659][  0]LogTemp:Display: Loaded TP LinuxServerTargetPlatform
[2017.06.06-08.52.06:666][  0]LogTemp:Display: Loaded TP LinuxTargetPlatform
[2017.06.06-08.52.06:666][  0]LogTargetPlatformManager:Display: Building Assets For Windows
[2017.06.06-08.52.06:720][  0]LogDerivedDataCache:Display: Max Cache Size: 512 MB
[2017.06.06-08.52.06:787][  0]LogDerivedDataCache: Loaded boot cache 0.07s 66MB C:/Users/StudentUser/AppData/Local/UnrealEngine/4.13/DerivedDataCache/Boot.ddc.
[2017.06.06-08.52.06:787][  0]LogDerivedDataCache:Display: Loaded Boot cache: C:/Users/StudentUser/AppData/Local/UnrealEngine/4.13/DerivedDataCache/Boot.ddc
[2017.06.06-08.52.06:787][  0]LogDerivedDataCache: FDerivedDataBackendGraph:  Pak pak cache file ../../../../../Castle-Guard-Working-Bow/CastleGuard/ProjectFiles/DerivedDataCache/DDC.ddp not found, will not use a pak cache.
[2017.06.06-08.52.06:787][  0]LogDerivedDataCache: Unable to find inner node Pak for hierarchical cache Hierarchy.
[2017.06.06-08.52.06:787][  0]LogDerivedDataCache: FDerivedDataBackendGraph:  CompressedPak pak cache file ../../../../../Castle-Guard-Working-Bow/CastleGuard/ProjectFiles/DerivedDataCache/Compressed.ddp not found, will not use a pak cache.
[2017.06.06-08.52.06:787][  0]LogDerivedDataCache: Unable to find inner node CompressedPak for hierarchical cache Hierarchy.
[2017.06.06-08.52.06:803][  0]LogDerivedDataCache:Display: Pak cache opened for reading ../../../Engine/DerivedDataCache/Compressed.ddp.
[2017.06.06-08.52.06:815][  0]LogDerivedDataCache: Using Local data cache path C:/Users/StudentUser/AppData/Local/UnrealEngine/Common/DerivedDataCache: Writable
[2017.06.06-08.52.06:984][  0]LogInit: Selected Device Profile: [Windows]
[2017.06.06-08.52.06:987][  0]LogContentStreaming: Texture pool size is 0.00 MB
[2017.06.06-08.52.07:068][  0]LogMeshUtilities: No automatic mesh reduction module available
[2017.06.06-08.52.07:068][  0]LogMeshUtilities: No automatic mesh merging module available
[2017.06.06-08.52.07:068][  0]LogMeshUtilities: No distributed automatic mesh merging module available
[2017.06.06-08.52.07:122][  0]LogMaterial: Uniform references updated for custom material expression Custom.
[2017.06.06-08.52.07:383][  0]LogNetVersion: GetLocalNetworkVersion: CL: 3106830, ProjectName: vive_archery_ue4, ProjectVersion: , EngineNetworkVersion: 1, GameNetworkVersion: 0, NetworkChecksum: 2616931300
[2017.06.06-08.52.07:417][  0]LogAssetRegistry: FAssetRegistry took 0.0211 seconds to start up
[2017.06.06-08.52.07:419][  0]LogDirectoryWatcher:Warning: Failed to begin reading directory changes for ../../../Engine/Plugins/Marketplace/RunebergVRPlugin/Content/. Error: The system cannot find the file specified. (0x00000002)
[2017.06.06-08.52.07:449][  0]LogPackageLocalizationCache: Processed 5 localized package path(s) for 2 prioritized culture(s) in 0.029524 seconds
[2017.06.06-08.52.07:453][  0]LogUObjectArray: 29778 objects as part of root set at end of initial load.
[2017.06.06-08.52.07:453][  0]LogUObjectAllocator: 6125448 out of 0 bytes used by permanent object pool.
[2017.06.06-08.52.07:453][  0]LogUObjectArray: CloseDisregardForGC: 0/0 objects in disregard for GC pool
[2017.06.06-08.52.07:457][  0]LogInit: WinSock: version 1.1 (2.2), MaxSocks=32767, MaxUdp=65467
[2017.06.06-08.52.07:622][  0]LogSlate: SlateFontCache - WITH_FREETYPE: 1, WITH_HARFBUZZ: 1
[2017.06.06-08.52.07:623][  0]LogSlate: SlateFontCache - WITH_FREETYPE: 1, WITH_HARFBUZZ: 1
[2017.06.06-08.52.08:169][  0]LogSubstanceCoreModule: Substance CPU Engine Loaded, Max Texture Size 2048
[2017.06.06-08.52.08:177][  0]LogTcpMessaging: Initializing TcpMessaging bridge
[2017.06.06-08.52.08:194][  0]LogUdpMessaging: Initializing bridge on interface 0.0.0.0:0 to multicast group 230.0.0.1:6666.
[2017.06.06-08.52.08:393][  0]SourceControl: Info Source control is disabled
[2017.06.06-08.52.08:423][  0]SourceControl: Info Source control is disabled
[2017.06.06-08.52.08:429][  0]SourceControl: Info Source control is disabled
[2017.06.06-08.52.08:435][  0]SourceControl: Info Source control is disabled
[2017.06.06-08.52.08:680][  0]LogEngine: Initializing Engine...
[2017.06.06-08.52.08:701][  0]LogHMD: SteamVR initialized.  Driver: lighthouse  Display: LHR-A4D81BA4
[2017.06.06-08.52.08:828][  0]LogAIModule: Creating AISystem for world Untitled
[2017.06.06-08.52.08:839][  0]LogInit: XAudio2 using 'Speakers (Realtek High Definition Audio)' : 2 channels at 48 kHz using 32 bits per sample (channel mask 0x3)
[2017.06.06-08.52.08:849][  0]LogInit: FAudioDevice initialized.
[2017.06.06-08.52.08:880][  0]LogDerivedDataCache: Saved boot cache 0.03s 66MB C:/Users/StudentUser/AppData/Local/UnrealEngine/4.13/DerivedDataCache/Boot.ddc.
[2017.06.06-08.52.08:888][  0]LogInit: Texture streaming: Enabled
[2017.06.06-08.52.08:909][  0]LogWindowsTextInputMethodSystem:Display: IME system now deactivated.
[2017.06.06-08.52.08:931][  0]LogInit: Transaction tracking system initialized
[2017.06.06-08.52.08:945][  0]BlueprintLog: New page: Editor Load
[2017.06.06-08.52.08:991][  0]LocalizationService: Info Localization service is disabled
[2017.06.06-08.52.09:047][  0]LogConsoleResponse:Display: 
[2017.06.06-08.52.09:137][  0]LogCook:Display: Max memory allowance for cook 16384mb min free memory 0mb
[2017.06.06-08.52.09:137][  0]LogCook:Display: Mobile HDR setting 1
[2017.06.06-08.52.09:243][  0]LogFileCache: Scanning file cache for directory 'E:/Castle-Guard-Working-Bow/CastleGuard/ProjectFiles/Content/' took 0.01s
[2017.06.06-08.52.09:243][  0]SourceControl: Info Source control is disabled
[2017.06.06-08.52.09:243][  0]Cmd: MAP LOAD FILE="../../../../../Castle-Guard-Working-Bow/CastleGuard/ProjectFiles/Content/Vive/Maps/default.umap" TEMPLATE=0 SHOWPROGRESS=1 FEATURELEVEL=3
[2017.06.06-08.52.09:244][  0]LightingResults: New page: Lighting Build
[2017.06.06-08.52.09:245][  0]MapCheck: New page: Map Check
[2017.06.06-08.52.09:245][  0]LightingResults: New page: Lighting Build
[2017.06.06-08.52.10:256][  0]LogPhysics:Warning: PHYSX: (..\..\PhysXCooking\src\mesh\TriangleMeshBuilder.cpp 264) eINTERNAL_ERROR : cleaning the mesh failed
[2017.06.06-08.52.10:257][  0]LogPhysics:Warning: Failed to cook TriMesh: /Game/StaticMeshes/castle__2__pSphere14.castle__2__pSphere14.
[2017.06.06-08.52.10:479][  0]LogDerivedDataCache: FFileSystemDerivedDataBackend: Move collision, attempt at redundant update, OK C:/Users/StudentUser/AppData/Local/UnrealEngine/Common/DerivedDataCache/5/0/9/NAVCOLLISION_B89838347A4348138EE337A847529C5C_NAVCOLLISION_X_6F6A345F4C4073F14__3F380D612EBD1957889584102B5281096632C58B.udd.
[2017.06.06-08.52.10:479][  0]LogDerivedDataCache: FFileSystemDerivedDataBackend: Move collision, attempt at redundant update, OK C:/Users/StudentUser/AppData/Local/UnrealEngine/Common/DerivedDataCache/3/1/8/NAVCOLLISION_B89838347A4348138EE337A847529C5C_NAVCOLLISION_X_056DAFC146E9D3A8C__13ACFA6F8E8700B64BB8ED38D244B3B31FD1336E.udd.
[2017.06.06-08.52.10:480][  0]LogDerivedDataCache: FFileSystemDerivedDataBackend: Move collision, attempt at redundant update, OK C:/Users/StudentUser/AppData/Local/UnrealEngine/Common/DerivedDataCache/5/0/9/NAVCOLLISION_B89838347A4348138EE337A847529C5C_NAVCOLLISION_X_6F6A345F4C4073F14__3F380D612EBD1957889584102B5281096632C58B.udd.
[2017.06.06-08.52.10:480][  0]LogDerivedDataCache: FFileSystemDerivedDataBackend: Move collision, attempt at redundant update, OK C:/Users/StudentUser/AppData/Local/UnrealEngine/Common/DerivedDataCache/9/9/8/NAVCOLLISION_B89838347A4348138EE337A847529C5C_NAVCOLLISION_X_6BCEFB424B078C462__E1AEEBD2118D4497EF42239EDB7D92562D15FFD4.udd.
[2017.06.06-08.52.10:480][  0]LogDerivedDataCache: FFileSystemDerivedDataBackend: Move collision, attempt at redundant update, OK C:/Users/StudentUser/AppData/Local/UnrealEngine/Common/DerivedDataCache/3/1/8/NAVCOLLISION_B89838347A4348138EE337A847529C5C_NAVCOLLISION_X_056DAFC146E9D3A8C__13ACFA6F8E8700B64BB8ED38D244B3B31FD1336E.udd.
[2017.06.06-08.52.10:480][  0]LogDerivedDataCache:Warning: FDerivedDataBackendAsyncPutWrapper: Put failed, keeping in memory copy NavCollision_B89838347A4348138EE337A847529C5C_NavCollision_X_6F6A345F4C4073F14__3F380D612EBD1957889584102B5281096632C58B.
[2017.06.06-08.52.10:480][  0]LogDerivedDataCache:Warning: FDerivedDataBackendAsyncPutWrapper: Put failed, keeping in memory copy NavCollision_B89838347A4348138EE337A847529C5C_NavCollision_X_056DAFC146E9D3A8C__13ACFA6F8E8700B64BB8ED38D244B3B31FD1336E.
[2017.06.06-08.52.10:480][  0]LogDerivedDataCache: FFileSystemDerivedDataBackend: Move collision, attempt at redundant update, OK C:/Users/StudentUser/AppData/Local/UnrealEngine/Common/DerivedDataCache/0/7/9/NAVCOLLISION_B89838347A4348138EE337A847529C5C_NAVCOLLISION_X_42EDFCC34FCE6EDDF__D1BCF6AA5012B1EE07AB5DE41A5A417003CE2C0C.udd.
[2017.06.06-08.52.10:480][  0]LogDerivedDataCache: FFileSystemDerivedDataBackend: Move collision, attempt at redundant update, OK C:/Users/StudentUser/AppData/Local/UnrealEngine/Common/DerivedDataCache/7/3/6/NAVCOLLISION_B89838347A4348138EE337A847529C5C_NAVCOLLISION_X_94E0AE694A973E9E4__DD3BA8B1D518E78F589B8AA76D3B3382D3BE520C.udd.
[2017.06.06-08.52.10:480][  0]LogDerivedDataCache: FFileSystemDerivedDataBackend: Move collision, attempt at redundant update, OK C:/Users/StudentUser/AppData/Local/UnrealEngine/Common/DerivedDataCache/0/7/9/NAVCOLLISION_B89838347A4348138EE337A847529C5C_NAVCOLLISION_X_42EDFCC34FCE6EDDF__D1BCF6AA5012B1EE07AB5DE41A5A417003CE2C0C.udd.
[2017.06.06-08.52.10:480][  0]LogDerivedDataCache: FFileSystemDerivedDataBackend: Move collision, attempt at redundant update, OK C:/Users/StudentUser/AppData/Local/UnrealEngine/Common/DerivedDataCache/7/3/6/NAVCOLLISION_B89838347A4348138EE337A847529C5C_NAVCOLLISION_X_94E0AE694A973E9E4__DD3BA8B1D518E78F589B8AA76D3B3382D3BE520C.udd.
[2017.06.06-08.52.10:480][  0]LogDerivedDataCache:Warning: FDerivedDataBackendAsyncPutWrapper: Put failed, keeping in memory copy NavCollision_B89838347A4348138EE337A847529C5C_NavCollision_X_42EDFCC34FCE6EDDF__D1BCF6AA5012B1EE07AB5DE41A5A417003CE2C0C.
[2017.06.06-08.52.10:480][  0]LogDerivedDataCache:Warning: FDerivedDataBackendAsyncPutWrapper: Put failed, keeping in memory copy NavCollision_B89838347A4348138EE337A847529C5C_NavCollision_X_94E0AE694A973E9E4__DD3BA8B1D518E78F589B8AA76D3B3382D3BE520C.
[2017.06.06-08.52.10:480][  0]LogDerivedDataCache: FFileSystemDerivedDataBackend: Move collision, attempt at redundant update, OK C:/Users/StudentUser/AppData/Local/UnrealEngine/Common/DerivedDataCache/9/3/6/NAVCOLLISION_B89838347A4348138EE337A847529C5C_NAVCOLLISION_X_051310004F24EC2AE__CABD209F2C6AF3F01E7A8484183FBF6D2871CAC8.udd.
[2017.06.06-08.52.10:480][  0]LogDerivedDataCache: FFileSystemDerivedDataBackend: Move collision, attempt at redundant update, OK C:/Users/StudentUser/AppData/Local/UnrealEngine/Common/DerivedDataCache/8/0/2/NAVCOLLISION_B89838347A4348138EE337A847529C5C_NAVCOLLISION_X_54BD1B734DAB336A5__D28ECF04F470EDB1165161693FD043852B5C51FB.udd.
[2017.06.06-08.52.10:480][  0]LogDerivedDataCache: FFileSystemDerivedDataBackend: Move collision, attempt at redundant update, OK C:/Users/StudentUser/AppData/Local/UnrealEngine/Common/DerivedDataCache/2/4/0/NAVCOLLISION_B89838347A4348138EE337A847529C5C_NAVCOLLISION_X_9C42D3D548F5A4318__F321E3F9B466713B80258E5A93E73DAA5CD1C745.udd.
[2017.06.06-08.52.10:480][  0]LogDerivedDataCache: FFileSystemDerivedDataBackend: Move collision, attempt at redundant update, OK C:/Users/StudentUser/AppData/Local/UnrealEngine/Common/DerivedDataCache/8/0/2/NAVCOLLISION_B89838347A4348138EE337A847529C5C_NAVCOLLISION_X_54BD1B734DAB336A5__D28ECF04F470EDB1165161693FD043852B5C51FB.udd.
[2017.06.06-08.52.10:480][  0]LogDerivedDataCache:Warning: FDerivedDataBackendAsyncPutWrapper: Put failed, keeping in memory copy NavCollision_B89838347A4348138EE337A847529C5C_NavCollision_X_54BD1B734DAB336A5__D28ECF04F470EDB1165161693FD043852B5C51FB.
[2017.06.06-08.52.10:480][  0]LogDerivedDataCache: FFileSystemDerivedDataBackend: Move collision, attempt at redundant update, OK C:/Users/StudentUser/AppData/Local/UnrealEngine/Common/DerivedDataCache/2/4/0/NAVCOLLISION_B89838347A4348138EE337A847529C5C_NAVCOLLISION_X_9C42D3D548F5A4318__F321E3F9B466713B80258E5A93E73DAA5CD1C745.udd.
[2017.06.06-08.52.10:480][  0]LogDerivedDataCache: FFileSystemDerivedDataBackend: Move collision, attempt at redundant update, OK C:/Users/StudentUser/AppData/Local/UnrealEngine/Common/DerivedDataCache/9/3/6/NAVCOLLISION_B89838347A4348138EE337A847529C5C_NAVCOLLISION_X_051310004F24EC2AE__CABD209F2C6AF3F01E7A8484183FBF6D2871CAC8.udd.
[2017.06.06-08.52.10:480][  0]LogDerivedDataCache:Warning: FDerivedDataBackendAsyncPutWrapper: Put failed, keeping in memory copy NavCollision_B89838347A4348138EE337A847529C5C_NavCollision_X_9C42D3D548F5A4318__F321E3F9B466713B80258E5A93E73DAA5CD1C745.
[2017.06.06-08.52.10:480][  0]LogDerivedDataCache:Warning: FDerivedDataBackendAsyncPutWrapper: Put failed, keeping in memory copy NavCollision_B89838347A4348138EE337A847529C5C_NavCollision_X_051310004F24EC2AE__CABD209F2C6AF3F01E7A8484183FBF6D2871CAC8.
[2017.06.06-08.52.10:480][  0]LogDerivedDataCache: FFileSystemDerivedDataBackend: Move collision, attempt at redundant update, OK C:/Users/StudentUser/AppData/Local/UnrealEngine/Common/DerivedDataCache/2/5/7/NAVCOLLISION_B89838347A4348138EE337A847529C5C_NAVCOLLISION_X_6F4268794709331BF__A2C8CAE421C562F7E1B7E5B0B282E8ECE56A12E1.udd.
[2017.06.06-08.52.10:480][  0]LogDerivedDataCache: FFileSystemDerivedDataBackend: Move collision, attempt at redundant update, OK C:/Users/StudentUser/AppData/Local/UnrealEngine/Common/DerivedDataCache/3/9/9/NAVCOLLISION_B89838347A4348138EE337A847529C5C_NAVCOLLISION_X_6B9734AD4D2A490A4__CE225686DE6C34847293501D738AD890D78D3D9A.udd.
[2017.06.06-08.52.10:480][  0]LogDerivedDataCache: FFileSystemDerivedDataBackend: Move collision, attempt at redundant update, OK C:/Users/StudentUser/AppData/Local/UnrealEngine/Common/DerivedDataCache/1/5/0/NAVCOLLISION_B89838347A4348138EE337A847529C5C_NAVCOLLISION_X_4964DD764D87976E7__E4AF617878CEE144B3BCBAA32F54AF5C61FA68A2.udd.
[2017.06.06-08.52.10:480][  0]LogDerivedDataCache: FFileSystemDerivedDataBackend: Move collision, attempt at redundant update, OK C:/Users/StudentUser/AppData/Local/UnrealEngine/Common/DerivedDataCache/2/5/7/NAVCOLLISION_B89838347A4348138EE337A847529C5C_NAVCOLLISION_X_6F4268794709331BF__A2C8CAE421C562F7E1B7E5B0B282E8ECE56A12E1.udd.
[2017.06.06-08.52.10:480][  0]LogDerivedDataCache: FFileSystemDerivedDataBackend: Move collision, attempt at redundant update, OK C:/Users/StudentUser/AppData/Local/UnrealEngine/Common/DerivedDataCache/3/9/9/NAVCOLLISION_B89838347A4348138EE337A847529C5C_NAVCOLLISION_X_6B9734AD4D2A490A4__CE225686DE6C34847293501D738AD890D78D3D9A.udd.
[2017.06.06-08.52.10:480][  0]LogDerivedDataCache:Warning: FDerivedDataBackendAsyncPutWrapper: Put failed, keeping in memory copy NavCollision_B89838347A4348138EE337A847529C5C_NavCollision_X_6F4268794709331BF__A2C8CAE421C562F7E1B7E5B0B282E8ECE56A12E1.
[2017.06.06-08.52.10:480][  0]LogDerivedDataCache: FFileSystemDerivedDataBackend: Move collision, attempt at redundant update, OK C:/Users/StudentUser/AppData/Local/UnrealEngine/Common/DerivedDataCache/1/5/0/NAVCOLLISION_B89838347A4348138EE337A847529C5C_NAVCOLLISION_X_4964DD764D87976E7__E4AF617878CEE144B3BCBAA32F54AF5C61FA68A2.udd.
[2017.06.06-08.52.10:480][  0]LogDerivedDataCache:Warning: FDerivedDataBackendAsyncPutWrapper: Put failed, keeping in memory copy NavCollision_B89838347A4348138EE337A847529C5C_NavCollision_X_6B9734AD4D2A490A4__CE225686DE6C34847293501D738AD890D78D3D9A.
[2017.06.06-08.52.10:480][  0]LogDerivedDataCache:Warning: FDerivedDataBackendAsyncPutWrapper: Put failed, keeping in memory copy NavCollision_B89838347A4348138EE337A847529C5C_NavCollision_X_4964DD764D87976E7__E4AF617878CEE144B3BCBAA32F54AF5C61FA68A2.
[2017.06.06-08.52.10:480][  0]LogDerivedDataCache: FFileSystemDerivedDataBackend: Move collision, attempt at redundant update, OK C:/Users/StudentUser/AppData/Local/UnrealEngine/Common/DerivedDataCache/3/7/1/NAVCOLLISION_B89838347A4348138EE337A847529C5C_NAVCOLLISION_X_00035B20465A412B4__AC9F5112E5344A131D89CBDF90EAA0DBDA134B74.udd.
[2017.06.06-08.52.10:480][  0]LogDerivedDataCache: FFileSystemDerivedDataBackend: Move collision, attempt at redundant update, OK C:/Users/StudentUser/AppData/Local/UnrealEngine/Common/DerivedDataCache/3/3/6/NAVCOLLISION_B89838347A4348138EE337A847529C5C_NAVCOLLISION_X_C947B2C745CA930D0__7D69724AFFE759706C7977272B775522B2015841.udd.
[2017.06.06-08.52.10:480][  0]LogDerivedDataCache: FFileSystemDerivedDataBackend: Move collision, attempt at redundant update, OK C:/Users/StudentUser/AppData/Local/UnrealEngine/Common/DerivedDataCache/2/0/8/NAVCOLLISION_B89838347A4348138EE337A847529C5C_NAVCOLLISION_X_3CDC74B44DA2C4C56__CD86D7976D86107F84F4CEFBD03604E1EA0611D9.udd.
[2017.06.06-08.52.10:480][  0]LogDerivedDataCache: FFileSystemDerivedDataBackend: Move collision, attempt at redundant update, OK C:/Users/StudentUser/AppData/Local/UnrealEngine/Common/DerivedDataCache/3/7/1/NAVCOLLISION_B89838347A4348138EE337A847529C5C_NAVCOLLISION_X_00035B20465A412B4__AC9F5112E5344A131D89CBDF90EAA0DBDA134B74.udd.
[2017.06.06-08.52.10:480][  0]LogDerivedDataCache: FFileSystemDerivedDataBackend: Move collision, attempt at redundant update, OK C:/Users/StudentUser/AppData/Local/UnrealEngine/Common/DerivedDataCache/3/3/6/NAVCOLLISION_B89838347A4348138EE337A847529C5C_NAVCOLLISION_X_C947B2C745CA930D0__7D69724AFFE759706C7977272B775522B2015841.udd.
[2017.06.06-08.52.10:480][  0]LogDerivedDataCache: FFileSystemDerivedDataBackend: Move collision, attempt at redundant update, OK C:/Users/StudentUser/AppData/Local/UnrealEngine/Common/DerivedDataCache/2/0/8/NAVCOLLISION_B89838347A4348138EE337A847529C5C_NAVCOLLISION_X_3CDC74B44DA2C4C56__CD86D7976D86107F84F4CEFBD03604E1EA0611D9.udd.
[2017.06.06-08.52.10:480][  0]LogDerivedDataCache:Warning: FDerivedDataBackendAsyncPutWrapper: Put failed, keeping in memory copy NavCollision_B89838347A4348138EE337A847529C5C_NavCollision_X_00035B20465A412B4__AC9F5112E5344A131D89CBDF90EAA0DBDA134B74.
[2017.06.06-08.52.10:480][  0]LogDerivedDataCache:Warning: FDerivedDataBackendAsyncPutWrapper: Put failed, keeping in memory copy NavCollision_B89838347A4348138EE337A847529C5C_NavCollision_X_C947B2C745CA930D0__7D69724AFFE759706C7977272B775522B2015841.
[2017.06.06-08.52.10:480][  0]LogDerivedDataCache:Warning: FDerivedDataBackendAsyncPutWrapper: Put failed, keeping in memory copy NavCollision_B89838347A4348138EE337A847529C5C_NavCollision_X_3CDC74B44DA2C4C56__CD86D7976D86107F84F4CEFBD03604E1EA0611D9.
[2017.06.06-08.52.10:480][  0]LogDerivedDataCache: FFileSystemDerivedDataBackend: Move collision, attempt at redundant update, OK C:/Users/StudentUser/AppData/Local/UnrealEngine/Common/DerivedDataCache/0/5/7/NAVCOLLISION_B89838347A4348138EE337A847529C5C_NAVCOLLISION_X_521BA2A6486ACAFE9__CE060B1C9D506028C7BB2C7DDFBD90E964F34CFE.udd.
[2017.06.06-08.52.10:480][  0]LogDerivedDataCache: FFileSystemDerivedDataBackend: Move collision, attempt at redundant update, OK C:/Users/StudentUser/AppData/Local/UnrealEngine/Common/DerivedDataCache/9/2/4/NAVCOLLISION_B89838347A4348138EE337A847529C5C_NAVCOLLISION_X_DA0095CA4308F6180__4E595529CDB9F8638B333A0E78D609349960688C.udd.
[2017.06.06-08.52.10:480][  0]LogDerivedDataCache: FFileSystemDerivedDataBackend: Move collision, attempt at redundant update, OK C:/Users/StudentUser/AppData/Local/UnrealEngine/Common/DerivedDataCache/9/2/4/NAVCOLLISION_B89838347A4348138EE337A847529C5C_NAVCOLLISION_X_DA0095CA4308F6180__4E595529CDB9F8638B333A0E78D609349960688C.udd.
[2017.06.06-08.52.10:480][  0]LogDerivedDataCache: FFileSystemDerivedDataBackend: Move collision, attempt at redundant update, OK C:/Users/StudentUser/AppData/Local/UnrealEngine/Common/DerivedDataCache/0/5/7/NAVCOLLISION_B89838347A4348138EE337A847529C5C_NAVCOLLISION_X_521BA2A6486ACAFE9__CE060B1C9D506028C7BB2C7DDFBD90E964F34CFE.udd.
[2017.06.06-08.52.10:480][  0]LogDerivedDataCache:Warning: FDerivedDataBackendAsyncPutWrapper: Put failed, keeping in memory copy NavCollision_B89838347A4348138EE337A847529C5C_NavCollision_X_DA0095CA4308F6180__4E595529CDB9F8638B333A0E78D609349960688C.
[2017.06.06-08.52.10:480][  0]LogDerivedDataCache:Warning: FDerivedDataBackendAsyncPutWrapper: Put failed, keeping in memory copy NavCollision_B89838347A4348138EE337A847529C5C_NavCollision_X_521BA2A6486ACAFE9__CE060B1C9D506028C7BB2C7DDFBD90E964F34CFE.
[2017.06.06-08.52.10:480][  0]LogDerivedDataCache: FFileSystemDerivedDataBackend: Move collision, attempt at redundant update, OK C:/Users/StudentUser/AppData/Local/UnrealEngine/Common/DerivedDataCache/5/2/9/NAVCOLLISION_B89838347A4348138EE337A847529C5C_NAVCOLLISION_X_6B2441404CCF89A88__F4291B61B635AEA56C838BC6AA5A673E3C75CA03.udd.
[2017.06.06-08.52.10:480][  0]LogDerivedDataCache: FFileSystemDerivedDataBackend: Move collision, attempt at redundant update, OK C:/Users/StudentUser/AppData/Local/UnrealEngine/Common/DerivedDataCache/5/9/9/NAVCOLLISION_B89838347A4348138EE337A847529C5C_NAVCOLLISION_X_FA9F76234C9277ECD__217697EA44183ED94C6971E7AD48C46403896BCC.udd.
[2017.06.06-08.52.10:480][  0]LogDerivedDataCache: FFileSystemDerivedDataBackend: Move collision, attempt at redundant update, OK C:/Users/StudentUser/AppData/Local/UnrealEngine/Common/DerivedDataCache/5/2/9/NAVCOLLISION_B89838347A4348138EE337A847529C5C_NAVCOLLISION_X_6B2441404CCF89A88__F4291B61B635AEA56C838BC6AA5A673E3C75CA03.udd.
[2017.06.06-08.52.10:480][  0]LogDerivedDataCache: FFileSystemDerivedDataBackend: Move collision, attempt at redundant update, OK C:/Users/StudentUser/AppData/Local/UnrealEngine/Common/DerivedDataCache/5/9/9/NAVCOLLISION_B89838347A4348138EE337A847529C5C_NAVCOLLISION_X_FA9F76234C9277ECD__217697EA44183ED94C6971E7AD48C46403896BCC.udd.
[2017.06.06-08.52.10:480][  0]LogDerivedDataCache:Warning: FDerivedDataBackendAsyncPutWrapper: Put failed, keeping in memory copy NavCollision_B89838347A4348138EE337A847529C5C_NavCollision_X_6B2441404CCF89A88__F4291B61B635AEA56C838BC6AA5A673E3C75CA03.
[2017.06.06-08.52.10:480][  0]LogDerivedDataCache:Warning: FDerivedDataBackendAsyncPutWrapper: Put failed, keeping in memory copy NavCollision_B89838347A4348138EE337A847529C5C_NavCollision_X_FA9F76234C9277ECD__217697EA44183ED94C6971E7AD48C46403896BCC.
[2017.06.06-08.52.10:480][  0]LogDerivedDataCache:Warning: FFileSystemDerivedDataBackend: Could not write temp file C:/Users/StudentUser/AppData/Local/UnrealEngine/Common/DerivedDataCache/7/2/3/temp.089C249D470D228C265AB2A1634AAAD9!
[2017.06.06-08.52.10:480][  0]LogDerivedDataCache:Warning: FFileSystemDerivedDataBackend: Could not write temp file C:/Users/StudentUser/AppData/Local/UnrealEngine/Common/DerivedDataCache/7/2/3/temp.E05420334138483BC71AF7B33F6AA738!
[2017.06.06-08.52.10:480][  0]LogDerivedDataCache:Warning: FDerivedDataBackendAsyncPutWrapper: Put failed, keeping in memory copy NavCollision_B89838347A4348138EE337A847529C5C_NavCollision_X_76AB73C24D48B9209__0B5660247DEF58D2464B7C70D59B70A3F93D7742.
[2017.06.06-08.52.10:480][  0]LogAIModule: Creating AISystem for world default
[2017.06.06-08.52.10:547][  0]LogEditorServer: Finished looking for orphan Actors (0.000 secs)
[2017.06.06-08.52.10:598][  0]Cmd: MAP CHECKDEP NOCLEARLOG
[2017.06.06-08.52.10:648][  0]MapCheck: Info Map check complete: 0 Error(s), 0 Warning(s), took 49.957ms to complete.
[2017.06.06-08.52.10:648][  0]LogFileHelpers: Loading map 'default' took 1.405
[2017.06.06-08.52.10:753][  0]LogCollectionManager: Loaded 0 collections in 0.001121 seconds
[2017.06.06-08.52.10:791][  0]LogFileCache: Scanning file cache for directory 'E:/Castle-Guard-Working-Bow/CastleGuard/ProjectFiles/Saved/Collections/' took 0.01s
[2017.06.06-08.52.10:791][  0]LogFileCache: Scanning file cache for directory 'E:/Castle-Guard-Working-Bow/CastleGuard/ProjectFiles/Content/Developers/StudentUser/Collections/' took 0.01s
[2017.06.06-08.52.10:791][  0]LogFileCache: Scanning file cache for directory 'E:/Castle-Guard-Working-Bow/CastleGuard/ProjectFiles/Content/Collections/' took 0.01s
[2017.06.06-08.52.10:791][  0]LogCollectionManager: Rebuilt the GUID cache for 0 collections in 0.000002 seconds
[2017.06.06-08.52.10:800][  0]LogContentBrowser: Native class hierarchy populated in 0.0085 seconds. Added 2164 classes and 432 folders.
[2017.06.06-08.52.10:803][  0]LogStats: UGameplayTagsManager::ConstructGameplayTagTree: Construct from data asset -  0.000 s
[2017.06.06-08.52.10:803][  0]LogStats: UGameplayTagsManager::ConstructGameplayTagTree: GameplayTagTreeChangedEvent.Broadcast -  0.000 s
[2017.06.06-08.52.10:804][  0]LogContentBrowser: Native class hierarchy updated for 'GameplayTags' in 0.0010 seconds. Added 12 classes and 0 folders.
[2017.06.06-08.52.10:807][  0]LogContentBrowser: Native class hierarchy updated for 'WidgetCarousel' in 0.0009 seconds. Added 0 classes and 0 folders.
[2017.06.06-08.52.10:839][  0]LogContentBrowser: Native class hierarchy updated for 'AddContentDialog' in 0.0010 seconds. Added 0 classes and 0 folders.
[2017.06.06-08.52.10:843][  0]LogContentBrowser: Native class hierarchy updated for 'SceneOutliner' in 0.0010 seconds. Added 1 classes and 2 folders.
[2017.06.06-08.52.10:855][  0]LogCrashTracker: Crashtracker disabled due to settings.
[2017.06.06-08.52.10:860][  0]LogUObjectGlobals:Warning: Failed to find object 'Class None.'
[2017.06.06-08.52.10:887][  0]LogDerivedDataCache: FFileSystemDerivedDataBackend: Move collision, attempt at redundant update, OK C:/Users/StudentUser/AppData/Local/UnrealEngine/Common/DerivedDataCache/6/9/9/NAVCOLLISION_B89838347A4348138EE337A847529C5C_NAVCOLLISION_X_320DACCB4924D9643__E4D15752E5B545F1C0AF80137D487F0B36615982.udd.
[2017.06.06-08.52.10:887][  0]LogDerivedDataCache: FFileSystemDerivedDataBackend: Move collision, attempt at redundant update, OK C:/Users/StudentUser/AppData/Local/UnrealEngine/Common/DerivedDataCache/6/9/9/NAVCOLLISION_B89838347A4348138EE337A847529C5C_NAVCOLLISION_X_320DACCB4924D9643__E4D15752E5B545F1C0AF80137D487F0B36615982.udd.
[2017.06.06-08.52.10:887][  0]LogDerivedDataCache:Warning: FDerivedDataBackendAsyncPutWrapper: Put failed, keeping in memory copy NavCollision_B89838347A4348138EE337A847529C5C_NavCollision_X_320DACCB4924D9643__E4D15752E5B545F1C0AF80137D487F0B36615982.
[2017.06.06-08.52.10:887][  0]LogContentBrowser: Native class hierarchy updated for 'HierarchicalLODOutliner' in 0.0010 seconds. Added 1 classes and 2 folders.
[2017.06.06-08.52.10:887][  0]LogLoad: (Engine Initialization) Total time: 11.56 seconds
[2017.06.06-08.52.10:887][  0]LogLoad: (Engine Initialization) Total Blueprint compile time: 0.28 seconds
[2017.06.06-08.52.10:887][  0]LogExternalProfiler: Found external profiler: VSPerf
[2017.06.06-08.52.10:887][  0]LogExternalProfiler: Using external profiler: VSPerf
[2017.06.06-08.52.10:896][  0]LogOcInput: OculusInput pre-init called
[2017.06.06-08.52.10:941][  0]LogContentStreaming: Texture pool size now 1000 MB
[2017.06.06-08.52.11:082][  0]LogRenderer: Reallocating scene render targets to support 1000x576 (Frame:2).
[2017.06.06-08.52.11:150][  1]LogFileCache: Retrieving MD5 hashes for directory 'E:/Castle-Guard-Working-Bow/CastleGuard/ProjectFiles/Content/' took 0.24s
[2017.06.06-08.52.11:159][  1]LogAssetRegistry: Asset discovery search completed in 3.7632 seconds
[2017.06.06-08.52.11:159][  1]LogCollectionManager: Rebuilt the object cache for 0 collections in 0.000001 seconds (found 0 objects)
[2017.06.06-08.52.11:159][  1]LogCollectionManager: Fixed up redirectors for 0 collections in 0.000031 seconds (updated 0 objects)
[2017.06.06-08.52.25:303][548]LogDerivedDataCache: FFileSystemDerivedDataBackend: Move collision, attempt at redundant update, OK C:/Users/StudentUser/AppData/Local/UnrealEngine/Common/DerivedDataCache/1/8/4/NAVCOLLISION_B89838347A4348138EE337A847529C5C_NAVCOLLISION_X_2AC48E9C4C321E2BD__5C253EA7C2C9F646DF9360645B79FC35D7AAA982.udd.
[2017.06.06-08.52.25:303][548]LogDerivedDataCache: FFileSystemDerivedDataBackend: Move collision, attempt at redundant update, OK C:/Users/StudentUser/AppData/Local/UnrealEngine/Common/DerivedDataCache/1/8/4/NAVCOLLISION_B89838347A4348138EE337A847529C5C_NAVCOLLISION_X_2AC48E9C4C321E2BD__5C253EA7C2C9F646DF9360645B79FC35D7AAA982.udd.
[2017.06.06-08.52.25:303][548]LogDerivedDataCache:Warning: FDerivedDataBackendAsyncPutWrapper: Put failed, keeping in memory copy NavCollision_B89838347A4348138EE337A847529C5C_NavCollision_X_2AC48E9C4C321E2BD__5C253EA7C2C9F646DF9360645B79FC35D7AAA982.
[2017.06.06-08.52.25:303][548]LogMaterial: Missing cached shader map for material winter_cliff_backMat, compiling. 
[2017.06.06-08.52.25:597][573]LogActorFactory: Actor Factory created WinterlevelTest002
[2017.06.06-08.52.27:005][683]LogActorFactory: Actor Factory created WinterlevelTest002
[2017.06.06-08.52.27:869][773]Cmd: CAMERA ALIGN ACTIVEVIEWPORTONLY
[2017.06.06-08.53.42:698][445]LogEditorViewport: Clicking on Actor (LMB): Landscape (Landscape1)
[2017.06.06-08.54.01:370][604]Cmd: TRANSACTION UNDO
[2017.06.06-08.54.01:370][604]LogEditorTransaction: Undo Move Actors
[2017.06.06-08.54.01:722][619]LogEditorViewport: Clicking on Actor (LMB): StaticMeshActor (WinterlevelTest002)
[2017.06.06-08.54.14:220][ 38]LogEditorViewport: Clicking on Actor (LMB): FbxScene_Castle_wOutline_C (FbxScene_Castle_wOutline)
[2017.06.06-08.54.37:838][760]LogBlueprintUserMessages: Early PlayInEditor Detection: Level '/Game/Vive/Maps/default.default:PersistentLevel' has LevelScriptBlueprint '/Game/Vive/Maps/default.default:PersistentLevel.default' with GeneratedClass '/Game/Vive/Maps/default.default_C' with ClassGeneratedBy '/Game/Vive/Maps/default.default:PersistentLevel.default'
[2017.06.06-08.54.37:838][760]LogPlayLevel: PlayLevel: No blueprints needed recompiling
[2017.06.06-08.54.37:839][760]PIE: New page: PIE session: default (Jun 5, 2017, 5:54:37 PM)
[2017.06.06-08.54.37:839][760]LogPlayLevel: Creating play world package: /Game/Vive/Maps/UEDPIE_0_default
[2017.06.06-08.54.37:893][760]LogPlayLevel: PIE: StaticDuplicateObject took: (0.053360s)
[2017.06.06-08.54.37:893][760]LogAIModule: Creating AISystem for world default
[2017.06.06-08.54.37:893][760]LogPlayLevel: PIE: World Init took: (0.000901s)
[2017.06.06-08.54.37:894][760]LogPlayLevel: PIE: Created PIE world by copying editor world from /Game/Vive/Maps/default.default to /Game/Vive/Maps/UEDPIE_0_default.default (0.054527s)
[2017.06.06-08.54.37:925][760]LogInit: XAudio2 using 'Speakers (Realtek High Definition Audio)' : 2 channels at 48 kHz using 32 bits per sample (channel mask 0x3)
[2017.06.06-08.54.37:933][760]LogInit: FAudioDevice initialized.
[2017.06.06-08.54.38:020][760]LogWorld: Game class is 'ViveGameMode_C'
[2017.06.06-08.54.38:036][760]LogWorld: Bringing World /Game/Vive/Maps/UEDPIE_0_default.default up for play (max tick rate 0) at 2017.06.06-01.54.38
[2017.06.06-08.54.38:038][760]LogWorld: Bringing up level for play took: 0.016908
[2017.06.06-08.54.38:041][760]LogContentBrowser: Native class hierarchy updated for 'MovieSceneCapture' in 0.0011 seconds. Added 11 classes and 0 folders.
[2017.06.06-08.54.38:041][760]LogGameMode:Display: Match State Changed from EnteringMap to WaitingToStart
[2017.06.06-08.54.38:041][760]LogGameState: Match State Changed from EnteringMap to WaitingToStart
[2017.06.06-08.54.38:041][760]LogGameMode:Display: Match State Changed from WaitingToStart to InProgress
[2017.06.06-08.54.38:044][760]LogGameState: Match State Changed from WaitingToStart to InProgress
[2017.06.06-08.54.38:050][760]PIE: Info Play in editor start time for /Game/Vive/Maps/UEDPIE_0_default 0.423
[2017.06.06-08.54.38:050][760]LogBlueprintUserMessages: Late PlayInEditor Detection: Level '/Game/Vive/Maps/default.default:PersistentLevel' has LevelScriptBlueprint '/Game/Vive/Maps/default.default:PersistentLevel.default' with GeneratedClass '/Game/Vive/Maps/default.default_C' with ClassGeneratedBy '/Game/Vive/Maps/default.default:PersistentLevel.default'
[2017.06.06-08.54.38:127][761]LogRenderer: Reallocating scene render targets to support 3024x1680 (Frame:17991).
[2017.06.06-08.54.38:861][794]LogCharacterMovement: ArcherAI_2 is stuck and failed to move! Velocity: X=401.33 Y=-446.02 Z=0.00 Location: X=13327.33 Y=12961.60 Z=89.88 Normal: X=-0.00 Y=0.96 Z=-0.27 PenetrationDepth:0.000 Actor:FbxScene_Castle_wOutline_C_0 Component:pCube52 BoneName:None (17 other events since notify)
[2017.06.06-08.54.38:883][795]LogCharacterMovement: ArcherAI2 is stuck and failed to move! Velocity: X=326.83 Y=-503.17 Z=0.00 Location: X=13121.96 Y=14925.62 Z=89.98 Normal: X=0.00 Y=0.97 Z=-0.23 PenetrationDepth:0.000 Actor:FbxScene_Castle_wOutline_C_0 Component:pCube52 BoneName:None (16 other events since notify)
[2017.06.06-08.54.39:106][805]LogCharacterMovement: ArcherAI3 is stuck and failed to move! Velocity: X=229.50 Y=-554.37 Z=0.00 Location: X=14038.65 Y=13450.97 Z=90.02 Normal: X=0.00 Y=0.97 Z=-0.26 PenetrationDepth:0.000 Actor:FbxScene_Castle_wOutline_C_0 Component:pCube52 BoneName:None (8 other events since notify)
[2017.06.06-08.54.39:175][808]LogBlueprintUserMessages: Early EndPlayMap Detection: Level '/Game/Vive/Maps/default.default:PersistentLevel' has LevelScriptBlueprint '/Game/Vive/Maps/default.default:PersistentLevel.default' with GeneratedClass '/Game/Vive/Maps/default.default_C' with ClassGeneratedBy '/Game/Vive/Maps/default.default:PersistentLevel.default'
[2017.06.06-08.54.39:315][808]LogBlueprintUserMessages: Late EndPlayMap Detection: Level '/Game/Vive/Maps/default.default:PersistentLevel' has LevelScriptBlueprint '/Game/Vive/Maps/default.default:PersistentLevel.default' with GeneratedClass '/Game/Vive/Maps/default.default_C' with ClassGeneratedBy '/Game/Vive/Maps/default.default:PersistentLevel.default'
[2017.06.06-08.54.42:194][124]LogEditorViewport: Clicking on Actor (LMB): DirectionalLight (Light Source2)
[2017.06.06-08.54.44:380][379]Cmd: TRANSACTION UNDO
[2017.06.06-08.54.44:380][379]LogEditorTransaction: Undo Move Actors
[2017.06.06-08.55.06:807][997]Cmd: CAMERA ALIGN ACTIVEVIEWPORTONLY
[2017.06.06-08.55.14:101][833]LogEditorViewport: Clicking on Actor (LMB): FbxScene_Castle_wOutline_C (FbxScene_Castle_wOutline)
[2017.06.06-08.55.17:223][195]LogEditorViewport: Clicking on Actor (LMB): StaticMeshActor (CastleBaseMesh2)
[2017.06.06-08.57.23:470][502]Cmd: OBJ SAVEPACKAGE PACKAGE="/Game/StaticMeshes/CastleBaseMesh2" FILE="../../../../../Castle-Guard-Working-Bow/CastleGuard/ProjectFiles/Content/StaticMeshes/CastleBaseMesh2.uasset" SILENT=true
[2017.06.06-08.57.23:511][502]LogSavePackage: Save=19.91ms
[2017.06.06-08.57.23:511][502]LogSavePackage: Moving '../../../../../Castle-Guard-Working-Bow/CastleGuard/ProjectFiles/Saved/CastleBaseMesh258C0D49147259F3C7EB487879E0CC747.tmp' to '../../../../../Castle-Guard-Working-Bow/CastleGuard/ProjectFiles/Content/StaticMeshes/CastleBaseMesh2.uasset'
[2017.06.06-08.57.23:514][502]LogSavePackage:Display: Finished SavePackage ../../../../../Castle-Guard-Working-Bow/CastleGuard/ProjectFiles/Content/StaticMeshes/CastleBaseMesh2.uasset
[2017.06.06-08.57.28:951][ 53]LogEditorViewport: Clicking on Actor (LMB): Vive_Pawn_C (Vive_Pawn)
[2017.06.06-08.57.30:543][226]LogBlueprintUserMessages: Early PlayInEditor Detection: Level '/Game/Vive/Maps/default.default:PersistentLevel' has LevelScriptBlueprint '/Game/Vive/Maps/default.default:PersistentLevel.default' with GeneratedClass '/Game/Vive/Maps/default.default_C' with ClassGeneratedBy '/Game/Vive/Maps/default.default:PersistentLevel.default'
[2017.06.06-08.57.30:543][226]LogPlayLevel: PlayLevel: No blueprints needed recompiling
[2017.06.06-08.57.30:543][226]PIE: New page: PIE session: default (Jun 5, 2017, 5:57:30 PM)
[2017.06.06-08.57.30:543][226]LogPlayLevel: Creating play world package: /Game/Vive/Maps/UEDPIE_0_default
[2017.06.06-08.57.30:600][226]LogPlayLevel: PIE: StaticDuplicateObject took: (0.057490s)
[2017.06.06-08.57.30:601][226]LogAIModule: Creating AISystem for world default
[2017.06.06-08.57.30:601][226]LogPlayLevel: PIE: World Init took: (0.000738s)
[2017.06.06-08.57.30:601][226]LogPlayLevel: PIE: Created PIE world by copying editor world from /Game/Vive/Maps/default.default to /Game/Vive/Maps/UEDPIE_0_default.default (0.058474s)
[2017.06.06-08.57.30:619][226]LogInit: XAudio2 using 'Speakers (Realtek High Definition Audio)' : 2 channels at 48 kHz using 32 bits per sample (channel mask 0x3)
[2017.06.06-08.57.30:627][226]LogInit: FAudioDevice initialized.
[2017.06.06-08.57.30:700][226]LogWorld: Game class is 'ViveGameMode_C'
[2017.06.06-08.57.30:716][226]LogWorld: Bringing World /Game/Vive/Maps/UEDPIE_0_default.default up for play (max tick rate 0) at 2017.06.06-01.57.30
[2017.06.06-08.57.30:718][226]LogWorld: Bringing up level for play took: 0.016819
[2017.06.06-08.57.30:719][226]LogGameMode:Display: Match State Changed from EnteringMap to WaitingToStart
[2017.06.06-08.57.30:719][226]LogGameState: Match State Changed from EnteringMap to WaitingToStart
[2017.06.06-08.57.30:719][226]LogGameMode:Display: Match State Changed from WaitingToStart to InProgress
[2017.06.06-08.57.30:722][226]LogGameState: Match State Changed from WaitingToStart to InProgress
[2017.06.06-08.57.30:727][226]PIE: Info Play in editor start time for /Game/Vive/Maps/UEDPIE_0_default 1.1
[2017.06.06-08.57.30:727][226]LogBlueprintUserMessages: Late PlayInEditor Detection: Level '/Game/Vive/Maps/default.default:PersistentLevel' has LevelScriptBlueprint '/Game/Vive/Maps/default.default:PersistentLevel.default' with GeneratedClass '/Game/Vive/Maps/default.default_C' with ClassGeneratedBy '/Game/Vive/Maps/default.default:PersistentLevel.default'
[2017.06.06-08.57.31:519][259]LogCharacterMovement: ArcherAI_2 is stuck and failed to move! Velocity: X=402.07 Y=-445.36 Z=0.00 Location: X=13325.05 Y=12957.93 Z=89.47 Normal: X=-0.00 Y=0.96 Z=-0.27 PenetrationDepth:0.000 Actor:FbxScene_Castle_wOutline_C_0 Component:pCube52 BoneName:None (14 other events since notify)
[2017.06.06-08.57.31:631][264]LogCharacterMovement: ArcherAI2 is stuck and failed to move! Velocity: X=314.17 Y=-511.17 Z=0.00 Location: X=13217.90 Y=14831.66 Z=89.98 Normal: X=-0.00 Y=0.97 Z=-0.23 PenetrationDepth:0.000 Actor:FbxScene_Castle_wOutline_C_0 Component:pCube52 BoneName:None (4 other events since notify)
[2017.06.06-08.57.31:631][264]LogCharacterMovement: ArcherAI3 is stuck and failed to move! Velocity: X=229.80 Y=-554.25 Z=0.00 Location: X=14038.46 Y=13447.87 Z=90.02 Normal: X=0.00 Y=0.97 Z=-0.26 PenetrationDepth:0.000 Actor:FbxScene_Castle_wOutline_C_0 Component:pCube52 BoneName:None (0 other events since notify)
[2017.06.06-08.57.32:168][288]LogBlueprintUserMessages: Early EndPlayMap Detection: Level '/Game/Vive/Maps/default.default:PersistentLevel' has LevelScriptBlueprint '/Game/Vive/Maps/default.default:PersistentLevel.default' with GeneratedClass '/Game/Vive/Maps/default.default_C' with ClassGeneratedBy '/Game/Vive/Maps/default.default:PersistentLevel.default'
[2017.06.06-08.57.32:303][288]LogBlueprintUserMessages: Late EndPlayMap Detection: Level '/Game/Vive/Maps/default.default:PersistentLevel' has LevelScriptBlueprint '/Game/Vive/Maps/default.default:PersistentLevel.default' with GeneratedClass '/Game/Vive/Maps/default.default_C' with ClassGeneratedBy '/Game/Vive/Maps/default.default:PersistentLevel.default'
[2017.06.06-08.57.33:680][440]LogEditorViewport: Clicking on Actor (LMB): Vive_Pawn_C (Vive_Pawn)
[2017.06.06-08.57.35:998][705]LogEditorActor: Deleted Actor: Vive_Pawn_C
[2017.06.06-08.57.36:007][705]LogEditorActor: Deleted 1 Actors (0.011 secs)
[2017.06.06-08.57.37:369][856]Cmd: CAMERA ALIGN ACTIVEVIEWPORTONLY
[2017.06.06-08.57.40:674][184]LogNavigationPoint: PostEditMove Clear paths rebuilt
[2017.06.06-08.57.40:732][190]Cmd: CAMERA ALIGN ACTIVEVIEWPORTONLY
[2017.06.06-08.57.42:546][399]LogEditorViewport: Clicking on Actor (LMB): PlayerStart (PlayerStart)
[2017.06.06-08.57.48:655][106]LogEditorActor: Deleted Actor: PlayerStart
[2017.06.06-08.57.48:662][106]LogEditorActor: Deleted 1 Actors (0.009 secs)
[2017.06.06-08.57.54:454][787]LogBlueprintUserMessages: Early PlayInEditor Detection: Level '/Game/Vive/Maps/default.default:PersistentLevel' has LevelScriptBlueprint '/Game/Vive/Maps/default.default:PersistentLevel.default' with GeneratedClass '/Game/Vive/Maps/default.default_C' with ClassGeneratedBy '/Game/Vive/Maps/default.default:PersistentLevel.default'
[2017.06.06-08.57.54:454][787]LogPlayLevel: PlayLevel: No blueprints needed recompiling
[2017.06.06-08.57.54:454][787]PIE: New page: PIE session: default (Jun 5, 2017, 5:57:54 PM)
[2017.06.06-08.57.54:454][787]LogPlayLevel: Creating play world package: /Game/Vive/Maps/UEDPIE_0_default
[2017.06.06-08.57.54:508][787]LogPlayLevel: PIE: StaticDuplicateObject took: (0.053545s)
[2017.06.06-08.57.54:508][787]LogAIModule: Creating AISystem for world default
[2017.06.06-08.57.54:509][787]LogPlayLevel: PIE: World Init took: (0.000664s)
[2017.06.06-08.57.54:509][787]LogPlayLevel: PIE: Created PIE world by copying editor world from /Game/Vive/Maps/default.default to /Game/Vive/Maps/UEDPIE_0_default.default (0.054455s)
[2017.06.06-08.57.54:524][787]LogInit: XAudio2 using 'Speakers (Realtek High Definition Audio)' : 2 channels at 48 kHz using 32 bits per sample (channel mask 0x3)
[2017.06.06-08.57.54:532][787]LogInit: FAudioDevice initialized.
[2017.06.06-08.57.54:603][787]LogWorld: Game class is 'ViveGameMode_C'
[2017.06.06-08.57.54:617][787]LogWorld: Bringing World /Game/Vive/Maps/UEDPIE_0_default.default up for play (max tick rate 0) at 2017.06.06-01.57.54
[2017.06.06-08.57.54:619][787]LogWorld: Bringing up level for play took: 0.015688
[2017.06.06-08.57.54:620][787]LogGameMode:Display: Match State Changed from EnteringMap to WaitingToStart
[2017.06.06-08.57.54:620][787]LogGameState: Match State Changed from EnteringMap to WaitingToStart
[2017.06.06-08.57.54:620][787]LogGameMode:Display: Match State Changed from WaitingToStart to InProgress
[2017.06.06-08.57.54:622][787]LogGameState: Match State Changed from WaitingToStart to InProgress
[2017.06.06-08.57.54:626][787]PIE: Info Play in editor start time for /Game/Vive/Maps/UEDPIE_0_default 0.999
[2017.06.06-08.57.54:626][787]LogBlueprintUserMessages: Late PlayInEditor Detection: Level '/Game/Vive/Maps/default.default:PersistentLevel' has LevelScriptBlueprint '/Game/Vive/Maps/default.default:PersistentLevel.default' with GeneratedClass '/Game/Vive/Maps/default.default_C' with ClassGeneratedBy '/Game/Vive/Maps/default.default:PersistentLevel.default'
[2017.06.06-08.57.55:467][822]LogCharacterMovement: ArcherAI2 is stuck and failed to move! Velocity: X=322.85 Y=-505.74 Z=0.00 Location: X=13138.54 Y=14918.79 Z=88.72 Normal: X=0.00 Y=0.97 Z=-0.23 PenetrationDepth:0.000 Actor:FbxScene_Castle_wOutline_C_0 Component:pCube52 BoneName:None (12 other events since notify)
[2017.06.06-08.57.55:668][831]LogCharacterMovement: ArcherAI3 is stuck and failed to move! Velocity: X=229.67 Y=-554.30 Z=0.00 Location: X=14041.04 Y=13443.24 Z=90.02 Normal: X=0.00 Y=0.97 Z=-0.26 PenetrationDepth:0.000 Actor:FbxScene_Castle_wOutline_C_0 Component:pCube52 BoneName:None (5 other events since notify)
[2017.06.06-08.57.55:713][833]LogBlueprintUserMessages: Early EndPlayMap Detection: Level '/Game/Vive/Maps/default.default:PersistentLevel' has LevelScriptBlueprint '/Game/Vive/Maps/default.default:PersistentLevel.default' with GeneratedClass '/Game/Vive/Maps/default.default_C' with ClassGeneratedBy '/Game/Vive/Maps/default.default:PersistentLevel.default'
[2017.06.06-08.57.55:847][833]LogBlueprintUserMessages: Late EndPlayMap Detection: Level '/Game/Vive/Maps/default.default:PersistentLevel' has LevelScriptBlueprint '/Game/Vive/Maps/default.default:PersistentLevel.default' with GeneratedClass '/Game/Vive/Maps/default.default_C' with ClassGeneratedBy '/Game/Vive/Maps/default.default:PersistentLevel.default'
[2017.06.06-08.57.57:993][ 77]LogEditorViewport: Clicking on Actor (LMB): StaticMeshActor (CastleBaseMesh2)
[2017.06.06-08.57.58:344][113]LogEditorViewport: Clicking on Actor (LMB): PlayerStart (PlayerStart)
[2017.06.06-08.58.00:720][392]LogNavigationPoint: PostEditMove Clear paths rebuilt
[2017.06.06-08.58.01:972][538]LogBlueprintUserMessages: Early PlayInEditor Detection: Level '/Game/Vive/Maps/default.default:PersistentLevel' has LevelScriptBlueprint '/Game/Vive/Maps/default.default:PersistentLevel.default' with GeneratedClass '/Game/Vive/Maps/default.default_C' with ClassGeneratedBy '/Game/Vive/Maps/default.default:PersistentLevel.default'
[2017.06.06-08.58.01:972][538]LogPlayLevel: PlayLevel: No blueprints needed recompiling
[2017.06.06-08.58.01:972][538]PIE: New page: PIE session: default (Jun 5, 2017, 5:58:01 PM)
[2017.06.06-08.58.01:972][538]LogPlayLevel: Creating play world package: /Game/Vive/Maps/UEDPIE_0_default
[2017.06.06-08.58.02:026][538]LogPlayLevel: PIE: StaticDuplicateObject took: (0.053678s)
[2017.06.06-08.58.02:026][538]LogAIModule: Creating AISystem for world default
[2017.06.06-08.58.02:027][538]LogPlayLevel: PIE: World Init took: (0.000819s)
[2017.06.06-08.58.02:027][538]LogPlayLevel: PIE: Created PIE world by copying editor world from /Game/Vive/Maps/default.default to /Game/Vive/Maps/UEDPIE_0_default.default (0.054836s)
[2017.06.06-08.58.02:045][538]LogInit: XAudio2 using 'Speakers (Realtek High Definition Audio)' : 2 channels at 48 kHz using 32 bits per sample (channel mask 0x3)
[2017.06.06-08.58.02:053][538]LogInit: FAudioDevice initialized.
[2017.06.06-08.58.02:129][538]LogWorld: Game class is 'ViveGameMode_C'
[2017.06.06-08.58.02:145][538]LogWorld: Bringing World /Game/Vive/Maps/UEDPIE_0_default.default up for play (max tick rate 0) at 2017.06.06-01.58.02
[2017.06.06-08.58.02:147][538]LogWorld: Bringing up level for play took: 0.017444
[2017.06.06-08.58.02:148][538]LogGameMode:Display: Match State Changed from EnteringMap to WaitingToStart
[2017.06.06-08.58.02:148][538]LogGameState: Match State Changed from EnteringMap to WaitingToStart
[2017.06.06-08.58.02:148][538]LogGameMode:Display: Match State Changed from WaitingToStart to InProgress
[2017.06.06-08.58.02:150][538]LogGameState: Match State Changed from WaitingToStart to InProgress
[2017.06.06-08.58.02:155][538]PIE: Info Play in editor start time for /Game/Vive/Maps/UEDPIE_0_default 0.528
[2017.06.06-08.58.02:155][538]LogBlueprintUserMessages: Late PlayInEditor Detection: Level '/Game/Vive/Maps/default.default:PersistentLevel' has LevelScriptBlueprint '/Game/Vive/Maps/default.default:PersistentLevel.default' with GeneratedClass '/Game/Vive/Maps/default.default_C' with ClassGeneratedBy '/Game/Vive/Maps/default.default:PersistentLevel.default'
[2017.06.06-08.58.02:962][570]LogCharacterMovement: ArcherAI2 is stuck and failed to move! Velocity: X=325.81 Y=-503.83 Z=0.00 Location: X=13126.88 Y=14922.90 Z=89.00 Normal: X=0.00 Y=0.97 Z=-0.23 PenetrationDepth:0.000 Actor:FbxScene_Castle_wOutline_C_0 Component:pCube52 BoneName:None (12 other events since notify)
[2017.06.06-08.58.03:119][577]LogBlueprintUserMessages: Early EndPlayMap Detection: Level '/Game/Vive/Maps/default.default:PersistentLevel' has LevelScriptBlueprint '/Game/Vive/Maps/default.default:PersistentLevel.default' with GeneratedClass '/Game/Vive/Maps/default.default_C' with ClassGeneratedBy '/Game/Vive/Maps/default.default:PersistentLevel.default'
[2017.06.06-08.58.03:258][577]LogBlueprintUserMessages: Late EndPlayMap Detection: Level '/Game/Vive/Maps/default.default:PersistentLevel' has LevelScriptBlueprint '/Game/Vive/Maps/default.default:PersistentLevel.default' with GeneratedClass '/Game/Vive/Maps/default.default_C' with ClassGeneratedBy '/Game/Vive/Maps/default.default:PersistentLevel.default'
[2017.06.06-08.58.05:045][761]LogEditorViewport: Clicking on Actor (LMB): PlayerStart (PlayerStart)
[2017.06.06-08.58.05:444][805]LogEditorViewport: Clicking on Actor (LMB): PlayerStart (PlayerStart)
[2017.06.06-08.58.19:142][389]Cmd: TRANSACTION UNDO
[2017.06.06-08.58.19:142][389]LogEditorTransaction: Undo Clicking on Actors
[2017.06.06-08.58.19:410][413]Cmd: TRANSACTION UNDO
[2017.06.06-08.58.19:410][413]LogEditorTransaction: Undo Clicking on Actors
[2017.06.06-08.58.19:676][436]Cmd: TRANSACTION UNDO
[2017.06.06-08.58.19:676][436]LogEditorTransaction: Undo Clicking on Actors
[2017.06.06-08.58.32:289][931]Cmd: DELETE
[2017.06.06-08.58.32:289][931]Cmd: ACTOR DELETE
[2017.06.06-08.58.32:291][931]LogEditorActor: Deleted Actor: PlayerStart
[2017.06.06-08.58.32:298][931]LogEditorActor: Deleted 1 Actors (0.009 secs)
[2017.06.06-08.58.36:324][406]Cmd: CAMERA ALIGN ACTIVEVIEWPORTONLY
[2017.06.06-08.58.38:309][632]Cmd: DELETE
[2017.06.06-08.58.38:309][632]Cmd: ACTOR DELETE
[2017.06.06-08.58.38:311][632]LogEditorActor: Deleted Actor: PlayerStart
[2017.06.06-08.58.38:320][632]LogEditorActor: Deleted 1 Actors (0.011 secs)
[2017.06.06-08.58.45:124][408]LogBlueprintUserMessages: Early PlayInEditor Detection: Level '/Game/Vive/Maps/default.default:PersistentLevel' has LevelScriptBlueprint '/Game/Vive/Maps/default.default:PersistentLevel.default' with GeneratedClass '/Game/Vive/Maps/default.default_C' with ClassGeneratedBy '/Game/Vive/Maps/default.default:PersistentLevel.default'
[2017.06.06-08.58.45:124][408]LogPlayLevel: PlayLevel: No blueprints needed recompiling
[2017.06.06-08.58.45:124][408]PIE: New page: PIE session: default (Jun 5, 2017, 5:58:45 PM)
[2017.06.06-08.58.45:124][408]LogPlayLevel: Creating play world package: /Game/Vive/Maps/UEDPIE_0_default
[2017.06.06-08.58.45:178][408]LogPlayLevel: PIE: StaticDuplicateObject took: (0.053737s)
[2017.06.06-08.58.45:179][408]LogAIModule: Creating AISystem for world default
[2017.06.06-08.58.45:179][408]LogPlayLevel: PIE: World Init took: (0.000759s)
[2017.06.06-08.58.45:179][408]LogPlayLevel: PIE: Created PIE world by copying editor world from /Game/Vive/Maps/default.default to /Game/Vive/Maps/UEDPIE_0_default.default (0.054754s)
[2017.06.06-08.58.45:195][408]LogInit: XAudio2 using 'Speakers (Realtek High Definition Audio)' : 2 channels at 48 kHz using 32 bits per sample (channel mask 0x3)
[2017.06.06-08.58.45:202][408]LogInit: FAudioDevice initialized.
[2017.06.06-08.58.45:273][408]LogWorld: Game class is 'ViveGameMode_C'
[2017.06.06-08.58.45:287][408]LogWorld: Bringing World /Game/Vive/Maps/UEDPIE_0_default.default up for play (max tick rate 0) at 2017.06.06-01.58.45
[2017.06.06-08.58.45:289][408]LogWorld: Bringing up level for play took: 0.015501
[2017.06.06-08.58.45:290][408]LogGameMode:Display: Match State Changed from EnteringMap to WaitingToStart
[2017.06.06-08.58.45:290][408]LogGameState: Match State Changed from EnteringMap to WaitingToStart
[2017.06.06-08.58.45:290][408]LogGameMode:Display: Match State Changed from WaitingToStart to InProgress
[2017.06.06-08.58.45:292][408]LogGameState: Match State Changed from WaitingToStart to InProgress
[2017.06.06-08.58.45:296][408]PIE: Info Play in editor start time for /Game/Vive/Maps/UEDPIE_0_default -0.331
[2017.06.06-08.58.45:296][408]LogBlueprintUserMessages: Late PlayInEditor Detection: Level '/Game/Vive/Maps/default.default:PersistentLevel' has LevelScriptBlueprint '/Game/Vive/Maps/default.default:PersistentLevel.default' with GeneratedClass '/Game/Vive/Maps/default.default_C' with ClassGeneratedBy '/Game/Vive/Maps/default.default:PersistentLevel.default'
[2017.06.06-08.58.46:098][441]LogCharacterMovement: ArcherAI_2 is stuck and failed to move! Velocity: X=405.91 Y=-441.85 Z=0.00 Location: X=13310.73 Y=12941.08 Z=89.47 Normal: X=-0.00 Y=0.96 Z=-0.27 PenetrationDepth:0.000 Actor:FbxScene_Castle_wOutline_C_0 Component:pCube52 BoneName:None (15 other events since notify)
[2017.06.06-08.58.46:098][441]LogCharacterMovement: ArcherAI2 is stuck and failed to move! Velocity: X=318.42 Y=-508.53 Z=0.00 Location: X=13139.96 Y=14937.71 Z=89.00 Normal: X=0.00 Y=0.97 Z=-0.23 PenetrationDepth:0.000 Actor:FbxScene_Castle_wOutline_C_0 Component:pCube52 BoneName:None (10 other events since notify)
[2017.06.06-08.58.46:166][444]LogBlueprintUserMessages: Early EndPlayMap Detection: Level '/Game/Vive/Maps/default.default:PersistentLevel' has LevelScriptBlueprint '/Game/Vive/Maps/default.default:PersistentLevel.default' with GeneratedClass '/Game/Vive/Maps/default.default_C' with ClassGeneratedBy '/Game/Vive/Maps/default.default:PersistentLevel.default'
[2017.06.06-08.58.46:305][444]LogBlueprintUserMessages: Late EndPlayMap Detection: Level '/Game/Vive/Maps/default.default:PersistentLevel' has LevelScriptBlueprint '/Game/Vive/Maps/default.default:PersistentLevel.default' with GeneratedClass '/Game/Vive/Maps/default.default_C' with ClassGeneratedBy '/Game/Vive/Maps/default.default:PersistentLevel.default'
[2017.06.06-08.58.48:541][671]LogBlueprintUserMessages: Early PlayInEditor Detection: Level '/Game/Vive/Maps/default.default:PersistentLevel' has LevelScriptBlueprint '/Game/Vive/Maps/default.default:PersistentLevel.default' with GeneratedClass '/Game/Vive/Maps/default.default_C' with ClassGeneratedBy '/Game/Vive/Maps/default.default:PersistentLevel.default'
[2017.06.06-08.58.48:541][671]LogPlayLevel: PlayLevel: No blueprints needed recompiling
[2017.06.06-08.58.48:541][671]PIE: New page: PIE session: default (Jun 5, 2017, 5:58:48 PM)
[2017.06.06-08.58.48:541][671]LogPlayLevel: Creating play world package: /Game/Vive/Maps/UEDPIE_0_default
[2017.06.06-08.58.48:593][671]LogPlayLevel: PIE: StaticDuplicateObject took: (0.052054s)
[2017.06.06-08.58.48:594][671]LogAIModule: Creating AISystem for world default
[2017.06.06-08.58.48:594][671]LogPlayLevel: PIE: World Init took: (0.000682s)
[2017.06.06-08.58.48:594][671]LogPlayLevel: PIE: Created PIE world by copying editor world from /Game/Vive/Maps/default.default to /Game/Vive/Maps/UEDPIE_0_default.default (0.053004s)
[2017.06.06-08.58.48:610][671]LogInit: XAudio2 using 'Speakers (Realtek High Definition Audio)' : 2 channels at 48 kHz using 32 bits per sample (channel mask 0x3)
[2017.06.06-08.58.48:618][671]LogInit: FAudioDevice initialized.
[2017.06.06-08.58.48:688][671]LogWorld: Game class is 'ViveGameMode_C'
[2017.06.06-08.58.48:702][671]LogWorld: Bringing World /Game/Vive/Maps/UEDPIE_0_default.default up for play (max tick rate 0) at 2017.06.06-01.58.48
[2017.06.06-08.58.48:704][671]LogWorld: Bringing up level for play took: 0.015535
[2017.06.06-08.58.48:705][671]LogGameMode:Display: Match State Changed from EnteringMap to WaitingToStart
[2017.06.06-08.58.48:705][671]LogGameState: Match State Changed from EnteringMap to WaitingToStart
[2017.06.06-08.58.48:705][671]LogGameMode:Display: Match State Changed from WaitingToStart to InProgress
[2017.06.06-08.58.48:707][671]LogGameState: Match State Changed from WaitingToStart to InProgress
[2017.06.06-08.58.48:711][671]PIE: Info Play in editor start time for /Game/Vive/Maps/UEDPIE_0_default 1.084
[2017.06.06-08.58.48:712][671]LogBlueprintUserMessages: Late PlayInEditor Detection: Level '/Game/Vive/Maps/default.default:PersistentLevel' has LevelScriptBlueprint '/Game/Vive/Maps/default.default:PersistentLevel.default' with GeneratedClass '/Game/Vive/Maps/default.default_C' with ClassGeneratedBy '/Game/Vive/Maps/default.default:PersistentLevel.default'
[2017.06.06-08.58.49:528][705]LogCharacterMovement: ArcherAI_2 is stuck and failed to move! Velocity: X=407.74 Y=-440.16 Z=0.00 Location: X=13226.00 Y=13016.64 Z=88.01 Normal: X=-0.00 Y=0.96 Z=-0.27 PenetrationDepth:0.000 Actor:FbxScene_Castle_wOutline_C_0 Component:pCube52 BoneName:None (25 other events since notify)
[2017.06.06-08.58.49:529][705]LogCharacterMovement: ArcherAI2 is stuck and failed to move! Velocity: X=333.55 Y=-498.74 Z=0.00 Location: X=13035.57 Y=15022.87 Z=88.01 Normal: X=0.00 Y=0.97 Z=-0.23 PenetrationDepth:0.000 Actor:FbxScene_Castle_wOutline_C_0 Component:pCube52 BoneName:None (25 other events since notify)
[2017.06.06-08.58.49:728][714]LogCharacterMovement: ArcherAI3 is stuck and failed to move! Velocity: X=227.68 Y=-555.12 Z=0.00 Location: X=14050.58 Y=13444.07 Z=89.89 Normal: X=0.00 Y=0.97 Z=-0.26 PenetrationDepth:0.000 Actor:FbxScene_Castle_wOutline_C_0 Component:pCube52 BoneName:None (2 other events since notify)
[2017.06.06-08.58.50:532][750]LogCharacterMovement: ArcherAI_2 is stuck and failed to move! Velocity: X=407.74 Y=-440.16 Z=0.00 Location: X=13226.00 Y=13016.64 Z=88.01 Normal: X=-0.00 Y=0.96 Z=-0.27 PenetrationDepth:0.000 Actor:FbxScene_Castle_wOutline_C_0 Component:pCube52 BoneName:None (44 other events since notify)
[2017.06.06-08.58.50:533][750]LogCharacterMovement: ArcherAI2 is stuck and failed to move! Velocity: X=333.55 Y=-498.74 Z=0.00 Location: X=13035.57 Y=15022.87 Z=88.01 Normal: X=0.00 Y=0.97 Z=-0.23 PenetrationDepth:0.000 Actor:FbxScene_Castle_wOutline_C_0 Component:pCube52 BoneName:None (44 other events since notify)
[2017.06.06-08.58.51:471][792]LogCharacterMovement: ArcherAI3 is stuck and failed to move! Velocity: X=219.58 Y=-558.38 Z=0.00 Location: X=14147.85 Y=13297.77 Z=90.99 Normal: X=-0.00 Y=0.96 Z=-0.26 PenetrationDepth:0.000 Actor:FbxScene_Castle_wOutline_C_0 Component:pCube52 BoneName:None (6 other events since notify)
[2017.06.06-08.58.51:538][795]LogCharacterMovement: ArcherAI_2 is stuck and failed to move! Velocity: X=407.74 Y=-440.16 Z=0.00 Location: X=13226.00 Y=13016.64 Z=88.01 Normal: X=-0.00 Y=0.96 Z=-0.27 PenetrationDepth:0.000 Actor:FbxScene_Castle_wOutline_C_0 Component:pCube52 BoneName:None (44 other events since notify)
[2017.06.06-08.58.51:538][795]LogCharacterMovement: ArcherAI2 is stuck and failed to move! Velocity: X=333.55 Y=-498.74 Z=0.00 Location: X=13035.57 Y=15022.87 Z=88.01 Normal: X=0.00 Y=0.97 Z=-0.23 PenetrationDepth:0.000 Actor:FbxScene_Castle_wOutline_C_0 Component:pCube52 BoneName:None (44 other events since notify)
[2017.06.06-08.58.51:896][811]LogBlueprintUserMessages: Early EndPlayMap Detection: Level '/Game/Vive/Maps/default.default:PersistentLevel' has LevelScriptBlueprint '/Game/Vive/Maps/default.default:PersistentLevel.default' with GeneratedClass '/Game/Vive/Maps/default.default_C' with ClassGeneratedBy '/Game/Vive/Maps/default.default:PersistentLevel.default'
[2017.06.06-08.58.52:033][811]LogBlueprintUserMessages: Late EndPlayMap Detection: Level '/Game/Vive/Maps/default.default:PersistentLevel' has LevelScriptBlueprint '/Game/Vive/Maps/default.default:PersistentLevel.default' with GeneratedClass '/Game/Vive/Maps/default.default_C' with ClassGeneratedBy '/Game/Vive/Maps/default.default:PersistentLevel.default'
[2017.06.06-08.58.54:954][885]LogCrashTracker: 


[2017.06.06-08.58.54:954][885]LogCrashTracker: 


[2017.06.06-08.58.54:954][885]LogWindows:Error: === Critical error: ===
[2017.06.06-08.58.54:955][885]LogWindows:Error: 
[2017.06.06-08.58.54:955][885]LogWindows:Error: Unhandled Exception: EXCEPTION_ACCESS_VIOLATION reading address 0x0000000c
[2017.06.06-08.58.54:955][885]LogWindows:Error: 
[2017.06.06-08.58.54:955][885]LogWindows:Error: UE4Editor-CoreUObject.dll
[2017.06.06-08.58.54:955][885]LogWindows:Error: UE4Editor-SceneOutliner.dll
[2017.06.06-08.58.54:955][885]LogWindows:Error: UE4Editor-SceneOutliner.dll
[2017.06.06-08.58.54:955][885]LogWindows:Error: UE4Editor-SlateCore.dll
[2017.06.06-08.58.54:955][885]LogWindows:Error: UE4Editor-SlateCore.dll
[2017.06.06-08.58.54:955][885]LogWindows:Error: UE4Editor-Slate.dll
[2017.06.06-08.58.54:955][885]LogWindows:Error: UE4Editor-SlateCore.dll
[2017.06.06-08.58.54:955][885]LogWindows:Error: UE4Editor-SlateCore.dll
[2017.06.06-08.58.54:955][885]LogWindows:Error: UE4Editor-Slate.dll
[2017.06.06-08.58.54:955][885]LogWindows:Error: UE4Editor-SlateCore.dll
[2017.06.06-08.58.54:955][885]LogWindows:Error: UE4Editor-SlateCore.dll
[2017.06.06-08.58.54:955][885]LogWindows:Error: UE4Editor-SlateCore.dll
[2017.06.06-08.58.54:955][885]LogWindows:Error: UE4Editor-SlateCore.dll
[2017.06.06-08.58.54:955][885]LogWindows:Error: UE4Editor-SlateCore.dll
[2017.06.06-08.58.54:955][885]LogWindows:Error: UE4Editor-SlateCore.dll
[2017.06.06-08.58.54:955][885]LogWindows:Error: UE4Editor-SlateCore.dll
[2017.06.06-08.58.54:955][885]LogWindows:Error: UE4Editor-SlateCore.dll
[2017.06.06-08.58.54:955][885]LogWindows:Error: UE4Editor-SlateCore.dll
[2017.06.06-08.58.54:955][885]LogWindows:Error: UE4Editor-Slate.dll
[2017.06.06-08.58.54:955][885]LogWindows:Error: UE4Editor-SlateCore.dll
[2017.06.06-08.58.54:955][885]LogWindows:Error: UE4Editor-SlateCore.dll
[2017.06.06-08.58.54:955][885]LogWindows:Error: UE4Editor-SlateCore.dll
[2017.06.06-08.58.54:955][885]LogWindows:Error: UE4Editor-SlateCore.dll
[2017.06.06-08.58.54:955][885]LogWindows:Error: UE4Editor-Slate.dll
[2017.06.06-08.58.54:955][885]LogWindows:Error: UE4Editor-SlateCore.dll
[2017.06.06-08.58.54:955][885]LogWindows:Error: UE4Editor-SlateCore.dll
[2017.06.06-08.58.54:955][885]LogWindows:Error: UE4Editor-SlateCore.dll
[2017.06.06-08.58.54:955][885]LogWindows:Error: UE4Editor-SlateCore.dll
[2017.06.06-08.58.54:955][885]LogWindows:Error: UE4Editor-SlateCore.dll
[2017.06.06-08.58.54:955][885]LogWindows:Error: UE4Editor-SlateCore.dll
[2017.06.06-08.58.54:955][885]LogWindows:Error: UE4Editor-SlateCore.dll
[2017.06.06-08.58.54:955][885]LogWindows:Error: UE4Editor-SlateCore.dll
[2017.06.06-08.58.54:955][885]LogWindows:Error: UE4Editor-SlateCore.dll
[2017.06.06-08.58.54:955][885]LogWindows:Error: UE4Editor-SlateCore.dll
[2017.06.06-08.58.54:955][885]LogWindows:Error: UE4Editor-SlateCore.dll
[2017.06.06-08.58.54:955][885]LogWindows:Error: UE4Editor-Slate.dll
[2017.06.06-08.58.54:955][885]LogWindows:Error: UE4Editor-SlateCore.dll
[2017.06.06-08.58.54:955][885]LogWindows:Error: UE4Editor-SlateCore.dll
[2017.06.06-08.58.54:955][885]LogWindows:Error: UE4Editor-SlateCore.dll
[2017.06.06-08.58.54:955][885]LogWindows:Error: UE4Editor-SlateCore.dll
[2017.06.06-08.58.54:955][885]LogWindows:Error: UE4Editor-SlateCore.dll
[2017.06.06-08.58.54:955][885]LogWindows:Error: UE4Editor-SlateCore.dll
[2017.06.06-08.58.54:955][885]LogWindows:Error: UE4Editor-SlateCore.dll
[2017.06.06-08.58.54:955][885]LogWindows:Error: UE4Editor-SlateCore.dll
[2017.06.06-08.58.54:955][885]LogWindows:Error: UE4Editor-SlateCore.dll
[2017.06.06-08.58.54:955][885]LogWindows:Error: UE4Editor-Slate.dll
[2017.06.06-08.58.54:955][885]LogWindows:Error: UE4Editor-SlateCore.dll
[2017.06.06-08.58.54:955][885]LogWindows:Error: UE4Editor-SlateCore.dll
[2017.06.06-08.58.54:955][885]LogWindows:Error: UE4Editor-SlateCore.dll
[2017.06.06-08.58.54:955][885]LogWindows:Error: UE4Editor-SlateCore.dll
[2017.06.06-08.58.54:955][885]LogWindows:Error: UE4Editor-SlateCore.dll
[2017.06.06-08.58.54:955][885]LogWindows:Error: UE4Editor-SlateCore.dll
[2017.06.06-08.58.54:955][885]LogWindows:Error: UE4Editor-SlateCore.dll
[2017.06.06-08.58.54:955][885]LogWindows:Error: UE4Editor-SlateCore.dll
[2017.06.06-08.58.54:955][885]LogWindows:Error: UE4Editor-SlateCore.dll
[2017.06.06-08.58.54:955][885]LogWindows:Error: UE4Editor-SlateCore.dll
[2017.06.06-08.58.54:955][885]LogWindows:Error: UE4Editor-SlateCore.dll
[2017.06.06-08.58.54:955][885]LogWindows:Error: UE4Editor-SlateCore.dll
[2017.06.06-08.58.54:955][885]LogWindows:Error: UE4Editor-SlateCore.dll
[2017.06.06-08.58.54:955][885]LogWindows:Error: UE4Editor-SlateCore.dll
[2017.06.06-08.58.54:955][885]LogWindows:Error: UE4Editor-SlateCore.dll
[2017.06.06-08.58.54:955][885]LogWindows:Error: UE4Editor-SlateCore.dll
[2017.06.06-08.58.54:955][885]LogWindows:Error: UE4Editor-Slate.dll
[2017.06.06-08.58.54:955][885]LogWindows:Error: UE4Editor-Slate.dll
[2017.06.06-08.58.54:955][885]LogWindows:Error: UE4Editor-Slate.dll
[2017.06.06-08.58.54:955][885]LogWindows:Error: UE4Editor-Slate.dll
[2017.06.06-08.58.54:955][885]LogWindows:Error: UE4Editor-Slate.dll
[2017.06.06-08.58.54:955][885]LogWindows:Error: UE4Editor.exe
[2017.06.06-08.58.54:955][885]LogWindows:Error: UE4Editor.exe
[2017.06.06-08.58.54:955][885]LogWindows:Error: UE4Editor.exe
[2017.06.06-08.58.54:955][885]LogWindows:Error: UE4Editor.exe
[2017.06.06-08.58.54:955][885]LogWindows:Error: UE4Editor.exe
[2017.06.06-08.58.54:955][885]LogWindows:Error: KERNEL32.DLL
[2017.06.06-08.58.54:955][885]LogWindows:Error: ntdll.dll
[2017.06.06-08.58.54:955][885]LogWindows:Error: ntdll.dll
[2017.06.06-08.58.54:955][885]LogWindows:Error: 
[2017.06.06-08.58.54:973][885]LogExit: Executing StaticShutdownAfterError
[2017.06.06-08.58.54:978][885]LogWindows: FPlatformMisc::RequestExit(1)
[2017.06.06-08.58.54:978][885]Log file closed, 06/06/17 01:58:54
