Log file open, 06/05/17 19:49:55
LogInit:Display: Running engine for game: vive_archery_ue4
LogPlatformFile: Not using cached read wrapper
LogInit:Display: RandInit(357957761) SRandInit(357957761).
LogTaskGraph: Started task graph with 5 named threads and 8 total threads with 1 sets of task threads.
LogStats: Stats thread started at 0.073966
LogPluginManager: Loaded Plugin Paper2D, From E:/Unreal Engine/UE_4.13/Engine/Plugins/2D/Paper2D/Paper2D.uplugin
LogPluginManager: Loaded Plugin LightPropagationVolume, From E:/Unreal Engine/UE_4.13/Engine/Plugins/Blendables/LightPropagationVolume/LightPropagationVolume.uplugin
LogPluginManager: Loaded Plugin BlankPlugin, From E:/Unreal Engine/UE_4.13/Engine/Plugins/Developer/BlankPlugin/BlankPlugin.uplugin
LogPluginManager: Loaded Plugin CodeLiteSourceCodeAccess, From E:/Unreal Engine/UE_4.13/Engine/Plugins/Developer/CodeLiteSourceCodeAccess/CodeLiteSourceCodeAccess.uplugin
LogPluginManager: Loaded Plugin GitSourceControl, From E:/Unreal Engine/UE_4.13/Engine/Plugins/Developer/GitSourceControl/GitSourceControl.uplugin
LogPluginManager: Loaded Plugin KDevelopSourceCodeAccess, From E:/Unreal Engine/UE_4.13/Engine/Plugins/Developer/KDevelopSourceCodeAccess/KDevelopSourceCodeAccess.uplugin
LogPluginManager: Loaded Plugin NullSourceCodeAccess, From E:/Unreal Engine/UE_4.13/Engine/Plugins/Developer/NullSourceCodeAccess/NullSourceCodeAccess.uplugin
LogPluginManager: Loaded Plugin OneSkyLocalizationService, From E:/Unreal Engine/UE_4.13/Engine/Plugins/Developer/OneSkyLocalizationService/OneSkyLocalizationService.uplugin
LogPluginManager: Loaded Plugin PerforceSourceControl, From E:/Unreal Engine/UE_4.13/Engine/Plugins/Developer/PerforceSourceControl/PerforceSourceControl.uplugin
LogPluginManager: Loaded Plugin SubversionSourceControl, From E:/Unreal Engine/UE_4.13/Engine/Plugins/Developer/SubversionSourceControl/SubversionSourceControl.uplugin
LogPluginManager: Loaded Plugin UObjectPlugin, From E:/Unreal Engine/UE_4.13/Engine/Plugins/Developer/UObjectPlugin/UObjectPlugin.uplugin
LogPluginManager: Loaded Plugin VisualStudioSourceCodeAccess, From E:/Unreal Engine/UE_4.13/Engine/Plugins/Developer/VisualStudioSourceCodeAccess/VisualStudioSourceCodeAccess.uplugin
LogPluginManager: Loaded Plugin XCodeSourceCodeAccess, From E:/Unreal Engine/UE_4.13/Engine/Plugins/Developer/XCodeSourceCodeAccess/XCodeSourceCodeAccess.uplugin
LogPluginManager: Loaded Plugin EpicSurvey, From E:/Unreal Engine/UE_4.13/Engine/Plugins/Editor/EpicSurvey/EpicSurvey.uplugin
LogPluginManager: Loaded Plugin MacGraphicsSwitching, From E:/Unreal Engine/UE_4.13/Engine/Plugins/Editor/MacGraphicsSwitching/MacGraphicsSwitching.uplugin
LogPluginManager: Loaded Plugin MobileLauncherProfileWizard, From E:/Unreal Engine/UE_4.13/Engine/Plugins/Editor/MobileLauncherProfileWizard/MobileLauncherProfileWizard.uplugin
LogPluginManager: Loaded Plugin PluginBrowser, From E:/Unreal Engine/UE_4.13/Engine/Plugins/Editor/PluginBrowser/PluginBrowser.uplugin
LogPluginManager: Loaded Plugin SpeedTreeImporter, From E:/Unreal Engine/UE_4.13/Engine/Plugins/Editor/SpeedTreeImporter/SpeedTreeImporter.uplugin
LogPluginManager: Loaded Plugin SuperSearchEditor, From E:/Unreal Engine/UE_4.13/Engine/Plugins/Editor/SuperSearchEditor/SuperSearchEditor.uplugin
LogPluginManager: Loaded Plugin AlembicImporter, From E:/Unreal Engine/UE_4.13/Engine/Plugins/Experimental/AlembicImporter/AlembicImporter.uplugin
LogPluginManager: Loaded Plugin BlueprintStats, From E:/Unreal Engine/UE_4.13/Engine/Plugins/Experimental/BlueprintStats/BlueprintStats.uplugin
LogPluginManager: Loaded Plugin CharacterAI, From E:/Unreal Engine/UE_4.13/Engine/Plugins/Experimental/CharacterAI/CharacterAI.uplugin
LogPluginManager: Loaded Plugin CodeEditor, From E:/Unreal Engine/UE_4.13/Engine/Plugins/Experimental/CodeEditor/CodeEditor.uplugin
LogPluginManager: Loaded Plugin CodeView, From E:/Unreal Engine/UE_4.13/Engine/Plugins/Experimental/CodeView/CodeView.uplugin
LogPluginManager: Loaded Plugin HTML5Networking, From E:/Unreal Engine/UE_4.13/Engine/Plugins/Experimental/HTML5Networking/HTML5Networking.uplugin
LogPluginManager: Loaded Plugin LiveEditor, From E:/Unreal Engine/UE_4.13/Engine/Plugins/Experimental/LiveEditor/LiveEditor.uplugin
LogPluginManager: Loaded Plugin OSVR, From E:/Unreal Engine/UE_4.13/Engine/Plugins/Experimental/OSVR/OSVR.uplugin
LogPluginManager: Loaded Plugin Phya, From E:/Unreal Engine/UE_4.13/Engine/Plugins/Experimental/Phya/Phya.uplugin
LogPluginManager: Loaded Plugin SignificanceManager, From E:/Unreal Engine/UE_4.13/Engine/Plugins/Experimental/SignificanceManager/SignificanceManager.uplugin
LogPluginManager: Loaded Plugin SimpleHMD, From E:/Unreal Engine/UE_4.13/Engine/Plugins/Experimental/SimpleHMD/SimpleHMD.uplugin
LogPluginManager: Loaded Plugin StereoPanorama, From E:/Unreal Engine/UE_4.13/Engine/Plugins/Experimental/StereoPanorama/StereoPanorama.uplugin
LogPluginManager: Loaded Plugin StructBox, From E:/Unreal Engine/UE_4.13/Engine/Plugins/Experimental/StructBox/StructBox.uplugin
LogPluginManager: Loaded Plugin GestureTrackerVR, From E:/Unreal Engine/UE_4.13/Engine/Plugins/Marketplace/GestureTrackerVR/GestureTrackerVR.uplugin
LogPluginManager: Loaded Plugin RunebergVRPlugin, From E:/Unreal Engine/UE_4.13/Engine/Plugins/Marketplace/RunebergVRPlugin/RunebergVRPlugin.uplugin
LogPluginManager: Loaded Plugin ShadowMocap, From E:/Unreal Engine/UE_4.13/Engine/Plugins/Marketplace/ShadowMocap/ShadowMocap.uplugin
LogPluginManager: Loaded Plugin Substance, From E:/Unreal Engine/UE_4.13/Engine/Plugins/Marketplace/Substance/Substance.uplugin
LogPluginManager: Loaded Plugin AndroidMedia, From E:/Unreal Engine/UE_4.13/Engine/Plugins/Media/AndroidMedia/AndroidMedia.uplugin
LogPluginManager: Loaded Plugin AvfMedia, From E:/Unreal Engine/UE_4.13/Engine/Plugins/Media/AvfMedia/AvfMedia.uplugin
LogPluginManager: Loaded Plugin MediaPlayerEditor, From E:/Unreal Engine/UE_4.13/Engine/Plugins/Media/MediaPlayerEditor/MediaPlayerEditor.uplugin
LogPluginManager: Loaded Plugin WmfMedia, From E:/Unreal Engine/UE_4.13/Engine/Plugins/Media/WmfMedia/WmfMedia.uplugin
LogPluginManager: Loaded Plugin MessagingDebugger, From E:/Unreal Engine/UE_4.13/Engine/Plugins/Messaging/MessagingDebugger/MessagingDebugger.uplugin
LogPluginManager: Loaded Plugin TcpMessaging, From E:/Unreal Engine/UE_4.13/Engine/Plugins/Messaging/TcpMessaging/TcpMessaging.uplugin
LogPluginManager: Loaded Plugin UdpMessaging, From E:/Unreal Engine/UE_4.13/Engine/Plugins/Messaging/UdpMessaging/UdpMessaging.uplugin
LogPluginManager: Loaded Plugin LevelSequenceEditor, From E:/Unreal Engine/UE_4.13/Engine/Plugins/MovieScene/LevelSequenceEditor/LevelSequenceEditor.uplugin
LogPluginManager: Loaded Plugin MatineeToLevelSequence, From E:/Unreal Engine/UE_4.13/Engine/Plugins/MovieScene/MatineeToLevelSequence/MatineeToLevelSequence.uplugin
LogPluginManager: Loaded Plugin NetcodeUnitTest, From E:/Unreal Engine/UE_4.13/Engine/Plugins/NetcodeUnitTest/NetcodeUnitTest/NetcodeUnitTest.uplugin
LogPluginManager: Loaded Plugin NUTUnrealEngine4, From E:/Unreal Engine/UE_4.13/Engine/Plugins/NetcodeUnitTest/NUTUnrealEngine4/NUTUnrealEngine4.uplugin
LogPluginManager: Loaded Plugin OnlineSubsystemGooglePlay, From E:/Unreal Engine/UE_4.13/Engine/Plugins/Online/Android/OnlineSubsystemGooglePlay/OnlineSubsystemGooglePlay.uplugin
LogPluginManager: Loaded Plugin OnlineSubsystemIOS, From E:/Unreal Engine/UE_4.13/Engine/Plugins/Online/IOS/OnlineSubsystemIOS/OnlineSubsystemIOS.uplugin
LogPluginManager: Loaded Plugin OnlineFramework, From E:/Unreal Engine/UE_4.13/Engine/Plugins/Online/OnlineFramework/OnlineFramework.uplugin
LogPluginManager: Loaded Plugin OnlineSubsystem, From E:/Unreal Engine/UE_4.13/Engine/Plugins/Online/OnlineSubsystem/OnlineSubsystem.uplugin
LogPluginManager: Loaded Plugin OnlineSubsystemAmazon, From E:/Unreal Engine/UE_4.13/Engine/Plugins/Online/OnlineSubsystemAmazon/OnlineSubsystemAmazon.uplugin
LogPluginManager: Loaded Plugin OnlineSubsystemFacebook, From E:/Unreal Engine/UE_4.13/Engine/Plugins/Online/OnlineSubsystemFacebook/OnlineSubsystemFacebook.uplugin
LogPluginManager: Loaded Plugin OnlineSubsystemNull, From E:/Unreal Engine/UE_4.13/Engine/Plugins/Online/OnlineSubsystemNull/OnlineSubsystemNull.uplugin
LogPluginManager: Loaded Plugin OnlineSubsystemOculus, From E:/Unreal Engine/UE_4.13/Engine/Plugins/Online/OnlineSubsystemOculus/OnlineSubsystemOculus.uplugin
LogPluginManager: Loaded Plugin OnlineSubsystemSteam, From E:/Unreal Engine/UE_4.13/Engine/Plugins/Online/OnlineSubsystemSteam/OnlineSubsystemSteam.uplugin
LogPluginManager: Loaded Plugin OnlineSubsystemUtils, From E:/Unreal Engine/UE_4.13/Engine/Plugins/Online/OnlineSubsystemUtils/OnlineSubsystemUtils.uplugin
LogPluginManager: Loaded Plugin IOSTapJoy, From E:/Unreal Engine/UE_4.13/Engine/Plugins/Runtime/Advertising/IOSTapJoy/IOSTapJoy.uplugin
LogPluginManager: Loaded Plugin AnalyticsBlueprintLibrary, From E:/Unreal Engine/UE_4.13/Engine/Plugins/Runtime/Analytics/AnalyticsBlueprintLibrary/AnalyticsBlueprintLibrary.uplugin
LogPluginManager: Loaded Plugin AnalyticsMulticast, From E:/Unreal Engine/UE_4.13/Engine/Plugins/Runtime/Analytics/AnalyticsMulticast/AnalyticsMulticast.uplugin
LogPluginManager: Loaded Plugin Apsalar, From E:/Unreal Engine/UE_4.13/Engine/Plugins/Runtime/Analytics/Apsalar/Apsalar.uplugin
LogPluginManager: Loaded Plugin FileLogging, From E:/Unreal Engine/UE_4.13/Engine/Plugins/Runtime/Analytics/FileLogging/FileLogging.uplugin
LogPluginManager: Loaded Plugin Flurry, From E:/Unreal Engine/UE_4.13/Engine/Plugins/Runtime/Analytics/Flurry/Flurry.uplugin
LogPluginManager: Loaded Plugin AndroidDeviceProfileSelector, From E:/Unreal Engine/UE_4.13/Engine/Plugins/Runtime/AndroidDeviceProfileSelector/AndroidDeviceProfileSelector.uplugin
LogPluginManager: Loaded Plugin AndroidMoviePlayer, From E:/Unreal Engine/UE_4.13/Engine/Plugins/Runtime/AndroidMoviePlayer/AndroidMoviePlayer.uplugin
LogPluginManager: Loaded Plugin AppleMoviePlayer, From E:/Unreal Engine/UE_4.13/Engine/Plugins/Runtime/AppleMoviePlayer/AppleMoviePlayer.uplugin
LogPluginManager: Loaded Plugin ArchVisCharacter, From E:/Unreal Engine/UE_4.13/Engine/Plugins/Runtime/ArchVisCharacter/ArchVisCharacter.uplugin
LogPluginManager: Loaded Plugin CableComponent, From E:/Unreal Engine/UE_4.13/Engine/Plugins/Runtime/CableComponent/CableComponent.uplugin
LogPluginManager: Loaded Plugin CustomMeshComponent, From E:/Unreal Engine/UE_4.13/Engine/Plugins/Runtime/CustomMeshComponent/CustomMeshComponent.uplugin
LogPluginManager: Loaded Plugin ExampleDeviceProfileSelector, From E:/Unreal Engine/UE_4.13/Engine/Plugins/Runtime/ExampleDeviceProfileSelector/ExampleDeviceProfileSelector.uplugin
LogPluginManager: Loaded Plugin GearVR, From E:/Unreal Engine/UE_4.13/Engine/Plugins/Runtime/GearVR/GearVR.uplugin
LogPluginManager: Loaded Plugin GoogleVRController, From E:/Unreal Engine/UE_4.13/Engine/Plugins/Runtime/GoogleVR/GoogleVRController/GoogleVRController.uplugin
LogPluginManager: Loaded Plugin GoogleVRHMD, From E:/Unreal Engine/UE_4.13/Engine/Plugins/Runtime/GoogleVR/GoogleVRHMD/GoogleVRHMD.uplugin
LogPluginManager: Loaded Plugin IOSDeviceProfileSelector, From E:/Unreal Engine/UE_4.13/Engine/Plugins/Runtime/IOSDeviceProfileSelector/IOSDeviceProfileSelector.uplugin
LogPluginManager: Loaded Plugin LeapMotion, From E:/Unreal Engine/UE_4.13/Engine/Plugins/Runtime/LeapMotion/LeapMotion.uplugin
LogPluginManager: Loaded Plugin LinuxDeviceProfileSelector, From E:/Unreal Engine/UE_4.13/Engine/Plugins/Runtime/LinuxDeviceProfileSelector/LinuxDeviceProfileSelector.uplugin
LogPluginManager: Loaded Plugin LiveEditorListenServer, From E:/Unreal Engine/UE_4.13/Engine/Plugins/Runtime/LiveEditorListenServer/LiveEditorListenServer.uplugin
LogPluginManager: Loaded Plugin OculusAudio, From E:/Unreal Engine/UE_4.13/Engine/Plugins/Runtime/OculusAudio/OculusAudio.uplugin
LogPluginManager: Loaded Plugin OculusInput, From E:/Unreal Engine/UE_4.13/Engine/Plugins/Runtime/OculusInput/OculusInput.uplugin
LogPluginManager: Loaded Plugin OculusLibrary, From E:/Unreal Engine/UE_4.13/Engine/Plugins/Runtime/OculusLibrary/OculusLibrary.uplugin
LogPluginManager: Loaded Plugin OculusRift, From E:/Unreal Engine/UE_4.13/Engine/Plugins/Runtime/OculusRift/OculusRift.uplugin
LogPluginManager: Loaded Plugin Oodle, From E:/Unreal Engine/UE_4.13/Engine/Plugins/Runtime/PacketHandlers/CompressionComponents/Oodle/Oodle.uplugin
LogPluginManager: Loaded Plugin ProceduralMeshComponent, From E:/Unreal Engine/UE_4.13/Engine/Plugins/Runtime/ProceduralMeshComponent/ProceduralMeshComponent.uplugin
LogPluginManager: Loaded Plugin SoundMod, From E:/Unreal Engine/UE_4.13/Engine/Plugins/Runtime/SoundMod/SoundMod.uplugin
LogPluginManager: Loaded Plugin SoundVisualizations, From E:/Unreal Engine/UE_4.13/Engine/Plugins/Runtime/SoundVisualizations/SoundVisualizations.uplugin
LogPluginManager: Loaded Plugin SteamController, From E:/Unreal Engine/UE_4.13/Engine/Plugins/Runtime/Steam/SteamController/SteamController.uplugin
LogPluginManager: Loaded Plugin SteamVR, From E:/Unreal Engine/UE_4.13/Engine/Plugins/Runtime/Steam/SteamVR/SteamVR.uplugin
LogPluginManager: Loaded Plugin WebBrowserWidget, From E:/Unreal Engine/UE_4.13/Engine/Plugins/Runtime/WebBrowserWidget/WebBrowserWidget.uplugin
LogPluginManager: Loaded Plugin WindowsDeviceProfileSelector, From E:/Unreal Engine/UE_4.13/Engine/Plugins/Runtime/WindowsDeviceProfileSelector/WindowsDeviceProfileSelector.uplugin
LogPluginManager: Loaded Plugin WindowsMoviePlayer, From E:/Unreal Engine/UE_4.13/Engine/Plugins/Runtime/WindowsMoviePlayer/WindowsMoviePlayer.uplugin
LogPluginManager: Loaded Plugin ScriptPlugin, From E:/Unreal Engine/UE_4.13/Engine/Plugins/ScriptPlugin/ScriptPlugin.uplugin
LogPluginManager: Loaded Plugin SlateRemote, From E:/Unreal Engine/UE_4.13/Engine/Plugins/Slate/SlateRemote/SlateRemote.uplugin
LogInit: Using libcurl 7.47.1
LogInit:  - built for x86_64-pc-win32
LogInit:  - supports SSL with WinSSL
LogInit:  - other features:
LogInit:      CURL_VERSION_SSL
LogInit:      CURL_VERSION_IPV6
LogInit:      CURL_VERSION_ASYNCHDNS
LogInit:      CURL_VERSION_LARGEFILE
LogInit:      CURL_VERSION_IDN
LogInit:  CurlRequestOptions (configurable via config and command line):
LogInit:  - bVerifyPeer = false  - Libcurl will NOT verify peer certificate
LogInit:  - bUseHttpProxy = false  - Libcurl will NOT use HTTP proxy
LogInit:  - bDontReuseConnections = false  - Libcurl will reuse connections
LogInit:  - CertBundlePath = nullptr  - Libcurl will use whatever was configured at build time.
LogInit: Build: ++UE4+Release-4.13-CL-3172292
LogInit: Engine Version: 4.13.2-3172292+++UE4+Release-4.13
LogInit: Compatible Engine Version: 4.13.0-3106830+++UE4+Release-4.13
LogInit: Net CL: 3172292
LogDevObjectVersion: Number of dev versions registered: 13
LogDevObjectVersion:   Dev-Blueprints (B0D832E4-1F89-4F0D-ACCF-7EB736FD4AA2): 5
LogDevObjectVersion:   Dev-Build (E1C64328-A22C-4D53-A36C-8E866417BD8C): 0
LogDevObjectVersion:   Dev-Core (375EC13C-06E4-48FB-B500-84F0262A717E): 1
LogDevObjectVersion:   Dev-Editor (E4B068ED-F494-42E9-A231-DA0B2E46BB41): 6
LogDevObjectVersion:   Dev-Framework (CFFC743F-43B0-4480-9391-14DF171D2073): 12
LogDevObjectVersion:   Dev-Mobile (B02B49B5-BB20-44E9-A304-32B752E40360): 0
LogDevObjectVersion:   Dev-Networking (A4E4105C-59A1-49B5-A7C5-40C4547EDFEE): 0
LogDevObjectVersion:   Dev-Online (39C831C9-5AE6-47DC-9A44-9C173E1C8E7C): 0
LogDevObjectVersion:   Dev-Physics (78F01B33-EBEA-4F98-B9B4-84EACCB95AA2): 0
LogDevObjectVersion:   Dev-Platform (6631380F-2D4D-43E0-8009-CF276956A95A): 0
LogDevObjectVersion:   Dev-Rendering (12F88B9F-8875-4AFC-A67C-D90C383ABD29): 4
LogDevObjectVersion:   Dev-Sequencer (7B5AE74C-D270-4C10-A958-57980B212A5A): 0
LogDevObjectVersion:   Dev-VR (D7296918-1DD6-4BDD-9DE2-64A83CC13884): 0
LogInit: Compiled (64-bit): Oct 24 2016 14:29:06
LogInit: Compiled with Visual C++: 19.00.23026.00
LogInit: Build Configuration: Development
LogInit: Branch Name: ++UE4+Release-4.13
LogInit: Command line: 
LogInit: Base directory: E:/Unreal Engine/UE_4.13/Engine/Binaries/Win64/
LogInit: Installed Engine Build: 1
LogInit: Presizing for max 8388607 objects, including 0 objects not considered by GC, pre-allocating 0 bytes for permanent pool.
LogInit: Object subsystem initialized
LogStats: FPlatformStackWalk::StackWalkAndDump -  0.005 s
LogOutputDevice:Error: === Handled ensure: ===
LogOutputDevice:Error: 
LogOutputDevice:Error: Ensure condition failed: false [File:D:\Build\++UE4+Release-4.13+Compile\Sync\Engine\Source\Runtime\Core\Private\Misc\ConfigCacheIni.cpp] [Line: 3448]
LogOutputDevice:Error: The ini file 'E:/Castle-Guard-Working-Bow/CastleGuard/vive_archery_ue4-master 4.13/Saved/Config/Windows/Engine.ini' tries to set the console variable 'showflag.decals' marked with ECVF_Cheat, this is only allowed in consolevariables.ini
LogOutputDevice:Error: Stack: 
LogOutputDevice:Error: UE4Editor-Core.dll
LogOutputDevice:Error: UE4Editor-Core.dll
LogOutputDevice:Error: UE4Editor-Core.dll
LogOutputDevice:Error: UE4Editor-Core.dll
LogOutputDevice:Error: UE4Editor-Engine.dll
LogOutputDevice:Error: UE4Editor-Core.dll
LogOutputDevice:Error: UE4Editor-Engine.dll
LogOutputDevice:Error: UE4Editor-Engine.dll
LogOutputDevice:Error: UE4Editor.exe
LogOutputDevice:Error: UE4Editor.exe
LogOutputDevice:Error: UE4Editor.exe
LogOutputDevice:Error: UE4Editor.exe
LogOutputDevice:Error: UE4Editor.exe
LogOutputDevice:Error: KERNEL32.DLL
LogOutputDevice:Error: ntdll.dll
LogOutputDevice:Error: ntdll.dll
LogOutputDevice:Error: 
LogStats:                SubmitErrorReport -  0.000 s
LogStats:                    SendNewReport -  0.107 s
LogStats:             FDebug::EnsureFailed -  0.112 s
[2017.06.06-02.49.55:620][  0]LogConsoleManager:Display: Setting the console variable 'r.SeparateTranslucency' with 'SetByProjectSetting' was ignored as it is lower priority than the previous 'SetBySystemSettingsIni'
[2017.06.06-02.49.55:622][  0]LogConsoleManager:Display: Setting the console variable 'r.ScreenPercentage' with 'SetByScalability' was ignored as it is lower priority than the previous 'SetBySystemSettingsIni'
[2017.06.06-02.49.55:622][  0]LogConsoleManager:Display: Setting the console variable 'r.PostProcessAAQuality' with 'SetByScalability' was ignored as it is lower priority than the previous 'SetBySystemSettingsIni'
[2017.06.06-02.49.55:622][  0]LogConsoleManager:Display: Setting the console variable 'r.MotionBlurQuality' with 'SetByScalability' was ignored as it is lower priority than the previous 'SetBySystemSettingsIni'
[2017.06.06-02.49.55:622][  0]LogConsoleManager:Display: Setting the console variable 'r.AmbientOcclusionLevels' with 'SetByScalability' was ignored as it is lower priority than the previous 'SetBySystemSettingsIni'
[2017.06.06-02.49.55:622][  0]LogConsoleManager:Display: Setting the console variable 'r.DepthOfFieldQuality' with 'SetByScalability' was ignored as it is lower priority than the previous 'SetBySystemSettingsIni'
[2017.06.06-02.49.55:622][  0]LogConsoleManager:Display: Setting the console variable 'r.LensFlareQuality' with 'SetByScalability' was ignored as it is lower priority than the previous 'SetBySystemSettingsIni'
[2017.06.06-02.49.55:622][  0]LogConsoleManager:Display: Setting the console variable 'r.SceneColorFringeQuality' with 'SetByScalability' was ignored as it is lower priority than the previous 'SetBySystemSettingsIni'
[2017.06.06-02.49.55:622][  0]LogConsoleManager:Display: Setting the console variable 'r.EyeAdaptationQuality' with 'SetByScalability' was ignored as it is lower priority than the previous 'SetBySystemSettingsIni'
[2017.06.06-02.49.55:622][  0]LogConsoleManager:Display: Setting the console variable 'r.BloomQuality' with 'SetByScalability' was ignored as it is lower priority than the previous 'SetBySystemSettingsIni'
[2017.06.06-02.49.55:622][  0]LogConsoleManager:Display: Setting the console variable 'r.FastBlurThreshold' with 'SetByScalability' was ignored as it is lower priority than the previous 'SetBySystemSettingsIni'
[2017.06.06-02.49.55:623][  0]LogConsoleManager:Display: Setting the console variable 'r.MaxAnisotropy' with 'SetByScalability' was ignored as it is lower priority than the previous 'SetBySystemSettingsIni'
[2017.06.06-02.49.55:623][  0]LogConsoleManager:Display: Setting the console variable 'r.TranslucencyLightingVolumeDim' with 'SetByScalability' was ignored as it is lower priority than the previous 'SetBySystemSettingsIni'
[2017.06.06-02.49.55:623][  0]LogConsoleManager:Display: Setting the console variable 'r.SSR.Quality' with 'SetByScalability' was ignored as it is lower priority than the previous 'SetBySystemSettingsIni'
[2017.06.06-02.49.55:623][  0]LogConsoleManager:Display: Setting the console variable 'r.SceneColorFormat' with 'SetByScalability' was ignored as it is lower priority than the previous 'SetBySystemSettingsIni'
[2017.06.06-02.49.55:623][  0]LogConsoleManager:Display: Setting the console variable 'r.TranslucencyVolumeBlur' with 'SetByScalability' was ignored as it is lower priority than the previous 'SetBySystemSettingsIni'
[2017.06.06-02.49.55:623][  0]LogInit: Selected Device Profile: [Windows]
[2017.06.06-02.49.55:623][  0]LogInit: Applying CVar settings loaded from the selected device profile: [Windows]
[2017.06.06-02.49.55:635][  0]LogInit: Computer: AI911LAB238VIV
[2017.06.06-02.49.55:635][  0]LogInit: User: StudentUser
[2017.06.06-02.49.55:635][  0]LogInit: CPU Page size=65536, Cores=4
[2017.06.06-02.49.55:635][  0]LogInit: High frequency timer resolution =3.410077 MHz
[2017.06.06-02.49.55:635][  0]LogMemory: Memory total: Physical=15.9GB (16GB approx)
[2017.06.06-02.49.55:635][  0]LogMemory: Platform Memory Stats for Windows
[2017.06.06-02.49.55:635][  0]LogMemory: Process Physical Memory: 264.98 MB used, 264.98 MB peak
[2017.06.06-02.49.55:635][  0]LogMemory: Process Virtual Memory: 264.55 MB used, 264.55 MB peak
[2017.06.06-02.49.55:635][  0]LogMemory: Physical Memory: 5329.99 MB used, 16291.25 MB total
[2017.06.06-02.49.55:635][  0]LogMemory: Virtual Memory: 638.34 MB used, 134217728.00 MB total
[2017.06.06-02.49.55:662][  0]LogTextLocalizationManager: No specific translations for ('en-US') exist, so ('en') translations will be used.
[2017.06.06-02.49.56:199][  0]LogD3D11RHI: D3D11 adapters:
[2017.06.06-02.49.56:221][  0]LogD3D11RHI:    0. 'NVIDIA GeForce GTX 970' (Feature Level 11_0)
[2017.06.06-02.49.56:221][  0]LogD3D11RHI:       4058/0/8145 MB DedicatedVideo/DedicatedSystem/SharedSystem, Outputs:1, VendorId:0x10de
[2017.06.06-02.49.56:222][  0]LogD3D11RHI:    1. 'Microsoft Basic Render Driver' (Feature Level 11_0)
[2017.06.06-02.49.56:222][  0]LogD3D11RHI:       0/0/8145 MB DedicatedVideo/DedicatedSystem/SharedSystem, Outputs:0, VendorId:0x1414
[2017.06.06-02.49.56:222][  0]LogD3D11RHI: Chosen D3D11 Adapter: 0
[2017.06.06-02.49.56:226][  0]LogD3D11RHI: Creating new Direct3DDevice
[2017.06.06-02.49.56:226][  0]LogD3D11RHI:     GPU DeviceId: 0x13c2 (for the marketing name, search the web for "GPU Device Id")
[2017.06.06-02.49.56:226][  0]LogWindows: EnumDisplayDevices:
[2017.06.06-02.49.56:227][  0]LogWindows:    0. 'NVIDIA GeForce GTX 970' (P:1 D:1)
[2017.06.06-02.49.56:227][  0]LogWindows:    1. 'NVIDIA GeForce GTX 970' (P:0 D:0)
[2017.06.06-02.49.56:227][  0]LogWindows:    2. 'NVIDIA GeForce GTX 970' (P:0 D:0)
[2017.06.06-02.49.56:227][  0]LogWindows:    3. 'NVIDIA GeForce GTX 970' (P:0 D:0)
[2017.06.06-02.49.56:227][  0]LogWindows: DebugString: FoundDriverCount:4 
[2017.06.06-02.49.56:227][  0]LogD3D11RHI:     Adapter Name: NVIDIA GeForce GTX 970
[2017.06.06-02.49.56:227][  0]LogD3D11RHI:   Driver Version: 369.09 (internal:21.21.13.6909, unified:369.09)
[2017.06.06-02.49.56:227][  0]LogD3D11RHI:      Driver Date: 8-1-2016
[2017.06.06-02.49.56:227][  0]LogRHI: Texture pool is 1361 MB (70% of 1945 MB)
[2017.06.06-02.49.56:243][  0]LogD3D11RHI: Async texture creation enabled
[2017.06.06-02.49.56:253][  0]LogD3D11RHI: GPU Timing Frequency: 1000.000000 (Debug: 2 1)
[2017.06.06-02.49.56:253][  0]LogShaderCompilers: Guid format shader working directory is -32 characters bigger than the processId version (../../../../../Castle-Guard-Working-Bow/CastleGuard/vive_archery_ue4-master 4.13/Intermediate/Shaders/WorkingDirectory/10752/).
[2017.06.06-02.49.56:253][  0]LogShaderCompilers: Cleaned the shader compiler working directory 'C:/Users/STUDEN~1/AppData/Local/Temp/UnrealShaderWorkingDir/1ED86EB94BF7EF9483E06E94622B4455/'.
[2017.06.06-02.49.56:253][  0]LogShaderCompilers:Display: Using Local Shader Compiler.
[2017.06.06-02.49.57:161][  0]LogTemp:Display: Loaded TP AllDesktopTargetPlatform
[2017.06.06-02.49.57:169][  0]LogTemp:Display: Loaded TP WindowsClientTargetPlatform
[2017.06.06-02.49.57:178][  0]LogTemp:Display: Loaded TP WindowsNoEditorTargetPlatform
[2017.06.06-02.49.57:186][  0]LogTemp:Display: Loaded TP WindowsServerTargetPlatform
[2017.06.06-02.49.57:194][  0]LogTemp:Display: Loaded TP WindowsTargetPlatform
[2017.06.06-02.49.57:201][  0]LogTemp:Display: Loaded TP AndroidTargetPlatform
[2017.06.06-02.49.57:207][  0]LogTemp:Display: Loaded TP Android_ASTCTargetPlatform
[2017.06.06-02.49.57:214][  0]LogTemp:Display: Loaded TP Android_ATCTargetPlatform
[2017.06.06-02.49.57:220][  0]LogTemp:Display: Loaded TP Android_DXTTargetPlatform
[2017.06.06-02.49.57:227][  0]LogTemp:Display: Loaded TP Android_ETC1TargetPlatform
[2017.06.06-02.49.57:233][  0]LogTemp:Display: Loaded TP Android_ETC2TargetPlatform
[2017.06.06-02.49.57:246][  0]LogTemp:Display: Loaded TP Android_MultiTargetPlatform
[2017.06.06-02.49.57:246][  0]LogTemp:Display: Loaded TP Android_PVRTCTargetPlatform
[2017.06.06-02.49.57:247][  0]LogTemp:Display: Loaded TP HTML5TargetPlatform
[2017.06.06-02.49.57:266][  0]LogTemp:Display: Loaded TP IOSTargetPlatform
[2017.06.06-02.49.57:274][  0]LogTemp:Display: Loaded TP TVOSTargetPlatform
[2017.06.06-02.49.57:280][  0]LogTemp:Display: Loaded TP LinuxClientTargetPlatform
[2017.06.06-02.49.57:286][  0]LogTemp:Display: Loaded TP LinuxNoEditorTargetPlatform
[2017.06.06-02.49.57:293][  0]LogTemp:Display: Loaded TP LinuxServerTargetPlatform
[2017.06.06-02.49.57:300][  0]LogTemp:Display: Loaded TP LinuxTargetPlatform
[2017.06.06-02.49.57:300][  0]LogTargetPlatformManager:Display: Building Assets For Windows
[2017.06.06-02.49.57:357][  0]LogDerivedDataCache:Display: Max Cache Size: 512 MB
[2017.06.06-02.49.57:443][  0]LogDerivedDataCache: Loaded boot cache 0.09s 89MB C:/Users/StudentUser/AppData/Local/UnrealEngine/4.13/DerivedDataCache/Boot.ddc.
[2017.06.06-02.49.57:443][  0]LogDerivedDataCache:Display: Loaded Boot cache: C:/Users/StudentUser/AppData/Local/UnrealEngine/4.13/DerivedDataCache/Boot.ddc
[2017.06.06-02.49.57:443][  0]LogDerivedDataCache: FDerivedDataBackendGraph:  Pak pak cache file ../../../../../Castle-Guard-Working-Bow/CastleGuard/vive_archery_ue4-master 4.13/DerivedDataCache/DDC.ddp not found, will not use a pak cache.
[2017.06.06-02.49.57:443][  0]LogDerivedDataCache: Unable to find inner node Pak for hierarchical cache Hierarchy.
[2017.06.06-02.49.57:443][  0]LogDerivedDataCache: FDerivedDataBackendGraph:  CompressedPak pak cache file ../../../../../Castle-Guard-Working-Bow/CastleGuard/vive_archery_ue4-master 4.13/DerivedDataCache/Compressed.ddp not found, will not use a pak cache.
[2017.06.06-02.49.57:443][  0]LogDerivedDataCache: Unable to find inner node CompressedPak for hierarchical cache Hierarchy.
[2017.06.06-02.49.57:459][  0]LogDerivedDataCache:Display: Pak cache opened for reading ../../../Engine/DerivedDataCache/Compressed.ddp.
[2017.06.06-02.49.57:470][  0]LogDerivedDataCache: Using Local data cache path C:/Users/StudentUser/AppData/Local/UnrealEngine/Common/DerivedDataCache: Writable
[2017.06.06-02.49.57:649][  0]LogInit: Selected Device Profile: [Windows]
[2017.06.06-02.49.57:649][  0]LogContentStreaming: Texture pool size is 0.00 MB
[2017.06.06-02.49.57:732][  0]LogMeshUtilities: No automatic mesh reduction module available
[2017.06.06-02.49.57:732][  0]LogMeshUtilities: No automatic mesh merging module available
[2017.06.06-02.49.57:732][  0]LogMeshUtilities: No distributed automatic mesh merging module available
[2017.06.06-02.49.57:788][  0]LogMaterial: Uniform references updated for custom material expression Custom.
[2017.06.06-02.49.58:051][  0]LogNetVersion: GetLocalNetworkVersion: CL: 3106830, ProjectName: vive_archery_ue4, ProjectVersion: , EngineNetworkVersion: 1, GameNetworkVersion: 0, NetworkChecksum: 2616931300
[2017.06.06-02.49.58:085][  0]LogAssetRegistry: FAssetRegistry took 0.0214 seconds to start up
[2017.06.06-02.49.58:088][  0]LogDirectoryWatcher:Warning: Failed to begin reading directory changes for ../../../Engine/Plugins/Marketplace/RunebergVRPlugin/Content/. Error: The system cannot find the file specified. (0x00000002)
[2017.06.06-02.49.58:117][  0]LogPackageLocalizationCache: Processed 5 localized package path(s) for 2 prioritized culture(s) in 0.029310 seconds
[2017.06.06-02.49.58:121][  0]LogUObjectArray: 29778 objects as part of root set at end of initial load.
[2017.06.06-02.49.58:121][  0]LogUObjectAllocator: 6125448 out of 0 bytes used by permanent object pool.
[2017.06.06-02.49.58:121][  0]LogUObjectArray: CloseDisregardForGC: 0/0 objects in disregard for GC pool
[2017.06.06-02.49.58:126][  0]LogInit: WinSock: version 1.1 (2.2), MaxSocks=32767, MaxUdp=65467
[2017.06.06-02.49.58:289][  0]LogSlate: SlateFontCache - WITH_FREETYPE: 1, WITH_HARFBUZZ: 1
[2017.06.06-02.49.58:289][  0]LogSlate: SlateFontCache - WITH_FREETYPE: 1, WITH_HARFBUZZ: 1
[2017.06.06-02.49.58:834][  0]LogSubstanceCoreModule: Substance CPU Engine Loaded, Max Texture Size 2048
[2017.06.06-02.49.58:841][  0]LogTcpMessaging: Initializing TcpMessaging bridge
[2017.06.06-02.49.58:858][  0]LogUdpMessaging: Initializing bridge on interface 0.0.0.0:0 to multicast group 230.0.0.1:6666.
[2017.06.06-02.50.00:560][  0]SourceControl: Info Source control is disabled
[2017.06.06-02.50.00:592][  0]SourceControl: Info Source control is disabled
[2017.06.06-02.50.00:599][  0]SourceControl: Info Source control is disabled
[2017.06.06-02.50.00:604][  0]SourceControl: Info Source control is disabled
[2017.06.06-02.50.00:855][  0]LogEngine: Initializing Engine...
[2017.06.06-02.50.00:880][  0]LogHMD: SteamVR initialized.  Driver: lighthouse  Display: LHR-A4D81BA4
[2017.06.06-02.50.01:005][  0]LogAIModule: Creating AISystem for world Untitled
[2017.06.06-02.50.01:015][  0]LogInit: XAudio2 using 'Speakers (Realtek High Definition Audio)' : 2 channels at 48 kHz using 32 bits per sample (channel mask 0x3)
[2017.06.06-02.50.01:025][  0]LogInit: FAudioDevice initialized.
[2017.06.06-02.50.01:545][  0]LogDerivedDataCache: Saved boot cache 0.52s 89MB C:/Users/StudentUser/AppData/Local/UnrealEngine/4.13/DerivedDataCache/Boot.ddc.
[2017.06.06-02.50.01:559][  0]LogInit: Texture streaming: Enabled
[2017.06.06-02.50.01:579][  0]LogWindowsTextInputMethodSystem:Display: IME system now deactivated.
[2017.06.06-02.50.01:602][  0]LogInit: Transaction tracking system initialized
[2017.06.06-02.50.01:616][  0]BlueprintLog: New page: Editor Load
[2017.06.06-02.50.01:665][  0]LocalizationService: Info Localization service is disabled
[2017.06.06-02.50.01:721][  0]LogConsoleResponse:Display: 
[2017.06.06-02.50.01:811][  0]LogCook:Display: Max memory allowance for cook 16384mb min free memory 0mb
[2017.06.06-02.50.01:811][  0]LogCook:Display: Mobile HDR setting 1
[2017.06.06-02.50.01:917][  0]LogFileCache: Scanning file cache for directory 'E:/Castle-Guard-Working-Bow/CastleGuard/vive_archery_ue4-master 4.13/Content/' took 0.01s
[2017.06.06-02.50.01:917][  0]SourceControl: Info Source control is disabled
[2017.06.06-02.50.07:334][  0]LogWindowsTextInputMethodSystem:Display: IME system now deactivated.
[2017.06.06-02.50.07:340][  0]LogWindowsTextInputMethodSystem:Display: IME system now deactivated.
[2017.06.06-02.50.10:503][  0]LogWindowsTextInputMethodSystem:Display: IME system now deactivated.
[2017.06.06-02.50.10:515][  0]LogWindowsTextInputMethodSystem:Display: IME system now deactivated.
[2017.06.06-02.50.10:516][  0]Cmd: MAP LOAD FILE="../../../../../Castle-Guard-Working-Bow/CastleGuard/vive_archery_ue4-master 4.13/Content/Vive/Maps/default.umap" TEMPLATE=0 SHOWPROGRESS=1 FEATURELEVEL=3
[2017.06.06-02.50.10:516][  0]LightingResults: New page: Lighting Build
[2017.06.06-02.50.10:518][  0]MapCheck: New page: Map Check
[2017.06.06-02.50.10:518][  0]LightingResults: New page: Lighting Build
[2017.06.06-02.50.11:592][  0]LogAIModule: Creating AISystem for world default
[2017.06.06-02.50.11:677][  0]LogEditorServer: Finished looking for orphan Actors (0.000 secs)
[2017.06.06-02.50.11:731][  0]Cmd: MAP CHECKDEP NOCLEARLOG
[2017.06.06-02.50.11:772][  0]MapCheck: Info Map check complete: 0 Error(s), 0 Warning(s), took 40.704ms to complete.
[2017.06.06-02.50.11:772][  0]LogFileHelpers: Loading map 'default' took 1.256
[2017.06.06-02.50.11:824][  0]LogStats:Warning: MetaData mismatch. Did you assign a stat to two groups? New //STATGROUP_Threads//SplashScreenThread///Thread_2790_0///####STATCAT_Advanced#### old //STATGROUP_Threads//SplashScreenThread///Thread_450_0///####STATCAT_Advanced####
[2017.06.06-02.50.11:824][  0]LogCollectionManager: Loaded 0 collections in 0.001146 seconds
[2017.06.06-02.50.11:862][  0]LogFileCache: Scanning file cache for directory 'E:/Castle-Guard-Working-Bow/CastleGuard/vive_archery_ue4-master 4.13/Saved/Collections/' took 0.01s
[2017.06.06-02.50.11:862][  0]LogFileCache: Scanning file cache for directory 'E:/Castle-Guard-Working-Bow/CastleGuard/vive_archery_ue4-master 4.13/Content/Developers/StudentUser/Collections/' took 0.01s
[2017.06.06-02.50.11:862][  0]LogFileCache: Scanning file cache for directory 'E:/Castle-Guard-Working-Bow/CastleGuard/vive_archery_ue4-master 4.13/Content/Collections/' took 0.01s
[2017.06.06-02.50.11:862][  0]LogCollectionManager: Rebuilt the GUID cache for 0 collections in 0.000002 seconds
[2017.06.06-02.50.11:871][  0]LogContentBrowser: Native class hierarchy populated in 0.0095 seconds. Added 2164 classes and 432 folders.
[2017.06.06-02.50.11:874][  0]LogStats: UGameplayTagsManager::ConstructGameplayTagTree: Construct from data asset -  0.000 s
[2017.06.06-02.50.11:874][  0]LogStats: UGameplayTagsManager::ConstructGameplayTagTree: GameplayTagTreeChangedEvent.Broadcast -  0.000 s
[2017.06.06-02.50.11:875][  0]LogContentBrowser: Native class hierarchy updated for 'GameplayTags' in 0.0010 seconds. Added 12 classes and 0 folders.
[2017.06.06-02.50.11:878][  0]LogContentBrowser: Native class hierarchy updated for 'WidgetCarousel' in 0.0009 seconds. Added 0 classes and 0 folders.
[2017.06.06-02.50.11:910][  0]LogContentBrowser: Native class hierarchy updated for 'AddContentDialog' in 0.0010 seconds. Added 0 classes and 0 folders.
[2017.06.06-02.50.11:915][  0]LogContentBrowser: Native class hierarchy updated for 'SceneOutliner' in 0.0010 seconds. Added 1 classes and 2 folders.
[2017.06.06-02.50.11:927][  0]LogCrashTracker: Crashtracker disabled due to settings.
[2017.06.06-02.50.11:931][  0]LogUObjectGlobals:Warning: Failed to find object 'Class None.'
[2017.06.06-02.50.11:959][  0]LogContentBrowser: Native class hierarchy updated for 'HierarchicalLODOutliner' in 0.0010 seconds. Added 1 classes and 2 folders.
[2017.06.06-02.50.11:959][  0]LogLoad: (Engine Initialization) Total time: 17.32 seconds
[2017.06.06-02.50.11:959][  0]LogLoad: (Engine Initialization) Total Blueprint compile time: 0.25 seconds
[2017.06.06-02.50.11:959][  0]LogExternalProfiler: Found external profiler: VSPerf
[2017.06.06-02.50.11:959][  0]LogExternalProfiler: Using external profiler: VSPerf
[2017.06.06-02.50.11:968][  0]LogOcInput: OculusInput pre-init called
[2017.06.06-02.50.12:007][  0]LogContentStreaming: Texture pool size now 1000 MB
[2017.06.06-02.50.12:185][  0]LogRenderer: Reallocating scene render targets to support 1000x576 (Frame:2).
[2017.06.06-02.50.12:245][  1]LogFileCache: Retrieving MD5 hashes for directory 'E:/Castle-Guard-Working-Bow/CastleGuard/vive_archery_ue4-master 4.13/Content/' took 0.26s
[2017.06.06-02.50.12:258][  1]LogAssetRegistry: Asset discovery search completed in 14.1941 seconds
[2017.06.06-02.50.12:258][  1]LogCollectionManager: Rebuilt the object cache for 0 collections in 0.000001 seconds (found 0 objects)
[2017.06.06-02.50.12:258][  1]LogCollectionManager: Fixed up redirectors for 0 collections in 0.000020 seconds (updated 0 objects)
[2017.06.06-02.50.18:428][712]AssetReimport: New page: Detailed File System Changes from 6:50:18 PM
[2017.06.06-02.50.18:434][712]AssetReimport: Info 'E:/Castle-Guard-Working-Bow/CastleGuard/vive_archery_ue4-master 4.13/Content/StaticMeshes/CastleBaseMesh.fbx' has been created.
[2017.06.06-02.50.18:434][712]AssetReimport: Info 'E:/Castle-Guard-Working-Bow/CastleGuard/vive_archery_ue4-master 4.13/Content/StaticMeshes/CastleBaseMesh.obj' has been created.
[2017.06.06-02.50.18:434][712]AssetReimport: Info 'E:/Castle-Guard-Working-Bow/CastleGuard/vive_archery_ue4-master 4.13/Content/StaticMeshes/Castle_wOutline.fbx' has been created.
[2017.06.06-02.50.18:434][712]AssetReimport: Info 'E:/Castle-Guard-Working-Bow/CastleGuard/vive_archery_ue4-master 4.13/Content/StaticMeshes/RamObj.obj' has been created.
[2017.06.06-02.50.22:320][176]AssetReimport: New page: Outstanding source content changes 11:50:22 AM
[2017.06.06-02.50.22:320][176]LogFactory: FactoryCreateFile: StaticMesh with FbxFactory (0 0 E:/Castle-Guard-Working-Bow/CastleGuard/vive_archery_ue4-master 4.13/Content/StaticMeshes/CastleBaseMesh.fbx)
[2017.06.06-02.50.22:324][176]LogFbx: ItemName: GlobalSettings, ItemCount : 1
[2017.06.06-02.50.22:324][176]LogFbx: ItemName: AnimationStack, ItemCount : 1
[2017.06.06-02.50.22:324][176]LogFbx: ItemName: AnimationLayer, ItemCount : 1
[2017.06.06-02.50.22:324][176]LogFbx: ItemName: Model, ItemCount : 1
[2017.06.06-02.50.22:324][176]LogFbx: ItemName: Geometry, ItemCount : 1
[2017.06.06-02.50.22:324][176]LogFbx: ItemName: Material, ItemCount : 1
[2017.06.06-02.50.22:328][176]LogFbx: Loading FBX Scene from E:/Castle-Guard-Working-Bow/CastleGuard/vive_archery_ue4-master 4.13/Content/StaticMeshes/CastleBaseMesh.fbx
[2017.06.06-02.50.22:344][176]LogFbx: FBX Scene Loaded Succesfully
[2017.06.06-02.50.24:125][176]LogFbx: Loading FBX Scene from E:/Castle-Guard-Working-Bow/CastleGuard/vive_archery_ue4-master 4.13/Content/StaticMeshes/CastleBaseMesh.fbx
[2017.06.06-02.50.24:140][176]LogFbx: FBX Scene Loaded Succesfully
[2017.06.06-02.50.24:146][176]LogMaterial: Missing cached shader map for material WorldGridMaterial, compiling. 
[2017.06.06-02.50.24:227][176]LogStaticMesh: Building static mesh CastleBaseMesh...
[2017.06.06-02.50.24:889][176]LogStaticMesh: Built static mesh [0.66s] /Game/StaticMeshes/CastleBaseMesh.CastleBaseMesh
[2017.06.06-02.50.25:088][177]LogFactory: FactoryCreateFile: StaticMesh with FbxFactory (0 0 E:/Castle-Guard-Working-Bow/CastleGuard/vive_archery_ue4-master 4.13/Content/StaticMeshes/CastleBaseMesh.obj)
[2017.06.06-02.50.25:111][177]LogFbx: Loading FBX Scene from E:/Castle-Guard-Working-Bow/CastleGuard/vive_archery_ue4-master 4.13/Content/StaticMeshes/CastleBaseMesh.obj
[2017.06.06-02.50.25:453][177]LogFbx: FBX Scene Loaded Succesfully
[2017.06.06-02.50.25:970][177]LogDerivedDataCache: FFileSystemDerivedDataBackend: Move collision, attempt at redundant update, OK C:/Users/StudentUser/AppData/Local/UnrealEngine/Common/DerivedDataCache/4/3/1/NAVCOLLISION_B89838347A4348138EE337A847529C5C_NAVCOLLISION_X_AA1C017841EE5F8D9__AF8383FAB391E0230F92AAD2C30247D606936917.udd.
[2017.06.06-02.50.28:698][177]LogFbx: Loading FBX Scene from E:/Castle-Guard-Working-Bow/CastleGuard/vive_archery_ue4-master 4.13/Content/StaticMeshes/CastleBaseMesh.obj
[2017.06.06-02.50.29:020][177]LogFbx: FBX Scene Loaded Succesfully
[2017.06.06-02.50.29:032][177]LogMaterial: Missing cached shader map for material CastleMeshBase_3Mat, compiling. 
[2017.06.06-02.50.29:117][177]LogStaticMesh: Building static mesh CastleBaseMesh...
[2017.06.06-02.50.29:964][177]LogStaticMesh: Built static mesh [0.85s] /Game/StaticMeshes/CastleBaseMesh.CastleBaseMesh
[2017.06.06-02.50.30:055][177]LogDerivedDataCache: FFileSystemDerivedDataBackend: Move collision, attempt at redundant update, OK C:/Users/StudentUser/AppData/Local/UnrealEngine/Common/DerivedDataCache/0/1/7/NAVCOLLISION_B89838347A4348138EE337A847529C5C_NAVCOLLISION_X_B9D0CD63477C9C665__2DAE3C877B93AB45EFBF68721F1CD39A2817F455.udd.
[2017.06.06-02.50.30:055][177]LogDerivedDataCache: FFileSystemDerivedDataBackend: Move collision, attempt at redundant update, OK C:/Users/StudentUser/AppData/Local/UnrealEngine/Common/DerivedDataCache/0/1/7/NAVCOLLISION_B89838347A4348138EE337A847529C5C_NAVCOLLISION_X_B9D0CD63477C9C665__2DAE3C877B93AB45EFBF68721F1CD39A2817F455.udd.
[2017.06.06-02.50.30:158][178]LogFactory: FactoryCreateFile: StaticMesh with FbxFactory (0 0 E:/Castle-Guard-Working-Bow/CastleGuard/vive_archery_ue4-master 4.13/Content/StaticMeshes/Castle_wOutline.fbx)
[2017.06.06-02.50.30:172][178]LogFbx: ItemName: GlobalSettings, ItemCount : 1
[2017.06.06-02.50.30:172][178]LogFbx: ItemName: AnimationStack, ItemCount : 1
[2017.06.06-02.50.30:172][178]LogFbx: ItemName: AnimationLayer, ItemCount : 1
[2017.06.06-02.50.30:172][178]LogFbx: ItemName: NodeAttribute, ItemCount : 20
[2017.06.06-02.50.30:172][178]LogFbx: ItemName: Model, ItemCount : 136
[2017.06.06-02.50.30:172][178]LogFbx: ItemName: Geometry, ItemCount : 116
[2017.06.06-02.50.30:172][178]LogFbx: ItemName: Material, ItemCount : 3
[2017.06.06-02.50.30:172][178]LogFbx: ItemName: CollectionExclusive, ItemCount : 1
[2017.06.06-02.50.30:178][178]LogFbx: Loading FBX Scene from E:/Castle-Guard-Working-Bow/CastleGuard/vive_archery_ue4-master 4.13/Content/StaticMeshes/Castle_wOutline.fbx
[2017.06.06-02.50.30:363][178]LogFbx: FBX Scene Loaded Succesfully
[2017.06.06-02.50.31:258][178]LogFbx: Loading FBX Scene from E:/Castle-Guard-Working-Bow/CastleGuard/vive_archery_ue4-master 4.13/Content/StaticMeshes/Castle_wOutline.fbx
[2017.06.06-02.50.31:418][178]LogFbx: FBX Scene Loaded Succesfully
[2017.06.06-02.50.31:428][178]LogMaterial: Missing cached shader map for material lambert2, compiling. 
[2017.06.06-02.50.35:586][178]LogMaterial: Missing cached shader map for material lambert1, compiling. 
[2017.06.06-02.50.36:547][178]LogMaterial: Missing cached shader map for material lambert3, compiling. 
[2017.06.06-02.50.43:441][178]LogWindows: Windows GetLastError: The operation completed successfully. (0)
