Log file open, 05/08/17 19:31:21
LogInit:Display: Running engine for game: vive_archery_ue4
LogPlatformFile: Not using cached read wrapper
LogInit:Display: RandInit(-1520409622) SRandInit(-1520409622).
LogTaskGraph: Started task graph with 5 named threads and 8 total threads with 1 sets of task threads.
LogStats: Stats thread started at 0.069845
LogPluginManager: Loaded Plugin Paper2D, From E:/Unreal Engine/UE_4.13/Engine/Plugins/2D/Paper2D/Paper2D.uplugin
LogPluginManager: Loaded Plugin LightPropagationVolume, From E:/Unreal Engine/UE_4.13/Engine/Plugins/Blendables/LightPropagationVolume/LightPropagationVolume.uplugin
LogPluginManager: Loaded Plugin BlankPlugin, From E:/Unreal Engine/UE_4.13/Engine/Plugins/Developer/BlankPlugin/BlankPlugin.uplugin
LogPluginManager: Loaded Plugin CodeLiteSourceCodeAccess, From E:/Unreal Engine/UE_4.13/Engine/Plugins/Developer/CodeLiteSourceCodeAccess/CodeLiteSourceCodeAccess.uplugin
LogPluginManager: Loaded Plugin GitSourceControl, From E:/Unreal Engine/UE_4.13/Engine/Plugins/Developer/GitSourceControl/GitSourceControl.uplugin
LogPluginManager: Loaded Plugin KDevelopSourceCodeAccess, From E:/Unreal Engine/UE_4.13/Engine/Plugins/Developer/KDevelopSourceCodeAccess/KDevelopSourceCodeAccess.uplugin
LogPluginManager: Loaded Plugin NullSourceCodeAccess, From E:/Unreal Engine/UE_4.13/Engine/Plugins/Developer/NullSourceCodeAccess/NullSourceCodeAccess.uplugin
LogPluginManager: Loaded Plugin OneSkyLocalizationService, From E:/Unreal Engine/UE_4.13/Engine/Plugins/Developer/OneSkyLocalizationService/OneSkyLocalizationService.uplugin
LogPluginManager: Loaded Plugin PerforceSourceControl, From E:/Unreal Engine/UE_4.13/Engine/Plugins/Developer/PerforceSourceControl/PerforceSourceControl.uplugin
LogPluginManager: Loaded Plugin SubversionSourceControl, From E:/Unreal Engine/UE_4.13/Engine/Plugins/Developer/SubversionSourceControl/SubversionSourceControl.uplugin
LogPluginManager: Loaded Plugin UObjectPlugin, From E:/Unreal Engine/UE_4.13/Engine/Plugins/Developer/UObjectPlugin/UObjectPlugin.uplugin
LogPluginManager: Loaded Plugin VisualStudioSourceCodeAccess, From E:/Unreal Engine/UE_4.13/Engine/Plugins/Developer/VisualStudioSourceCodeAccess/VisualStudioSourceCodeAccess.uplugin
LogPluginManager: Loaded Plugin XCodeSourceCodeAccess, From E:/Unreal Engine/UE_4.13/Engine/Plugins/Developer/XCodeSourceCodeAccess/XCodeSourceCodeAccess.uplugin
LogPluginManager: Loaded Plugin EpicSurvey, From E:/Unreal Engine/UE_4.13/Engine/Plugins/Editor/EpicSurvey/EpicSurvey.uplugin
LogPluginManager: Loaded Plugin MacGraphicsSwitching, From E:/Unreal Engine/UE_4.13/Engine/Plugins/Editor/MacGraphicsSwitching/MacGraphicsSwitching.uplugin
LogPluginManager: Loaded Plugin MobileLauncherProfileWizard, From E:/Unreal Engine/UE_4.13/Engine/Plugins/Editor/MobileLauncherProfileWizard/MobileLauncherProfileWizard.uplugin
LogPluginManager: Loaded Plugin PluginBrowser, From E:/Unreal Engine/UE_4.13/Engine/Plugins/Editor/PluginBrowser/PluginBrowser.uplugin
LogPluginManager: Loaded Plugin SpeedTreeImporter, From E:/Unreal Engine/UE_4.13/Engine/Plugins/Editor/SpeedTreeImporter/SpeedTreeImporter.uplugin
LogPluginManager: Loaded Plugin SuperSearchEditor, From E:/Unreal Engine/UE_4.13/Engine/Plugins/Editor/SuperSearchEditor/SuperSearchEditor.uplugin
LogPluginManager: Loaded Plugin AlembicImporter, From E:/Unreal Engine/UE_4.13/Engine/Plugins/Experimental/AlembicImporter/AlembicImporter.uplugin
LogPluginManager: Loaded Plugin BlueprintStats, From E:/Unreal Engine/UE_4.13/Engine/Plugins/Experimental/BlueprintStats/BlueprintStats.uplugin
LogPluginManager: Loaded Plugin CharacterAI, From E:/Unreal Engine/UE_4.13/Engine/Plugins/Experimental/CharacterAI/CharacterAI.uplugin
LogPluginManager: Loaded Plugin CodeEditor, From E:/Unreal Engine/UE_4.13/Engine/Plugins/Experimental/CodeEditor/CodeEditor.uplugin
LogPluginManager: Loaded Plugin CodeView, From E:/Unreal Engine/UE_4.13/Engine/Plugins/Experimental/CodeView/CodeView.uplugin
LogPluginManager: Loaded Plugin HTML5Networking, From E:/Unreal Engine/UE_4.13/Engine/Plugins/Experimental/HTML5Networking/HTML5Networking.uplugin
LogPluginManager: Loaded Plugin LiveEditor, From E:/Unreal Engine/UE_4.13/Engine/Plugins/Experimental/LiveEditor/LiveEditor.uplugin
LogPluginManager: Loaded Plugin OSVR, From E:/Unreal Engine/UE_4.13/Engine/Plugins/Experimental/OSVR/OSVR.uplugin
LogPluginManager: Loaded Plugin Phya, From E:/Unreal Engine/UE_4.13/Engine/Plugins/Experimental/Phya/Phya.uplugin
LogPluginManager: Loaded Plugin SignificanceManager, From E:/Unreal Engine/UE_4.13/Engine/Plugins/Experimental/SignificanceManager/SignificanceManager.uplugin
LogPluginManager: Loaded Plugin SimpleHMD, From E:/Unreal Engine/UE_4.13/Engine/Plugins/Experimental/SimpleHMD/SimpleHMD.uplugin
LogPluginManager: Loaded Plugin StereoPanorama, From E:/Unreal Engine/UE_4.13/Engine/Plugins/Experimental/StereoPanorama/StereoPanorama.uplugin
LogPluginManager: Loaded Plugin StructBox, From E:/Unreal Engine/UE_4.13/Engine/Plugins/Experimental/StructBox/StructBox.uplugin
LogPluginManager: Loaded Plugin GestureTrackerVR, From E:/Unreal Engine/UE_4.13/Engine/Plugins/Marketplace/GestureTrackerVR/GestureTrackerVR.uplugin
LogPluginManager: Loaded Plugin RunebergVRPlugin, From E:/Unreal Engine/UE_4.13/Engine/Plugins/Marketplace/RunebergVRPlugin/RunebergVRPlugin.uplugin
LogPluginManager: Loaded Plugin ShadowMocap, From E:/Unreal Engine/UE_4.13/Engine/Plugins/Marketplace/ShadowMocap/ShadowMocap.uplugin
LogPluginManager: Loaded Plugin Substance, From E:/Unreal Engine/UE_4.13/Engine/Plugins/Marketplace/Substance/Substance.uplugin
LogPluginManager: Loaded Plugin AndroidMedia, From E:/Unreal Engine/UE_4.13/Engine/Plugins/Media/AndroidMedia/AndroidMedia.uplugin
LogPluginManager: Loaded Plugin AvfMedia, From E:/Unreal Engine/UE_4.13/Engine/Plugins/Media/AvfMedia/AvfMedia.uplugin
LogPluginManager: Loaded Plugin MediaPlayerEditor, From E:/Unreal Engine/UE_4.13/Engine/Plugins/Media/MediaPlayerEditor/MediaPlayerEditor.uplugin
LogPluginManager: Loaded Plugin WmfMedia, From E:/Unreal Engine/UE_4.13/Engine/Plugins/Media/WmfMedia/WmfMedia.uplugin
LogPluginManager: Loaded Plugin MessagingDebugger, From E:/Unreal Engine/UE_4.13/Engine/Plugins/Messaging/MessagingDebugger/MessagingDebugger.uplugin
LogPluginManager: Loaded Plugin TcpMessaging, From E:/Unreal Engine/UE_4.13/Engine/Plugins/Messaging/TcpMessaging/TcpMessaging.uplugin
LogPluginManager: Loaded Plugin UdpMessaging, From E:/Unreal Engine/UE_4.13/Engine/Plugins/Messaging/UdpMessaging/UdpMessaging.uplugin
LogPluginManager: Loaded Plugin LevelSequenceEditor, From E:/Unreal Engine/UE_4.13/Engine/Plugins/MovieScene/LevelSequenceEditor/LevelSequenceEditor.uplugin
LogPluginManager: Loaded Plugin MatineeToLevelSequence, From E:/Unreal Engine/UE_4.13/Engine/Plugins/MovieScene/MatineeToLevelSequence/MatineeToLevelSequence.uplugin
LogPluginManager: Loaded Plugin NetcodeUnitTest, From E:/Unreal Engine/UE_4.13/Engine/Plugins/NetcodeUnitTest/NetcodeUnitTest/NetcodeUnitTest.uplugin
LogPluginManager: Loaded Plugin NUTUnrealEngine4, From E:/Unreal Engine/UE_4.13/Engine/Plugins/NetcodeUnitTest/NUTUnrealEngine4/NUTUnrealEngine4.uplugin
LogPluginManager: Loaded Plugin OnlineSubsystemGooglePlay, From E:/Unreal Engine/UE_4.13/Engine/Plugins/Online/Android/OnlineSubsystemGooglePlay/OnlineSubsystemGooglePlay.uplugin
LogPluginManager: Loaded Plugin OnlineSubsystemIOS, From E:/Unreal Engine/UE_4.13/Engine/Plugins/Online/IOS/OnlineSubsystemIOS/OnlineSubsystemIOS.uplugin
LogPluginManager: Loaded Plugin OnlineFramework, From E:/Unreal Engine/UE_4.13/Engine/Plugins/Online/OnlineFramework/OnlineFramework.uplugin
LogPluginManager: Loaded Plugin OnlineSubsystem, From E:/Unreal Engine/UE_4.13/Engine/Plugins/Online/OnlineSubsystem/OnlineSubsystem.uplugin
LogPluginManager: Loaded Plugin OnlineSubsystemAmazon, From E:/Unreal Engine/UE_4.13/Engine/Plugins/Online/OnlineSubsystemAmazon/OnlineSubsystemAmazon.uplugin
LogPluginManager: Loaded Plugin OnlineSubsystemFacebook, From E:/Unreal Engine/UE_4.13/Engine/Plugins/Online/OnlineSubsystemFacebook/OnlineSubsystemFacebook.uplugin
LogPluginManager: Loaded Plugin OnlineSubsystemNull, From E:/Unreal Engine/UE_4.13/Engine/Plugins/Online/OnlineSubsystemNull/OnlineSubsystemNull.uplugin
LogPluginManager: Loaded Plugin OnlineSubsystemOculus, From E:/Unreal Engine/UE_4.13/Engine/Plugins/Online/OnlineSubsystemOculus/OnlineSubsystemOculus.uplugin
LogPluginManager: Loaded Plugin OnlineSubsystemSteam, From E:/Unreal Engine/UE_4.13/Engine/Plugins/Online/OnlineSubsystemSteam/OnlineSubsystemSteam.uplugin
LogPluginManager: Loaded Plugin OnlineSubsystemUtils, From E:/Unreal Engine/UE_4.13/Engine/Plugins/Online/OnlineSubsystemUtils/OnlineSubsystemUtils.uplugin
LogPluginManager: Loaded Plugin IOSTapJoy, From E:/Unreal Engine/UE_4.13/Engine/Plugins/Runtime/Advertising/IOSTapJoy/IOSTapJoy.uplugin
LogPluginManager: Loaded Plugin AnalyticsBlueprintLibrary, From E:/Unreal Engine/UE_4.13/Engine/Plugins/Runtime/Analytics/AnalyticsBlueprintLibrary/AnalyticsBlueprintLibrary.uplugin
LogPluginManager: Loaded Plugin AnalyticsMulticast, From E:/Unreal Engine/UE_4.13/Engine/Plugins/Runtime/Analytics/AnalyticsMulticast/AnalyticsMulticast.uplugin
LogPluginManager: Loaded Plugin Apsalar, From E:/Unreal Engine/UE_4.13/Engine/Plugins/Runtime/Analytics/Apsalar/Apsalar.uplugin
LogPluginManager: Loaded Plugin FileLogging, From E:/Unreal Engine/UE_4.13/Engine/Plugins/Runtime/Analytics/FileLogging/FileLogging.uplugin
LogPluginManager: Loaded Plugin Flurry, From E:/Unreal Engine/UE_4.13/Engine/Plugins/Runtime/Analytics/Flurry/Flurry.uplugin
LogPluginManager: Loaded Plugin AndroidDeviceProfileSelector, From E:/Unreal Engine/UE_4.13/Engine/Plugins/Runtime/AndroidDeviceProfileSelector/AndroidDeviceProfileSelector.uplugin
LogPluginManager: Loaded Plugin AndroidMoviePlayer, From E:/Unreal Engine/UE_4.13/Engine/Plugins/Runtime/AndroidMoviePlayer/AndroidMoviePlayer.uplugin
LogPluginManager: Loaded Plugin AppleMoviePlayer, From E:/Unreal Engine/UE_4.13/Engine/Plugins/Runtime/AppleMoviePlayer/AppleMoviePlayer.uplugin
LogPluginManager: Loaded Plugin ArchVisCharacter, From E:/Unreal Engine/UE_4.13/Engine/Plugins/Runtime/ArchVisCharacter/ArchVisCharacter.uplugin
LogPluginManager: Loaded Plugin CableComponent, From E:/Unreal Engine/UE_4.13/Engine/Plugins/Runtime/CableComponent/CableComponent.uplugin
LogPluginManager: Loaded Plugin CustomMeshComponent, From E:/Unreal Engine/UE_4.13/Engine/Plugins/Runtime/CustomMeshComponent/CustomMeshComponent.uplugin
LogPluginManager: Loaded Plugin ExampleDeviceProfileSelector, From E:/Unreal Engine/UE_4.13/Engine/Plugins/Runtime/ExampleDeviceProfileSelector/ExampleDeviceProfileSelector.uplugin
LogPluginManager: Loaded Plugin GearVR, From E:/Unreal Engine/UE_4.13/Engine/Plugins/Runtime/GearVR/GearVR.uplugin
LogPluginManager: Loaded Plugin GoogleVRController, From E:/Unreal Engine/UE_4.13/Engine/Plugins/Runtime/GoogleVR/GoogleVRController/GoogleVRController.uplugin
LogPluginManager: Loaded Plugin GoogleVRHMD, From E:/Unreal Engine/UE_4.13/Engine/Plugins/Runtime/GoogleVR/GoogleVRHMD/GoogleVRHMD.uplugin
LogPluginManager: Loaded Plugin IOSDeviceProfileSelector, From E:/Unreal Engine/UE_4.13/Engine/Plugins/Runtime/IOSDeviceProfileSelector/IOSDeviceProfileSelector.uplugin
LogPluginManager: Loaded Plugin LeapMotion, From E:/Unreal Engine/UE_4.13/Engine/Plugins/Runtime/LeapMotion/LeapMotion.uplugin
LogPluginManager: Loaded Plugin LinuxDeviceProfileSelector, From E:/Unreal Engine/UE_4.13/Engine/Plugins/Runtime/LinuxDeviceProfileSelector/LinuxDeviceProfileSelector.uplugin
LogPluginManager: Loaded Plugin LiveEditorListenServer, From E:/Unreal Engine/UE_4.13/Engine/Plugins/Runtime/LiveEditorListenServer/LiveEditorListenServer.uplugin
LogPluginManager: Loaded Plugin OculusAudio, From E:/Unreal Engine/UE_4.13/Engine/Plugins/Runtime/OculusAudio/OculusAudio.uplugin
LogPluginManager: Loaded Plugin OculusInput, From E:/Unreal Engine/UE_4.13/Engine/Plugins/Runtime/OculusInput/OculusInput.uplugin
LogPluginManager: Loaded Plugin OculusLibrary, From E:/Unreal Engine/UE_4.13/Engine/Plugins/Runtime/OculusLibrary/OculusLibrary.uplugin
LogPluginManager: Loaded Plugin OculusRift, From E:/Unreal Engine/UE_4.13/Engine/Plugins/Runtime/OculusRift/OculusRift.uplugin
LogPluginManager: Loaded Plugin Oodle, From E:/Unreal Engine/UE_4.13/Engine/Plugins/Runtime/PacketHandlers/CompressionComponents/Oodle/Oodle.uplugin
LogPluginManager: Loaded Plugin ProceduralMeshComponent, From E:/Unreal Engine/UE_4.13/Engine/Plugins/Runtime/ProceduralMeshComponent/ProceduralMeshComponent.uplugin
LogPluginManager: Loaded Plugin SoundMod, From E:/Unreal Engine/UE_4.13/Engine/Plugins/Runtime/SoundMod/SoundMod.uplugin
LogPluginManager: Loaded Plugin SoundVisualizations, From E:/Unreal Engine/UE_4.13/Engine/Plugins/Runtime/SoundVisualizations/SoundVisualizations.uplugin
LogPluginManager: Loaded Plugin SteamController, From E:/Unreal Engine/UE_4.13/Engine/Plugins/Runtime/Steam/SteamController/SteamController.uplugin
LogPluginManager: Loaded Plugin SteamVR, From E:/Unreal Engine/UE_4.13/Engine/Plugins/Runtime/Steam/SteamVR/SteamVR.uplugin
LogPluginManager: Loaded Plugin WebBrowserWidget, From E:/Unreal Engine/UE_4.13/Engine/Plugins/Runtime/WebBrowserWidget/WebBrowserWidget.uplugin
LogPluginManager: Loaded Plugin WindowsDeviceProfileSelector, From E:/Unreal Engine/UE_4.13/Engine/Plugins/Runtime/WindowsDeviceProfileSelector/WindowsDeviceProfileSelector.uplugin
LogPluginManager: Loaded Plugin WindowsMoviePlayer, From E:/Unreal Engine/UE_4.13/Engine/Plugins/Runtime/WindowsMoviePlayer/WindowsMoviePlayer.uplugin
LogPluginManager: Loaded Plugin ScriptPlugin, From E:/Unreal Engine/UE_4.13/Engine/Plugins/ScriptPlugin/ScriptPlugin.uplugin
LogPluginManager: Loaded Plugin SlateRemote, From E:/Unreal Engine/UE_4.13/Engine/Plugins/Slate/SlateRemote/SlateRemote.uplugin
LogInit: Using libcurl 7.47.1
LogInit:  - built for x86_64-pc-win32
LogInit:  - supports SSL with WinSSL
LogInit:  - other features:
LogInit:      CURL_VERSION_SSL
LogInit:      CURL_VERSION_IPV6
LogInit:      CURL_VERSION_ASYNCHDNS
LogInit:      CURL_VERSION_LARGEFILE
LogInit:      CURL_VERSION_IDN
LogInit:  CurlRequestOptions (configurable via config and command line):
LogInit:  - bVerifyPeer = false  - Libcurl will NOT verify peer certificate
LogInit:  - bUseHttpProxy = false  - Libcurl will NOT use HTTP proxy
LogInit:  - bDontReuseConnections = false  - Libcurl will reuse connections
LogInit:  - CertBundlePath = nullptr  - Libcurl will use whatever was configured at build time.
LogInit: Build: ++UE4+Release-4.13-CL-3172292
LogInit: Engine Version: 4.13.2-3172292+++UE4+Release-4.13
LogInit: Compatible Engine Version: 4.13.0-3106830+++UE4+Release-4.13
LogInit: Net CL: 3172292
LogDevObjectVersion: Number of dev versions registered: 13
LogDevObjectVersion:   Dev-Blueprints (B0D832E4-1F89-4F0D-ACCF-7EB736FD4AA2): 5
LogDevObjectVersion:   Dev-Build (E1C64328-A22C-4D53-A36C-8E866417BD8C): 0
LogDevObjectVersion:   Dev-Core (375EC13C-06E4-48FB-B500-84F0262A717E): 1
LogDevObjectVersion:   Dev-Editor (E4B068ED-F494-42E9-A231-DA0B2E46BB41): 6
LogDevObjectVersion:   Dev-Framework (CFFC743F-43B0-4480-9391-14DF171D2073): 12
LogDevObjectVersion:   Dev-Mobile (B02B49B5-BB20-44E9-A304-32B752E40360): 0
LogDevObjectVersion:   Dev-Networking (A4E4105C-59A1-49B5-A7C5-40C4547EDFEE): 0
LogDevObjectVersion:   Dev-Online (39C831C9-5AE6-47DC-9A44-9C173E1C8E7C): 0
LogDevObjectVersion:   Dev-Physics (78F01B33-EBEA-4F98-B9B4-84EACCB95AA2): 0
LogDevObjectVersion:   Dev-Platform (6631380F-2D4D-43E0-8009-CF276956A95A): 0
LogDevObjectVersion:   Dev-Rendering (12F88B9F-8875-4AFC-A67C-D90C383ABD29): 4
LogDevObjectVersion:   Dev-Sequencer (7B5AE74C-D270-4C10-A958-57980B212A5A): 0
LogDevObjectVersion:   Dev-VR (D7296918-1DD6-4BDD-9DE2-64A83CC13884): 0
LogInit: Compiled (64-bit): Oct 24 2016 14:29:06
LogInit: Compiled with Visual C++: 19.00.23026.00
LogInit: Build Configuration: Development
LogInit: Branch Name: ++UE4+Release-4.13
LogInit: Command line: 
LogInit: Base directory: E:/Unreal Engine/UE_4.13/Engine/Binaries/Win64/
LogInit: Installed Engine Build: 1
LogInit: Presizing for max 8388607 objects, including 0 objects not considered by GC, pre-allocating 0 bytes for permanent pool.
LogInit: Object subsystem initialized
LogStats: FPlatformStackWalk::StackWalkAndDump -  0.004 s
LogOutputDevice:Error: === Handled ensure: ===
LogOutputDevice:Error: 
LogOutputDevice:Error: Ensure condition failed: false [File:D:\Build\++UE4+Release-4.13+Compile\Sync\Engine\Source\Runtime\Core\Private\Misc\ConfigCacheIni.cpp] [Line: 3448]
LogOutputDevice:Error: The ini file 'C:/Users/StudentUser/Documents/Github/272072/Castle-Guard-Working-Bow/CastleGuard/vive_archery_ue4-master/Saved/Config/Windows/Engine.ini' tries to set the console variable 'showflag.decals' marked with ECVF_Cheat, this is only allowed in consolevariables.ini
LogOutputDevice:Error: Stack: 
LogOutputDevice:Error: UE4Editor-Core.dll
LogOutputDevice:Error: UE4Editor-Core.dll
LogOutputDevice:Error: UE4Editor-Core.dll
LogOutputDevice:Error: UE4Editor-Core.dll
LogOutputDevice:Error: UE4Editor-Engine.dll
LogOutputDevice:Error: UE4Editor-Core.dll
LogOutputDevice:Error: UE4Editor-Engine.dll
LogOutputDevice:Error: UE4Editor-Engine.dll
LogOutputDevice:Error: UE4Editor.exe
LogOutputDevice:Error: UE4Editor.exe
LogOutputDevice:Error: UE4Editor.exe
LogOutputDevice:Error: UE4Editor.exe
LogOutputDevice:Error: UE4Editor.exe
LogOutputDevice:Error: KERNEL32.DLL
LogOutputDevice:Error: ntdll.dll
LogOutputDevice:Error: ntdll.dll
LogOutputDevice:Error: 
LogStats:                SubmitErrorReport -  0.000 s
LogStats:                    SendNewReport -  0.099 s
LogStats:             FDebug::EnsureFailed -  0.103 s
[2017.05.09-02.31.21:433][  0]LogConsoleManager:Display: Setting the console variable 'r.SeparateTranslucency' with 'SetByProjectSetting' was ignored as it is lower priority than the previous 'SetBySystemSettingsIni'
[2017.05.09-02.31.21:435][  0]LogConsoleManager:Display: Setting the console variable 'r.ScreenPercentage' with 'SetByScalability' was ignored as it is lower priority than the previous 'SetBySystemSettingsIni'
[2017.05.09-02.31.21:435][  0]LogConsoleManager:Display: Setting the console variable 'r.PostProcessAAQuality' with 'SetByScalability' was ignored as it is lower priority than the previous 'SetBySystemSettingsIni'
[2017.05.09-02.31.21:435][  0]LogConsoleManager:Display: Setting the console variable 'r.MotionBlurQuality' with 'SetByScalability' was ignored as it is lower priority than the previous 'SetBySystemSettingsIni'
[2017.05.09-02.31.21:435][  0]LogConsoleManager:Display: Setting the console variable 'r.AmbientOcclusionLevels' with 'SetByScalability' was ignored as it is lower priority than the previous 'SetBySystemSettingsIni'
[2017.05.09-02.31.21:435][  0]LogConsoleManager:Display: Setting the console variable 'r.DepthOfFieldQuality' with 'SetByScalability' was ignored as it is lower priority than the previous 'SetBySystemSettingsIni'
[2017.05.09-02.31.21:435][  0]LogConsoleManager:Display: Setting the console variable 'r.LensFlareQuality' with 'SetByScalability' was ignored as it is lower priority than the previous 'SetBySystemSettingsIni'
[2017.05.09-02.31.21:435][  0]LogConsoleManager:Display: Setting the console variable 'r.SceneColorFringeQuality' with 'SetByScalability' was ignored as it is lower priority than the previous 'SetBySystemSettingsIni'
[2017.05.09-02.31.21:435][  0]LogConsoleManager:Display: Setting the console variable 'r.EyeAdaptationQuality' with 'SetByScalability' was ignored as it is lower priority than the previous 'SetBySystemSettingsIni'
[2017.05.09-02.31.21:435][  0]LogConsoleManager:Display: Setting the console variable 'r.BloomQuality' with 'SetByScalability' was ignored as it is lower priority than the previous 'SetBySystemSettingsIni'
[2017.05.09-02.31.21:435][  0]LogConsoleManager:Display: Setting the console variable 'r.FastBlurThreshold' with 'SetByScalability' was ignored as it is lower priority than the previous 'SetBySystemSettingsIni'
[2017.05.09-02.31.21:435][  0]LogConsoleManager:Display: Setting the console variable 'r.MaxAnisotropy' with 'SetByScalability' was ignored as it is lower priority than the previous 'SetBySystemSettingsIni'
[2017.05.09-02.31.21:435][  0]LogConsoleManager:Display: Setting the console variable 'r.TranslucencyLightingVolumeDim' with 'SetByScalability' was ignored as it is lower priority than the previous 'SetBySystemSettingsIni'
[2017.05.09-02.31.21:435][  0]LogConsoleManager:Display: Setting the console variable 'r.SSR.Quality' with 'SetByScalability' was ignored as it is lower priority than the previous 'SetBySystemSettingsIni'
[2017.05.09-02.31.21:435][  0]LogConsoleManager:Display: Setting the console variable 'r.SceneColorFormat' with 'SetByScalability' was ignored as it is lower priority than the previous 'SetBySystemSettingsIni'
[2017.05.09-02.31.21:435][  0]LogConsoleManager:Display: Setting the console variable 'r.TranslucencyVolumeBlur' with 'SetByScalability' was ignored as it is lower priority than the previous 'SetBySystemSettingsIni'
[2017.05.09-02.31.21:435][  0]LogInit: Selected Device Profile: [Windows]
[2017.05.09-02.31.21:435][  0]LogInit: Applying CVar settings loaded from the selected device profile: [Windows]
[2017.05.09-02.31.21:448][  0]LogInit: Computer: AI911LAB238VIV
[2017.05.09-02.31.21:448][  0]LogInit: User: StudentUser
[2017.05.09-02.31.21:448][  0]LogInit: CPU Page size=65536, Cores=4
[2017.05.09-02.31.21:448][  0]LogInit: High frequency timer resolution =3.410079 MHz
[2017.05.09-02.31.21:448][  0]LogMemory: Memory total: Physical=15.9GB (16GB approx)
[2017.05.09-02.31.21:448][  0]LogMemory: Platform Memory Stats for Windows
[2017.05.09-02.31.21:448][  0]LogMemory: Process Physical Memory: 263.68 MB used, 263.68 MB peak
[2017.05.09-02.31.21:448][  0]LogMemory: Process Virtual Memory: 264.58 MB used, 264.58 MB peak
[2017.05.09-02.31.21:448][  0]LogMemory: Physical Memory: 7270.23 MB used, 16291.25 MB total
[2017.05.09-02.31.21:448][  0]LogMemory: Virtual Memory: 638.34 MB used, 134217728.00 MB total
[2017.05.09-02.31.21:475][  0]LogTextLocalizationManager: No specific translations for ('en-US') exist, so ('en') translations will be used.
[2017.05.09-02.31.22:036][  0]LogD3D11RHI: D3D11 adapters:
[2017.05.09-02.31.22:056][  0]LogD3D11RHI:    0. 'NVIDIA GeForce GTX 970' (Feature Level 11_0)
[2017.05.09-02.31.22:056][  0]LogD3D11RHI:       4058/0/8145 MB DedicatedVideo/DedicatedSystem/SharedSystem, Outputs:1, VendorId:0x10de
[2017.05.09-02.31.22:057][  0]LogD3D11RHI:    1. 'Microsoft Basic Render Driver' (Feature Level 11_0)
[2017.05.09-02.31.22:057][  0]LogD3D11RHI:       0/0/8145 MB DedicatedVideo/DedicatedSystem/SharedSystem, Outputs:0, VendorId:0x1414
[2017.05.09-02.31.22:057][  0]LogD3D11RHI: Chosen D3D11 Adapter: 0
[2017.05.09-02.31.22:061][  0]LogD3D11RHI: Creating new Direct3DDevice
[2017.05.09-02.31.22:061][  0]LogD3D11RHI:     GPU DeviceId: 0x13c2 (for the marketing name, search the web for "GPU Device Id")
[2017.05.09-02.31.22:061][  0]LogWindows: EnumDisplayDevices:
[2017.05.09-02.31.22:061][  0]LogWindows:    0. 'NVIDIA GeForce GTX 970' (P:1 D:1)
[2017.05.09-02.31.22:061][  0]LogWindows:    1. 'NVIDIA GeForce GTX 970' (P:0 D:0)
[2017.05.09-02.31.22:062][  0]LogWindows:    2. 'NVIDIA GeForce GTX 970' (P:0 D:0)
[2017.05.09-02.31.22:062][  0]LogWindows:    3. 'NVIDIA GeForce GTX 970' (P:0 D:0)
[2017.05.09-02.31.22:062][  0]LogWindows: DebugString: FoundDriverCount:4 
[2017.05.09-02.31.22:062][  0]LogD3D11RHI:     Adapter Name: NVIDIA GeForce GTX 970
[2017.05.09-02.31.22:062][  0]LogD3D11RHI:   Driver Version: 369.09 (internal:21.21.13.6909, unified:369.09)
[2017.05.09-02.31.22:062][  0]LogD3D11RHI:      Driver Date: 8-1-2016
[2017.05.09-02.31.22:062][  0]LogRHI: Texture pool is 1361 MB (70% of 1945 MB)
[2017.05.09-02.31.22:074][  0]LogD3D11RHI: Async texture creation enabled
[2017.05.09-02.31.22:084][  0]LogD3D11RHI: GPU Timing Frequency: 1000.000000 (Debug: 2 1)
[2017.05.09-02.31.22:084][  0]LogShaderCompilers: Guid format shader working directory is -57 characters bigger than the processId version (C:/Users/StudentUser/Documents/Github/272072/Castle-Guard-Working-Bow/CastleGuard/vive_archery_ue4-master/Intermediate/Shaders/WorkingDirectory/10780/).
[2017.05.09-02.31.22:084][  0]LogShaderCompilers: Cleaned the shader compiler working directory 'C:/Users/STUDEN~1/AppData/Local/Temp/UnrealShaderWorkingDir/29BE08984E6898CCE34D26AF3999548B/'.
[2017.05.09-02.31.22:084][  0]LogShaderCompilers:Display: Using Local Shader Compiler.
[2017.05.09-02.31.22:958][  0]LogTemp:Display: Loaded TP AllDesktopTargetPlatform
[2017.05.09-02.31.22:965][  0]LogTemp:Display: Loaded TP WindowsClientTargetPlatform
[2017.05.09-02.31.22:973][  0]LogTemp:Display: Loaded TP WindowsNoEditorTargetPlatform
[2017.05.09-02.31.22:980][  0]LogTemp:Display: Loaded TP WindowsServerTargetPlatform
[2017.05.09-02.31.22:987][  0]LogTemp:Display: Loaded TP WindowsTargetPlatform
[2017.05.09-02.31.22:993][  0]LogTemp:Display: Loaded TP AndroidTargetPlatform
[2017.05.09-02.31.23:000][  0]LogTemp:Display: Loaded TP Android_ASTCTargetPlatform
[2017.05.09-02.31.23:007][  0]LogTemp:Display: Loaded TP Android_ATCTargetPlatform
[2017.05.09-02.31.23:013][  0]LogTemp:Display: Loaded TP Android_DXTTargetPlatform
[2017.05.09-02.31.23:019][  0]LogTemp:Display: Loaded TP Android_ETC1TargetPlatform
[2017.05.09-02.31.23:025][  0]LogTemp:Display: Loaded TP Android_ETC2TargetPlatform
[2017.05.09-02.31.23:038][  0]LogTemp:Display: Loaded TP Android_MultiTargetPlatform
[2017.05.09-02.31.23:038][  0]LogTemp:Display: Loaded TP Android_PVRTCTargetPlatform
[2017.05.09-02.31.23:039][  0]LogTemp:Display: Loaded TP HTML5TargetPlatform
[2017.05.09-02.31.23:058][  0]LogTemp:Display: Loaded TP IOSTargetPlatform
[2017.05.09-02.31.23:065][  0]LogTemp:Display: Loaded TP TVOSTargetPlatform
[2017.05.09-02.31.23:071][  0]LogTemp:Display: Loaded TP LinuxClientTargetPlatform
[2017.05.09-02.31.23:077][  0]LogTemp:Display: Loaded TP LinuxNoEditorTargetPlatform
[2017.05.09-02.31.23:083][  0]LogTemp:Display: Loaded TP LinuxServerTargetPlatform
[2017.05.09-02.31.23:089][  0]LogTemp:Display: Loaded TP LinuxTargetPlatform
[2017.05.09-02.31.23:089][  0]LogTargetPlatformManager:Display: Building Assets For Windows
[2017.05.09-02.31.23:146][  0]LogDerivedDataCache:Display: Max Cache Size: 512 MB
[2017.05.09-02.31.23:213][  0]LogDerivedDataCache: Loaded boot cache 0.07s 66MB C:/Users/StudentUser/AppData/Local/UnrealEngine/4.13/DerivedDataCache/Boot.ddc.
[2017.05.09-02.31.23:214][  0]LogDerivedDataCache:Display: Loaded Boot cache: C:/Users/StudentUser/AppData/Local/UnrealEngine/4.13/DerivedDataCache/Boot.ddc
[2017.05.09-02.31.23:214][  0]LogDerivedDataCache: FDerivedDataBackendGraph:  Pak pak cache file C:/Users/StudentUser/Documents/Github/272072/Castle-Guard-Working-Bow/CastleGuard/vive_archery_ue4-master/DerivedDataCache/DDC.ddp not found, will not use a pak cache.
[2017.05.09-02.31.23:214][  0]LogDerivedDataCache: Unable to find inner node Pak for hierarchical cache Hierarchy.
[2017.05.09-02.31.23:214][  0]LogDerivedDataCache: FDerivedDataBackendGraph:  CompressedPak pak cache file C:/Users/StudentUser/Documents/Github/272072/Castle-Guard-Working-Bow/CastleGuard/vive_archery_ue4-master/DerivedDataCache/Compressed.ddp not found, will not use a pak cache.
[2017.05.09-02.31.23:214][  0]LogDerivedDataCache: Unable to find inner node CompressedPak for hierarchical cache Hierarchy.
[2017.05.09-02.31.23:229][  0]LogDerivedDataCache:Display: Pak cache opened for reading ../../../Engine/DerivedDataCache/Compressed.ddp.
[2017.05.09-02.31.23:241][  0]LogDerivedDataCache: Using Local data cache path C:/Users/StudentUser/AppData/Local/UnrealEngine/Common/DerivedDataCache: Writable
[2017.05.09-02.31.23:408][  0]LogInit: Selected Device Profile: [Windows]
[2017.05.09-02.31.23:411][  0]LogContentStreaming: Texture pool size is 0.00 MB
[2017.05.09-02.31.23:492][  0]LogMeshUtilities: No automatic mesh reduction module available
[2017.05.09-02.31.23:492][  0]LogMeshUtilities: No automatic mesh merging module available
[2017.05.09-02.31.23:492][  0]LogMeshUtilities: No distributed automatic mesh merging module available
[2017.05.09-02.31.23:548][  0]LogMaterial: Uniform references updated for custom material expression Custom.
[2017.05.09-02.31.23:810][  0]LogNetVersion: GetLocalNetworkVersion: CL: 3106830, ProjectName: vive_archery_ue4, ProjectVersion: , EngineNetworkVersion: 1, GameNetworkVersion: 0, NetworkChecksum: 2616931300
[2017.05.09-02.31.23:845][  0]LogAssetRegistry: FAssetRegistry took 0.0210 seconds to start up
[2017.05.09-02.31.23:848][  0]LogDirectoryWatcher:Warning: Failed to begin reading directory changes for ../../../Engine/Plugins/Marketplace/RunebergVRPlugin/Content/. Error: The system cannot find the file specified. (0x00000002)
[2017.05.09-02.31.23:890][  0]LogPackageLocalizationCache: Processed 5 localized package path(s) for 2 prioritized culture(s) in 0.041424 seconds
[2017.05.09-02.31.23:895][  0]LogUObjectArray: 29778 objects as part of root set at end of initial load.
[2017.05.09-02.31.23:895][  0]LogUObjectAllocator: 6125448 out of 0 bytes used by permanent object pool.
[2017.05.09-02.31.23:895][  0]LogUObjectArray: CloseDisregardForGC: 0/0 objects in disregard for GC pool
[2017.05.09-02.31.23:899][  0]LogInit: WinSock: version 1.1 (2.2), MaxSocks=32767, MaxUdp=65467
[2017.05.09-02.31.24:062][  0]LogSlate: SlateFontCache - WITH_FREETYPE: 1, WITH_HARFBUZZ: 1
[2017.05.09-02.31.24:062][  0]LogSlate: SlateFontCache - WITH_FREETYPE: 1, WITH_HARFBUZZ: 1
[2017.05.09-02.31.24:612][  0]LogSubstanceCoreModule: Substance CPU Engine Loaded, Max Texture Size 2048
[2017.05.09-02.31.24:619][  0]LogTcpMessaging: Initializing TcpMessaging bridge
[2017.05.09-02.31.24:636][  0]LogUdpMessaging: Initializing bridge on interface 0.0.0.0:0 to multicast group 230.0.0.1:6666.
[2017.05.09-02.31.24:834][  0]SourceControl: Info Source control is disabled
[2017.05.09-02.31.24:869][  0]SourceControl: Info Source control is disabled
[2017.05.09-02.31.24:875][  0]SourceControl: Info Source control is disabled
[2017.05.09-02.31.24:881][  0]SourceControl: Info Source control is disabled
[2017.05.09-02.31.25:135][  0]LogEngine: Initializing Engine...
[2017.05.09-02.31.25:156][  0]LogHMD: SteamVR initialized.  Driver: lighthouse  Display: LHR-A4D81BA4
[2017.05.09-02.31.25:289][  0]LogAIModule: Creating AISystem for world Untitled
[2017.05.09-02.31.25:301][  0]LogInit: XAudio2 using 'Speakers (Realtek High Definition Audio)' : 2 channels at 48 kHz using 32 bits per sample (channel mask 0x3)
[2017.05.09-02.31.25:311][  0]LogInit: FAudioDevice initialized.
[2017.05.09-02.31.25:346][  0]LogDerivedDataCache: Saved boot cache 0.03s 66MB C:/Users/StudentUser/AppData/Local/UnrealEngine/4.13/DerivedDataCache/Boot.ddc.
[2017.05.09-02.31.25:355][  0]LogInit: Texture streaming: Enabled
[2017.05.09-02.31.25:375][  0]LogInit: Transaction tracking system initialized
[2017.05.09-02.31.25:388][  0]BlueprintLog: New page: Editor Load
[2017.05.09-02.31.25:435][  0]LocalizationService: Info Localization service is disabled
[2017.05.09-02.31.25:493][  0]LogConsoleResponse:Display: 
[2017.05.09-02.31.25:587][  0]LogCook:Display: Max memory allowance for cook 16384mb min free memory 0mb
[2017.05.09-02.31.25:587][  0]LogCook:Display: Mobile HDR setting 1
[2017.05.09-02.31.25:691][  0]LogFileCache: Scanning file cache for directory 'C:/Users/StudentUser/Documents/Github/272072/Castle-Guard-Working-Bow/CastleGuard/vive_archery_ue4-master/Content/' took 0.01s
[2017.05.09-02.31.25:691][  0]SourceControl: Info Source control is disabled
[2017.05.09-02.31.25:691][  0]Cmd: MAP LOAD FILE="C:/Users/StudentUser/Documents/Github/272072/Castle-Guard-Working-Bow/CastleGuard/vive_archery_ue4-master/Content/Vive/Maps/default.umap" TEMPLATE=0 SHOWPROGRESS=1 FEATURELEVEL=3
[2017.05.09-02.31.25:692][  0]LightingResults: New page: Lighting Build
[2017.05.09-02.31.25:694][  0]MapCheck: New page: Map Check
[2017.05.09-02.31.25:694][  0]LightingResults: New page: Lighting Build
[2017.05.09-02.31.25:951][  0]LogLinker:Warning: Can't find file '/Game/Mannequin/Character/Materials/M_UE4Man_Body'
[2017.05.09-02.31.25:951][  0]LogLinker:Warning: Can't find file for asset '/Game/Mannequin/Character/Materials/M_UE4Man_Body' while loading C:/Users/StudentUser/Documents/Github/272072/Castle-Guard-Working-Bow/CastleGuard/vive_archery_ue4-master/Content/Vive/Mannequin/Character/Mesh/SK_Mannequin.uasset.
[2017.05.09-02.31.25:952][  0]LoadErrors:Error: Error /Game/Vive/Mannequin/Character/Mesh/SK_Mannequin : Can't find file for asset. /Game/Mannequin/Character/Materials/M_UE4Man_Body
[2017.05.09-02.31.25:952][  0]LogLinker:Warning: Can't find file '/Game/Mannequin/Character/Materials/M_UE4Man_ChestLogo'
[2017.05.09-02.31.25:952][  0]LogLinker:Warning: Can't find file for asset '/Game/Mannequin/Character/Materials/M_UE4Man_ChestLogo' while loading C:/Users/StudentUser/Documents/Github/272072/Castle-Guard-Working-Bow/CastleGuard/vive_archery_ue4-master/Content/Vive/Mannequin/Character/Mesh/SK_Mannequin.uasset.
[2017.05.09-02.31.25:952][  0]LoadErrors:Error: Error /Game/Vive/Mannequin/Character/Mesh/SK_Mannequin : Can't find file for asset. /Game/Mannequin/Character/Materials/M_UE4Man_ChestLogo
[2017.05.09-02.31.25:952][  0]LogLinker:Warning: Can't find file '/Game/Mannequin/Character/Materials/M_UE4Man_Body'
[2017.05.09-02.31.25:952][  0]LogLinker:Warning: Can't find file for asset '/Game/Mannequin/Character/Materials/M_UE4Man_Body' while loading C:/Users/StudentUser/Documents/Github/272072/Castle-Guard-Working-Bow/CastleGuard/vive_archery_ue4-master/Content/Vive/Mannequin/Character/Mesh/SK_Mannequin.uasset.
[2017.05.09-02.31.25:952][  0]LoadErrors:Error: Error /Game/Vive/Mannequin/Character/Mesh/SK_Mannequin : Can't find file for asset. /Game/Mannequin/Character/Materials/M_UE4Man_Body
[2017.05.09-02.31.25:952][  0]LogLinker:Warning: Can't find file '/Game/Mannequin/Character/Materials/M_UE4Man_ChestLogo'
[2017.05.09-02.31.25:952][  0]LogLinker:Warning: Can't find file for asset '/Game/Mannequin/Character/Materials/M_UE4Man_ChestLogo' while loading C:/Users/StudentUser/Documents/Github/272072/Castle-Guard-Working-Bow/CastleGuard/vive_archery_ue4-master/Content/Vive/Mannequin/Character/Mesh/SK_Mannequin.uasset.
[2017.05.09-02.31.25:952][  0]LoadErrors:Error: Error /Game/Vive/Mannequin/Character/Mesh/SK_Mannequin : Can't find file for asset. /Game/Mannequin/Character/Materials/M_UE4Man_ChestLogo
[2017.05.09-02.31.25:952][  0]LogLinker:Warning: Can't find file '/Game/Mannequin/Character/Mesh/SK_Mannequin_PhysicsAsset'
[2017.05.09-02.31.25:952][  0]LogLinker:Warning: Can't find file for asset '/Game/Mannequin/Character/Mesh/SK_Mannequin_PhysicsAsset' while loading C:/Users/StudentUser/Documents/Github/272072/Castle-Guard-Working-Bow/CastleGuard/vive_archery_ue4-master/Content/Vive/Mannequin/Character/Mesh/SK_Mannequin.uasset.
[2017.05.09-02.31.25:952][  0]LoadErrors:Error: Error /Game/Vive/Mannequin/Character/Mesh/SK_Mannequin : Can't find file for asset. /Game/Mannequin/Character/Mesh/SK_Mannequin_PhysicsAsset
[2017.05.09-02.31.25:952][  0]LogLinker:Warning: Can't find file '/Game/Mannequin/Character/Mesh/UE4_Mannequin_Skeleton'
[2017.05.09-02.31.25:953][  0]LogLinker:Warning: Can't find file for asset '/Game/Mannequin/Character/Mesh/UE4_Mannequin_Skeleton' while loading C:/Users/StudentUser/Documents/Github/272072/Castle-Guard-Working-Bow/CastleGuard/vive_archery_ue4-master/Content/Vive/Mannequin/Character/Mesh/SK_Mannequin.uasset.
[2017.05.09-02.31.25:953][  0]LoadErrors:Error: Error /Game/Vive/Mannequin/Character/Mesh/SK_Mannequin : Can't find file for asset. /Game/Mannequin/Character/Mesh/UE4_Mannequin_Skeleton
[2017.05.09-02.31.25:953][  0]LogLinker:Warning: Can't find file '/Game/Mannequin/Character/Mesh/SK_Mannequin_PhysicsAsset'
[2017.05.09-02.31.25:953][  0]LogLinker:Warning: Can't find file for asset '/Game/Mannequin/Character/Mesh/SK_Mannequin_PhysicsAsset' while loading C:/Users/StudentUser/Documents/Github/272072/Castle-Guard-Working-Bow/CastleGuard/vive_archery_ue4-master/Content/Vive/Mannequin/Character/Mesh/SK_Mannequin.uasset.
[2017.05.09-02.31.25:953][  0]LoadErrors:Error: Error /Game/Vive/Mannequin/Character/Mesh/SK_Mannequin : Can't find file for asset. /Game/Mannequin/Character/Mesh/SK_Mannequin_PhysicsAsset
[2017.05.09-02.31.25:953][  0]LogLinker:Warning: Can't find file '/Game/Mannequin/Character/Mesh/UE4_Mannequin_Skeleton'
[2017.05.09-02.31.25:953][  0]LogLinker:Warning: Can't find file for asset '/Game/Mannequin/Character/Mesh/UE4_Mannequin_Skeleton' while loading C:/Users/StudentUser/Documents/Github/272072/Castle-Guard-Working-Bow/CastleGuard/vive_archery_ue4-master/Content/Vive/Mannequin/Character/Mesh/SK_Mannequin.uasset.
[2017.05.09-02.31.25:953][  0]LoadErrors:Error: Error /Game/Vive/Mannequin/Character/Mesh/SK_Mannequin : Can't find file for asset. /Game/Mannequin/Character/Mesh/UE4_Mannequin_Skeleton
[2017.05.09-02.31.26:235][  0]LogLinker:Warning: Can't find file '/Game/Mannequin/Character/Mesh/UE4_Mannequin_Skeleton'
[2017.05.09-02.31.26:235][  0]LoadErrors: Info Failed to load /Game/Mannequin/Character/Mesh/UE4_Mannequin_Skeleton.UE4_Mannequin_Skeleton Referenced by SK_Mannequin
[2017.05.09-02.31.26:235][  0]LogLinker:Warning: Can't find file for asset '/Game/Mannequin/Character/Mesh/UE4_Mannequin_Skeleton' while loading NULL.
[2017.05.09-02.31.26:235][  0]LoadErrors: Info Failed to load /Game/Mannequin/Character/Mesh/UE4_Mannequin_Skeleton.UE4_Mannequin_Skeleton Referenced by SK_Mannequin
[2017.05.09-02.31.26:235][  0]LogLinker:Warning: Can't find file '/Game/Mannequin/Character/Mesh/SK_Mannequin_PhysicsAsset'
[2017.05.09-02.31.26:235][  0]LoadErrors: Info Failed to load /Game/Mannequin/Character/Mesh/SK_Mannequin_PhysicsAsset.SK_Mannequin_PhysicsAsset Referenced by SK_Mannequin
[2017.05.09-02.31.26:235][  0]LogLinker:Warning: Can't find file for asset '/Game/Mannequin/Character/Mesh/SK_Mannequin_PhysicsAsset' while loading NULL.
[2017.05.09-02.31.26:235][  0]LoadErrors: Info Failed to load /Game/Mannequin/Character/Mesh/SK_Mannequin_PhysicsAsset.SK_Mannequin_PhysicsAsset Referenced by SK_Mannequin
[2017.05.09-02.31.26:235][  0]LogLinker:Warning: Can't find file '/Game/Mannequin/Character/Materials/M_UE4Man_Body'
[2017.05.09-02.31.26:235][  0]LoadErrors: Info Failed to load /Game/Mannequin/Character/Materials/M_UE4Man_Body.M_UE4Man_Body Referenced by SK_Mannequin
[2017.05.09-02.31.26:235][  0]LogLinker:Warning: Can't find file for asset '/Game/Mannequin/Character/Materials/M_UE4Man_Body' while loading NULL.
[2017.05.09-02.31.26:235][  0]LoadErrors: Info Failed to load /Game/Mannequin/Character/Materials/M_UE4Man_Body.M_UE4Man_Body Referenced by SK_Mannequin
[2017.05.09-02.31.26:236][  0]LogLinker:Warning: Can't find file '/Game/Mannequin/Character/Materials/M_UE4Man_ChestLogo'
[2017.05.09-02.31.26:236][  0]LoadErrors: Info Failed to load /Game/Mannequin/Character/Materials/M_UE4Man_ChestLogo.M_UE4Man_ChestLogo Referenced by SK_Mannequin
[2017.05.09-02.31.26:236][  0]LogLinker:Warning: Can't find file for asset '/Game/Mannequin/Character/Materials/M_UE4Man_ChestLogo' while loading NULL.
[2017.05.09-02.31.26:236][  0]LoadErrors: Info Failed to load /Game/Mannequin/Character/Materials/M_UE4Man_ChestLogo.M_UE4Man_ChestLogo Referenced by SK_Mannequin
[2017.05.09-02.31.26:426][  0]LogAIModule: Creating AISystem for world default
[2017.05.09-02.31.26:508][  0]LogEditorServer: Finished looking for orphan Actors (0.000 secs)
[2017.05.09-02.31.26:509][  0]Cmd: MAP CHECKDEP NOCLEARLOG
[2017.05.09-02.31.26:543][  0]MapCheck: Info Map check complete: 0 Error(s), 0 Warning(s), took 34.163ms to complete.
[2017.05.09-02.31.26:543][  0]LogFileHelpers: Loading map 'default' took 0.852
[2017.05.09-02.31.26:658][  0]LogCollectionManager: Loaded 0 collections in 0.001121 seconds
[2017.05.09-02.31.26:695][  0]LogFileCache: Scanning file cache for directory 'C:/Users/StudentUser/Documents/Github/272072/Castle-Guard-Working-Bow/CastleGuard/vive_archery_ue4-master/Saved/Collections/' took 0.01s
[2017.05.09-02.31.26:695][  0]LogFileCache: Scanning file cache for directory 'C:/Users/StudentUser/Documents/Github/272072/Castle-Guard-Working-Bow/CastleGuard/vive_archery_ue4-master/Content/Developers/StudentUser/Collections/' took 0.01s
[2017.05.09-02.31.26:695][  0]LogFileCache: Scanning file cache for directory 'C:/Users/StudentUser/Documents/Github/272072/Castle-Guard-Working-Bow/CastleGuard/vive_archery_ue4-master/Content/Collections/' took 0.01s
[2017.05.09-02.31.26:695][  0]LogCollectionManager: Rebuilt the GUID cache for 0 collections in 0.000002 seconds
[2017.05.09-02.31.26:704][  0]LogContentBrowser: Native class hierarchy populated in 0.0088 seconds. Added 2164 classes and 432 folders.
[2017.05.09-02.31.26:707][  0]LogStats: UGameplayTagsManager::ConstructGameplayTagTree: Construct from data asset -  0.000 s
[2017.05.09-02.31.26:707][  0]LogStats: UGameplayTagsManager::ConstructGameplayTagTree: GameplayTagTreeChangedEvent.Broadcast -  0.000 s
[2017.05.09-02.31.26:708][  0]LogContentBrowser: Native class hierarchy updated for 'GameplayTags' in 0.0011 seconds. Added 12 classes and 0 folders.
[2017.05.09-02.31.26:712][  0]LogContentBrowser: Native class hierarchy updated for 'WidgetCarousel' in 0.0010 seconds. Added 0 classes and 0 folders.
[2017.05.09-02.31.26:744][  0]LogContentBrowser: Native class hierarchy updated for 'AddContentDialog' in 0.0011 seconds. Added 0 classes and 0 folders.
[2017.05.09-02.31.26:749][  0]LogContentBrowser: Native class hierarchy updated for 'SceneOutliner' in 0.0011 seconds. Added 1 classes and 2 folders.
[2017.05.09-02.31.26:763][  0]LogCrashTracker: Crashtracker disabled due to settings.
[2017.05.09-02.31.26:766][  0]LogWindowsTextInputMethodSystem:Display: IME system now deactivated.
[2017.05.09-02.31.26:772][  0]LogUObjectGlobals:Warning: Failed to find object 'Class None.'
[2017.05.09-02.31.26:799][  0]LogContentBrowser: Native class hierarchy updated for 'HierarchicalLODOutliner' in 0.0011 seconds. Added 1 classes and 2 folders.
[2017.05.09-02.31.26:799][  0]LogLoad: (Engine Initialization) Total time: 6.33 seconds
[2017.05.09-02.31.26:799][  0]LogLoad: (Engine Initialization) Total Blueprint compile time: 0.10 seconds
[2017.05.09-02.31.26:799][  0]LogExternalProfiler: Found external profiler: VSPerf
[2017.05.09-02.31.26:799][  0]LogExternalProfiler: Using external profiler: VSPerf
[2017.05.09-02.31.26:808][  0]LogOcInput: OculusInput pre-init called
[2017.05.09-02.31.26:824][  0]LogAssetRegistry: Asset discovery search completed in 2.9994 seconds
[2017.05.09-02.31.26:824][  0]LogCollectionManager: Rebuilt the object cache for 0 collections in 0.000001 seconds (found 0 objects)
[2017.05.09-02.31.26:824][  0]LogCollectionManager: Fixed up redirectors for 0 collections in 0.000017 seconds (updated 0 objects)
[2017.05.09-02.31.26:825][  0]LogContentStreaming: Texture pool size now 1000 MB
[2017.05.09-02.31.26:949][  0]LogRenderer: Reallocating scene render targets to support 1208x576 (Frame:2).
[2017.05.09-02.31.32:021][525]LogContentBrowser: Native class hierarchy updated for 'BlueprintGraph' in 0.0015 seconds. Added 112 classes and 0 folders.
[2017.05.09-02.31.36:416][878]LogBlueprintUserMessages: Early PlayInEditor Detection: Level '/Game/Vive/Maps/default.default:PersistentLevel' has LevelScriptBlueprint '/Game/Vive/Maps/default.default:PersistentLevel.default' with GeneratedClass '/Game/Vive/Maps/default.default_C' with ClassGeneratedBy '/Game/Vive/Maps/default.default:PersistentLevel.default'
[2017.05.09-02.31.36:416][878]LogPlayLevel: PlayLevel: No blueprints needed recompiling
[2017.05.09-02.31.36:417][878]PIE: New page: PIE session: default (May 8, 2017, 11:31:36 AM)
[2017.05.09-02.31.36:417][878]LogPlayLevel: Creating play world package: /Game/Vive/Maps/UEDPIE_0_default
[2017.05.09-02.31.36:579][878]LogPlayLevel: PIE: StaticDuplicateObject took: (0.161738s)
[2017.05.09-02.31.36:580][878]LogAIModule: Creating AISystem for world default
[2017.05.09-02.31.36:580][878]LogPlayLevel: PIE: World Init took: (0.001046s)
[2017.05.09-02.31.36:581][878]LogPlayLevel: PIE: Created PIE world by copying editor world from /Game/Vive/Maps/default.default to /Game/Vive/Maps/UEDPIE_0_default.default (0.163473s)
[2017.05.09-02.31.36:615][878]LogInit: XAudio2 using 'Speakers (Realtek High Definition Audio)' : 2 channels at 48 kHz using 32 bits per sample (channel mask 0x3)
[2017.05.09-02.31.36:623][878]LogInit: FAudioDevice initialized.
[2017.05.09-02.31.36:735][878]LogWorld: Game class is 'ViveGameMode_C'
[2017.05.09-02.31.36:779][878]LogWorld: Bringing World /Game/Vive/Maps/UEDPIE_0_default.default up for play (max tick rate 0) at 2017.05.08-19.31.36
[2017.05.09-02.31.36:780][878]LogWorld: Bringing up level for play took: 0.043603
[2017.05.09-02.31.36:785][878]LogContentBrowser: Native class hierarchy updated for 'MovieSceneCapture' in 0.0019 seconds. Added 11 classes and 0 folders.
[2017.05.09-02.31.36:785][878]LogGameMode:Display: Match State Changed from EnteringMap to WaitingToStart
[2017.05.09-02.31.36:785][878]LogGameState: Match State Changed from EnteringMap to WaitingToStart
[2017.05.09-02.31.36:785][878]LogGameMode:Display: Match State Changed from WaitingToStart to InProgress
[2017.05.09-02.31.36:788][878]LogGameState: Match State Changed from WaitingToStart to InProgress
[2017.05.09-02.31.36:803][878]PIE: Info Play in editor start time for /Game/Vive/Maps/UEDPIE_0_default 0.317
[2017.05.09-02.31.36:803][878]LogBlueprintUserMessages: Late PlayInEditor Detection: Level '/Game/Vive/Maps/default.default:PersistentLevel' has LevelScriptBlueprint '/Game/Vive/Maps/default.default:PersistentLevel.default' with GeneratedClass '/Game/Vive/Maps/default.default_C' with ClassGeneratedBy '/Game/Vive/Maps/default.default:PersistentLevel.default'
[2017.05.09-02.31.36:926][879]LogRenderer: Reallocating scene render targets to support 3024x1680 (Frame:294).
[2017.05.09-02.33.04:074][788]LogBlueprintUserMessages: Early EndPlayMap Detection: Level '/Game/Vive/Maps/default.default:PersistentLevel' has LevelScriptBlueprint '/Game/Vive/Maps/default.default:PersistentLevel.default' with GeneratedClass '/Game/Vive/Maps/default.default_C' with ClassGeneratedBy '/Game/Vive/Maps/default.default:PersistentLevel.default'
[2017.05.09-02.33.04:223][788]LogBlueprintUserMessages: Late EndPlayMap Detection: Level '/Game/Vive/Maps/default.default:PersistentLevel' has LevelScriptBlueprint '/Game/Vive/Maps/default.default:PersistentLevel.default' with GeneratedClass '/Game/Vive/Maps/default.default_C' with ClassGeneratedBy '/Game/Vive/Maps/default.default:PersistentLevel.default'
[2017.05.09-02.33.49:194][405]BlueprintLog: New page: Compile BP_Arrow
[2017.05.09-02.33.50:618][530]BlueprintLog: New page: Compile Vive_Pawn
[2017.05.09-02.34.44:905][878]LogBlueprintUserMessages: Early PlayInEditor Detection: Level '/Game/Vive/Maps/default.default:PersistentLevel' has LevelScriptBlueprint '/Game/Vive/Maps/default.default:PersistentLevel.default' with GeneratedClass '/Game/Vive/Maps/default.default_C' with ClassGeneratedBy '/Game/Vive/Maps/default.default:PersistentLevel.default'
[2017.05.09-02.34.44:905][878]LogPlayLevel: PlayLevel: No blueprints needed recompiling
[2017.05.09-02.34.44:905][878]PIE: New page: PIE session: default (May 8, 2017, 11:34:44 AM)
[2017.05.09-02.34.44:905][878]LogPlayLevel: Creating play world package: /Game/Vive/Maps/UEDPIE_0_default
[2017.05.09-02.34.45:065][878]LogPlayLevel: PIE: StaticDuplicateObject took: (0.160180s)
[2017.05.09-02.34.45:066][878]LogAIModule: Creating AISystem for world default
[2017.05.09-02.34.45:066][878]LogPlayLevel: PIE: World Init took: (0.000894s)
[2017.05.09-02.34.45:067][878]LogPlayLevel: PIE: Created PIE world by copying editor world from /Game/Vive/Maps/default.default to /Game/Vive/Maps/UEDPIE_0_default.default (0.161558s)
[2017.05.09-02.34.45:090][878]LogInit: XAudio2 using 'Speakers (Realtek High Definition Audio)' : 2 channels at 48 kHz using 32 bits per sample (channel mask 0x3)
[2017.05.09-02.34.45:098][878]LogInit: FAudioDevice initialized.
[2017.05.09-02.34.45:200][878]LogWorld: Game class is 'ViveGameMode_C'
[2017.05.09-02.34.45:240][878]LogWorld: Bringing World /Game/Vive/Maps/UEDPIE_0_default.default up for play (max tick rate 0) at 2017.05.08-19.34.45
[2017.05.09-02.34.45:241][878]LogWorld: Bringing up level for play took: 0.039284
[2017.05.09-02.34.45:242][878]LogGameMode:Display: Match State Changed from EnteringMap to WaitingToStart
[2017.05.09-02.34.45:242][878]LogGameState: Match State Changed from EnteringMap to WaitingToStart
[2017.05.09-02.34.45:242][878]LogGameMode:Display: Match State Changed from WaitingToStart to InProgress
[2017.05.09-02.34.45:244][878]LogGameState: Match State Changed from WaitingToStart to InProgress
[2017.05.09-02.34.45:260][878]PIE: Info Play in editor start time for /Game/Vive/Maps/UEDPIE_0_default 0.775
[2017.05.09-02.34.45:261][878]LogBlueprintUserMessages: Late PlayInEditor Detection: Level '/Game/Vive/Maps/default.default:PersistentLevel' has LevelScriptBlueprint '/Game/Vive/Maps/default.default:PersistentLevel.default' with GeneratedClass '/Game/Vive/Maps/default.default_C' with ClassGeneratedBy '/Game/Vive/Maps/default.default:PersistentLevel.default'
[2017.05.09-02.35.28:816][824]LogBlueprintUserMessages: Early EndPlayMap Detection: Level '/Game/Vive/Maps/default.default:PersistentLevel' has LevelScriptBlueprint '/Game/Vive/Maps/default.default:PersistentLevel.default' with GeneratedClass '/Game/Vive/Maps/default.default_C' with ClassGeneratedBy '/Game/Vive/Maps/default.default:PersistentLevel.default'
[2017.05.09-02.35.28:986][824]LogBlueprintUserMessages: Late EndPlayMap Detection: Level '/Game/Vive/Maps/default.default:PersistentLevel' has LevelScriptBlueprint '/Game/Vive/Maps/default.default:PersistentLevel.default' with GeneratedClass '/Game/Vive/Maps/default.default_C' with ClassGeneratedBy '/Game/Vive/Maps/default.default:PersistentLevel.default'
[2017.05.09-02.35.36:329][577]BlueprintLog: New page: Compile Vive_Pawn
[2017.05.09-02.35.49:931][ 27]BlueprintLog: New page: Compile Vive_Pawn
[2017.05.09-02.37.21:752][822]BlueprintLog: New page: Compile Vive_Pawn
[2017.05.09-02.37.23:113][942]LogBlueprintUserMessages: Early PlayInEditor Detection: Level '/Game/Vive/Maps/default.default:PersistentLevel' has LevelScriptBlueprint '/Game/Vive/Maps/default.default:PersistentLevel.default' with GeneratedClass '/Game/Vive/Maps/default.default_C' with ClassGeneratedBy '/Game/Vive/Maps/default.default:PersistentLevel.default'
[2017.05.09-02.37.23:113][942]LogPlayLevel: PlayLevel: No blueprints needed recompiling
[2017.05.09-02.37.23:113][942]PIE: New page: PIE session: default (May 8, 2017, 11:37:23 AM)
[2017.05.09-02.37.23:113][942]LogPlayLevel: Creating play world package: /Game/Vive/Maps/UEDPIE_0_default
[2017.05.09-02.37.23:268][942]LogPlayLevel: PIE: StaticDuplicateObject took: (0.154818s)
[2017.05.09-02.37.23:269][942]LogAIModule: Creating AISystem for world default
[2017.05.09-02.37.23:269][942]LogPlayLevel: PIE: World Init took: (0.000900s)
[2017.05.09-02.37.23:270][942]LogPlayLevel: PIE: Created PIE world by copying editor world from /Game/Vive/Maps/default.default to /Game/Vive/Maps/UEDPIE_0_default.default (0.156154s)
[2017.05.09-02.37.23:293][942]LogInit: XAudio2 using 'Speakers (Realtek High Definition Audio)' : 2 channels at 48 kHz using 32 bits per sample (channel mask 0x3)
[2017.05.09-02.37.23:301][942]LogInit: FAudioDevice initialized.
[2017.05.09-02.37.23:397][942]LogWorld: Game class is 'ViveGameMode_C'
[2017.05.09-02.37.23:433][942]LogWorld: Bringing World /Game/Vive/Maps/UEDPIE_0_default.default up for play (max tick rate 0) at 2017.05.08-19.37.23
[2017.05.09-02.37.23:434][942]LogWorld: Bringing up level for play took: 0.035618
[2017.05.09-02.37.23:435][942]LogGameMode:Display: Match State Changed from EnteringMap to WaitingToStart
[2017.05.09-02.37.23:435][942]LogGameState: Match State Changed from EnteringMap to WaitingToStart
[2017.05.09-02.37.23:435][942]LogGameMode:Display: Match State Changed from WaitingToStart to InProgress
[2017.05.09-02.37.23:436][942]LogGameState: Match State Changed from WaitingToStart to InProgress
[2017.05.09-02.37.23:452][942]PIE: Info Play in editor start time for /Game/Vive/Maps/UEDPIE_0_default 0.966
[2017.05.09-02.37.23:452][942]LogBlueprintUserMessages: Late PlayInEditor Detection: Level '/Game/Vive/Maps/default.default:PersistentLevel' has LevelScriptBlueprint '/Game/Vive/Maps/default.default:PersistentLevel.default' with GeneratedClass '/Game/Vive/Maps/default.default_C' with ClassGeneratedBy '/Game/Vive/Maps/default.default:PersistentLevel.default'
[2017.05.09-02.38.20:260][495]LogBlueprintUserMessages: Early EndPlayMap Detection: Level '/Game/Vive/Maps/default.default:PersistentLevel' has LevelScriptBlueprint '/Game/Vive/Maps/default.default:PersistentLevel.default' with GeneratedClass '/Game/Vive/Maps/default.default_C' with ClassGeneratedBy '/Game/Vive/Maps/default.default:PersistentLevel.default'
[2017.05.09-02.38.20:408][495]LogBlueprintUserMessages: Late EndPlayMap Detection: Level '/Game/Vive/Maps/default.default:PersistentLevel' has LevelScriptBlueprint '/Game/Vive/Maps/default.default:PersistentLevel.default' with GeneratedClass '/Game/Vive/Maps/default.default_C' with ClassGeneratedBy '/Game/Vive/Maps/default.default:PersistentLevel.default'
[2017.05.09-02.39.57:159][632]LogEditorTransaction: Undo Move Node
[2017.05.09-02.40.02:295][110]BlueprintLog: New page: Compile Vive_Pawn
[2017.05.09-02.40.17:253][261]LogEditorTransaction: Undo Break Pin Links
[2017.05.09-02.40.26:437][957]BlueprintLog: New page: Compile Vive_Pawn
[2017.05.09-02.40.28:846][200]LogEditorViewport: Clicking on Actor (LMB): Landscape (Landscape1)
[2017.05.09-02.40.31:818][518]LogEditorViewport: Clicking on Actor (LMB): PlayerStart (PlayerStart)
[2017.05.09-02.41.00:847][113]LogSavePackage: Save=18.72ms
[2017.05.09-02.41.00:847][113]LogSavePackage: Moving 'C:/Users/StudentUser/Documents/Github/272072/Castle-Guard-Working-Bow/CastleGuard/vive_archery_ue4-master/Saved/BP_ArrowBF4078704A9094B5C898BD9D6F711306.tmp' to 'C:/Users/StudentUser/Documents/Github/272072/Castle-Guard-Working-Bow/CastleGuard/vive_archery_ue4-master/Content/Vive/Blueprints/BP_Arrow.uasset'
[2017.05.09-02.41.00:850][113]LogSavePackage:Display: Finished SavePackage C:/Users/StudentUser/Documents/Github/272072/Castle-Guard-Working-Bow/CastleGuard/vive_archery_ue4-master/Content/Vive/Blueprints/BP_Arrow.uasset
[2017.05.09-02.41.00:938][113]LogSavePackage: Save=68.19ms
[2017.05.09-02.41.00:938][113]LogSavePackage: Moving 'C:/Users/StudentUser/Documents/Github/272072/Castle-Guard-Working-Bow/CastleGuard/vive_archery_ue4-master/Saved/Vive_Pawn63981AAA41DA9B97CE39C1A1A66A15CB.tmp' to 'C:/Users/StudentUser/Documents/Github/272072/Castle-Guard-Working-Bow/CastleGuard/vive_archery_ue4-master/Content/Vive/Blueprints/Vive_Pawn.uasset'
[2017.05.09-02.41.00:941][113]LogSavePackage:Display: Finished SavePackage C:/Users/StudentUser/Documents/Github/272072/Castle-Guard-Working-Bow/CastleGuard/vive_archery_ue4-master/Content/Vive/Blueprints/Vive_Pawn.uasset
[2017.05.09-02.41.00:946][113]Cmd: MAP LOAD FILE="C:/Users/StudentUser/Documents/Github/272072/Castle-Guard-Working-Bow/CastleGuard/vive_archery_ue4-master/Content/Vive/Maps/default.umap" TEMPLATE=0 SHOWPROGRESS=1 FEATURELEVEL=3
[2017.05.09-02.41.00:953][113]LightingResults: New page: Lighting Build
[2017.05.09-02.41.00:954][113]LoadErrors: New page: Loading map: default.umap
[2017.05.09-02.41.00:964][113]MapCheck: New page: Map Check
[2017.05.09-02.41.00:964][113]LightingResults: New page: Lighting Build
[2017.05.09-02.41.01:327][113]LogAIModule: Creating AISystem for world default
[2017.05.09-02.41.01:400][113]LogEditorServer: Finished looking for orphan Actors (0.000 secs)
[2017.05.09-02.41.01:446][113]Cmd: MAP CHECKDEP NOCLEARLOG
[2017.05.09-02.41.01:485][113]MapCheck: Info Map check complete: 0 Error(s), 0 Warning(s), took 38.545ms to complete.
[2017.05.09-02.41.01:485][113]LogFileHelpers: Loading map 'default' took 0.540
[2017.05.09-02.41.07:665][811]LogUProjectInfo: Found projects:
[2017.05.09-02.41.16:377][ 22]Cmd: CLOSE_SLATE_MAINFRAME
[2017.05.09-02.41.16:516][ 22]LogActorComponent: UnregisterComponent: (/Engine/Transient.EditorFloorComp) Not registered. Aborting.
[2017.05.09-02.41.16:565][ 22]LogWindowsTextInputMethodSystem:Display: IME system now deactivated.
[2017.05.09-02.41.16:734][ 23]Cmd: QUIT_EDITOR
[2017.05.09-02.41.16:809][ 23]LogExit: Preparing to exit.
[2017.05.09-02.41.18:022][ 23]LogExit: Editor shut down
[2017.05.09-02.41.18:023][ 23]LogExit: Transaction tracking system shut down
[2017.05.09-02.41.18:170][ 23]LogObj: Freed 0b from 0 cluster array pools.
[2017.05.09-02.41.18:171][ 23]LogExit: Object subsystem successfully closed.
[2017.05.09-02.41.18:194][ 23]LogD3D11RHI: Shutdown
[2017.05.09-02.41.18:194][ 23]LogD3D11RHI: CleanupD3DDevice
[2017.05.09-02.41.18:196][ 23]LogD3D11RHI: ~FD3D11DynamicRHI
[2017.05.09-02.41.18:204][ 23]LogModuleManager: Shutting down and abandoning module MovieSceneCapture (243)
[2017.05.09-02.41.18:204][ 23]LogModuleManager: Shutting down and abandoning module BlueprintGraph (242)
[2017.05.09-02.41.18:204][ 23]LogModuleManager: Shutting down and abandoning module BlueprintProfiler (241)
[2017.05.09-02.41.18:204][ 23]LogModuleManager: Shutting down and abandoning module HierarchicalLODOutliner (240)
[2017.05.09-02.41.18:204][ 23]LogModuleManager: Shutting down and abandoning module CrashTracker (239)
[2017.05.09-02.41.18:204][ 23]LogModuleManager: Shutting down and abandoning module SceneOutliner (238)
[2017.05.09-02.41.18:204][ 23]LogModuleManager: Shutting down and abandoning module WidgetCarousel (237)
[2017.05.09-02.41.18:204][ 23]LogModuleManager: Shutting down and abandoning module AddContentDialog (236)
[2017.05.09-02.41.18:204][ 23]LogDirectoryWatcher: A directory notification for 'E:/Unreal Engine/UE_4.13/FeaturePacks/' was aborted.
[2017.05.09-02.41.18:206][ 23]LogModuleManager: Shutting down and abandoning module GameplayTags (235)
[2017.05.09-02.41.18:206][ 23]LogModuleManager: Shutting down and abandoning module EditorWidgets (234)
[2017.05.09-02.41.18:206][ 23]LogModuleManager: Shutting down and abandoning module CollectionManager (233)
[2017.05.09-02.41.18:206][ 23]LogDirectoryWatcher: A directory notification for 'C:/Users/StudentUser/Documents/Github/272072/Castle-Guard-Working-Bow/CastleGuard/vive_archery_ue4-master/Content/Collections/' was aborted.
[2017.05.09-02.41.18:206][ 23]LogDirectoryWatcher: A directory notification for 'C:/Users/StudentUser/Documents/Github/272072/Castle-Guard-Working-Bow/CastleGuard/vive_archery_ue4-master/Content/Developers/StudentUser/Collections/' was aborted.
[2017.05.09-02.41.18:206][ 23]LogDirectoryWatcher: A directory notification for 'C:/Users/StudentUser/Documents/Github/272072/Castle-Guard-Working-Bow/CastleGuard/vive_archery_ue4-master/Saved/Collections/' was aborted.
[2017.05.09-02.41.18:206][ 23]LogModuleManager: Shutting down and abandoning module StatsViewer (232)
[2017.05.09-02.41.18:206][ 23]LogModuleManager: Shutting down and abandoning module FoliageEdit (231)
[2017.05.09-02.41.18:206][ 23]LogModuleManager: Shutting down and abandoning module LandscapeEditor (230)
[2017.05.09-02.41.18:206][ 23]LogModuleManager: Shutting down and abandoning module SceneDepthPickerMode (229)
[2017.05.09-02.41.18:206][ 23]LogModuleManager: Shutting down and abandoning module ActorPickerMode (228)
[2017.05.09-02.41.18:206][ 23]LogModuleManager: Shutting down and abandoning module GeometryMode (227)
[2017.05.09-02.41.18:206][ 23]LogModuleManager: Shutting down and abandoning module TextureAlignMode (226)
[2017.05.09-02.41.18:206][ 23]LogModuleManager: Shutting down and abandoning module BspMode (225)
[2017.05.09-02.41.18:206][ 23]LogModuleManager: Shutting down and abandoning module HardwareSurvey (224)
[2017.05.09-02.41.18:206][ 23]LogModuleManager: Shutting down and abandoning module SequenceRecorderSections (223)
[2017.05.09-02.41.18:206][ 23]LogModuleManager: Shutting down and abandoning module SequenceRecorder (222)
[2017.05.09-02.41.18:206][ 23]LogModuleManager: Shutting down and abandoning module AutomationWorker (221)
[2017.05.09-02.41.18:206][ 23]LogModuleManager: Shutting down and abandoning module MatineeToLevelSequence (220)
[2017.05.09-02.41.18:206][ 23]LogModuleManager: Shutting down and abandoning module PlacementMode (219)
[2017.05.09-02.41.18:206][ 23]LogModuleManager: Shutting down and abandoning module LevelSequenceEditor (218)
[2017.05.09-02.41.18:206][ 23]LogModuleManager: Shutting down and abandoning module WmfMediaFactory (217)
[2017.05.09-02.41.18:206][ 23]LogModuleManager: Shutting down and abandoning module WmfMediaEditor (216)
[2017.05.09-02.41.18:206][ 23]LogModuleManager: Shutting down and abandoning module AvfMediaFactory (215)
[2017.05.09-02.41.18:206][ 23]LogModuleManager: Shutting down and abandoning module AvfMediaEditor (214)
[2017.05.09-02.41.18:206][ 23]LogModuleManager: Shutting down and abandoning module Media (213)
[2017.05.09-02.41.18:206][ 23]LogModuleManager: Shutting down and abandoning module AndroidMediaFactory (212)
[2017.05.09-02.41.18:207][ 23]LogModuleManager: Shutting down and abandoning module AndroidMediaEditor (211)
[2017.05.09-02.41.18:207][ 23]LogModuleManager: Shutting down and abandoning module CharacterAI (210)
[2017.05.09-02.41.18:207][ 23]LogModuleManager: Shutting down and abandoning module SmartSnapping (209)
[2017.05.09-02.41.18:207][ 23]LogModuleManager: Shutting down and abandoning module SessionServices (208)
[2017.05.09-02.41.18:207][ 23]LogModuleManager: Shutting down and abandoning module ViewportSnapping (207)
[2017.05.09-02.41.18:207][ 23]LogModuleManager: Shutting down and abandoning module ViewportInteraction (206)
[2017.05.09-02.41.18:207][ 23]LogModuleManager: Shutting down and abandoning module LogVisualizer (205)
[2017.05.09-02.41.18:207][ 23]LogModuleManager: Shutting down and abandoning module GameProjectGeneration (204)
[2017.05.09-02.41.18:207][ 23]LogModuleManager: Shutting down and abandoning module IntroTutorials (203)
[2017.05.09-02.41.18:207][ 23]LogModuleManager: Shutting down and abandoning module EditorLiveStreaming (202)
[2017.05.09-02.41.18:207][ 23]LogModuleManager: Shutting down and abandoning module IOSPlatformEditor (201)
[2017.05.09-02.41.18:207][ 23]LogModuleManager: Shutting down and abandoning module HTML5PlatformEditor (200)
[2017.05.09-02.41.18:207][ 23]LogModuleManager: Shutting down and abandoning module AndroidDeviceDetection (199)
[2017.05.09-02.41.18:700][ 23]LogModuleManager: Shutting down and abandoning module AndroidPlatformEditor (198)
[2017.05.09-02.41.18:700][ 23]LogModuleManager: Shutting down and abandoning module IOSRuntimeSettings (197)
[2017.05.09-02.41.18:700][ 23]LogModuleManager: Shutting down and abandoning module AndroidRuntimeSettings (196)
[2017.05.09-02.41.18:700][ 23]LogModuleManager: Shutting down and abandoning module NiagaraEditor (195)
[2017.05.09-02.41.18:700][ 23]LogModuleManager: Shutting down and abandoning module MergeActors (194)
[2017.05.09-02.41.18:700][ 23]LogModuleManager: Shutting down and abandoning module SizeMap (193)
[2017.05.09-02.41.18:700][ 23]LogModuleManager: Shutting down and abandoning module TreeMap (192)
[2017.05.09-02.41.18:700][ 23]LogModuleManager: Shutting down and abandoning module ReferenceViewer (191)
[2017.05.09-02.41.18:700][ 23]LogModuleManager: Shutting down and abandoning module LocalizationService (190)
[2017.05.09-02.41.18:700][ 23]LogModuleManager: Shutting down and abandoning module LocalizationDashboard (189)
[2017.05.09-02.41.18:700][ 23]LogModuleManager: Shutting down and abandoning module HardwareTargeting (188)
[2017.05.09-02.41.18:700][ 23]LogModuleManager: Shutting down and abandoning module DeviceProfileEditor (187)
[2017.05.09-02.41.18:700][ 23]LogModuleManager: Shutting down and abandoning module UndoHistory (186)
[2017.05.09-02.41.18:700][ 23]LogModuleManager: Shutting down and abandoning module UserFeedback (185)
[2017.05.09-02.41.18:701][ 23]LogModuleManager: Shutting down and abandoning module XmlParser (184)
[2017.05.09-02.41.18:701][ 23]LogModuleManager: Shutting down and abandoning module Blutility (183)
[2017.05.09-02.41.18:701][ 23]LogModuleManager: Shutting down and abandoning module ProjectTargetPlatformEditor (182)
[2017.05.09-02.41.18:701][ 23]LogModuleManager: Shutting down and abandoning module ProjectSettingsViewer (181)
[2017.05.09-02.41.18:701][ 23]LogModuleManager: Shutting down and abandoning module InputBindingEditor (180)
[2017.05.09-02.41.18:701][ 23]LogModuleManager: Shutting down and abandoning module EditorSettingsViewer (179)
[2017.05.09-02.41.18:701][ 23]LogModuleManager: Shutting down and abandoning module SettingsEditor (178)
[2017.05.09-02.41.18:701][ 23]LogModuleManager: Shutting down and abandoning module ProjectLauncher (177)
[2017.05.09-02.41.18:701][ 23]LogModuleManager: Shutting down and abandoning module SessionFrontend (176)
[2017.05.09-02.41.18:701][ 23]LogModuleManager: Shutting down and abandoning module ProfilerClient (175)
[2017.05.09-02.41.18:701][ 23]LogModuleManager: Shutting down and abandoning module TargetDeviceServices (174)
[2017.05.09-02.41.18:701][ 23]LogModuleManager: Shutting down and abandoning module DeviceManager (173)
[2017.05.09-02.41.18:755][ 23]LogModuleManager: Shutting down and abandoning module AutomationController (172)
[2017.05.09-02.41.18:755][ 23]LogModuleManager: Shutting down and abandoning module AutomationWindow (171)
[2017.05.09-02.41.18:755][ 23]LogModuleManager: Shutting down and abandoning module Layers (170)
[2017.05.09-02.41.18:755][ 23]LogModuleManager: Shutting down and abandoning module ComponentVisualizers (169)
[2017.05.09-02.41.18:755][ 23]LogModuleManager: Shutting down and abandoning module DetailCustomizations (168)
[2017.05.09-02.41.18:755][ 23]LogModuleManager: Shutting down and abandoning module PackagesDialog (167)
[2017.05.09-02.41.18:755][ 23]LogModuleManager: Shutting down and abandoning module AnimGraph (166)
[2017.05.09-02.41.18:755][ 23]LogModuleManager: Shutting down and abandoning module Persona (165)
[2017.05.09-02.41.18:755][ 23]LogModuleManager: Shutting down and abandoning module Kismet (164)
[2017.05.09-02.41.18:762][ 23]LogModuleManager: Shutting down and abandoning module GraphEditor (163)
[2017.05.09-02.41.18:762][ 23]LogModuleManager: Shutting down and abandoning module ClassViewer (162)
[2017.05.09-02.41.18:762][ 23]LogModuleManager: Shutting down and abandoning module Toolbox (161)
[2017.05.09-02.41.18:762][ 23]LogModuleManager: Shutting down and abandoning module ModuleUI (160)
[2017.05.09-02.41.18:762][ 23]LogModuleManager: Shutting down and abandoning module MovieSceneTools (159)
[2017.05.09-02.41.18:762][ 23]LogModuleManager: Shutting down and abandoning module OutputLog (158)
[2017.05.09-02.41.18:762][ 23]LogModuleManager: Shutting down and abandoning module GammaUI (157)
[2017.05.09-02.41.18:762][ 23]LogModuleManager: Shutting down and abandoning module Documentation (156)
[2017.05.09-02.41.18:762][ 23]LogModuleManager: Shutting down and abandoning module Niagara (155)
[2017.05.09-02.41.18:762][ 23]LogModuleManager: Shutting down and abandoning module StreamingPauseRendering (154)
[2017.05.09-02.41.18:762][ 23]LogModuleManager: Shutting down and abandoning module AnalyticsET (153)
[2017.05.09-02.41.18:762][ 23]LogModuleManager: Shutting down and abandoning module PortalServices (152)
[2017.05.09-02.41.18:762][ 23]LogModuleManager: Shutting down and abandoning module PortalRpc (151)
[2017.05.09-02.41.18:762][ 23]LogModuleManager: Shutting down and abandoning module MessagingRpc (150)
[2017.05.09-02.41.18:762][ 23]LogModuleManager: Shutting down and abandoning module GameplayDebugger (149)
[2017.05.09-02.41.18:762][ 23]LogModuleManager: Shutting down and abandoning module AITestSuite (148)
[2017.05.09-02.41.18:762][ 23]LogModuleManager: Shutting down and abandoning module AIModule (147)
[2017.05.09-02.41.18:762][ 23]LogModuleManager: Shutting down and abandoning module ProfilerService (146)
[2017.05.09-02.41.18:917][ 23]LogModuleManager: Shutting down and abandoning module TaskGraph (145)
[2017.05.09-02.41.18:917][ 23]LogModuleManager: Shutting down and abandoning module SubstanceEditor (144)
[2017.05.09-02.41.18:917][ 23]LogModuleManager: Shutting down and abandoning module SlateRemote (143)
[2017.05.09-02.41.18:917][ 23]LogModuleManager: Shutting down and abandoning module SteamVRController (142)
[2017.05.09-02.41.18:917][ 23]LogModuleManager: Shutting down and abandoning module SteamVR (141)
[2017.05.09-02.41.18:917][ 23]LogModuleManager: Shutting down and abandoning module ProceduralMeshComponentEditor (140)
[2017.05.09-02.41.18:917][ 23]LogModuleManager: Shutting down and abandoning module ProceduralMeshComponent (139)
[2017.05.09-02.41.18:917][ 23]LogModuleManager: Shutting down and abandoning module OculusLibrary (138)
[2017.05.09-02.41.18:917][ 23]LogModuleManager: Shutting down and abandoning module OculusInput (137)
[2017.05.09-02.41.18:917][ 23]LogModuleManager: Shutting down and abandoning module CustomMeshComponent (136)
[2017.05.09-02.41.18:917][ 23]LogModuleManager: Shutting down and abandoning module CableComponent (135)
[2017.05.09-02.41.18:917][ 23]LogModuleManager: Shutting down and abandoning module ArchVisCharacter (134)
[2017.05.09-02.41.18:917][ 23]LogModuleManager: Shutting down and abandoning module MediaPlayerEditor (132)
[2017.05.09-02.41.18:917][ 23]LogModuleManager: Shutting down and abandoning module ShadowMocapEditor (131)
[2017.05.09-02.41.18:917][ 23]LogModuleManager: Shutting down and abandoning module ShadowMocap (130)
[2017.05.09-02.41.18:917][ 23]LogModuleManager: Shutting down and abandoning module RunebergVRPlugin (129)
[2017.05.09-02.41.18:917][ 23]LogModuleManager: Shutting down and abandoning module GestureTrackerVR (128)
[2017.05.09-02.41.18:917][ 23]LogModuleManager: Shutting down and abandoning module HTML5Networking (127)
[2017.05.09-02.41.18:917][ 23]LogModuleManager: Shutting down and abandoning module GeometryCacheEd (126)
[2017.05.09-02.41.18:917][ 23]LogModuleManager: Shutting down and abandoning module GeometryCache (125)
[2017.05.09-02.41.18:917][ 23]LogModuleManager: Shutting down and abandoning module AlembicLibrary (124)
[2017.05.09-02.41.18:917][ 23]LogModuleManager: Shutting down and abandoning module AlembicImporter (123)
[2017.05.09-02.41.18:917][ 23]LogModuleManager: Shutting down and abandoning module SuperSearch (122)
[2017.05.09-02.41.18:917][ 23]LogModuleManager: Shutting down and abandoning module SuperSearchEditor (121)
[2017.05.09-02.41.18:917][ 23]LogModuleManager: Shutting down and abandoning module SpeedTreeImporter (120)
[2017.05.09-02.41.18:917][ 23]LogModuleManager: Shutting down and abandoning module PluginBrowser (119)
[2017.05.09-02.41.18:917][ 23]LogModuleManager: Shutting down and abandoning module MobileLauncherProfileWizard (118)
[2017.05.09-02.41.18:917][ 23]LogModuleManager: Shutting down and abandoning module EpicSurvey (117)
[2017.05.09-02.41.18:917][ 23]LogModuleManager: Shutting down and abandoning module DesktopPlatform (116)
[2017.05.09-02.41.18:917][ 23]LogModuleManager: Shutting down and abandoning module VisualStudioSourceCodeAccess (115)
[2017.05.09-02.41.18:917][ 23]LogModuleManager: Shutting down and abandoning module UObjectPlugin (114)
[2017.05.09-02.41.18:917][ 23]LogModuleManager: Shutting down and abandoning module SubversionSourceControl (113)
[2017.05.09-02.41.18:917][ 23]LogModuleManager: Shutting down and abandoning module PerforceSourceControl (112)
[2017.05.09-02.41.18:917][ 23]LogModuleManager: Shutting down and abandoning module SourceControl (111)
[2017.05.09-02.41.18:917][ 23]LogModuleManager: Shutting down and abandoning module GitSourceControl (110)
[2017.05.09-02.41.18:917][ 23]LogModuleManager: Shutting down and abandoning module LightPropagationVolumeEditor (109)
[2017.05.09-02.41.18:917][ 23]LogModuleManager: Shutting down and abandoning module PaperTiledImporter (108)
[2017.05.09-02.41.18:917][ 23]LogModuleManager: Shutting down and abandoning module PaperSpriteSheetImporter (107)
[2017.05.09-02.41.18:917][ 23]LogModuleManager: Shutting down and abandoning module MeshPaint (106)
[2017.05.09-02.41.18:917][ 23]LogModuleManager: Shutting down and abandoning module FbxAutomationBuilderModule (105)
[2017.05.09-02.41.18:917][ 23]LogModuleManager: Shutting down and abandoning module PixelInspectorModule (104)
[2017.05.09-02.41.18:917][ 23]LogModuleManager: Shutting down and abandoning module HotReload (103)
[2017.05.09-02.41.18:917][ 23]LogDirectoryWatcher: A directory notification for 'C:/Users/StudentUser/Documents/Github/272072/Castle-Guard-Working-Bow/CastleGuard/vive_archery_ue4-master/Binaries/Win64' was aborted.
[2017.05.09-02.41.18:918][ 23]LogModuleManager: Shutting down and abandoning module MainFrame (102)
[2017.05.09-02.41.18:918][ 23]LogModuleManager: Shutting down and abandoning module LevelEditor (101)
[2017.05.09-02.41.18:919][ 23]LogModuleManager: Shutting down and abandoning module ContentBrowser (100)
[2017.05.09-02.41.18:920][ 23]LogModuleManager: Shutting down and abandoning module Paper2DEditor (99)
[2017.05.09-02.41.18:920][ 23]LogModuleManager: Shutting down and abandoning module vive_archery_ue4 (98)
[2017.05.09-02.41.18:920][ 23]LogModuleManager: Shutting down and abandoning module UdpMessaging (97)
[2017.05.09-02.41.19:021][ 23]LogModuleManager: Shutting down and abandoning module TcpMessaging (96)
[2017.05.09-02.41.19:121][ 23]LogModuleManager: Shutting down and abandoning module SubstanceCore (95)
[2017.05.09-02.41.19:121][ 23]LogModuleManager: Shutting down and abandoning module LightPropagationVolumeRuntime (94)
[2017.05.09-02.41.19:121][ 23]LogModuleManager: Shutting down and abandoning module Paper2D (93)
[2017.05.09-02.41.19:121][ 23]LogModuleManager: Shutting down and abandoning module WindowsMoviePlayer (92)
[2017.05.09-02.41.19:121][ 23]LogModuleManager: Shutting down and abandoning module WmfMedia (91)
[2017.05.09-02.41.19:121][ 23]LogModuleManager: Shutting down and abandoning module MediaAssets (90)
[2017.05.09-02.41.19:121][ 23]LogModuleManager: Shutting down and abandoning module GameLiveStreaming (89)
[2017.05.09-02.41.19:121][ 23]LogModuleManager: Shutting down and abandoning module GameplayTagsEditor (88)
[2017.05.09-02.41.19:121][ 23]LogModuleManager: Shutting down and abandoning module VREditor (87)
[2017.05.09-02.41.19:121][ 23]LogModuleManager: Shutting down and abandoning module GameplayTasksEditor (86)
[2017.05.09-02.41.19:121][ 23]LogModuleManager: Shutting down and abandoning module PropertyEditor (85)
[2017.05.09-02.41.19:122][ 23]LogModuleManager: Shutting down and abandoning module BehaviorTreeEditor (84)
[2017.05.09-02.41.19:122][ 23]LogModuleManager: Shutting down and abandoning module FunctionalTesting (83)
[2017.05.09-02.41.19:122][ 23]LogModuleManager: Shutting down and abandoning module CollisionAnalyzer (82)
[2017.05.09-02.41.19:122][ 23]LogModuleManager: Shutting down and abandoning module Sequencer (81)
[2017.05.09-02.41.19:122][ 23]LogModuleManager: Shutting down and abandoning module WorkspaceMenuStructure (80)
[2017.05.09-02.41.19:122][ 23]LogModuleManager: Shutting down and abandoning module MessageLog (79)
[2017.05.09-02.41.19:122][ 23]LogModuleManager: Shutting down and abandoning module AssetTools (78)
[2017.05.09-02.41.19:122][ 23]LogModuleManager: Shutting down and abandoning module UMGEditor (77)
[2017.05.09-02.41.19:122][ 23]LogModuleManager: Shutting down and abandoning module UMG (76)
[2017.05.09-02.41.19:122][ 23]LogModuleManager: Shutting down and abandoning module SlateReflector (75)
[2017.05.09-02.41.19:122][ 23]LogModuleManager: Shutting down and abandoning module Slate (74)
[2017.05.09-02.41.19:122][ 23]LogModuleManager: Shutting down and abandoning module EditorStyle (73)
[2017.05.09-02.41.19:123][ 23]LogModuleManager: Shutting down and abandoning module SourceCodeAccess (72)
[2017.05.09-02.41.19:123][ 23]LogModuleManager: Shutting down and abandoning module HeadMountedDisplay (71)
[2017.05.09-02.41.19:123][ 23]LogModuleManager: Shutting down and abandoning module XAudio2 (70)
[2017.05.09-02.41.19:123][ 23]LogModuleManager: Shutting down and abandoning module Networking (68)
[2017.05.09-02.41.19:123][ 23]LogModuleManager: Shutting down and abandoning module Core (67)
[2017.05.09-02.41.19:123][ 23]LogModuleManager: Shutting down and abandoning module DirectoryWatcher (66)
[2017.05.09-02.41.19:123][ 23]LogDirectoryWatcher: A directory notification for '../../../Engine/Content/' was aborted.
[2017.05.09-02.41.19:124][ 23]LogDirectoryWatcher: A directory notification for 'C:/Users/StudentUser/Documents/Github/272072/Castle-Guard-Working-Bow/CastleGuard/vive_archery_ue4-master/Content/' was aborted.
[2017.05.09-02.41.19:124][ 23]LogDirectoryWatcher: A directory notification for '../../../Engine/Plugins/2D/Paper2D/Content/' was aborted.
[2017.05.09-02.41.19:124][ 23]LogDirectoryWatcher: A directory notification for '../../../Engine/Plugins/Marketplace/GestureTrackerVR/Content/' was aborted.
[2017.05.09-02.41.19:124][ 23]LogModuleManager: Shutting down and abandoning module AssetRegistry (65)
[2017.05.09-02.41.19:267][ 23]LogModuleManager: Shutting down and abandoning module KismetCompiler (64)
[2017.05.09-02.41.19:267][ 23]LogModuleManager: Shutting down and abandoning module PhysXFormats (63)
[2017.05.09-02.41.19:267][ 23]LogModuleManager: Shutting down and abandoning module MeshUtilities (62)
[2017.05.09-02.41.19:267][ 23]LogModuleManager: Shutting down and abandoning module DerivedDataCache (61)
[2017.05.09-02.41.19:314][ 23]LogDerivedDataCache: Shutdown
[2017.05.09-02.41.19:314][ 23]LogModuleManager: Shutting down and abandoning module VulkanShaderFormat (60)
[2017.05.09-02.41.19:314][ 23]LogModuleManager: Shutting down and abandoning module ShaderFormatOpenGL (59)
[2017.05.09-02.41.19:314][ 23]LogModuleManager: Shutting down and abandoning module ShaderFormatD3D (58)
[2017.05.09-02.41.19:314][ 23]LogModuleManager: Shutting down and abandoning module MetalShaderFormat (57)
[2017.05.09-02.41.19:314][ 23]LogModuleManager: Shutting down and abandoning module TextureFormatUncompressed (56)
[2017.05.09-02.41.19:314][ 23]LogModuleManager: Shutting down and abandoning module TextureFormatPVR (55)
[2017.05.09-02.41.19:314][ 23]LogModuleManager: Shutting down and abandoning module TextureFormatDXT (54)
[2017.05.09-02.41.19:314][ 23]LogModuleManager: Shutting down and abandoning module TextureFormatIntelISPCTexComp (53)
[2017.05.09-02.41.19:314][ 23]LogModuleManager: Shutting down and abandoning module ImageWrapper (52)
[2017.05.09-02.41.19:314][ 23]LogModuleManager: Shutting down and abandoning module TextureFormatASTC (51)
[2017.05.09-02.41.19:314][ 23]LogModuleManager: Shutting down and abandoning module TextureFormatAndroid (50)
[2017.05.09-02.41.19:314][ 23]LogModuleManager: Shutting down and abandoning module AudioFormatOpus (49)
[2017.05.09-02.41.19:314][ 23]LogModuleManager: Shutting down and abandoning module AudioFormatOgg (48)
[2017.05.09-02.41.19:314][ 23]LogModuleManager: Shutting down and abandoning module AudioFormatADPCM (47)
[2017.05.09-02.41.19:314][ 23]LogModuleManager: Shutting down and abandoning module LinuxTargetPlatform (46)
[2017.05.09-02.41.19:314][ 23]LogModuleManager: Shutting down and abandoning module LinuxServerTargetPlatform (45)
[2017.05.09-02.41.19:314][ 23]LogModuleManager: Shutting down and abandoning module LinuxNoEditorTargetPlatform (44)
[2017.05.09-02.41.19:314][ 23]LogModuleManager: Shutting down and abandoning module LinuxClientTargetPlatform (43)
[2017.05.09-02.41.19:314][ 23]LogModuleManager: Shutting down and abandoning module TVOSTargetPlatform (42)
[2017.05.09-02.41.19:314][ 23]LogModuleManager: Shutting down and abandoning module Messaging (41)
[2017.05.09-02.41.19:314][ 23]LogModuleManager: Shutting down and abandoning module IOSTargetPlatform (40)
[2017.05.09-02.41.19:314][ 23]LogModuleManager: Shutting down and abandoning module HTML5TargetPlatform (39)
[2017.05.09-02.41.19:314][ 23]LogModuleManager: Shutting down and abandoning module Android_PVRTCTargetPlatform (38)
[2017.05.09-02.41.19:314][ 23]LogModuleManager: Shutting down and abandoning module Android_MultiTargetPlatform (37)
[2017.05.09-02.41.19:314][ 23]LogModuleManager: Shutting down and abandoning module Android_ETC2TargetPlatform (36)
[2017.05.09-02.41.19:314][ 23]LogModuleManager: Shutting down and abandoning module Android_ETC1TargetPlatform (35)
[2017.05.09-02.41.19:314][ 23]LogModuleManager: Shutting down and abandoning module Android_DXTTargetPlatform (34)
[2017.05.09-02.41.19:314][ 23]LogModuleManager: Shutting down and abandoning module Android_ATCTargetPlatform (33)
[2017.05.09-02.41.19:314][ 23]LogModuleManager: Shutting down and abandoning module Android_ASTCTargetPlatform (32)
[2017.05.09-02.41.19:314][ 23]LogModuleManager: Shutting down and abandoning module AndroidTargetPlatform (31)
[2017.05.09-02.41.19:314][ 23]LogModuleManager: Shutting down and abandoning module WindowsTargetPlatform (30)
[2017.05.09-02.41.19:314][ 23]LogModuleManager: Shutting down and abandoning module WindowsServerTargetPlatform (29)
[2017.05.09-02.41.19:314][ 23]LogModuleManager: Shutting down and abandoning module WindowsNoEditorTargetPlatform (28)
[2017.05.09-02.41.19:314][ 23]LogModuleManager: Shutting down and abandoning module WindowsClientTargetPlatform (27)
[2017.05.09-02.41.19:314][ 23]LogModuleManager: Shutting down and abandoning module AllDesktopTargetPlatform (26)
[2017.05.09-02.41.19:314][ 23]LogModuleManager: Shutting down and abandoning module TargetPlatform (25)
[2017.05.09-02.41.19:314][ 23]LogModuleManager: Shutting down and abandoning module InputCore (24)
[2017.05.09-02.41.19:314][ 23]LogModuleManager: Shutting down and abandoning module Settings (23)
[2017.05.09-02.41.19:314][ 23]LogModuleManager: Shutting down and abandoning module OculusRift (22)
[2017.05.09-02.41.19:314][ 23]LogModuleManager: Shutting down and abandoning module GearVR (21)
[2017.05.09-02.41.19:314][ 23]LogModuleManager: Shutting down and abandoning module ExampleDeviceProfileSelector (20)
[2017.05.09-02.41.19:314][ 23]LogModuleManager: Shutting down and abandoning module OnlineBlueprintSupport (19)
[2017.05.09-02.41.19:314][ 23]LogModuleManager: Shutting down and abandoning module OnlineSubsystem (17)
[2017.05.09-02.41.19:314][ 23]LogOnline:Display: Unloading online subsystem: NULL
[2017.05.09-02.41.19:314][ 23]LogModuleManager: Shutting down and abandoning module HTTP (16)
[2017.05.09-02.41.19:314][ 23]LogHttp:Display: Http module shutting down, but needs to wait on 1 outstanding Http requests:
[2017.05.09-02.41.19:314][ 23]LogHttp:Display: 	verb=[POST] url=[https://datarouter.ol.epicgames.com/datarouter/api/v1/public/data?SessionID=%7B3834C3C4-45E3-06B9-D1E7-34B91928D56E%7D&AppID=UEEditor.Rocket.Release&AppVersion=4.13.2-3172292%2B%2B%2BUE4%2BRelease-4.13&UserID=afe82a2c45983813578d82a4d6943cf4%7C%7Cd16070ab-418c-45f1-9218-3fd00383b244&AppEnvironment=datacollector-binary&UploadType=eteventstream] status=Processing
[2017.05.09-02.41.19:316][ 23]LogModuleManager: Shutting down and abandoning module XMPP (15)
[2017.05.09-02.41.19:316][ 23]LogModuleManager: Shutting down and abandoning module TextureCompressor (14)
[2017.05.09-02.41.19:316][ 23]LogModuleManager: Shutting down and abandoning module ShaderCore (13)
[2017.05.09-02.41.19:316][ 23]LogModuleManager: Shutting down and abandoning module Landscape (12)
[2017.05.09-02.41.19:316][ 23]LogModuleManager: Shutting down and abandoning module SlateRHIRenderer (11)
[2017.05.09-02.41.19:317][ 23]LogModuleManager: Shutting down and abandoning module OpenGLDrv (10)
[2017.05.09-02.41.19:317][ 23]LogModuleManager: Shutting down and abandoning module D3D11RHI (9)
[2017.05.09-02.41.19:317][ 23]LogModuleManager: Shutting down and abandoning module AnimGraphRuntime (8)
[2017.05.09-02.41.19:317][ 23]LogModuleManager: Shutting down and abandoning module Renderer (7)
[2017.05.09-02.41.19:317][ 23]LogModuleManager: Shutting down and abandoning module Engine (6)
[2017.05.09-02.41.19:317][ 23]LogModuleManager: Shutting down and abandoning module CoreUObject (5)
[2017.05.09-02.41.19:317][ 23]LogModuleManager: Shutting down and abandoning module NetworkFile (4)
[2017.05.09-02.41.19:317][ 23]LogModuleManager: Shutting down and abandoning module StreamingFile (3)
[2017.05.09-02.41.19:318][ 23]LogModuleManager: Shutting down and abandoning module SandboxFile (2)
[2017.05.09-02.41.19:318][ 23]LogModuleManager: Shutting down and abandoning module PakFile (1)
[2017.05.09-02.41.19:319][ 23]LogExit: Exiting.
[2017.05.09-02.41.19:330][ 23]Log file closed, 05/08/17 19:41:19
