Log file open, 05/15/17 19:02:40
LogInit:Display: Running engine for game: vive_archery_ue4
LogPlatformFile: Not using cached read wrapper
LogInit:Display: RandInit(-165141371) SRandInit(-165141371).
LogTaskGraph: Started task graph with 5 named threads and 8 total threads with 1 sets of task threads.
LogStats: Stats thread started at 0.068896
LogPluginManager: Loaded Plugin Paper2D, From E:/Unreal Engine/UE_4.13/Engine/Plugins/2D/Paper2D/Paper2D.uplugin
LogPluginManager: Loaded Plugin LightPropagationVolume, From E:/Unreal Engine/UE_4.13/Engine/Plugins/Blendables/LightPropagationVolume/LightPropagationVolume.uplugin
LogPluginManager: Loaded Plugin BlankPlugin, From E:/Unreal Engine/UE_4.13/Engine/Plugins/Developer/BlankPlugin/BlankPlugin.uplugin
LogPluginManager: Loaded Plugin CodeLiteSourceCodeAccess, From E:/Unreal Engine/UE_4.13/Engine/Plugins/Developer/CodeLiteSourceCodeAccess/CodeLiteSourceCodeAccess.uplugin
LogPluginManager: Loaded Plugin GitSourceControl, From E:/Unreal Engine/UE_4.13/Engine/Plugins/Developer/GitSourceControl/GitSourceControl.uplugin
LogPluginManager: Loaded Plugin KDevelopSourceCodeAccess, From E:/Unreal Engine/UE_4.13/Engine/Plugins/Developer/KDevelopSourceCodeAccess/KDevelopSourceCodeAccess.uplugin
LogPluginManager: Loaded Plugin NullSourceCodeAccess, From E:/Unreal Engine/UE_4.13/Engine/Plugins/Developer/NullSourceCodeAccess/NullSourceCodeAccess.uplugin
LogPluginManager: Loaded Plugin OneSkyLocalizationService, From E:/Unreal Engine/UE_4.13/Engine/Plugins/Developer/OneSkyLocalizationService/OneSkyLocalizationService.uplugin
LogPluginManager: Loaded Plugin PerforceSourceControl, From E:/Unreal Engine/UE_4.13/Engine/Plugins/Developer/PerforceSourceControl/PerforceSourceControl.uplugin
LogPluginManager: Loaded Plugin SubversionSourceControl, From E:/Unreal Engine/UE_4.13/Engine/Plugins/Developer/SubversionSourceControl/SubversionSourceControl.uplugin
LogPluginManager: Loaded Plugin UObjectPlugin, From E:/Unreal Engine/UE_4.13/Engine/Plugins/Developer/UObjectPlugin/UObjectPlugin.uplugin
LogPluginManager: Loaded Plugin VisualStudioSourceCodeAccess, From E:/Unreal Engine/UE_4.13/Engine/Plugins/Developer/VisualStudioSourceCodeAccess/VisualStudioSourceCodeAccess.uplugin
LogPluginManager: Loaded Plugin XCodeSourceCodeAccess, From E:/Unreal Engine/UE_4.13/Engine/Plugins/Developer/XCodeSourceCodeAccess/XCodeSourceCodeAccess.uplugin
LogPluginManager: Loaded Plugin EpicSurvey, From E:/Unreal Engine/UE_4.13/Engine/Plugins/Editor/EpicSurvey/EpicSurvey.uplugin
LogPluginManager: Loaded Plugin MacGraphicsSwitching, From E:/Unreal Engine/UE_4.13/Engine/Plugins/Editor/MacGraphicsSwitching/MacGraphicsSwitching.uplugin
LogPluginManager: Loaded Plugin MobileLauncherProfileWizard, From E:/Unreal Engine/UE_4.13/Engine/Plugins/Editor/MobileLauncherProfileWizard/MobileLauncherProfileWizard.uplugin
LogPluginManager: Loaded Plugin PluginBrowser, From E:/Unreal Engine/UE_4.13/Engine/Plugins/Editor/PluginBrowser/PluginBrowser.uplugin
LogPluginManager: Loaded Plugin SpeedTreeImporter, From E:/Unreal Engine/UE_4.13/Engine/Plugins/Editor/SpeedTreeImporter/SpeedTreeImporter.uplugin
LogPluginManager: Loaded Plugin SuperSearchEditor, From E:/Unreal Engine/UE_4.13/Engine/Plugins/Editor/SuperSearchEditor/SuperSearchEditor.uplugin
LogPluginManager: Loaded Plugin AlembicImporter, From E:/Unreal Engine/UE_4.13/Engine/Plugins/Experimental/AlembicImporter/AlembicImporter.uplugin
LogPluginManager: Loaded Plugin BlueprintStats, From E:/Unreal Engine/UE_4.13/Engine/Plugins/Experimental/BlueprintStats/BlueprintStats.uplugin
LogPluginManager: Loaded Plugin CharacterAI, From E:/Unreal Engine/UE_4.13/Engine/Plugins/Experimental/CharacterAI/CharacterAI.uplugin
LogPluginManager: Loaded Plugin CodeEditor, From E:/Unreal Engine/UE_4.13/Engine/Plugins/Experimental/CodeEditor/CodeEditor.uplugin
LogPluginManager: Loaded Plugin CodeView, From E:/Unreal Engine/UE_4.13/Engine/Plugins/Experimental/CodeView/CodeView.uplugin
LogPluginManager: Loaded Plugin HTML5Networking, From E:/Unreal Engine/UE_4.13/Engine/Plugins/Experimental/HTML5Networking/HTML5Networking.uplugin
LogPluginManager: Loaded Plugin LiveEditor, From E:/Unreal Engine/UE_4.13/Engine/Plugins/Experimental/LiveEditor/LiveEditor.uplugin
LogPluginManager: Loaded Plugin OSVR, From E:/Unreal Engine/UE_4.13/Engine/Plugins/Experimental/OSVR/OSVR.uplugin
LogPluginManager: Loaded Plugin Phya, From E:/Unreal Engine/UE_4.13/Engine/Plugins/Experimental/Phya/Phya.uplugin
LogPluginManager: Loaded Plugin SignificanceManager, From E:/Unreal Engine/UE_4.13/Engine/Plugins/Experimental/SignificanceManager/SignificanceManager.uplugin
LogPluginManager: Loaded Plugin SimpleHMD, From E:/Unreal Engine/UE_4.13/Engine/Plugins/Experimental/SimpleHMD/SimpleHMD.uplugin
LogPluginManager: Loaded Plugin StereoPanorama, From E:/Unreal Engine/UE_4.13/Engine/Plugins/Experimental/StereoPanorama/StereoPanorama.uplugin
LogPluginManager: Loaded Plugin StructBox, From E:/Unreal Engine/UE_4.13/Engine/Plugins/Experimental/StructBox/StructBox.uplugin
LogPluginManager: Loaded Plugin GestureTrackerVR, From E:/Unreal Engine/UE_4.13/Engine/Plugins/Marketplace/GestureTrackerVR/GestureTrackerVR.uplugin
LogPluginManager: Loaded Plugin RunebergVRPlugin, From E:/Unreal Engine/UE_4.13/Engine/Plugins/Marketplace/RunebergVRPlugin/RunebergVRPlugin.uplugin
LogPluginManager: Loaded Plugin ShadowMocap, From E:/Unreal Engine/UE_4.13/Engine/Plugins/Marketplace/ShadowMocap/ShadowMocap.uplugin
LogPluginManager: Loaded Plugin Substance, From E:/Unreal Engine/UE_4.13/Engine/Plugins/Marketplace/Substance/Substance.uplugin
LogPluginManager: Loaded Plugin AndroidMedia, From E:/Unreal Engine/UE_4.13/Engine/Plugins/Media/AndroidMedia/AndroidMedia.uplugin
LogPluginManager: Loaded Plugin AvfMedia, From E:/Unreal Engine/UE_4.13/Engine/Plugins/Media/AvfMedia/AvfMedia.uplugin
LogPluginManager: Loaded Plugin MediaPlayerEditor, From E:/Unreal Engine/UE_4.13/Engine/Plugins/Media/MediaPlayerEditor/MediaPlayerEditor.uplugin
LogPluginManager: Loaded Plugin WmfMedia, From E:/Unreal Engine/UE_4.13/Engine/Plugins/Media/WmfMedia/WmfMedia.uplugin
LogPluginManager: Loaded Plugin MessagingDebugger, From E:/Unreal Engine/UE_4.13/Engine/Plugins/Messaging/MessagingDebugger/MessagingDebugger.uplugin
LogPluginManager: Loaded Plugin TcpMessaging, From E:/Unreal Engine/UE_4.13/Engine/Plugins/Messaging/TcpMessaging/TcpMessaging.uplugin
LogPluginManager: Loaded Plugin UdpMessaging, From E:/Unreal Engine/UE_4.13/Engine/Plugins/Messaging/UdpMessaging/UdpMessaging.uplugin
LogPluginManager: Loaded Plugin LevelSequenceEditor, From E:/Unreal Engine/UE_4.13/Engine/Plugins/MovieScene/LevelSequenceEditor/LevelSequenceEditor.uplugin
LogPluginManager: Loaded Plugin MatineeToLevelSequence, From E:/Unreal Engine/UE_4.13/Engine/Plugins/MovieScene/MatineeToLevelSequence/MatineeToLevelSequence.uplugin
LogPluginManager: Loaded Plugin NetcodeUnitTest, From E:/Unreal Engine/UE_4.13/Engine/Plugins/NetcodeUnitTest/NetcodeUnitTest/NetcodeUnitTest.uplugin
LogPluginManager: Loaded Plugin NUTUnrealEngine4, From E:/Unreal Engine/UE_4.13/Engine/Plugins/NetcodeUnitTest/NUTUnrealEngine4/NUTUnrealEngine4.uplugin
LogPluginManager: Loaded Plugin OnlineSubsystemGooglePlay, From E:/Unreal Engine/UE_4.13/Engine/Plugins/Online/Android/OnlineSubsystemGooglePlay/OnlineSubsystemGooglePlay.uplugin
LogPluginManager: Loaded Plugin OnlineSubsystemIOS, From E:/Unreal Engine/UE_4.13/Engine/Plugins/Online/IOS/OnlineSubsystemIOS/OnlineSubsystemIOS.uplugin
LogPluginManager: Loaded Plugin OnlineFramework, From E:/Unreal Engine/UE_4.13/Engine/Plugins/Online/OnlineFramework/OnlineFramework.uplugin
LogPluginManager: Loaded Plugin OnlineSubsystem, From E:/Unreal Engine/UE_4.13/Engine/Plugins/Online/OnlineSubsystem/OnlineSubsystem.uplugin
LogPluginManager: Loaded Plugin OnlineSubsystemAmazon, From E:/Unreal Engine/UE_4.13/Engine/Plugins/Online/OnlineSubsystemAmazon/OnlineSubsystemAmazon.uplugin
LogPluginManager: Loaded Plugin OnlineSubsystemFacebook, From E:/Unreal Engine/UE_4.13/Engine/Plugins/Online/OnlineSubsystemFacebook/OnlineSubsystemFacebook.uplugin
LogPluginManager: Loaded Plugin OnlineSubsystemNull, From E:/Unreal Engine/UE_4.13/Engine/Plugins/Online/OnlineSubsystemNull/OnlineSubsystemNull.uplugin
LogPluginManager: Loaded Plugin OnlineSubsystemOculus, From E:/Unreal Engine/UE_4.13/Engine/Plugins/Online/OnlineSubsystemOculus/OnlineSubsystemOculus.uplugin
LogPluginManager: Loaded Plugin OnlineSubsystemSteam, From E:/Unreal Engine/UE_4.13/Engine/Plugins/Online/OnlineSubsystemSteam/OnlineSubsystemSteam.uplugin
LogPluginManager: Loaded Plugin OnlineSubsystemUtils, From E:/Unreal Engine/UE_4.13/Engine/Plugins/Online/OnlineSubsystemUtils/OnlineSubsystemUtils.uplugin
LogPluginManager: Loaded Plugin IOSTapJoy, From E:/Unreal Engine/UE_4.13/Engine/Plugins/Runtime/Advertising/IOSTapJoy/IOSTapJoy.uplugin
LogPluginManager: Loaded Plugin AnalyticsBlueprintLibrary, From E:/Unreal Engine/UE_4.13/Engine/Plugins/Runtime/Analytics/AnalyticsBlueprintLibrary/AnalyticsBlueprintLibrary.uplugin
LogPluginManager: Loaded Plugin AnalyticsMulticast, From E:/Unreal Engine/UE_4.13/Engine/Plugins/Runtime/Analytics/AnalyticsMulticast/AnalyticsMulticast.uplugin
LogPluginManager: Loaded Plugin Apsalar, From E:/Unreal Engine/UE_4.13/Engine/Plugins/Runtime/Analytics/Apsalar/Apsalar.uplugin
LogPluginManager: Loaded Plugin FileLogging, From E:/Unreal Engine/UE_4.13/Engine/Plugins/Runtime/Analytics/FileLogging/FileLogging.uplugin
LogPluginManager: Loaded Plugin Flurry, From E:/Unreal Engine/UE_4.13/Engine/Plugins/Runtime/Analytics/Flurry/Flurry.uplugin
LogPluginManager: Loaded Plugin AndroidDeviceProfileSelector, From E:/Unreal Engine/UE_4.13/Engine/Plugins/Runtime/AndroidDeviceProfileSelector/AndroidDeviceProfileSelector.uplugin
LogPluginManager: Loaded Plugin AndroidMoviePlayer, From E:/Unreal Engine/UE_4.13/Engine/Plugins/Runtime/AndroidMoviePlayer/AndroidMoviePlayer.uplugin
LogPluginManager: Loaded Plugin AppleMoviePlayer, From E:/Unreal Engine/UE_4.13/Engine/Plugins/Runtime/AppleMoviePlayer/AppleMoviePlayer.uplugin
LogPluginManager: Loaded Plugin ArchVisCharacter, From E:/Unreal Engine/UE_4.13/Engine/Plugins/Runtime/ArchVisCharacter/ArchVisCharacter.uplugin
LogPluginManager: Loaded Plugin CableComponent, From E:/Unreal Engine/UE_4.13/Engine/Plugins/Runtime/CableComponent/CableComponent.uplugin
LogPluginManager: Loaded Plugin CustomMeshComponent, From E:/Unreal Engine/UE_4.13/Engine/Plugins/Runtime/CustomMeshComponent/CustomMeshComponent.uplugin
LogPluginManager: Loaded Plugin ExampleDeviceProfileSelector, From E:/Unreal Engine/UE_4.13/Engine/Plugins/Runtime/ExampleDeviceProfileSelector/ExampleDeviceProfileSelector.uplugin
LogPluginManager: Loaded Plugin GearVR, From E:/Unreal Engine/UE_4.13/Engine/Plugins/Runtime/GearVR/GearVR.uplugin
LogPluginManager: Loaded Plugin GoogleVRController, From E:/Unreal Engine/UE_4.13/Engine/Plugins/Runtime/GoogleVR/GoogleVRController/GoogleVRController.uplugin
LogPluginManager: Loaded Plugin GoogleVRHMD, From E:/Unreal Engine/UE_4.13/Engine/Plugins/Runtime/GoogleVR/GoogleVRHMD/GoogleVRHMD.uplugin
LogPluginManager: Loaded Plugin IOSDeviceProfileSelector, From E:/Unreal Engine/UE_4.13/Engine/Plugins/Runtime/IOSDeviceProfileSelector/IOSDeviceProfileSelector.uplugin
LogPluginManager: Loaded Plugin LeapMotion, From E:/Unreal Engine/UE_4.13/Engine/Plugins/Runtime/LeapMotion/LeapMotion.uplugin
LogPluginManager: Loaded Plugin LinuxDeviceProfileSelector, From E:/Unreal Engine/UE_4.13/Engine/Plugins/Runtime/LinuxDeviceProfileSelector/LinuxDeviceProfileSelector.uplugin
LogPluginManager: Loaded Plugin LiveEditorListenServer, From E:/Unreal Engine/UE_4.13/Engine/Plugins/Runtime/LiveEditorListenServer/LiveEditorListenServer.uplugin
LogPluginManager: Loaded Plugin OculusAudio, From E:/Unreal Engine/UE_4.13/Engine/Plugins/Runtime/OculusAudio/OculusAudio.uplugin
LogPluginManager: Loaded Plugin OculusInput, From E:/Unreal Engine/UE_4.13/Engine/Plugins/Runtime/OculusInput/OculusInput.uplugin
LogPluginManager: Loaded Plugin OculusLibrary, From E:/Unreal Engine/UE_4.13/Engine/Plugins/Runtime/OculusLibrary/OculusLibrary.uplugin
LogPluginManager: Loaded Plugin OculusRift, From E:/Unreal Engine/UE_4.13/Engine/Plugins/Runtime/OculusRift/OculusRift.uplugin
LogPluginManager: Loaded Plugin Oodle, From E:/Unreal Engine/UE_4.13/Engine/Plugins/Runtime/PacketHandlers/CompressionComponents/Oodle/Oodle.uplugin
LogPluginManager: Loaded Plugin ProceduralMeshComponent, From E:/Unreal Engine/UE_4.13/Engine/Plugins/Runtime/ProceduralMeshComponent/ProceduralMeshComponent.uplugin
LogPluginManager: Loaded Plugin SoundMod, From E:/Unreal Engine/UE_4.13/Engine/Plugins/Runtime/SoundMod/SoundMod.uplugin
LogPluginManager: Loaded Plugin SoundVisualizations, From E:/Unreal Engine/UE_4.13/Engine/Plugins/Runtime/SoundVisualizations/SoundVisualizations.uplugin
LogPluginManager: Loaded Plugin SteamController, From E:/Unreal Engine/UE_4.13/Engine/Plugins/Runtime/Steam/SteamController/SteamController.uplugin
LogPluginManager: Loaded Plugin SteamVR, From E:/Unreal Engine/UE_4.13/Engine/Plugins/Runtime/Steam/SteamVR/SteamVR.uplugin
LogPluginManager: Loaded Plugin WebBrowserWidget, From E:/Unreal Engine/UE_4.13/Engine/Plugins/Runtime/WebBrowserWidget/WebBrowserWidget.uplugin
LogPluginManager: Loaded Plugin WindowsDeviceProfileSelector, From E:/Unreal Engine/UE_4.13/Engine/Plugins/Runtime/WindowsDeviceProfileSelector/WindowsDeviceProfileSelector.uplugin
LogPluginManager: Loaded Plugin WindowsMoviePlayer, From E:/Unreal Engine/UE_4.13/Engine/Plugins/Runtime/WindowsMoviePlayer/WindowsMoviePlayer.uplugin
LogPluginManager: Loaded Plugin ScriptPlugin, From E:/Unreal Engine/UE_4.13/Engine/Plugins/ScriptPlugin/ScriptPlugin.uplugin
LogPluginManager: Loaded Plugin SlateRemote, From E:/Unreal Engine/UE_4.13/Engine/Plugins/Slate/SlateRemote/SlateRemote.uplugin
LogInit:Warning: Incompatible or missing module: UE4Editor-vive_archery_ue4.dll
Running E:/Unreal Engine/UE_4.13/Engine/Binaries/DotNET/UnrealBuildTool.exe vive_archery_ue4 Development Win64 -project="C:/Users/StudentUser/Documents/GitHub/272072/Castle-Guard-Working-Bow/CastleGuard/vive_archery_ue4-master/vive_archery_ue4.uproject" -editorrecompile -progress -noubtmakefiles -NoHotReloadFromIDE
@progress push 5%
@progress pop
Performing 4 actions (4 in parallel)
PCH.vive_archery_ue4.h.cpp
MyClass.cpp
vive_archery_ue4.cpp
[4/4] Link UE4Editor-vive_archery_ue4.dll
   Creating library C:\Users\StudentUser\Documents\GitHub\272072\Castle-Guard-Working-Bow\CastleGuard\vive_archery_ue4-master\Intermediate\Build\Win64\UE4Editor\Development\UE4Editor-vive_archery_ue4.lib and object C:\Users\StudentUser\Documents\GitHub\272072\Castle-Guard-Working-Bow\CastleGuard\vive_archery_ue4-master\Intermediate\Build\Win64\UE4Editor\Development\UE4Editor-vive_archery_ue4.exp
Total build time: 55.92 seconds
LogInit: Using libcurl 7.47.1
LogInit:  - built for x86_64-pc-win32
LogInit:  - supports SSL with WinSSL
LogInit:  - other features:
LogInit:      CURL_VERSION_SSL
LogInit:      CURL_VERSION_IPV6
LogInit:      CURL_VERSION_ASYNCHDNS
LogInit:      CURL_VERSION_LARGEFILE
LogInit:      CURL_VERSION_IDN
LogInit:  CurlRequestOptions (configurable via config and command line):
LogInit:  - bVerifyPeer = false  - Libcurl will NOT verify peer certificate
LogInit:  - bUseHttpProxy = false  - Libcurl will NOT use HTTP proxy
LogInit:  - bDontReuseConnections = false  - Libcurl will reuse connections
LogInit:  - CertBundlePath = nullptr  - Libcurl will use whatever was configured at build time.
LogInit: Build: ++UE4+Release-4.13-CL-3172292
LogInit: Engine Version: 4.13.2-3172292+++UE4+Release-4.13
LogInit: Compatible Engine Version: 4.13.0-3106830+++UE4+Release-4.13
LogInit: Net CL: 3172292
LogDevObjectVersion: Number of dev versions registered: 13
LogDevObjectVersion:   Dev-Blueprints (B0D832E4-1F89-4F0D-ACCF-7EB736FD4AA2): 5
LogDevObjectVersion:   Dev-Build (E1C64328-A22C-4D53-A36C-8E866417BD8C): 0
LogDevObjectVersion:   Dev-Core (375EC13C-06E4-48FB-B500-84F0262A717E): 1
LogDevObjectVersion:   Dev-Editor (E4B068ED-F494-42E9-A231-DA0B2E46BB41): 6
LogDevObjectVersion:   Dev-Framework (CFFC743F-43B0-4480-9391-14DF171D2073): 12
LogDevObjectVersion:   Dev-Mobile (B02B49B5-BB20-44E9-A304-32B752E40360): 0
LogDevObjectVersion:   Dev-Networking (A4E4105C-59A1-49B5-A7C5-40C4547EDFEE): 0
LogDevObjectVersion:   Dev-Online (39C831C9-5AE6-47DC-9A44-9C173E1C8E7C): 0
LogDevObjectVersion:   Dev-Physics (78F01B33-EBEA-4F98-B9B4-84EACCB95AA2): 0
LogDevObjectVersion:   Dev-Platform (6631380F-2D4D-43E0-8009-CF276956A95A): 0
LogDevObjectVersion:   Dev-Rendering (12F88B9F-8875-4AFC-A67C-D90C383ABD29): 4
LogDevObjectVersion:   Dev-Sequencer (7B5AE74C-D270-4C10-A958-57980B212A5A): 0
LogDevObjectVersion:   Dev-VR (D7296918-1DD6-4BDD-9DE2-64A83CC13884): 0
LogInit: Compiled (64-bit): Oct 24 2016 14:29:06
LogInit: Compiled with Visual C++: 19.00.23026.00
LogInit: Build Configuration: Development
LogInit: Branch Name: ++UE4+Release-4.13
LogInit: Command line: 
LogInit: Base directory: E:/Unreal Engine/UE_4.13/Engine/Binaries/Win64/
LogInit: Installed Engine Build: 1
LogInit: Presizing for max 8388607 objects, including 0 objects not considered by GC, pre-allocating 0 bytes for permanent pool.
LogInit: Object subsystem initialized
LogStats: FPlatformStackWalk::StackWalkAndDump -  0.050 s
LogOutputDevice:Error: === Handled ensure: ===
LogOutputDevice:Error: 
LogOutputDevice:Error: Ensure condition failed: false [File:D:\Build\++UE4+Release-4.13+Compile\Sync\Engine\Source\Runtime\Core\Private\Misc\ConfigCacheIni.cpp] [Line: 3448]
LogOutputDevice:Error: The ini file 'C:/Users/StudentUser/Documents/GitHub/272072/Castle-Guard-Working-Bow/CastleGuard/vive_archery_ue4-master/Saved/Config/Windows/Engine.ini' tries to set the console variable 'showflag.decals' marked with ECVF_Cheat, this is only allowed in consolevariables.ini
LogOutputDevice:Error: Stack: 
LogOutputDevice:Error: UE4Editor-Core.dll
LogOutputDevice:Error: UE4Editor-Core.dll
LogOutputDevice:Error: UE4Editor-Core.dll
LogOutputDevice:Error: UE4Editor-Core.dll
LogOutputDevice:Error: UE4Editor-Engine.dll
LogOutputDevice:Error: UE4Editor-Core.dll
LogOutputDevice:Error: UE4Editor-Engine.dll
LogOutputDevice:Error: UE4Editor-Engine.dll
LogOutputDevice:Error: UE4Editor.exe
LogOutputDevice:Error: UE4Editor.exe
LogOutputDevice:Error: UE4Editor.exe
LogOutputDevice:Error: UE4Editor.exe
LogOutputDevice:Error: UE4Editor.exe
LogOutputDevice:Error: KERNEL32.DLL
LogOutputDevice:Error: ntdll.dll
LogOutputDevice:Error: ntdll.dll
LogOutputDevice:Error: 
LogStats:                SubmitErrorReport -  0.000 s
LogStats:                    SendNewReport -  0.152 s
LogStats:             FDebug::EnsureFailed -  0.202 s
[2017.05.16-02.03.38:537][  0]LogConsoleManager:Display: Setting the console variable 'r.SeparateTranslucency' with 'SetByProjectSetting' was ignored as it is lower priority than the previous 'SetBySystemSettingsIni'
[2017.05.16-02.03.38:539][  0]LogConsoleManager:Display: Setting the console variable 'r.ScreenPercentage' with 'SetByScalability' was ignored as it is lower priority than the previous 'SetBySystemSettingsIni'
[2017.05.16-02.03.38:539][  0]LogConsoleManager:Display: Setting the console variable 'r.PostProcessAAQuality' with 'SetByScalability' was ignored as it is lower priority than the previous 'SetBySystemSettingsIni'
[2017.05.16-02.03.38:539][  0]LogConsoleManager:Display: Setting the console variable 'r.MotionBlurQuality' with 'SetByScalability' was ignored as it is lower priority than the previous 'SetBySystemSettingsIni'
[2017.05.16-02.03.38:539][  0]LogConsoleManager:Display: Setting the console variable 'r.AmbientOcclusionLevels' with 'SetByScalability' was ignored as it is lower priority than the previous 'SetBySystemSettingsIni'
[2017.05.16-02.03.38:539][  0]LogConsoleManager:Display: Setting the console variable 'r.DepthOfFieldQuality' with 'SetByScalability' was ignored as it is lower priority than the previous 'SetBySystemSettingsIni'
[2017.05.16-02.03.38:539][  0]LogConsoleManager:Display: Setting the console variable 'r.LensFlareQuality' with 'SetByScalability' was ignored as it is lower priority than the previous 'SetBySystemSettingsIni'
[2017.05.16-02.03.38:539][  0]LogConsoleManager:Display: Setting the console variable 'r.SceneColorFringeQuality' with 'SetByScalability' was ignored as it is lower priority than the previous 'SetBySystemSettingsIni'
[2017.05.16-02.03.38:539][  0]LogConsoleManager:Display: Setting the console variable 'r.EyeAdaptationQuality' with 'SetByScalability' was ignored as it is lower priority than the previous 'SetBySystemSettingsIni'
[2017.05.16-02.03.38:539][  0]LogConsoleManager:Display: Setting the console variable 'r.BloomQuality' with 'SetByScalability' was ignored as it is lower priority than the previous 'SetBySystemSettingsIni'
[2017.05.16-02.03.38:539][  0]LogConsoleManager:Display: Setting the console variable 'r.FastBlurThreshold' with 'SetByScalability' was ignored as it is lower priority than the previous 'SetBySystemSettingsIni'
[2017.05.16-02.03.38:539][  0]LogConsoleManager:Display: Setting the console variable 'r.MaxAnisotropy' with 'SetByScalability' was ignored as it is lower priority than the previous 'SetBySystemSettingsIni'
[2017.05.16-02.03.38:539][  0]LogConsoleManager:Display: Setting the console variable 'r.TranslucencyLightingVolumeDim' with 'SetByScalability' was ignored as it is lower priority than the previous 'SetBySystemSettingsIni'
[2017.05.16-02.03.38:539][  0]LogConsoleManager:Display: Setting the console variable 'r.SSR.Quality' with 'SetByScalability' was ignored as it is lower priority than the previous 'SetBySystemSettingsIni'
[2017.05.16-02.03.38:539][  0]LogConsoleManager:Display: Setting the console variable 'r.SceneColorFormat' with 'SetByScalability' was ignored as it is lower priority than the previous 'SetBySystemSettingsIni'
[2017.05.16-02.03.38:539][  0]LogConsoleManager:Display: Setting the console variable 'r.TranslucencyVolumeBlur' with 'SetByScalability' was ignored as it is lower priority than the previous 'SetBySystemSettingsIni'
[2017.05.16-02.03.38:539][  0]LogInit: Selected Device Profile: [Windows]
[2017.05.16-02.03.38:539][  0]LogInit: Applying CVar settings loaded from the selected device profile: [Windows]
[2017.05.16-02.03.38:551][  0]LogInit: Computer: AI911LAB238VIV
[2017.05.16-02.03.38:551][  0]LogInit: User: StudentUser
[2017.05.16-02.03.38:551][  0]LogInit: CPU Page size=65536, Cores=4
[2017.05.16-02.03.38:551][  0]LogInit: High frequency timer resolution =3.410075 MHz
[2017.05.16-02.03.38:552][  0]LogMemory: Memory total: Physical=15.9GB (16GB approx)
[2017.05.16-02.03.38:552][  0]LogMemory: Platform Memory Stats for Windows
[2017.05.16-02.03.38:552][  0]LogMemory: Process Physical Memory: 266.32 MB used, 266.32 MB peak
[2017.05.16-02.03.38:552][  0]LogMemory: Process Virtual Memory: 264.75 MB used, 264.75 MB peak
[2017.05.16-02.03.38:552][  0]LogMemory: Physical Memory: 5248.61 MB used, 16291.25 MB total
[2017.05.16-02.03.38:552][  0]LogMemory: Virtual Memory: 662.39 MB used, 134217728.00 MB total
[2017.05.16-02.03.38:576][  0]LogTextLocalizationManager: No specific translations for ('en-US') exist, so ('en') translations will be used.
[2017.05.16-02.03.39:094][  0]LogD3D11RHI: D3D11 adapters:
[2017.05.16-02.03.39:121][  0]LogD3D11RHI:    0. 'NVIDIA GeForce GTX 970' (Feature Level 11_0)
[2017.05.16-02.03.39:121][  0]LogD3D11RHI:       4058/0/8145 MB DedicatedVideo/DedicatedSystem/SharedSystem, Outputs:1, VendorId:0x10de
[2017.05.16-02.03.39:122][  0]LogD3D11RHI:    1. 'Microsoft Basic Render Driver' (Feature Level 11_0)
[2017.05.16-02.03.39:122][  0]LogD3D11RHI:       0/0/8145 MB DedicatedVideo/DedicatedSystem/SharedSystem, Outputs:0, VendorId:0x1414
[2017.05.16-02.03.39:122][  0]LogD3D11RHI: Chosen D3D11 Adapter: 0
[2017.05.16-02.03.39:126][  0]LogD3D11RHI: Creating new Direct3DDevice
[2017.05.16-02.03.39:126][  0]LogD3D11RHI:     GPU DeviceId: 0x13c2 (for the marketing name, search the web for "GPU Device Id")
[2017.05.16-02.03.39:126][  0]LogWindows: EnumDisplayDevices:
[2017.05.16-02.03.39:126][  0]LogWindows:    0. 'NVIDIA GeForce GTX 970' (P:1 D:1)
[2017.05.16-02.03.39:126][  0]LogWindows:    1. 'NVIDIA GeForce GTX 970' (P:0 D:0)
[2017.05.16-02.03.39:126][  0]LogWindows:    2. 'NVIDIA GeForce GTX 970' (P:0 D:0)
[2017.05.16-02.03.39:126][  0]LogWindows:    3. 'NVIDIA GeForce GTX 970' (P:0 D:0)
[2017.05.16-02.03.39:126][  0]LogWindows: DebugString: FoundDriverCount:4 
[2017.05.16-02.03.39:126][  0]LogD3D11RHI:     Adapter Name: NVIDIA GeForce GTX 970
[2017.05.16-02.03.39:126][  0]LogD3D11RHI:   Driver Version: 369.09 (internal:21.21.13.6909, unified:369.09)
[2017.05.16-02.03.39:126][  0]LogD3D11RHI:      Driver Date: 8-1-2016
[2017.05.16-02.03.39:126][  0]LogRHI: Texture pool is 1361 MB (70% of 1945 MB)
[2017.05.16-02.03.39:138][  0]LogD3D11RHI: Async texture creation enabled
[2017.05.16-02.03.39:147][  0]LogD3D11RHI: GPU Timing Frequency: 1000.000000 (Debug: 2 1)
[2017.05.16-02.03.39:147][  0]LogShaderCompilers: Guid format shader working directory is -57 characters bigger than the processId version (C:/Users/StudentUser/Documents/GitHub/272072/Castle-Guard-Working-Bow/CastleGuard/vive_archery_ue4-master/Intermediate/Shaders/WorkingDirectory/10064/).
[2017.05.16-02.03.39:147][  0]LogShaderCompilers: Cleaned the shader compiler working directory 'C:/Users/STUDEN~1/AppData/Local/Temp/UnrealShaderWorkingDir/E4AFADB945AA3A57D9E835AE58B5C594/'.
[2017.05.16-02.03.39:147][  0]LogShaderCompilers:Display: Using Local Shader Compiler.
[2017.05.16-02.03.40:024][  0]LogTemp:Display: Loaded TP AllDesktopTargetPlatform
[2017.05.16-02.03.40:032][  0]LogTemp:Display: Loaded TP WindowsClientTargetPlatform
[2017.05.16-02.03.40:039][  0]LogTemp:Display: Loaded TP WindowsNoEditorTargetPlatform
[2017.05.16-02.03.40:045][  0]LogTemp:Display: Loaded TP WindowsServerTargetPlatform
[2017.05.16-02.03.40:052][  0]LogTemp:Display: Loaded TP WindowsTargetPlatform
[2017.05.16-02.03.40:058][  0]LogTemp:Display: Loaded TP AndroidTargetPlatform
[2017.05.16-02.03.40:065][  0]LogTemp:Display: Loaded TP Android_ASTCTargetPlatform
[2017.05.16-02.03.40:073][  0]LogTemp:Display: Loaded TP Android_ATCTargetPlatform
[2017.05.16-02.03.40:079][  0]LogTemp:Display: Loaded TP Android_DXTTargetPlatform
[2017.05.16-02.03.40:085][  0]LogTemp:Display: Loaded TP Android_ETC1TargetPlatform
[2017.05.16-02.03.40:090][  0]LogTemp:Display: Loaded TP Android_ETC2TargetPlatform
[2017.05.16-02.03.40:102][  0]LogTemp:Display: Loaded TP Android_MultiTargetPlatform
[2017.05.16-02.03.40:102][  0]LogTemp:Display: Loaded TP Android_PVRTCTargetPlatform
[2017.05.16-02.03.40:103][  0]LogTemp:Display: Loaded TP HTML5TargetPlatform
[2017.05.16-02.03.40:121][  0]LogTemp:Display: Loaded TP IOSTargetPlatform
[2017.05.16-02.03.40:126][  0]LogTemp:Display: Loaded TP TVOSTargetPlatform
[2017.05.16-02.03.40:132][  0]LogTemp:Display: Loaded TP LinuxClientTargetPlatform
[2017.05.16-02.03.40:137][  0]LogTemp:Display: Loaded TP LinuxNoEditorTargetPlatform
[2017.05.16-02.03.40:143][  0]LogTemp:Display: Loaded TP LinuxServerTargetPlatform
[2017.05.16-02.03.40:149][  0]LogTemp:Display: Loaded TP LinuxTargetPlatform
[2017.05.16-02.03.40:149][  0]LogTargetPlatformManager:Display: Building Assets For Windows
[2017.05.16-02.03.40:199][  0]LogDerivedDataCache:Display: Max Cache Size: 512 MB
[2017.05.16-02.03.40:276][  0]LogDerivedDataCache: Loaded boot cache 0.08s 78MB C:/Users/StudentUser/AppData/Local/UnrealEngine/4.13/DerivedDataCache/Boot.ddc.
[2017.05.16-02.03.40:276][  0]LogDerivedDataCache:Display: Loaded Boot cache: C:/Users/StudentUser/AppData/Local/UnrealEngine/4.13/DerivedDataCache/Boot.ddc
[2017.05.16-02.03.40:276][  0]LogDerivedDataCache: FDerivedDataBackendGraph:  Pak pak cache file C:/Users/StudentUser/Documents/GitHub/272072/Castle-Guard-Working-Bow/CastleGuard/vive_archery_ue4-master/DerivedDataCache/DDC.ddp not found, will not use a pak cache.
[2017.05.16-02.03.40:276][  0]LogDerivedDataCache: Unable to find inner node Pak for hierarchical cache Hierarchy.
[2017.05.16-02.03.40:276][  0]LogDerivedDataCache: FDerivedDataBackendGraph:  CompressedPak pak cache file C:/Users/StudentUser/Documents/GitHub/272072/Castle-Guard-Working-Bow/CastleGuard/vive_archery_ue4-master/DerivedDataCache/Compressed.ddp not found, will not use a pak cache.
[2017.05.16-02.03.40:276][  0]LogDerivedDataCache: Unable to find inner node CompressedPak for hierarchical cache Hierarchy.
[2017.05.16-02.03.40:291][  0]LogDerivedDataCache:Display: Pak cache opened for reading ../../../Engine/DerivedDataCache/Compressed.ddp.
[2017.05.16-02.03.40:303][  0]LogDerivedDataCache: Using Local data cache path C:/Users/StudentUser/AppData/Local/UnrealEngine/Common/DerivedDataCache: Writable
[2017.05.16-02.03.41:267][  0]LogInit: Selected Device Profile: [Windows]
[2017.05.16-02.03.41:271][  0]LogContentStreaming: Texture pool size is 0.00 MB
[2017.05.16-02.03.41:334][  0]LogMaterial: Missing cached shader map for material WorldGridMaterial, compiling. Is special engine material.
[2017.05.16-02.05.02:906][  0]LogMaterial: Missing cached shader map for material DefaultDeferredDecalMaterial, compiling. 
[2017.05.16-02.05.08:445][  0]LogMaterial: Missing cached shader map for material DefaultLightFunctionMaterial, compiling. 
[2017.05.16-02.05.09:177][  0]LogMaterial: Missing cached shader map for material DefaultPostProcessMaterial, compiling. 
[2017.05.16-02.05.09:829][  0]LogMaterial: Missing cached shader map for material CineMat, compiling. 
[2017.05.16-02.05.09:859][  0]LogMeshUtilities: No automatic mesh reduction module available
[2017.05.16-02.05.09:859][  0]LogMeshUtilities: No automatic mesh merging module available
[2017.05.16-02.05.09:859][  0]LogMeshUtilities: No distributed automatic mesh merging module available
[2017.05.16-02.05.09:890][  0]LogMaterial: Missing cached shader map for material MatineeCam_mat, compiling. 
[2017.05.16-02.05.09:916][  0]LogMaterial: Missing cached shader map for material M_SimpleOpaque, compiling. 
[2017.05.16-02.05.09:939][  0]LogMaterial: Missing cached shader map for material M_SimpleTranslucent, compiling. 
[2017.05.16-02.05.09:995][  0]LogMaterial: Uniform references updated for custom material expression Custom.
[2017.05.16-02.05.09:998][  0]LogMaterial: Missing cached shader map for material Widget3DPassThrough, compiling. 
[2017.05.16-02.05.10:011][  0]LogMaterial: Missing cached shader map for material Widget3DPassThrough, compiling. 
[2017.05.16-02.05.10:029][  0]LogMaterial: Missing cached shader map for material Widget3DPassThrough, compiling. 
[2017.05.16-02.05.10:043][  0]LogMaterial: Missing cached shader map for material Widget3DPassThrough, compiling. 
[2017.05.16-02.05.10:061][  0]LogMaterial: Missing cached shader map for material Widget3DPassThrough, compiling. 
[2017.05.16-02.05.10:080][  0]LogMaterial: Missing cached shader map for material Widget3DPassThrough, compiling. 
[2017.05.16-02.05.10:216][  0]LogMaterial: Missing cached shader map for material SkySphereMaterial, compiling. 
[2017.05.16-02.05.10:233][  0]LogMaterial: Missing cached shader map for material FloorPlaneMaterial, compiling. 
[2017.05.16-02.05.10:348][  0]LogMaterial: Missing cached shader map for material LandscapeGizmo_Mat, compiling. 
[2017.05.16-02.05.10:378][  0]LogMaterial: Missing cached shader map for material LandscapeGizmoHeight_Mat, compiling. 
[2017.05.16-02.05.10:439][  0]LogMaterial: Missing cached shader map for material SplineEditorMeshMat, compiling. 
[2017.05.16-02.05.10:473][  0]LogMaterial: Missing cached shader map for material HelpActorMaterial, compiling. 
[2017.05.16-02.05.10:570][  0]LogMaterial: Missing cached shader map for material DefaultTextMaterialOpaque, compiling. 
[2017.05.16-02.05.10:644][  0]LogNetVersion: GetLocalNetworkVersion: CL: 3106830, ProjectName: vive_archery_ue4, ProjectVersion: , EngineNetworkVersion: 1, GameNetworkVersion: 0, NetworkChecksum: 2616931300
[2017.05.16-02.05.10:654][  0]LogMaterial: Missing cached shader map for material DefaultMaterial, compiling. 
[2017.05.16-02.05.10:768][  0]LogAssetRegistry: FAssetRegistry took 0.0218 seconds to start up
[2017.05.16-02.05.10:772][  0]LogDirectoryWatcher:Warning: Failed to begin reading directory changes for ../../../Engine/Plugins/Marketplace/RunebergVRPlugin/Content/. Error: The system cannot find the file specified. (0x00000002)
[2017.05.16-02.05.10:830][  0]LogPackageLocalizationCache: Processed 5 localized package path(s) for 2 prioritized culture(s) in 0.058026 seconds
[2017.05.16-02.05.10:838][  0]LogUObjectArray: 29778 objects as part of root set at end of initial load.
[2017.05.16-02.05.10:838][  0]LogUObjectAllocator: 6125448 out of 0 bytes used by permanent object pool.
[2017.05.16-02.05.10:838][  0]LogUObjectArray: CloseDisregardForGC: 0/0 objects in disregard for GC pool
[2017.05.16-02.05.10:849][  0]LogInit: WinSock: version 1.1 (2.2), MaxSocks=32767, MaxUdp=65467
[2017.05.16-02.05.10:977][  0]LogMaterial: Missing cached shader map for material TransformGizmoMaterial, compiling. 
[2017.05.16-02.05.10:988][  0]LogMaterial: Missing cached shader map for material TranslucentTransformGizmoMaterial, compiling. 
[2017.05.16-02.05.11:025][  0]LogMaterial: Missing cached shader map for material M_ContentWindow, compiling. 
[2017.05.16-02.05.11:071][  0]LogMaterial: Missing cached shader map for material LineMaterial, compiling. 
[2017.05.16-02.05.11:087][  0]LogMaterial: Missing cached shader map for material VRTextMaterial, compiling. 
[2017.05.16-02.05.11:108][  0]LogMaterial: Missing cached shader map for material VRTextMaterial, compiling. 
[2017.05.16-02.05.11:130][  0]LogMaterial: Missing cached shader map for material GenericHMDMaterial, compiling. 
[2017.05.16-02.05.11:162][  0]LogMaterial: Missing cached shader map for material FlattenHeightMat, compiling. 
[2017.05.16-02.05.11:181][  0]LogMaterial: Missing cached shader map for material GridMaterial, compiling. 
[2017.05.16-02.05.11:203][  0]LogMaterial: Missing cached shader map for material LaserPointerMaterial, compiling. 
[2017.05.16-02.05.11:220][  0]LogMaterial: Missing cached shader map for material LaserPointerMaterial, compiling. 
[2017.05.16-02.05.11:249][  0]LogMaterial: Missing cached shader map for material GridPostProcess, compiling. 
[2017.05.16-02.05.11:284][  0]LogSlate: SlateFontCache - WITH_FREETYPE: 1, WITH_HARFBUZZ: 1
[2017.05.16-02.05.11:284][  0]LogSlate: SlateFontCache - WITH_FREETYPE: 1, WITH_HARFBUZZ: 1
[2017.05.16-02.05.12:067][  0]LogMaterial: Missing cached shader map for material DefaultSpriteMaterial, compiling. 
[2017.05.16-02.05.12:086][  0]LogMaterial: Missing cached shader map for material DefaultSpriteMaterial, compiling. 
[2017.05.16-02.05.12:128][  0]LogSubstanceCoreModule: Substance CPU Engine Loaded, Max Texture Size 2048
[2017.05.16-02.05.12:141][  0]LogTcpMessaging: Initializing TcpMessaging bridge
[2017.05.16-02.05.12:165][  0]LogUdpMessaging: Initializing bridge on interface 0.0.0.0:0 to multicast group 230.0.0.1:6666.
[2017.05.16-02.05.12:286][  0]LogMaterial: Missing cached shader map for material BaseColor, compiling. 
[2017.05.16-02.05.12:297][  0]LogMaterial: Missing cached shader map for material CustomDepth, compiling. 
[2017.05.16-02.05.12:315][  0]LogMaterial: Missing cached shader map for material CustomStencil, compiling. 
[2017.05.16-02.05.12:326][  0]LogMaterial: Missing cached shader map for material FinalImage, compiling. 
[2017.05.16-02.05.12:336][  0]LogMaterial: Missing cached shader map for material LightingModel, compiling. 
[2017.05.16-02.05.12:348][  0]LogMaterial: Missing cached shader map for material MaterialAO, compiling. 
[2017.05.16-02.05.12:358][  0]LogMaterial: Missing cached shader map for material Metallic, compiling. 
[2017.05.16-02.05.12:370][  0]LogMaterial: Missing cached shader map for material Opacity, compiling. 
[2017.05.16-02.05.12:381][  0]LogMaterial: Missing cached shader map for material Roughness, compiling. 
[2017.05.16-02.05.12:393][  0]LogMaterial: Missing cached shader map for material SceneColor, compiling. 
[2017.05.16-02.05.12:404][  0]LogMaterial: Missing cached shader map for material SceneDepth, compiling. 
[2017.05.16-02.05.12:416][  0]LogMaterial: Missing cached shader map for material SeparateTranslucencyRGB, compiling. 
[2017.05.16-02.05.12:427][  0]LogMaterial: Missing cached shader map for material SeparateTranslucencyA, compiling. 
[2017.05.16-02.05.12:438][  0]LogMaterial: Missing cached shader map for material Specular, compiling. 
[2017.05.16-02.05.12:449][  0]LogMaterial: Missing cached shader map for material SubsurfaceColor, compiling. 
[2017.05.16-02.05.12:459][  0]LogMaterial: Missing cached shader map for material WorldNormal, compiling. 
[2017.05.16-02.05.12:471][  0]LogMaterial: Missing cached shader map for material AmbientOcclusion, compiling. 
[2017.05.16-02.05.12:488][  0]LogMaterial: Missing cached shader map for material CustomDepthWorldUnits, compiling. 
[2017.05.16-02.05.12:499][  0]LogMaterial: Missing cached shader map for material SceneDepthWorldUnits, compiling. 
[2017.05.16-02.05.12:510][  0]LogMaterial: Missing cached shader map for material HDRColor, compiling. 
[2017.05.16-02.05.12:606][  0]SourceControl: Info Source control is disabled
[2017.05.16-02.05.12:651][  0]SourceControl: Info Source control is disabled
[2017.05.16-02.05.12:661][  0]SourceControl: Info Source control is disabled
[2017.05.16-02.05.12:671][  0]SourceControl: Info Source control is disabled
[2017.05.16-02.05.12:814][  0]LogMaterial: Missing cached shader map for material TrackBaseMaterial, compiling. 
[2017.05.16-02.05.12:881][  0]LogMaterial: Missing cached shader map for material PredictBaseMaterial, compiling. 
[2017.05.16-02.05.12:945][  0]LogMaterial: Missing cached shader map for material PredictSuccessMaterial, compiling. 
[2017.05.16-02.05.13:232][  0]LogMaterial: Missing cached shader map for material HighResScreenshot, compiling. 
[2017.05.16-02.05.13:248][  0]LogMaterial: Missing cached shader map for material HighResScreenshotMask, compiling. 
[2017.05.16-02.05.13:269][  0]LogMaterial: Missing cached shader map for material HighResScreenshotCaptureRegion, compiling. 
[2017.05.16-02.05.13:307][  0]LogEngine: Initializing Engine...
[2017.05.16-02.05.13:308][  0]LogHMD: Failed to initialize OpenVR with code 110
[2017.05.16-02.05.13:314][  0]LogMaterial: Missing cached shader map for material WireframeMaterial, compiling. Is special engine material.
[2017.05.16-02.05.13:531][  0]LogMaterial: Missing cached shader map for material LevelColorationLitMaterial, compiling. Is special engine material.
[2017.05.16-02.05.14:100][  0]LogMaterial: Missing cached shader map for material LevelColorationUnlitMaterial, compiling. Is special engine material.
[2017.05.16-02.05.14:288][  0]LogMaterial: Missing cached shader map for material MAT_LevelColorationLitLightmapUV, compiling. Is special engine material.
[2017.05.16-02.05.14:860][  0]LogMaterial: Missing cached shader map for material ShadedLevelColorationLitMaterial, compiling. Is special engine material.
[2017.05.16-02.05.15:430][  0]LogMaterial: Missing cached shader map for material ShadedLevelColorationUnlitMateri, compiling. Is special engine material.
[2017.05.16-02.05.15:611][  0]LogMaterial: Missing cached shader map for material VertexColorMaterial, compiling. 
[2017.05.16-02.05.15:658][  0]LogMaterial: Missing cached shader map for material VertexColorViewMode_ColorOnly, compiling. 
[2017.05.16-02.05.15:673][  0]LogMaterial: Missing cached shader map for material VertexColorViewMode_AlphaAsColor, compiling. 
[2017.05.16-02.05.15:688][  0]LogMaterial: Missing cached shader map for material VertexColorViewMode_RedOnly, compiling. 
[2017.05.16-02.05.15:702][  0]LogMaterial: Missing cached shader map for material VertexColorViewMode_GreenOnly, compiling. 
[2017.05.16-02.05.15:716][  0]LogMaterial: Missing cached shader map for material VertexColorViewMode_BlueOnly, compiling. 
[2017.05.16-02.05.15:730][  0]LogMaterial: Missing cached shader map for material RemoveSurfaceMaterial, compiling. 
[2017.05.16-02.05.15:738][  0]LogMaterial: Missing cached shader map for material DebugMeshMaterial, compiling. 
[2017.05.16-02.05.15:755][  0]LogMaterial: Missing cached shader map for material M_InvalidLightmapSettings, compiling. 
[2017.05.16-02.05.15:795][  0]LogMaterial: Missing cached shader map for material GizmoMaterial, compiling. 
[2017.05.16-02.05.15:810][  0]LogMaterial: Missing cached shader map for material PhAT_JointLimitMaterial, compiling. 
[2017.05.16-02.05.15:826][  0]LogMaterial: Missing cached shader map for material GeomMaterial, compiling. 
[2017.05.16-02.05.15:841][  0]LogMaterial: Missing cached shader map for material EditorBrushMaterial, compiling. 
[2017.05.16-02.05.15:858][  0]LogMaterial: Missing cached shader map for material BoneWeightMaterial, compiling. 
[2017.05.16-02.05.15:942][  0]LogMaterial: Missing cached shader map for material PreviewShadowIndicatorMaterial, compiling. 
[2017.05.16-02.05.15:983][  0]LogAIModule: Creating AISystem for world Untitled
[2017.05.16-02.05.15:998][  0]LogInit: XAudio2 using 'Speakers (USB Audio Device)' : 2 channels at 44.1 kHz using 16 bits per sample (channel mask 0x3)
[2017.05.16-02.05.16:023][  0]LogInit: FAudioDevice initialized.
[2017.05.16-02.05.16:070][  0]LogDerivedDataCache: Saved boot cache 0.05s 81MB C:/Users/StudentUser/AppData/Local/UnrealEngine/4.13/DerivedDataCache/Boot.ddc.
[2017.05.16-02.05.16:084][  0]LogInit: Texture streaming: Enabled
[2017.05.16-02.05.16:132][  0]LogInit: Transaction tracking system initialized
[2017.05.16-02.05.16:168][  0]BlueprintLog: New page: Editor Load
[2017.05.16-02.05.16:285][  0]LocalizationService: Info Localization service is disabled
[2017.05.16-02.05.16:386][  0]LogConsoleResponse:Display: 
[2017.05.16-02.05.16:393][  0]LogMaterial: Missing cached shader map for material Cross_Mat, compiling. 
[2017.05.16-02.05.16:412][  0]LogMaterial: Missing cached shader map for material PhAT_BoneSelectedMaterial, compiling. 
[2017.05.16-02.05.16:425][  0]LogMaterial: Missing cached shader map for material PhAT_ElemSelectedMaterial, compiling. 
[2017.05.16-02.05.16:439][  0]LogMaterial: Missing cached shader map for material PhAT_NoCollisionMaterial, compiling. 
[2017.05.16-02.05.16:451][  0]LogMaterial: Missing cached shader map for material PhAT_UnselectedMaterial, compiling. 
[2017.05.16-02.05.16:466][  0]LogMaterial: Missing cached shader map for material Tick_Mat, compiling. 
[2017.05.16-02.05.16:487][  0]LogMaterial: Missing cached shader map for material WidgetGridVertexColorMaterial_Ma, compiling. 
[2017.05.16-02.05.16:503][  0]LogMaterial: Missing cached shader map for material WidgetMaterial, compiling. 
[2017.05.16-02.05.16:517][  0]LogMaterial: Missing cached shader map for material WidgetMaterial_Current, compiling. 
[2017.05.16-02.05.16:531][  0]LogMaterial: Missing cached shader map for material WidgetMaterial_X, compiling. 
[2017.05.16-02.05.16:545][  0]LogMaterial: Missing cached shader map for material WidgetMaterial_Y, compiling. 
[2017.05.16-02.05.16:559][  0]LogMaterial: Missing cached shader map for material WidgetMaterial_Z, compiling. 
[2017.05.16-02.05.16:574][  0]LogMaterial: Missing cached shader map for material WidgetVertexColorMaterial, compiling. 
[2017.05.16-02.05.16:611][  0]LogMaterial: Missing cached shader map for material LevelGridMaterial, compiling. 
[2017.05.16-02.05.16:644][  0]LogMaterial: Missing cached shader map for material BlinkingCaret, compiling. 
[2017.05.16-02.05.16:668][  0]LogMaterial: Missing cached shader map for material M_StreamingPause, compiling. 
[2017.05.16-02.05.16:703][  0]LogCook:Display: Max memory allowance for cook 16384mb min free memory 0mb
[2017.05.16-02.05.16:703][  0]LogCook:Display: Mobile HDR setting 1
[2017.05.16-02.05.16:883][  0]LogFileCache: Scanning file cache for directory 'C:/Users/StudentUser/Documents/GitHub/272072/Castle-Guard-Working-Bow/CastleGuard/vive_archery_ue4-master/Content/' took 0.01s
[2017.05.16-02.05.16:883][  0]SourceControl: Info Source control is disabled
[2017.05.16-02.05.16:883][  0]Cmd: MAP LOAD FILE="C:/Users/StudentUser/Documents/GitHub/272072/Castle-Guard-Working-Bow/CastleGuard/vive_archery_ue4-master/Content/Vive/Maps/default.umap" TEMPLATE=0 SHOWPROGRESS=1 FEATURELEVEL=3
[2017.05.16-02.05.16:884][  0]LightingResults: New page: Lighting Build
[2017.05.16-02.05.16:887][  0]MapCheck: New page: Map Check
[2017.05.16-02.05.16:887][  0]LightingResults: New page: Lighting Build
[2017.05.16-02.05.17:494][  0]LogLinker:Warning: Can't find file '/Game/Mannequin/Character/Materials/M_UE4Man_Body'
[2017.05.16-02.05.17:494][  0]LogLinker:Warning: Can't find file for asset '/Game/Mannequin/Character/Materials/M_UE4Man_Body' while loading C:/Users/StudentUser/Documents/GitHub/272072/Castle-Guard-Working-Bow/CastleGuard/vive_archery_ue4-master/Content/Vive/Mannequin/Character/Mesh/SK_Mannequin.uasset.
[2017.05.16-02.05.17:494][  0]LoadErrors:Error: Error /Game/Vive/Mannequin/Character/Mesh/SK_Mannequin : Can't find file for asset. /Game/Mannequin/Character/Materials/M_UE4Man_Body
[2017.05.16-02.05.17:494][  0]LogLinker:Warning: Can't find file '/Game/Mannequin/Character/Materials/M_UE4Man_ChestLogo'
[2017.05.16-02.05.17:494][  0]LogLinker:Warning: Can't find file for asset '/Game/Mannequin/Character/Materials/M_UE4Man_ChestLogo' while loading C:/Users/StudentUser/Documents/GitHub/272072/Castle-Guard-Working-Bow/CastleGuard/vive_archery_ue4-master/Content/Vive/Mannequin/Character/Mesh/SK_Mannequin.uasset.
[2017.05.16-02.05.17:494][  0]LoadErrors:Error: Error /Game/Vive/Mannequin/Character/Mesh/SK_Mannequin : Can't find file for asset. /Game/Mannequin/Character/Materials/M_UE4Man_ChestLogo
[2017.05.16-02.05.17:494][  0]LogLinker:Warning: Can't find file '/Game/Mannequin/Character/Materials/M_UE4Man_Body'
[2017.05.16-02.05.17:495][  0]LogLinker:Warning: Can't find file for asset '/Game/Mannequin/Character/Materials/M_UE4Man_Body' while loading C:/Users/StudentUser/Documents/GitHub/272072/Castle-Guard-Working-Bow/CastleGuard/vive_archery_ue4-master/Content/Vive/Mannequin/Character/Mesh/SK_Mannequin.uasset.
[2017.05.16-02.05.17:495][  0]LoadErrors:Error: Error /Game/Vive/Mannequin/Character/Mesh/SK_Mannequin : Can't find file for asset. /Game/Mannequin/Character/Materials/M_UE4Man_Body
[2017.05.16-02.05.17:495][  0]LogLinker:Warning: Can't find file '/Game/Mannequin/Character/Materials/M_UE4Man_ChestLogo'
[2017.05.16-02.05.17:495][  0]LogLinker:Warning: Can't find file for asset '/Game/Mannequin/Character/Materials/M_UE4Man_ChestLogo' while loading C:/Users/StudentUser/Documents/GitHub/272072/Castle-Guard-Working-Bow/CastleGuard/vive_archery_ue4-master/Content/Vive/Mannequin/Character/Mesh/SK_Mannequin.uasset.
[2017.05.16-02.05.17:495][  0]LoadErrors:Error: Error /Game/Vive/Mannequin/Character/Mesh/SK_Mannequin : Can't find file for asset. /Game/Mannequin/Character/Materials/M_UE4Man_ChestLogo
[2017.05.16-02.05.17:495][  0]LogLinker:Warning: Can't find file '/Game/Mannequin/Character/Mesh/SK_Mannequin_PhysicsAsset'
[2017.05.16-02.05.17:495][  0]LogLinker:Warning: Can't find file for asset '/Game/Mannequin/Character/Mesh/SK_Mannequin_PhysicsAsset' while loading C:/Users/StudentUser/Documents/GitHub/272072/Castle-Guard-Working-Bow/CastleGuard/vive_archery_ue4-master/Content/Vive/Mannequin/Character/Mesh/SK_Mannequin.uasset.
[2017.05.16-02.05.17:495][  0]LoadErrors:Error: Error /Game/Vive/Mannequin/Character/Mesh/SK_Mannequin : Can't find file for asset. /Game/Mannequin/Character/Mesh/SK_Mannequin_PhysicsAsset
[2017.05.16-02.05.17:495][  0]LogLinker:Warning: Can't find file '/Game/Mannequin/Character/Mesh/UE4_Mannequin_Skeleton'
[2017.05.16-02.05.17:495][  0]LogLinker:Warning: Can't find file for asset '/Game/Mannequin/Character/Mesh/UE4_Mannequin_Skeleton' while loading C:/Users/StudentUser/Documents/GitHub/272072/Castle-Guard-Working-Bow/CastleGuard/vive_archery_ue4-master/Content/Vive/Mannequin/Character/Mesh/SK_Mannequin.uasset.
[2017.05.16-02.05.17:496][  0]LoadErrors:Error: Error /Game/Vive/Mannequin/Character/Mesh/SK_Mannequin : Can't find file for asset. /Game/Mannequin/Character/Mesh/UE4_Mannequin_Skeleton
[2017.05.16-02.05.17:496][  0]LogLinker:Warning: Can't find file '/Game/Mannequin/Character/Mesh/SK_Mannequin_PhysicsAsset'
[2017.05.16-02.05.17:496][  0]LogLinker:Warning: Can't find file for asset '/Game/Mannequin/Character/Mesh/SK_Mannequin_PhysicsAsset' while loading C:/Users/StudentUser/Documents/GitHub/272072/Castle-Guard-Working-Bow/CastleGuard/vive_archery_ue4-master/Content/Vive/Mannequin/Character/Mesh/SK_Mannequin.uasset.
[2017.05.16-02.05.17:496][  0]LoadErrors:Error: Error /Game/Vive/Mannequin/Character/Mesh/SK_Mannequin : Can't find file for asset. /Game/Mannequin/Character/Mesh/SK_Mannequin_PhysicsAsset
[2017.05.16-02.05.17:496][  0]LogLinker:Warning: Can't find file '/Game/Mannequin/Character/Mesh/UE4_Mannequin_Skeleton'
[2017.05.16-02.05.17:496][  0]LogLinker:Warning: Can't find file for asset '/Game/Mannequin/Character/Mesh/UE4_Mannequin_Skeleton' while loading C:/Users/StudentUser/Documents/GitHub/272072/Castle-Guard-Working-Bow/CastleGuard/vive_archery_ue4-master/Content/Vive/Mannequin/Character/Mesh/SK_Mannequin.uasset.
[2017.05.16-02.05.17:496][  0]LoadErrors:Error: Error /Game/Vive/Mannequin/Character/Mesh/SK_Mannequin : Can't find file for asset. /Game/Mannequin/Character/Mesh/UE4_Mannequin_Skeleton
[2017.05.16-02.05.17:745][  0]LogLinker:Warning: Can't find file '/Game/Mannequin/Character/Mesh/UE4_Mannequin_Skeleton'
[2017.05.16-02.05.17:745][  0]LoadErrors: Info Failed to load /Game/Mannequin/Character/Mesh/UE4_Mannequin_Skeleton.UE4_Mannequin_Skeleton Referenced by SK_Mannequin
[2017.05.16-02.05.17:745][  0]LogLinker:Warning: Can't find file for asset '/Game/Mannequin/Character/Mesh/UE4_Mannequin_Skeleton' while loading NULL.
[2017.05.16-02.05.17:745][  0]LoadErrors: Info Failed to load /Game/Mannequin/Character/Mesh/UE4_Mannequin_Skeleton.UE4_Mannequin_Skeleton Referenced by SK_Mannequin
[2017.05.16-02.05.17:746][  0]LogLinker:Warning: Can't find file '/Game/Mannequin/Character/Mesh/SK_Mannequin_PhysicsAsset'
[2017.05.16-02.05.17:746][  0]LoadErrors: Info Failed to load /Game/Mannequin/Character/Mesh/SK_Mannequin_PhysicsAsset.SK_Mannequin_PhysicsAsset Referenced by SK_Mannequin
[2017.05.16-02.05.17:746][  0]LogLinker:Warning: Can't find file for asset '/Game/Mannequin/Character/Mesh/SK_Mannequin_PhysicsAsset' while loading NULL.
[2017.05.16-02.05.17:746][  0]LoadErrors: Info Failed to load /Game/Mannequin/Character/Mesh/SK_Mannequin_PhysicsAsset.SK_Mannequin_PhysicsAsset Referenced by SK_Mannequin
[2017.05.16-02.05.17:746][  0]LogLinker:Warning: Can't find file '/Game/Mannequin/Character/Materials/M_UE4Man_Body'
[2017.05.16-02.05.17:746][  0]LoadErrors: Info Failed to load /Game/Mannequin/Character/Materials/M_UE4Man_Body.M_UE4Man_Body Referenced by SK_Mannequin
[2017.05.16-02.05.17:746][  0]LogLinker:Warning: Can't find file for asset '/Game/Mannequin/Character/Materials/M_UE4Man_Body' while loading NULL.
[2017.05.16-02.05.17:746][  0]LoadErrors: Info Failed to load /Game/Mannequin/Character/Materials/M_UE4Man_Body.M_UE4Man_Body Referenced by SK_Mannequin
[2017.05.16-02.05.17:747][  0]LogLinker:Warning: Can't find file '/Game/Mannequin/Character/Materials/M_UE4Man_ChestLogo'
[2017.05.16-02.05.17:747][  0]LoadErrors: Info Failed to load /Game/Mannequin/Character/Materials/M_UE4Man_ChestLogo.M_UE4Man_ChestLogo Referenced by SK_Mannequin
[2017.05.16-02.05.17:747][  0]LogLinker:Warning: Can't find file for asset '/Game/Mannequin/Character/Materials/M_UE4Man_ChestLogo' while loading NULL.
[2017.05.16-02.05.17:747][  0]LoadErrors: Info Failed to load /Game/Mannequin/Character/Materials/M_UE4Man_ChestLogo.M_UE4Man_ChestLogo Referenced by SK_Mannequin
[2017.05.16-02.05.18:079][  0]LogTexture:Display: Building textures: bow (AutoDXT)
[2017.05.16-02.05.18:495][  0]LogMaterial: Missing cached shader map for material bow_Mat, compiling. 
[2017.05.16-02.05.18:629][  0]LogTexture:Display: Building textures: Controller_Vive_Texture (AutoDXT)
[2017.05.16-02.05.21:714][  0]LogTexture:Display: Building textures: controller_vive_substancenormal (BC5)
[2017.05.16-02.05.23:581][  0]LogStaticMesh: Building static mesh Elven_Long_Bow_Arrow...
[2017.05.16-02.05.23:623][  0]LogStaticMesh: Built static mesh [0.04s] /Game/Vive/Meshes/Elven_Long_Bow_Arrow.Elven_Long_Bow_Arrow
[2017.05.16-02.05.23:868][  0]LogMaterial: Missing cached shader map for material WorldGridMaterial, compiling. Is special engine material.
[2017.05.16-02.05.29:887][  0]LogTexture:Display: Building textures: Texture2D_33 (BGRA8)
[2017.05.16-02.05.29:888][  0]LogTexture:Display: Building textures: Texture2D_43 (BGRA8)
[2017.05.16-02.05.29:890][  0]LogTexture:Display: Building textures: Texture2D_44 (BGRA8)
[2017.05.16-02.05.29:891][  0]LogTexture:Display: Building textures: Texture2D_45 (BGRA8)
[2017.05.16-02.05.29:892][  0]LogTexture:Display: Building textures: Texture2D_46 (BGRA8)
[2017.05.16-02.05.29:893][  0]LogTexture:Display: Building textures: Texture2D_47 (BGRA8)
[2017.05.16-02.05.29:894][  0]LogTexture:Display: Building textures: Texture2D_48 (BGRA8)
[2017.05.16-02.05.29:896][  0]LogTexture:Display: Building textures: Texture2D_49 (BGRA8)
[2017.05.16-02.05.29:898][  0]LogTexture:Display: Building textures: Texture2D_51 (BGRA8)
[2017.05.16-02.05.29:899][  0]LogTexture:Display: Building textures: Texture2D_52 (BGRA8)
[2017.05.16-02.05.29:900][  0]LogTexture:Display: Building textures: Texture2D_53 (BGRA8)
[2017.05.16-02.05.29:902][  0]LogTexture:Display: Building textures: Texture2D_34 (BGRA8)
[2017.05.16-02.05.29:903][  0]LogTexture:Display: Building textures: Texture2D_54 (BGRA8)
[2017.05.16-02.05.29:904][  0]LogTexture:Display: Building textures: Texture2D_55 (BGRA8)
[2017.05.16-02.05.29:906][  0]LogTexture:Display: Building textures: Texture2D_56 (BGRA8)
[2017.05.16-02.05.29:907][  0]LogTexture:Display: Building textures: Texture2D_57 (BGRA8)
[2017.05.16-02.05.29:909][  0]LogTexture:Display: Building textures: Texture2D_58 (BGRA8)
[2017.05.16-02.05.29:910][  0]LogTexture:Display: Building textures: Texture2D_59 (BGRA8)
[2017.05.16-02.05.29:912][  0]LogTexture:Display: Building textures: Texture2D_60 (BGRA8)
[2017.05.16-02.05.29:913][  0]LogTexture:Display: Building textures: Texture2D_62 (BGRA8)
[2017.05.16-02.05.29:915][  0]LogTexture:Display: Building textures: Texture2D_63 (BGRA8)
[2017.05.16-02.05.29:916][  0]LogTexture:Display: Building textures: Texture2D_64 (BGRA8)
[2017.05.16-02.05.29:917][  0]LogTexture:Display: Building textures: Texture2D_35 (BGRA8)
[2017.05.16-02.05.29:919][  0]LogTexture:Display: Building textures: Texture2D_65 (BGRA8)
[2017.05.16-02.05.29:920][  0]LogTexture:Display: Building textures: Texture2D_66 (BGRA8)
[2017.05.16-02.05.29:921][  0]LogTexture:Display: Building textures: Texture2D_67 (BGRA8)
[2017.05.16-02.05.29:923][  0]LogTexture:Display: Building textures: Texture2D_68 (BGRA8)
[2017.05.16-02.05.29:924][  0]LogTexture:Display: Building textures: Texture2D_69 (BGRA8)
[2017.05.16-02.05.29:925][  0]LogTexture:Display: Building textures: Texture2D_70 (BGRA8)
[2017.05.16-02.05.29:926][  0]LogTexture:Display: Building textures: Texture2D_71 (BGRA8)
[2017.05.16-02.05.29:931][  0]LogTexture:Display: Building textures: Texture2D_2 (BGRA8)
[2017.05.16-02.05.29:932][  0]LogTexture:Display: Building textures: Texture2D_3 (BGRA8)
[2017.05.16-02.05.29:933][  0]LogTexture:Display: Building textures: Texture2D_4 (BGRA8)
[2017.05.16-02.05.29:934][  0]LogTexture:Display: Building textures: Texture2D_36 (BGRA8)
[2017.05.16-02.05.29:936][  0]LogTexture:Display: Building textures: Texture2D_5 (BGRA8)
[2017.05.16-02.05.29:937][  0]LogTexture:Display: Building textures: Texture2D_6 (BGRA8)
[2017.05.16-02.05.29:939][  0]LogTexture:Display: Building textures: Texture2D_7 (BGRA8)
[2017.05.16-02.05.29:945][  0]LogTexture:Display: Building textures: Texture2D_8 (BGRA8)
[2017.05.16-02.05.29:946][  0]LogTexture:Display: Building textures: Texture2D_9 (BGRA8)
[2017.05.16-02.05.29:948][  0]LogTexture:Display: Building textures: Texture2D_10 (BGRA8)
[2017.05.16-02.05.29:949][  0]LogTexture:Display: Building textures: Texture2D_11 (BGRA8)
[2017.05.16-02.05.29:951][  0]LogTexture:Display: Building textures: Texture2D_12 (BGRA8)
[2017.05.16-02.05.29:952][  0]LogTexture:Display: Building textures: Texture2D_13 (BGRA8)
[2017.05.16-02.05.29:954][  0]LogTexture:Display: Building textures: Texture2D_14 (BGRA8)
[2017.05.16-02.05.29:955][  0]LogTexture:Display: Building textures: Texture2D_37 (BGRA8)
[2017.05.16-02.05.29:956][  0]LogTexture:Display: Building textures: Texture2D_15 (BGRA8)
[2017.05.16-02.05.29:958][  0]LogTexture:Display: Building textures: Texture2D_16 (BGRA8)
[2017.05.16-02.05.29:959][  0]LogTexture:Display: Building textures: Texture2D_17 (BGRA8)
[2017.05.16-02.05.29:960][  0]LogTexture:Display: Building textures: Texture2D_18 (BGRA8)
[2017.05.16-02.05.29:961][  0]LogTexture:Display: Building textures: Texture2D_19 (BGRA8)
[2017.05.16-02.05.29:963][  0]LogTexture:Display: Building textures: Texture2D_20 (BGRA8)
[2017.05.16-02.05.29:964][  0]LogTexture:Display: Building textures: Texture2D_21 (BGRA8)
[2017.05.16-02.05.29:966][  0]LogTexture:Display: Building textures: Texture2D_22 (BGRA8)
[2017.05.16-02.05.29:968][  0]LogTexture:Display: Building textures: Texture2D_23 (BGRA8)
[2017.05.16-02.05.29:970][  0]LogTexture:Display: Building textures: Texture2D_24 (BGRA8)
[2017.05.16-02.05.29:971][  0]LogTexture:Display: Building textures: Texture2D_38 (BGRA8)
[2017.05.16-02.05.29:973][  0]LogTexture:Display: Building textures: Texture2D_25 (BGRA8)
[2017.05.16-02.05.29:974][  0]LogTexture:Display: Building textures: Texture2D_26 (BGRA8)
[2017.05.16-02.05.29:976][  0]LogTexture:Display: Building textures: Texture2D_27 (BGRA8)
[2017.05.16-02.05.29:977][  0]LogTexture:Display: Building textures: Texture2D_28 (BGRA8)
[2017.05.16-02.05.29:979][  0]LogTexture:Display: Building textures: Texture2D_29 (BGRA8)
[2017.05.16-02.05.29:980][  0]LogTexture:Display: Building textures: Texture2D_0 (BGRA8)
[2017.05.16-02.05.29:981][  0]LogTexture:Display: Building textures: Texture2D_30 (BGRA8)
[2017.05.16-02.05.29:982][  0]LogTexture:Display: Building textures: Texture2D_31 (BGRA8)
[2017.05.16-02.05.29:983][  0]LogTexture:Display: Building textures: Texture2D_32 (BGRA8)
[2017.05.16-02.05.29:985][  0]LogTexture:Display: Building textures: Texture2D_39 (BGRA8)
[2017.05.16-02.05.29:987][  0]LogTexture:Display: Building textures: Texture2D_40 (BGRA8)
[2017.05.16-02.05.29:988][  0]LogTexture:Display: Building textures: Texture2D_50 (BGRA8)
[2017.05.16-02.05.29:990][  0]LogTexture:Display: Building textures: Texture2D_61 (BGRA8)
[2017.05.16-02.05.29:991][  0]LogTexture:Display: Building textures: Texture2D_1 (BGRA8)
[2017.05.16-02.05.29:992][  0]LogTexture:Display: Building textures: Texture2D_41 (BGRA8)
[2017.05.16-02.05.29:994][  0]LogTexture:Display: Building textures: Texture2D_42 (BGRA8)
[2017.05.16-02.05.29:995][  0]LogTexture:Display: Building textures: HQ_Lightmap1_2 (AutoDXT)
[2017.05.16-02.05.29:996][  0]LogTexture:Display: Building textures: LQ_Lightmap_1_2 (DXT1)
[2017.05.16-02.05.30:001][  0]LogTexture:Display: Building textures: SkyOcclusion1_2 (AutoDXT)
[2017.05.16-02.05.30:005][  0]LogMaterial: Missing cached shader map for material M_Sky_Panning_Clouds2, compiling. 
[2017.05.16-02.05.30:029][  0]LogTexture:Display: Building textures: ShadowMapTexture2D_3 (G8)
[2017.05.16-02.05.31:678][  0]LogTexture:Display: Building textures: controller_vive_substanceambient_occlusion (AutoDXT)
[2017.05.16-02.05.33:985][  0]LogTexture:Display: Building textures: Controller_Vive_Mask (AutoDXT)
[2017.05.16-02.05.34:481][  0]LogMaterial: Missing cached shader map for material Controller_Vive_MAT, compiling. 
[2017.05.16-02.05.34:646][  0]LogTexture:Display: Building textures: Elven_Long_Bow_Gloss (AutoDXT)
[2017.05.16-02.05.35:450][  0]LogTexture:Display: Building textures: Elven_Long_Bow_Normal (BC5)
[2017.05.16-02.05.36:039][  0]LogTexture:Display: Building textures: Elven_Long_Bow_Specular (AutoDXT)
[2017.05.16-02.05.37:031][  0]LogTexture:Display: Building textures: Elven_Long_Bow_Diffuse (AutoDXT)
[2017.05.16-02.05.37:992][  0]LogMaterial: Missing cached shader map for material Elven_Long_Bow_Diffuse_Mat, compiling. 
[2017.05.16-02.05.38:049][  0]LogAIModule: Creating AISystem for world default
[2017.05.16-02.05.38:631][  0]LogEditorServer: Finished looking for orphan Actors (0.000 secs)
[2017.05.16-02.05.38:651][  0]Cmd: MAP CHECKDEP NOCLEARLOG
[2017.05.16-02.05.38:709][  0]MapCheck: Info Map check complete: 0 Error(s), 0 Warning(s), took 57.067ms to complete.
[2017.05.16-02.05.38:709][  0]LogFileHelpers: Loading map 'default' took 21.825
[2017.05.16-02.05.39:376][  0]LogCollectionManager: Loaded 0 collections in 0.001867 seconds
[2017.05.16-02.05.39:537][  0]LogFileCache: Scanning file cache for directory 'C:/Users/StudentUser/Documents/GitHub/272072/Castle-Guard-Working-Bow/CastleGuard/vive_archery_ue4-master/Saved/Collections/' took 0.01s
[2017.05.16-02.05.39:537][  0]LogFileCache: Scanning file cache for directory 'C:/Users/StudentUser/Documents/GitHub/272072/Castle-Guard-Working-Bow/CastleGuard/vive_archery_ue4-master/Content/Developers/StudentUser/Collections/' took 0.01s
[2017.05.16-02.05.39:537][  0]LogFileCache: Scanning file cache for directory 'C:/Users/StudentUser/Documents/GitHub/272072/Castle-Guard-Working-Bow/CastleGuard/vive_archery_ue4-master/Content/Collections/' took 0.01s
[2017.05.16-02.05.39:537][  0]LogCollectionManager: Rebuilt the GUID cache for 0 collections in 0.000004 seconds
[2017.05.16-02.05.39:578][  0]LogContentBrowser: Native class hierarchy populated in 0.0172 seconds. Added 2164 classes and 432 folders.
[2017.05.16-02.05.39:607][  0]LogStats: UGameplayTagsManager::ConstructGameplayTagTree: Construct from data asset -  0.000 s
[2017.05.16-02.05.39:607][  0]LogStats: UGameplayTagsManager::ConstructGameplayTagTree: GameplayTagTreeChangedEvent.Broadcast -  0.000 s
[2017.05.16-02.05.39:618][  0]LogContentBrowser: Native class hierarchy updated for 'GameplayTags' in 0.0020 seconds. Added 12 classes and 0 folders.
[2017.05.16-02.05.39:647][  0]LogContentBrowser: Native class hierarchy updated for 'WidgetCarousel' in 0.0021 seconds. Added 0 classes and 0 folders.
[2017.05.16-02.05.40:728][  0]LogContentBrowser: Native class hierarchy updated for 'AddContentDialog' in 0.0018 seconds. Added 0 classes and 0 folders.
[2017.05.16-02.05.40:779][  0]LogContentBrowser: Native class hierarchy updated for 'SceneOutliner' in 0.0019 seconds. Added 1 classes and 2 folders.
[2017.05.16-02.05.41:116][  0]LogCrashTracker: Crashtracker disabled due to settings.
[2017.05.16-02.05.41:273][  0]LogWindowsTextInputMethodSystem:Display: IME system now deactivated.
[2017.05.16-02.05.41:279][  0]LogTexture:Display: Building textures: Blueprint_64x (BGRA8)
[2017.05.16-02.05.41:281][  0]LogTexture:Display: Building textures: icon_Editor_Preferences_General_40x (BGRA8)
[2017.05.16-02.05.41:282][  0]LogTexture:Display: Building textures: Paper2DSprite_TutorialIcon (BGRA8)
[2017.05.16-02.05.41:284][  0]LogTexture:Display: Building textures: icon_ShowSkeletalMeshes_40x (BGRA8)
[2017.05.16-02.05.41:285][  0]LogTexture:Display: Building textures: Landscape (BGRA8)
[2017.05.16-02.05.41:287][  0]LogTexture:Display: Building textures: Foliage (BGRA8)
[2017.05.16-02.05.41:350][  0]LogContentBrowser: Native class hierarchy updated for 'HierarchicalLODOutliner' in 0.0018 seconds. Added 1 classes and 2 folders.
[2017.05.16-02.05.41:351][  0]LogLoad: (Engine Initialization) Total time: 181.83 seconds
[2017.05.16-02.05.41:351][  0]LogLoad: (Engine Initialization) Total Blueprint compile time: 0.29 seconds
[2017.05.16-02.05.41:351][  0]LogExternalProfiler: Found external profiler: VSPerf
[2017.05.16-02.05.41:351][  0]LogExternalProfiler: Using external profiler: VSPerf
[2017.05.16-02.05.41:361][  0]LogOcInput: OculusInput pre-init called
[2017.05.16-02.05.41:413][  0]LogContentStreaming: Texture pool size now 1000 MB
[2017.05.16-02.05.41:544][  0]LogTexture:Display: Building textures: icon_tab_Levels_40x (BGRA8)
[2017.05.16-02.05.41:878][  0]LogTexture:Display: Building textures: LevelGrid1DStripes (BGRA8)
[2017.05.16-02.05.41:881][  0]LogMaterial: Missing cached shader map for material LevelGridMaterial2, compiling. 
[2017.05.16-02.05.42:003][  0]LogRenderer: Reallocating scene render targets to support 1208x576 (Frame:2).
[2017.05.16-02.05.42:446][  1]LogAssetRegistry: Asset discovery search completed in 31.6996 seconds
[2017.05.16-02.05.42:446][  1]LogCollectionManager: Rebuilt the object cache for 0 collections in 0.000001 seconds (found 0 objects)
[2017.05.16-02.05.42:446][  1]LogCollectionManager: Fixed up redirectors for 0 collections in 0.000036 seconds (updated 0 objects)
[2017.05.16-02.05.42:630][  3]PIE:Warning: Warning Constraint BP_Arrow_C_0 attempting to create a joint between two null actors.
[2017.05.16-02.06.26:842][248]LogUProjectInfo: Found projects:
[2017.05.16-02.06.34:206][416]Cmd: CLOSE_SLATE_MAINFRAME
[2017.05.16-02.06.34:380][416]LogWindowsTextInputMethodSystem:Display: IME system now deactivated.
[2017.05.16-02.06.34:668][417]Cmd: QUIT_EDITOR
[2017.05.16-02.06.34:756][417]LogExit: Preparing to exit.
[2017.05.16-02.06.35:373][417]LogExit: Editor shut down
[2017.05.16-02.06.35:373][417]LogExit: Transaction tracking system shut down
[2017.05.16-02.06.35:566][417]LogObj: Freed 0b from 0 cluster array pools.
[2017.05.16-02.06.35:567][417]LogExit: Object subsystem successfully closed.
[2017.05.16-02.06.35:577][417]LogD3D11RHI: Shutdown
[2017.05.16-02.06.35:577][417]LogD3D11RHI: CleanupD3DDevice
[2017.05.16-02.06.35:644][417]LogD3D11RHI: ~FD3D11DynamicRHI
[2017.05.16-02.06.35:651][417]LogModuleManager: Shutting down and abandoning module HierarchicalLODOutliner (240)
[2017.05.16-02.06.35:651][417]LogModuleManager: Shutting down and abandoning module CrashTracker (239)
[2017.05.16-02.06.35:651][417]LogModuleManager: Shutting down and abandoning module SceneOutliner (238)
[2017.05.16-02.06.35:651][417]LogModuleManager: Shutting down and abandoning module WidgetCarousel (237)
[2017.05.16-02.06.35:651][417]LogModuleManager: Shutting down and abandoning module AddContentDialog (236)
[2017.05.16-02.06.35:651][417]LogDirectoryWatcher: A directory notification for 'E:/Unreal Engine/UE_4.13/FeaturePacks/' was aborted.
[2017.05.16-02.06.35:652][417]LogModuleManager: Shutting down and abandoning module GameplayTags (235)
[2017.05.16-02.06.35:652][417]LogModuleManager: Shutting down and abandoning module EditorWidgets (234)
[2017.05.16-02.06.35:652][417]LogModuleManager: Shutting down and abandoning module CollectionManager (233)
[2017.05.16-02.06.35:652][417]LogDirectoryWatcher: A directory notification for 'C:/Users/StudentUser/Documents/GitHub/272072/Castle-Guard-Working-Bow/CastleGuard/vive_archery_ue4-master/Content/Collections/' was aborted.
[2017.05.16-02.06.35:652][417]LogDirectoryWatcher: A directory notification for 'C:/Users/StudentUser/Documents/GitHub/272072/Castle-Guard-Working-Bow/CastleGuard/vive_archery_ue4-master/Content/Developers/StudentUser/Collections/' was aborted.
[2017.05.16-02.06.35:652][417]LogDirectoryWatcher: A directory notification for 'C:/Users/StudentUser/Documents/GitHub/272072/Castle-Guard-Working-Bow/CastleGuard/vive_archery_ue4-master/Saved/Collections/' was aborted.
[2017.05.16-02.06.35:652][417]LogModuleManager: Shutting down and abandoning module StatsViewer (232)
[2017.05.16-02.06.35:652][417]LogModuleManager: Shutting down and abandoning module FoliageEdit (231)
[2017.05.16-02.06.35:652][417]LogModuleManager: Shutting down and abandoning module LandscapeEditor (230)
[2017.05.16-02.06.35:652][417]LogModuleManager: Shutting down and abandoning module SceneDepthPickerMode (229)
[2017.05.16-02.06.35:652][417]LogModuleManager: Shutting down and abandoning module ActorPickerMode (228)
[2017.05.16-02.06.35:652][417]LogModuleManager: Shutting down and abandoning module GeometryMode (227)
[2017.05.16-02.06.35:652][417]LogModuleManager: Shutting down and abandoning module TextureAlignMode (226)
[2017.05.16-02.06.35:652][417]LogModuleManager: Shutting down and abandoning module BspMode (225)
[2017.05.16-02.06.35:652][417]LogModuleManager: Shutting down and abandoning module HardwareSurvey (224)
[2017.05.16-02.06.35:652][417]LogModuleManager: Shutting down and abandoning module SequenceRecorderSections (223)
[2017.05.16-02.06.35:652][417]LogModuleManager: Shutting down and abandoning module SequenceRecorder (222)
[2017.05.16-02.06.35:652][417]LogModuleManager: Shutting down and abandoning module AutomationWorker (221)
[2017.05.16-02.06.35:652][417]LogModuleManager: Shutting down and abandoning module MatineeToLevelSequence (220)
[2017.05.16-02.06.35:652][417]LogModuleManager: Shutting down and abandoning module PlacementMode (219)
[2017.05.16-02.06.35:653][417]LogModuleManager: Shutting down and abandoning module LevelSequenceEditor (218)
[2017.05.16-02.06.35:653][417]LogModuleManager: Shutting down and abandoning module WmfMediaFactory (217)
[2017.05.16-02.06.35:653][417]LogModuleManager: Shutting down and abandoning module WmfMediaEditor (216)
[2017.05.16-02.06.35:653][417]LogModuleManager: Shutting down and abandoning module AvfMediaFactory (215)
[2017.05.16-02.06.35:653][417]LogModuleManager: Shutting down and abandoning module AvfMediaEditor (214)
[2017.05.16-02.06.35:653][417]LogModuleManager: Shutting down and abandoning module Media (213)
[2017.05.16-02.06.35:653][417]LogModuleManager: Shutting down and abandoning module AndroidMediaFactory (212)
[2017.05.16-02.06.35:653][417]LogModuleManager: Shutting down and abandoning module AndroidMediaEditor (211)
[2017.05.16-02.06.35:653][417]LogModuleManager: Shutting down and abandoning module CharacterAI (210)
[2017.05.16-02.06.35:653][417]LogModuleManager: Shutting down and abandoning module SmartSnapping (209)
[2017.05.16-02.06.35:653][417]LogModuleManager: Shutting down and abandoning module SessionServices (208)
[2017.05.16-02.06.35:653][417]LogModuleManager: Shutting down and abandoning module ViewportSnapping (207)
[2017.05.16-02.06.35:653][417]LogModuleManager: Shutting down and abandoning module ViewportInteraction (206)
[2017.05.16-02.06.35:653][417]LogModuleManager: Shutting down and abandoning module LogVisualizer (205)
[2017.05.16-02.06.35:653][417]LogModuleManager: Shutting down and abandoning module GameProjectGeneration (204)
[2017.05.16-02.06.35:653][417]LogModuleManager: Shutting down and abandoning module IntroTutorials (203)
[2017.05.16-02.06.35:653][417]LogModuleManager: Shutting down and abandoning module EditorLiveStreaming (202)
[2017.05.16-02.06.35:653][417]LogModuleManager: Shutting down and abandoning module IOSPlatformEditor (201)
[2017.05.16-02.06.35:653][417]LogModuleManager: Shutting down and abandoning module HTML5PlatformEditor (200)
[2017.05.16-02.06.35:653][417]LogModuleManager: Shutting down and abandoning module AndroidDeviceDetection (199)
[2017.05.16-02.06.36:360][417]LogModuleManager: Shutting down and abandoning module AndroidPlatformEditor (198)
[2017.05.16-02.06.36:360][417]LogModuleManager: Shutting down and abandoning module IOSRuntimeSettings (197)
[2017.05.16-02.06.36:360][417]LogModuleManager: Shutting down and abandoning module AndroidRuntimeSettings (196)
[2017.05.16-02.06.36:360][417]LogModuleManager: Shutting down and abandoning module NiagaraEditor (195)
[2017.05.16-02.06.36:360][417]LogModuleManager: Shutting down and abandoning module MergeActors (194)
[2017.05.16-02.06.36:360][417]LogModuleManager: Shutting down and abandoning module SizeMap (193)
[2017.05.16-02.06.36:360][417]LogModuleManager: Shutting down and abandoning module TreeMap (192)
[2017.05.16-02.06.36:360][417]LogModuleManager: Shutting down and abandoning module ReferenceViewer (191)
[2017.05.16-02.06.36:360][417]LogModuleManager: Shutting down and abandoning module LocalizationService (190)
[2017.05.16-02.06.36:360][417]LogModuleManager: Shutting down and abandoning module LocalizationDashboard (189)
[2017.05.16-02.06.36:360][417]LogModuleManager: Shutting down and abandoning module HardwareTargeting (188)
[2017.05.16-02.06.36:360][417]LogModuleManager: Shutting down and abandoning module DeviceProfileEditor (187)
[2017.05.16-02.06.36:360][417]LogModuleManager: Shutting down and abandoning module UndoHistory (186)
[2017.05.16-02.06.36:360][417]LogModuleManager: Shutting down and abandoning module UserFeedback (185)
[2017.05.16-02.06.36:360][417]LogModuleManager: Shutting down and abandoning module XmlParser (184)
[2017.05.16-02.06.36:360][417]LogModuleManager: Shutting down and abandoning module Blutility (183)
[2017.05.16-02.06.36:360][417]LogModuleManager: Shutting down and abandoning module ProjectTargetPlatformEditor (182)
[2017.05.16-02.06.36:360][417]LogModuleManager: Shutting down and abandoning module ProjectSettingsViewer (181)
[2017.05.16-02.06.36:360][417]LogModuleManager: Shutting down and abandoning module InputBindingEditor (180)
[2017.05.16-02.06.36:360][417]LogModuleManager: Shutting down and abandoning module EditorSettingsViewer (179)
[2017.05.16-02.06.36:360][417]LogModuleManager: Shutting down and abandoning module SettingsEditor (178)
[2017.05.16-02.06.36:360][417]LogModuleManager: Shutting down and abandoning module ProjectLauncher (177)
[2017.05.16-02.06.36:360][417]LogModuleManager: Shutting down and abandoning module SessionFrontend (176)
[2017.05.16-02.06.36:361][417]LogModuleManager: Shutting down and abandoning module ProfilerClient (175)
[2017.05.16-02.06.36:361][417]LogModuleManager: Shutting down and abandoning module TargetDeviceServices (174)
[2017.05.16-02.06.36:361][417]LogModuleManager: Shutting down and abandoning module DeviceManager (173)
[2017.05.16-02.06.36:416][417]LogModuleManager: Shutting down and abandoning module AutomationController (172)
[2017.05.16-02.06.36:416][417]LogModuleManager: Shutting down and abandoning module AutomationWindow (171)
[2017.05.16-02.06.36:416][417]LogModuleManager: Shutting down and abandoning module Layers (170)
[2017.05.16-02.06.36:416][417]LogModuleManager: Shutting down and abandoning module ComponentVisualizers (169)
[2017.05.16-02.06.36:416][417]LogModuleManager: Shutting down and abandoning module DetailCustomizations (168)
[2017.05.16-02.06.36:416][417]LogModuleManager: Shutting down and abandoning module PackagesDialog (167)
[2017.05.16-02.06.36:416][417]LogModuleManager: Shutting down and abandoning module AnimGraph (166)
[2017.05.16-02.06.36:416][417]LogModuleManager: Shutting down and abandoning module Persona (165)
[2017.05.16-02.06.36:416][417]LogModuleManager: Shutting down and abandoning module Kismet (164)
[2017.05.16-02.06.36:417][417]LogModuleManager: Shutting down and abandoning module GraphEditor (163)
[2017.05.16-02.06.36:417][417]LogModuleManager: Shutting down and abandoning module ClassViewer (162)
[2017.05.16-02.06.36:417][417]LogModuleManager: Shutting down and abandoning module Toolbox (161)
[2017.05.16-02.06.36:417][417]LogModuleManager: Shutting down and abandoning module ModuleUI (160)
[2017.05.16-02.06.36:417][417]LogModuleManager: Shutting down and abandoning module MovieSceneTools (159)
[2017.05.16-02.06.36:417][417]LogModuleManager: Shutting down and abandoning module OutputLog (158)
[2017.05.16-02.06.36:417][417]LogModuleManager: Shutting down and abandoning module GammaUI (157)
[2017.05.16-02.06.36:417][417]LogModuleManager: Shutting down and abandoning module Documentation (156)
[2017.05.16-02.06.36:417][417]LogModuleManager: Shutting down and abandoning module Niagara (155)
[2017.05.16-02.06.36:417][417]LogModuleManager: Shutting down and abandoning module StreamingPauseRendering (154)
[2017.05.16-02.06.36:417][417]LogModuleManager: Shutting down and abandoning module AnalyticsET (153)
[2017.05.16-02.06.36:417][417]LogModuleManager: Shutting down and abandoning module PortalServices (152)
[2017.05.16-02.06.36:417][417]LogModuleManager: Shutting down and abandoning module PortalRpc (151)
[2017.05.16-02.06.36:417][417]LogModuleManager: Shutting down and abandoning module MessagingRpc (150)
[2017.05.16-02.06.36:417][417]LogModuleManager: Shutting down and abandoning module GameplayDebugger (149)
[2017.05.16-02.06.36:417][417]LogModuleManager: Shutting down and abandoning module AITestSuite (148)
[2017.05.16-02.06.36:417][417]LogModuleManager: Shutting down and abandoning module AIModule (147)
[2017.05.16-02.06.36:417][417]LogModuleManager: Shutting down and abandoning module ProfilerService (146)
[2017.05.16-02.06.36:594][417]LogModuleManager: Shutting down and abandoning module TaskGraph (145)
[2017.05.16-02.06.36:594][417]LogModuleManager: Shutting down and abandoning module SubstanceEditor (144)
[2017.05.16-02.06.36:594][417]LogModuleManager: Shutting down and abandoning module SlateRemote (143)
[2017.05.16-02.06.36:594][417]LogModuleManager: Shutting down and abandoning module SteamVRController (142)
[2017.05.16-02.06.36:594][417]LogModuleManager: Shutting down and abandoning module SteamVR (141)
[2017.05.16-02.06.36:594][417]LogModuleManager: Shutting down and abandoning module ProceduralMeshComponentEditor (140)
[2017.05.16-02.06.36:594][417]LogModuleManager: Shutting down and abandoning module ProceduralMeshComponent (139)
[2017.05.16-02.06.36:594][417]LogModuleManager: Shutting down and abandoning module OculusLibrary (138)
[2017.05.16-02.06.36:594][417]LogModuleManager: Shutting down and abandoning module OculusInput (137)
[2017.05.16-02.06.36:594][417]LogModuleManager: Shutting down and abandoning module CustomMeshComponent (136)
[2017.05.16-02.06.36:594][417]LogModuleManager: Shutting down and abandoning module CableComponent (135)
[2017.05.16-02.06.36:594][417]LogModuleManager: Shutting down and abandoning module ArchVisCharacter (134)
[2017.05.16-02.06.36:594][417]LogModuleManager: Shutting down and abandoning module MediaPlayerEditor (132)
[2017.05.16-02.06.36:594][417]LogModuleManager: Shutting down and abandoning module ShadowMocapEditor (131)
[2017.05.16-02.06.36:594][417]LogModuleManager: Shutting down and abandoning module ShadowMocap (130)
[2017.05.16-02.06.36:594][417]LogModuleManager: Shutting down and abandoning module RunebergVRPlugin (129)
[2017.05.16-02.06.36:594][417]LogModuleManager: Shutting down and abandoning module GestureTrackerVR (128)
[2017.05.16-02.06.36:594][417]LogModuleManager: Shutting down and abandoning module HTML5Networking (127)
[2017.05.16-02.06.36:594][417]LogModuleManager: Shutting down and abandoning module GeometryCacheEd (126)
[2017.05.16-02.06.36:594][417]LogModuleManager: Shutting down and abandoning module GeometryCache (125)
[2017.05.16-02.06.36:594][417]LogModuleManager: Shutting down and abandoning module AlembicLibrary (124)
[2017.05.16-02.06.36:594][417]LogModuleManager: Shutting down and abandoning module AlembicImporter (123)
[2017.05.16-02.06.36:594][417]LogModuleManager: Shutting down and abandoning module SuperSearch (122)
[2017.05.16-02.06.36:594][417]LogModuleManager: Shutting down and abandoning module SuperSearchEditor (121)
[2017.05.16-02.06.36:594][417]LogModuleManager: Shutting down and abandoning module SpeedTreeImporter (120)
[2017.05.16-02.06.36:595][417]LogModuleManager: Shutting down and abandoning module PluginBrowser (119)
[2017.05.16-02.06.36:595][417]LogModuleManager: Shutting down and abandoning module MobileLauncherProfileWizard (118)
[2017.05.16-02.06.36:595][417]LogModuleManager: Shutting down and abandoning module EpicSurvey (117)
[2017.05.16-02.06.36:595][417]LogModuleManager: Shutting down and abandoning module VisualStudioSourceCodeAccess (116)
[2017.05.16-02.06.36:595][417]LogModuleManager: Shutting down and abandoning module UObjectPlugin (115)
[2017.05.16-02.06.36:595][417]LogModuleManager: Shutting down and abandoning module SubversionSourceControl (114)
[2017.05.16-02.06.36:595][417]LogModuleManager: Shutting down and abandoning module PerforceSourceControl (113)
[2017.05.16-02.06.36:595][417]LogModuleManager: Shutting down and abandoning module SourceControl (112)
[2017.05.16-02.06.36:595][417]LogModuleManager: Shutting down and abandoning module GitSourceControl (111)
[2017.05.16-02.06.36:595][417]LogModuleManager: Shutting down and abandoning module LightPropagationVolumeEditor (110)
[2017.05.16-02.06.36:595][417]LogModuleManager: Shutting down and abandoning module PaperTiledImporter (109)
[2017.05.16-02.06.36:595][417]LogModuleManager: Shutting down and abandoning module PaperSpriteSheetImporter (108)
[2017.05.16-02.06.36:595][417]LogModuleManager: Shutting down and abandoning module MeshPaint (107)
[2017.05.16-02.06.36:595][417]LogModuleManager: Shutting down and abandoning module FbxAutomationBuilderModule (106)
[2017.05.16-02.06.36:595][417]LogModuleManager: Shutting down and abandoning module PixelInspectorModule (105)
[2017.05.16-02.06.36:595][417]LogModuleManager: Shutting down and abandoning module HotReload (104)
[2017.05.16-02.06.36:595][417]LogDirectoryWatcher: A directory notification for 'C:/Users/StudentUser/Documents/GitHub/272072/Castle-Guard-Working-Bow/CastleGuard/vive_archery_ue4-master/Binaries/Win64' was aborted.
[2017.05.16-02.06.36:595][417]LogModuleManager: Shutting down and abandoning module MainFrame (103)
[2017.05.16-02.06.36:595][417]LogModuleManager: Shutting down and abandoning module LevelEditor (102)
[2017.05.16-02.06.36:596][417]LogModuleManager: Shutting down and abandoning module ContentBrowser (101)
[2017.05.16-02.06.36:597][417]LogModuleManager: Shutting down and abandoning module Paper2DEditor (100)
[2017.05.16-02.06.36:597][417]LogModuleManager: Shutting down and abandoning module vive_archery_ue4 (99)
[2017.05.16-02.06.36:597][417]LogModuleManager: Shutting down and abandoning module UdpMessaging (98)
[2017.05.16-02.06.36:698][417]LogModuleManager: Shutting down and abandoning module TcpMessaging (97)
[2017.05.16-02.06.36:799][417]LogModuleManager: Shutting down and abandoning module SubstanceCore (96)
[2017.05.16-02.06.36:799][417]LogModuleManager: Shutting down and abandoning module LightPropagationVolumeRuntime (95)
[2017.05.16-02.06.36:799][417]LogModuleManager: Shutting down and abandoning module Paper2D (94)
[2017.05.16-02.06.36:799][417]LogModuleManager: Shutting down and abandoning module WindowsMoviePlayer (93)
[2017.05.16-02.06.36:799][417]LogModuleManager: Shutting down and abandoning module WmfMedia (92)
[2017.05.16-02.06.36:799][417]LogModuleManager: Shutting down and abandoning module MediaAssets (91)
[2017.05.16-02.06.36:799][417]LogModuleManager: Shutting down and abandoning module GameLiveStreaming (90)
[2017.05.16-02.06.36:799][417]LogModuleManager: Shutting down and abandoning module GameplayTagsEditor (89)
[2017.05.16-02.06.36:799][417]LogModuleManager: Shutting down and abandoning module VREditor (88)
[2017.05.16-02.06.36:799][417]LogModuleManager: Shutting down and abandoning module GameplayTasksEditor (87)
[2017.05.16-02.06.36:799][417]LogModuleManager: Shutting down and abandoning module PropertyEditor (86)
[2017.05.16-02.06.36:799][417]LogModuleManager: Shutting down and abandoning module BehaviorTreeEditor (85)
[2017.05.16-02.06.36:799][417]LogModuleManager: Shutting down and abandoning module FunctionalTesting (84)
[2017.05.16-02.06.36:799][417]LogModuleManager: Shutting down and abandoning module CollisionAnalyzer (83)
[2017.05.16-02.06.36:799][417]LogModuleManager: Shutting down and abandoning module Sequencer (82)
[2017.05.16-02.06.36:799][417]LogModuleManager: Shutting down and abandoning module WorkspaceMenuStructure (81)
[2017.05.16-02.06.36:799][417]LogModuleManager: Shutting down and abandoning module MessageLog (80)
[2017.05.16-02.06.36:799][417]LogModuleManager: Shutting down and abandoning module AssetTools (79)
[2017.05.16-02.06.36:799][417]LogModuleManager: Shutting down and abandoning module UMGEditor (78)
[2017.05.16-02.06.36:799][417]LogModuleManager: Shutting down and abandoning module UMG (77)
[2017.05.16-02.06.36:799][417]LogModuleManager: Shutting down and abandoning module SlateReflector (76)
[2017.05.16-02.06.36:799][417]LogModuleManager: Shutting down and abandoning module Slate (75)
[2017.05.16-02.06.36:799][417]LogModuleManager: Shutting down and abandoning module EditorStyle (74)
[2017.05.16-02.06.36:801][417]LogModuleManager: Shutting down and abandoning module SourceCodeAccess (73)
[2017.05.16-02.06.36:801][417]LogModuleManager: Shutting down and abandoning module HeadMountedDisplay (72)
[2017.05.16-02.06.36:801][417]LogModuleManager: Shutting down and abandoning module XAudio2 (71)
[2017.05.16-02.06.36:801][417]LogModuleManager: Shutting down and abandoning module Networking (69)
[2017.05.16-02.06.36:801][417]LogModuleManager: Shutting down and abandoning module Core (68)
[2017.05.16-02.06.36:801][417]LogModuleManager: Shutting down and abandoning module DirectoryWatcher (67)
[2017.05.16-02.06.36:801][417]LogDirectoryWatcher: A directory notification for '../../../Engine/Content/' was aborted.
[2017.05.16-02.06.36:801][417]LogDirectoryWatcher: A directory notification for 'C:/Users/StudentUser/Documents/GitHub/272072/Castle-Guard-Working-Bow/CastleGuard/vive_archery_ue4-master/Content/' was aborted.
[2017.05.16-02.06.36:802][417]LogDirectoryWatcher: A directory notification for '../../../Engine/Plugins/2D/Paper2D/Content/' was aborted.
[2017.05.16-02.06.36:802][417]LogDirectoryWatcher: A directory notification for '../../../Engine/Plugins/Marketplace/GestureTrackerVR/Content/' was aborted.
[2017.05.16-02.06.36:802][417]LogModuleManager: Shutting down and abandoning module AssetRegistry (66)
[2017.05.16-02.06.36:884][417]LogModuleManager: Shutting down and abandoning module KismetCompiler (65)
[2017.05.16-02.06.36:884][417]LogModuleManager: Shutting down and abandoning module PhysXFormats (64)
[2017.05.16-02.06.36:884][417]LogModuleManager: Shutting down and abandoning module MeshUtilities (63)
[2017.05.16-02.06.36:884][417]LogModuleManager: Shutting down and abandoning module DerivedDataCache (62)
[2017.05.16-02.06.36:967][417]LogDerivedDataCache: Shutdown
[2017.05.16-02.06.36:967][417]LogModuleManager: Shutting down and abandoning module VulkanShaderFormat (61)
[2017.05.16-02.06.36:967][417]LogModuleManager: Shutting down and abandoning module ShaderFormatOpenGL (60)
[2017.05.16-02.06.36:967][417]LogModuleManager: Shutting down and abandoning module ShaderFormatD3D (59)
[2017.05.16-02.06.36:967][417]LogModuleManager: Shutting down and abandoning module MetalShaderFormat (58)
[2017.05.16-02.06.36:967][417]LogModuleManager: Shutting down and abandoning module TextureFormatUncompressed (57)
[2017.05.16-02.06.36:967][417]LogModuleManager: Shutting down and abandoning module TextureFormatPVR (56)
[2017.05.16-02.06.36:967][417]LogModuleManager: Shutting down and abandoning module TextureFormatDXT (55)
[2017.05.16-02.06.36:967][417]LogModuleManager: Shutting down and abandoning module TextureFormatIntelISPCTexComp (54)
[2017.05.16-02.06.36:967][417]LogModuleManager: Shutting down and abandoning module ImageWrapper (53)
[2017.05.16-02.06.36:967][417]LogModuleManager: Shutting down and abandoning module TextureFormatASTC (52)
[2017.05.16-02.06.36:967][417]LogModuleManager: Shutting down and abandoning module TextureFormatAndroid (51)
[2017.05.16-02.06.36:967][417]LogModuleManager: Shutting down and abandoning module AudioFormatOpus (50)
[2017.05.16-02.06.36:967][417]LogModuleManager: Shutting down and abandoning module AudioFormatOgg (49)
[2017.05.16-02.06.36:967][417]LogModuleManager: Shutting down and abandoning module AudioFormatADPCM (48)
[2017.05.16-02.06.36:967][417]LogModuleManager: Shutting down and abandoning module LinuxTargetPlatform (47)
[2017.05.16-02.06.36:967][417]LogModuleManager: Shutting down and abandoning module LinuxServerTargetPlatform (46)
[2017.05.16-02.06.36:967][417]LogModuleManager: Shutting down and abandoning module LinuxNoEditorTargetPlatform (45)
[2017.05.16-02.06.36:967][417]LogModuleManager: Shutting down and abandoning module LinuxClientTargetPlatform (44)
[2017.05.16-02.06.36:967][417]LogModuleManager: Shutting down and abandoning module TVOSTargetPlatform (43)
[2017.05.16-02.06.36:967][417]LogModuleManager: Shutting down and abandoning module Messaging (42)
[2017.05.16-02.06.36:967][417]LogModuleManager: Shutting down and abandoning module IOSTargetPlatform (41)
[2017.05.16-02.06.36:967][417]LogModuleManager: Shutting down and abandoning module HTML5TargetPlatform (40)
[2017.05.16-02.06.36:967][417]LogModuleManager: Shutting down and abandoning module Android_PVRTCTargetPlatform (39)
[2017.05.16-02.06.36:967][417]LogModuleManager: Shutting down and abandoning module Android_MultiTargetPlatform (38)
[2017.05.16-02.06.36:967][417]LogModuleManager: Shutting down and abandoning module Android_ETC2TargetPlatform (37)
[2017.05.16-02.06.36:967][417]LogModuleManager: Shutting down and abandoning module Android_ETC1TargetPlatform (36)
[2017.05.16-02.06.36:967][417]LogModuleManager: Shutting down and abandoning module Android_DXTTargetPlatform (35)
[2017.05.16-02.06.36:967][417]LogModuleManager: Shutting down and abandoning module Android_ATCTargetPlatform (34)
[2017.05.16-02.06.36:967][417]LogModuleManager: Shutting down and abandoning module Android_ASTCTargetPlatform (33)
[2017.05.16-02.06.36:967][417]LogModuleManager: Shutting down and abandoning module AndroidTargetPlatform (32)
[2017.05.16-02.06.36:967][417]LogModuleManager: Shutting down and abandoning module WindowsTargetPlatform (31)
[2017.05.16-02.06.36:967][417]LogModuleManager: Shutting down and abandoning module WindowsServerTargetPlatform (30)
[2017.05.16-02.06.36:967][417]LogModuleManager: Shutting down and abandoning module WindowsNoEditorTargetPlatform (29)
[2017.05.16-02.06.36:967][417]LogModuleManager: Shutting down and abandoning module WindowsClientTargetPlatform (28)
[2017.05.16-02.06.36:967][417]LogModuleManager: Shutting down and abandoning module AllDesktopTargetPlatform (27)
[2017.05.16-02.06.36:967][417]LogModuleManager: Shutting down and abandoning module TargetPlatform (26)
[2017.05.16-02.06.36:967][417]LogModuleManager: Shutting down and abandoning module InputCore (25)
[2017.05.16-02.06.36:967][417]LogModuleManager: Shutting down and abandoning module Settings (24)
[2017.05.16-02.06.36:967][417]LogModuleManager: Shutting down and abandoning module OculusRift (23)
[2017.05.16-02.06.36:968][417]LogModuleManager: Shutting down and abandoning module GearVR (22)
[2017.05.16-02.06.36:968][417]LogModuleManager: Shutting down and abandoning module ExampleDeviceProfileSelector (21)
[2017.05.16-02.06.36:968][417]LogModuleManager: Shutting down and abandoning module OnlineBlueprintSupport (20)
[2017.05.16-02.06.36:968][417]LogModuleManager: Shutting down and abandoning module OnlineSubsystem (18)
[2017.05.16-02.06.36:968][417]LogOnline:Display: Unloading online subsystem: NULL
[2017.05.16-02.06.36:968][417]LogModuleManager: Shutting down and abandoning module HTTP (17)
[2017.05.16-02.06.36:968][417]LogHttp:Display: Http module shutting down, but needs to wait on 1 outstanding Http requests:
[2017.05.16-02.06.36:968][417]LogHttp:Display: 	verb=[POST] url=[https://datarouter.ol.epicgames.com/datarouter/api/v1/public/data?SessionID=%7B8204F21B-4312-0A0E-90A5-CA8215CEF71C%7D&AppID=UEEditor.Rocket.Release&AppVersion=4.13.2-3172292%2B%2B%2BUE4%2BRelease-4.13&UserID=b9585bee4442cefa0488de903c33110d%7C%7Cd16070ab-418c-45f1-9218-3fd00383b244&AppEnvironment=datacollector-binary&UploadType=eteventstream] status=Processing
[2017.05.16-02.06.36:994][417]LogModuleManager: Shutting down and abandoning module XMPP (16)
[2017.05.16-02.06.36:994][417]LogModuleManager: Shutting down and abandoning module DesktopPlatform (15)
[2017.05.16-02.06.36:994][417]LogModuleManager: Shutting down and abandoning module TextureCompressor (14)
[2017.05.16-02.06.36:994][417]LogModuleManager: Shutting down and abandoning module ShaderCore (13)
[2017.05.16-02.06.36:994][417]LogModuleManager: Shutting down and abandoning module Landscape (12)
[2017.05.16-02.06.36:994][417]LogModuleManager: Shutting down and abandoning module SlateRHIRenderer (11)
[2017.05.16-02.06.36:995][417]LogModuleManager: Shutting down and abandoning module OpenGLDrv (10)
[2017.05.16-02.06.36:995][417]LogModuleManager: Shutting down and abandoning module D3D11RHI (9)
[2017.05.16-02.06.36:995][417]LogModuleManager: Shutting down and abandoning module AnimGraphRuntime (8)
[2017.05.16-02.06.36:995][417]LogModuleManager: Shutting down and abandoning module Renderer (7)
[2017.05.16-02.06.36:995][417]LogModuleManager: Shutting down and abandoning module Engine (6)
[2017.05.16-02.06.36:995][417]LogModuleManager: Shutting down and abandoning module CoreUObject (5)
[2017.05.16-02.06.36:995][417]LogModuleManager: Shutting down and abandoning module NetworkFile (4)
[2017.05.16-02.06.36:995][417]LogModuleManager: Shutting down and abandoning module StreamingFile (3)
[2017.05.16-02.06.36:995][417]LogModuleManager: Shutting down and abandoning module SandboxFile (2)
[2017.05.16-02.06.36:995][417]LogModuleManager: Shutting down and abandoning module PakFile (1)
[2017.05.16-02.06.36:996][417]LogExit: Exiting.
[2017.05.16-02.06.36:998][417]Log file closed, 05/15/17 19:06:36
